2015-10-17 18:17:02,750 INFO [main] org.apache.hadoop.metrics2.impl.MetricsConfig: loaded properties from hadoop-metrics2.properties
2015-10-17 18:17:02,813 INFO [main] org.apache.hadoop.metrics2.impl.MetricsSystemImpl: Scheduled snapshot period at 10 second(s).
2015-10-17 18:17:02,813 INFO [main] org.apache.hadoop.metrics2.impl.MetricsSystemImpl: ReduceTask metrics system started
2015-10-17 18:17:02,844 INFO [main] org.apache.hadoop.mapred.YarnChild: Executing with tokens:
2015-10-17 18:17:02,844 INFO [main] org.apache.hadoop.mapred.YarnChild: Kind: mapreduce.job, Service: job_1445076437777_0005, Ident: (org.apache.hadoop.mapreduce.security.token.JobTokenIdentifier@2ae02324)
2015-10-17 18:17:02,985 INFO [main] org.apache.hadoop.mapred.YarnChild: Sleeping for 0ms before retrying again. Got null now.
2015-10-17 18:17:03,469 INFO [main] org.apache.hadoop.mapred.YarnChild: mapreduce.cluster.local.dir for child: /tmp/hadoop-msrabi/nm-local-dir/usercache/msrabi/appcache/application_1445076437777_0005
2015-10-17 18:17:04,563 INFO [main] org.apache.hadoop.conf.Configuration.deprecation: session.id is deprecated. Instead, use dfs.metrics.session-id
2015-10-17 18:17:05,235 INFO [main] org.apache.hadoop.yarn.util.ProcfsBasedProcessTree: ProcfsBasedProcessTree currently is supported only on Linux.
2015-10-17 18:17:05,266 INFO [main] org.apache.hadoop.mapred.Task:  Using ResourceCalculatorProcessTree : org.apache.hadoop.yarn.util.WindowsBasedProcessTree@5a6883b7
2015-10-17 18:17:05,297 INFO [main] org.apache.hadoop.mapred.ReduceTask: Using ShuffleConsumerPlugin: org.apache.hadoop.mapreduce.task.reduce.Shuffle@4599dc8e
2015-10-17 18:17:05,344 INFO [main] org.apache.hadoop.mapreduce.task.reduce.MergeManagerImpl: MergerManager: memoryLimit=130652568, maxSingleShuffleLimit=32663142, mergeThreshold=86230696, ioSortFactor=10, memToMemMergeOutputsThreshold=10
2015-10-17 18:17:05,360 INFO [EventFetcher for fetching Map Completion Events] org.apache.hadoop.mapreduce.task.reduce.EventFetcher: attempt_1445076437777_0005_r_000000_0 Thread started: EventFetcher for fetching Map Completion Events
2015-10-17 18:17:05,375 INFO [EventFetcher for fetching Map Completion Events] org.apache.hadoop.mapreduce.task.reduce.EventFetcher: attempt_1445076437777_0005_r_000000_0: Got 1 new map-outputs
2015-10-17 18:17:05,375 INFO [fetcher#5] org.apache.hadoop.mapreduce.task.reduce.ShuffleSchedulerImpl: Assigning MSRA-SA-39.fareast.corp.microsoft.com:13562 with 1 to fetcher#5
2015-10-17 18:17:05,375 INFO [fetcher#5] org.apache.hadoop.mapreduce.task.reduce.ShuffleSchedulerImpl: assigned 1 of 1 to MSRA-SA-39.fareast.corp.microsoft.com:13562 to fetcher#5
2015-10-17 18:17:05,469 INFO [fetcher#5] org.apache.hadoop.mapreduce.task.reduce.Fetcher: for url=13562/mapOutput?job=job_1445076437777_0005&reduce=0&map=attempt_1445076437777_0005_m_000009_0 sent hash and received reply
2015-10-17 18:17:05,469 INFO [fetcher#5] org.apache.hadoop.mapreduce.task.reduce.MergeManagerImpl: attempt_1445076437777_0005_m_000009_0: Shuffling to disk since 56695786 is greater than maxSingleShuffleLimit (32663142)
2015-10-17 18:17:05,485 INFO [fetcher#5] org.apache.hadoop.mapreduce.task.reduce.Fetcher: fetcher#5 about to shuffle output of map attempt_1445076437777_0005_m_000009_0 decomp: 56695786 len: 56695790 to DISK
2015-10-17 18:17:40,298 INFO [fetcher#5] org.apache.hadoop.mapreduce.task.reduce.OnDiskMapOutput: Read 56695790 bytes from map-output for attempt_1445076437777_0005_m_000009_0
2015-10-17 18:17:40,313 INFO [fetcher#5] org.apache.hadoop.mapreduce.task.reduce.ShuffleSchedulerImpl: MSRA-SA-39.fareast.corp.microsoft.com:13562 freed by fetcher#5 in 34931ms
2015-10-17 18:18:03,454 INFO [fetcher#5] org.apache.hadoop.mapreduce.task.reduce.ShuffleSchedulerImpl: Assigning MSRA-SA-41.fareast.corp.microsoft.com:13562 with 1 to fetcher#5
2015-10-17 18:18:03,454 INFO [EventFetcher for fetching Map Completion Events] org.apache.hadoop.mapreduce.task.reduce.EventFetcher: attempt_1445076437777_0005_r_000000_0: Got 1 new map-outputs
2015-10-17 18:18:03,454 INFO [fetcher#5] org.apache.hadoop.mapreduce.task.reduce.ShuffleSchedulerImpl: assigned 1 of 1 to MSRA-SA-41.fareast.corp.microsoft.com:13562 to fetcher#5
2015-10-17 18:18:03,517 INFO [fetcher#5] org.apache.hadoop.mapreduce.task.reduce.Fetcher: for url=13562/mapOutput?job=job_1445076437777_0005&reduce=0&map=attempt_1445076437777_0005_m_000000_0 sent hash and received reply
2015-10-17 18:18:03,517 INFO [fetcher#5] org.apache.hadoop.mapreduce.task.reduce.MergeManagerImpl: attempt_1445076437777_0005_m_000000_0: Shuffling to disk since 60515385 is greater than maxSingleShuffleLimit (32663142)
2015-10-17 18:18:03,517 INFO [fetcher#5] org.apache.hadoop.mapreduce.task.reduce.Fetcher: fetcher#5 about to shuffle output of map attempt_1445076437777_0005_m_000000_0 decomp: 60515385 len: 60515389 to DISK
2015-10-17 18:18:04,485 INFO [fetcher#4] org.apache.hadoop.mapreduce.task.reduce.ShuffleSchedulerImpl: Assigning MSRA-SA-39.fareast.corp.microsoft.com:13562 with 1 to fetcher#4
2015-10-17 18:18:04,485 INFO [EventFetcher for fetching Map Completion Events] org.apache.hadoop.mapreduce.task.reduce.EventFetcher: attempt_1445076437777_0005_r_000000_0: Got 1 new map-outputs
2015-10-17 18:18:04,485 INFO [fetcher#4] org.apache.hadoop.mapreduce.task.reduce.ShuffleSchedulerImpl: assigned 1 of 1 to MSRA-SA-39.fareast.corp.microsoft.com:13562 to fetcher#4
2015-10-17 18:18:04,595 INFO [fetcher#4] org.apache.hadoop.mapreduce.task.reduce.Fetcher: for url=13562/mapOutput?job=job_1445076437777_0005&reduce=0&map=attempt_1445076437777_0005_m_000006_0 sent hash and received reply
2015-10-17 18:18:04,595 INFO [fetcher#4] org.apache.hadoop.mapreduce.task.reduce.MergeManagerImpl: attempt_1445076437777_0005_m_000006_0: Shuffling to disk since 60515100 is greater than maxSingleShuffleLimit (32663142)
2015-10-17 18:18:04,595 INFO [fetcher#4] org.apache.hadoop.mapreduce.task.reduce.Fetcher: fetcher#4 about to shuffle output of map attempt_1445076437777_0005_m_000006_0 decomp: 60515100 len: 60515104 to DISK
2015-10-17 18:18:06,610 INFO [EventFetcher for fetching Map Completion Events] org.apache.hadoop.mapreduce.task.reduce.EventFetcher: attempt_1445076437777_0005_r_000000_0: Got 1 new map-outputs
2015-10-17 18:18:09,954 INFO [EventFetcher for fetching Map Completion Events] org.apache.hadoop.mapreduce.task.reduce.EventFetcher: attempt_1445076437777_0005_r_000000_0: Got 1 new map-outputs
2015-10-17 18:18:15,470 INFO [EventFetcher for fetching Map Completion Events] org.apache.hadoop.mapreduce.task.reduce.EventFetcher: attempt_1445076437777_0005_r_000000_0: Got 1 new map-outputs
2015-10-17 18:18:24,157 INFO [EventFetcher for fetching Map Completion Events] org.apache.hadoop.mapreduce.task.reduce.EventFetcher: attempt_1445076437777_0005_r_000000_0: Got 1 new map-outputs
2015-10-17 18:18:29,314 INFO [EventFetcher for fetching Map Completion Events] org.apache.hadoop.mapreduce.task.reduce.EventFetcher: attempt_1445076437777_0005_r_000000_0: Got 1 new map-outputs
2015-10-17 18:18:29,626 INFO [fetcher#5] org.apache.hadoop.mapreduce.task.reduce.OnDiskMapOutput: Read 60515389 bytes from map-output for attempt_1445076437777_0005_m_000000_0
2015-10-17 18:18:29,626 INFO [fetcher#5] org.apache.hadoop.mapreduce.task.reduce.ShuffleSchedulerImpl: MSRA-SA-41.fareast.corp.microsoft.com:13562 freed by fetcher#5 in 26178ms
2015-10-17 18:18:29,626 INFO [fetcher#5] org.apache.hadoop.mapreduce.task.reduce.ShuffleSchedulerImpl: Assigning MSRA-SA-41.fareast.corp.microsoft.com:13562 with 3 to fetcher#5
2015-10-17 18:18:29,626 INFO [fetcher#5] org.apache.hadoop.mapreduce.task.reduce.ShuffleSchedulerImpl: assigned 3 of 3 to MSRA-SA-41.fareast.corp.microsoft.com:13562 to fetcher#5
2015-10-17 18:18:29,689 INFO [fetcher#5] org.apache.hadoop.mapreduce.task.reduce.Fetcher: for url=13562/mapOutput?job=job_1445076437777_0005&reduce=0&map=attempt_1445076437777_0005_m_000002_0,attempt_1445076437777_0005_m_000003_0,attempt_1445076437777_0005_m_000001_0 sent hash and received reply
2015-10-17 18:18:29,689 INFO [fetcher#5] org.apache.hadoop.mapreduce.task.reduce.MergeManagerImpl: attempt_1445076437777_0005_m_000002_0: Shuffling to disk since 60514392 is greater than maxSingleShuffleLimit (32663142)
2015-10-17 18:18:29,689 INFO [fetcher#5] org.apache.hadoop.mapreduce.task.reduce.Fetcher: fetcher#5 about to shuffle output of map attempt_1445076437777_0005_m_000002_0 decomp: 60514392 len: 60514396 to DISK
2015-10-17 18:18:37,111 INFO [fetcher#4] org.apache.hadoop.mapreduce.task.reduce.OnDiskMapOutput: Read 60515104 bytes from map-output for attempt_1445076437777_0005_m_000006_0
2015-10-17 18:18:37,126 INFO [fetcher#4] org.apache.hadoop.mapreduce.task.reduce.ShuffleSchedulerImpl: MSRA-SA-39.fareast.corp.microsoft.com:13562 freed by fetcher#4 in 32639ms
2015-10-17 18:18:37,126 INFO [fetcher#4] org.apache.hadoop.mapreduce.task.reduce.ShuffleSchedulerImpl: Assigning MSRA-SA-39.fareast.corp.microsoft.com:13562 with 2 to fetcher#4
2015-10-17 18:18:37,126 INFO [fetcher#4] org.apache.hadoop.mapreduce.task.reduce.ShuffleSchedulerImpl: assigned 2 of 2 to MSRA-SA-39.fareast.corp.microsoft.com:13562 to fetcher#4
2015-10-17 18:18:37,173 INFO [fetcher#4] org.apache.hadoop.mapreduce.task.reduce.Fetcher: for url=13562/mapOutput?job=job_1445076437777_0005&reduce=0&map=attempt_1445076437777_0005_m_000004_0,attempt_1445076437777_0005_m_000005_0 sent hash and received reply
2015-10-17 18:18:37,173 INFO [fetcher#4] org.apache.hadoop.mapreduce.task.reduce.MergeManagerImpl: attempt_1445076437777_0005_m_000004_0: Shuffling to disk since 60513765 is greater than maxSingleShuffleLimit (32663142)
2015-10-17 18:18:37,189 INFO [fetcher#4] org.apache.hadoop.mapreduce.task.reduce.Fetcher: fetcher#4 about to shuffle output of map attempt_1445076437777_0005_m_000004_0 decomp: 60513765 len: 60513769 to DISK
2015-10-17 18:18:54,001 INFO [fetcher#1] org.apache.hadoop.mapreduce.task.reduce.ShuffleSchedulerImpl: Assigning MININT-75DGDAM1.fareast.corp.microsoft.com:13562 with 1 to fetcher#1
2015-10-17 18:18:54,001 INFO [EventFetcher for fetching Map Completion Events] org.apache.hadoop.mapreduce.task.reduce.EventFetcher: attempt_1445076437777_0005_r_000000_0: Got 1 new map-outputs
2015-10-17 18:18:54,001 INFO [fetcher#1] org.apache.hadoop.mapreduce.task.reduce.ShuffleSchedulerImpl: assigned 1 of 1 to MININT-75DGDAM1.fareast.corp.microsoft.com:13562 to fetcher#1
2015-10-17 18:18:54,017 INFO [fetcher#1] org.apache.hadoop.mapreduce.task.reduce.Fetcher: for url=13562/mapOutput?job=job_1445076437777_0005&reduce=0&map=attempt_1445076437777_0005_m_000008_0 sent hash and received reply
2015-10-17 18:18:54,017 INFO [fetcher#1] org.apache.hadoop.mapreduce.task.reduce.MergeManagerImpl: attempt_1445076437777_0005_m_000008_0: Shuffling to disk since 60516677 is greater than maxSingleShuffleLimit (32663142)
2015-10-17 18:18:54,017 INFO [fetcher#1] org.apache.hadoop.mapreduce.task.reduce.Fetcher: fetcher#1 about to shuffle output of map attempt_1445076437777_0005_m_000008_0 decomp: 60516677 len: 60516681 to DISK
2015-10-17 18:18:54,861 INFO [fetcher#1] org.apache.hadoop.mapreduce.task.reduce.OnDiskMapOutput: Read 60516681 bytes from map-output for attempt_1445076437777_0005_m_000008_0
2015-10-17 18:18:55,486 INFO [fetcher#1] org.apache.hadoop.mapreduce.task.reduce.ShuffleSchedulerImpl: MININT-75DGDAM1.fareast.corp.microsoft.com:13562 freed by fetcher#1 in 1497ms
2015-10-17 18:18:57,392 INFO [fetcher#5] org.apache.hadoop.mapreduce.task.reduce.OnDiskMapOutput: Read 60514396 bytes from map-output for attempt_1445076437777_0005_m_000002_0
2015-10-17 18:18:57,455 INFO [fetcher#5] org.apache.hadoop.mapreduce.task.reduce.MergeManagerImpl: attempt_1445076437777_0005_m_000003_0: Shuffling to disk since 60515787 is greater than maxSingleShuffleLimit (32663142)
2015-10-17 18:18:57,455 INFO [fetcher#5] org.apache.hadoop.mapreduce.task.reduce.Fetcher: fetcher#5 about to shuffle output of map attempt_1445076437777_0005_m_000003_0 decomp: 60515787 len: 60515791 to DISK
2015-10-17 18:19:08,595 INFO [fetcher#4] org.apache.hadoop.mapreduce.task.reduce.OnDiskMapOutput: Read 60513769 bytes from map-output for attempt_1445076437777_0005_m_000004_0
2015-10-17 18:19:08,642 INFO [fetcher#4] org.apache.hadoop.mapreduce.task.reduce.MergeManagerImpl: attempt_1445076437777_0005_m_000005_0: Shuffling to disk since 60514806 is greater than maxSingleShuffleLimit (32663142)
2015-10-17 18:19:08,642 INFO [fetcher#4] org.apache.hadoop.mapreduce.task.reduce.Fetcher: fetcher#4 about to shuffle output of map attempt_1445076437777_0005_m_000005_0 decomp: 60514806 len: 60514810 to DISK
2015-10-17 18:19:24,112 INFO [fetcher#4] org.apache.hadoop.mapreduce.task.reduce.OnDiskMapOutput: Read 60514810 bytes from map-output for attempt_1445076437777_0005_m_000005_0
2015-10-17 18:19:24,127 INFO [fetcher#4] org.apache.hadoop.mapreduce.task.reduce.ShuffleSchedulerImpl: MSRA-SA-39.fareast.corp.microsoft.com:13562 freed by fetcher#4 in 47002ms
2015-10-17 18:19:26,924 INFO [fetcher#5] org.apache.hadoop.mapreduce.task.reduce.OnDiskMapOutput: Read 60515791 bytes from map-output for attempt_1445076437777_0005_m_000003_0
2015-10-17 18:19:26,940 INFO [fetcher#5] org.apache.hadoop.mapreduce.task.reduce.MergeManagerImpl: attempt_1445076437777_0005_m_000001_0: Shuffling to disk since 60515836 is greater than maxSingleShuffleLimit (32663142)
2015-10-17 18:19:26,955 INFO [fetcher#5] org.apache.hadoop.mapreduce.task.reduce.Fetcher: fetcher#5 about to shuffle output of map attempt_1445076437777_0005_m_000001_0 decomp: 60515836 len: 60515840 to DISK
2015-10-17 18:19:34,971 INFO [fetcher#5] org.apache.hadoop.mapreduce.task.reduce.OnDiskMapOutput: Read 60515840 bytes from map-output for attempt_1445076437777_0005_m_000001_0
2015-10-17 18:19:34,987 INFO [fetcher#5] org.apache.hadoop.mapreduce.task.reduce.ShuffleSchedulerImpl: MSRA-SA-41.fareast.corp.microsoft.com:13562 freed by fetcher#5 in 65354ms
2015-10-17 18:19:46,972 INFO [EventFetcher for fetching Map Completion Events] org.apache.hadoop.mapreduce.task.reduce.EventFetcher: attempt_1445076437777_0005_r_000000_0: Got 1 new map-outputs
2015-10-17 18:19:46,972 INFO [fetcher#5] org.apache.hadoop.mapreduce.task.reduce.ShuffleSchedulerImpl: Assigning 04DN8IQ.fareast.corp.microsoft.com:13562 with 1 to fetcher#5
2015-10-17 18:19:46,972 INFO [fetcher#5] org.apache.hadoop.mapreduce.task.reduce.ShuffleSchedulerImpl: assigned 1 of 1 to 04DN8IQ.fareast.corp.microsoft.com:13562 to fetcher#5
2015-10-17 18:19:47,019 INFO [fetcher#5] org.apache.hadoop.mapreduce.task.reduce.Fetcher: for url=13562/mapOutput?job=job_1445076437777_0005&reduce=0&map=attempt_1445076437777_0005_m_000007_0 sent hash and received reply
2015-10-17 18:19:47,019 INFO [fetcher#5] org.apache.hadoop.mapreduce.task.reduce.MergeManagerImpl: attempt_1445076437777_0005_m_000007_0: Shuffling to disk since 60517368 is greater than maxSingleShuffleLimit (32663142)
2015-10-17 18:19:47,019 INFO [fetcher#5] org.apache.hadoop.mapreduce.task.reduce.Fetcher: fetcher#5 about to shuffle output of map attempt_1445076437777_0005_m_000007_0 decomp: 60517368 len: 60517372 to DISK
2015-10-17 18:20:04,675 INFO [fetcher#5] org.apache.hadoop.mapreduce.task.reduce.OnDiskMapOutput: Read 60517372 bytes from map-output for attempt_1445076437777_0005_m_000007_0
2015-10-17 18:20:04,675 INFO [EventFetcher for fetching Map Completion Events] org.apache.hadoop.mapreduce.task.reduce.EventFetcher: EventFetcher is interrupted.. Returning
2015-10-17 18:20:04,675 INFO [fetcher#5] org.apache.hadoop.mapreduce.task.reduce.ShuffleSchedulerImpl: 04DN8IQ.fareast.corp.microsoft.com:13562 freed by fetcher#5 in 17702ms
2015-10-17 18:20:04,691 INFO [main] org.apache.hadoop.mapreduce.task.reduce.MergeManagerImpl: finalMerge called with 0 in-memory map-outputs and 10 on-disk map-outputs
2015-10-17 18:20:04,707 INFO [main] org.apache.hadoop.mapreduce.task.reduce.MergeManagerImpl: Merging 10 files, 601334942 bytes from disk
2015-10-17 18:20:04,707 INFO [main] org.apache.hadoop.mapreduce.task.reduce.MergeManagerImpl: Merging 0 segments, 0 bytes from memory into reduce
2015-10-17 18:20:04,707 INFO [main] org.apache.hadoop.mapred.Merger: Merging 10 sorted segments
2015-10-17 18:20:04,722 INFO [main] org.apache.hadoop.mapred.Merger: Down to the last merge-pass, with 10 segments left of total size: 601334842 bytes
2015-10-17 18:20:04,878 INFO [main] org.apache.hadoop.conf.Configuration.deprecation: mapred.skip.on is deprecated. Instead, use mapreduce.job.skiprecords
2015-10-17 18:20:26,817 INFO [Thread-71] org.apache.hadoop.hdfs.DFSClient: Exception in createBlockOutputStream
2015-10-17 18:20:26,java.io.IOException: Bad connect ack with firstBadLink as 10.86.169.121:50010
2015-10-17 18:20:26,	at org.apache.hadoop.hdfs.DFSOutputStream$DataStreamer.createBlockOutputStream(DFSOutputStream.java:1461)
2015-10-17 18:20:26,	at org.apache.hadoop.hdfs.DFSOutputStream$DataStreamer.nextBlockOutputStream(DFSOutputStream.java:1362)
2015-10-17 18:20:26,	at org.apache.hadoop.hdfs.DFSOutputStream$DataStreamer.run(DFSOutputStream.java:589)
2015-10-17 18:20:26,817 INFO [Thread-71] org.apache.hadoop.hdfs.DFSClient: Abandoning BP-1347369012-10.190.173.170-1444972147527:blk_1073742663_1858
2015-10-17 18:20:26,832 INFO [Thread-71] org.apache.hadoop.hdfs.DFSClient: Excluding datanode 10.86.169.121:50010
2015-10-17 18:21:14,568 INFO [main] org.apache.hadoop.mapred.Task: Task:attempt_1445076437777_0005_r_000000_0 is done. And is in the process of committing
2015-10-17 18:21:14,615 INFO [main] org.apache.hadoop.mapred.Task: Task attempt_1445076437777_0005_r_000000_0 is allowed to commit now
2015-10-17 18:21:14,631 INFO [main] org.apache.hadoop.mapreduce.lib.output.FileOutputCommitter: Saved output of task 'attempt_1445076437777_0005_r_000000_0' to hdfs://msra-sa-41:9000/pageout/out2/_temporary/1/task_1445076437777_0005_r_000000
2015-10-17 18:21:14,662 INFO [main] org.apache.hadoop.mapred.Task: Task 'attempt_1445076437777_0005_r_000000_0' done.
