2015-10-17 21:24:33,341 INFO [main] org.apache.hadoop.metrics2.impl.MetricsConfig: loaded properties from hadoop-metrics2.properties
2015-10-17 21:24:33,778 INFO [main] org.apache.hadoop.metrics2.impl.MetricsSystemImpl: Scheduled snapshot period at 10 second(s).
2015-10-17 21:24:33,778 INFO [main] org.apache.hadoop.metrics2.impl.MetricsSystemImpl: MapTask metrics system started
2015-10-17 21:24:33,857 INFO [main] org.apache.hadoop.mapred.YarnChild: Executing with tokens:
2015-10-17 21:24:33,857 INFO [main] org.apache.hadoop.mapred.YarnChild: Kind: mapreduce.job, Service: job_1445087491445_0004, Ident: (org.apache.hadoop.mapreduce.security.token.JobTokenIdentifier@498a7951)
2015-10-17 21:24:34,513 INFO [main] org.apache.hadoop.mapred.YarnChild: Sleeping for 0ms before retrying again. Got null now.
2015-10-17 21:24:36,482 INFO [main] org.apache.hadoop.mapred.YarnChild: mapreduce.cluster.local.dir for child: /tmp/hadoop-msrabi/nm-local-dir/usercache/msrabi/appcache/application_1445087491445_0004
2015-10-17 21:24:38,029 INFO [main] org.apache.hadoop.conf.Configuration.deprecation: session.id is deprecated. Instead, use dfs.metrics.session-id
2015-10-17 21:24:39,857 INFO [main] org.apache.hadoop.yarn.util.ProcfsBasedProcessTree: ProcfsBasedProcessTree currently is supported only on Linux.
2015-10-17 21:24:39,982 INFO [main] org.apache.hadoop.mapred.Task:  Using ResourceCalculatorProcessTree : org.apache.hadoop.yarn.util.WindowsBasedProcessTree@20c50279
2015-10-17 21:24:45,373 INFO [main] org.apache.hadoop.mapred.MapTask: Processing split: hdfs://msra-sa-41:9000/wordcount2.txt:1610612736+141209600
2015-10-17 21:24:45,841 INFO [main] org.apache.hadoop.mapred.MapTask: (EQUATOR) 0 kvi 26214396(104857584)
2015-10-17 21:24:45,841 INFO [main] org.apache.hadoop.mapred.MapTask: mapreduce.task.io.sort.mb: 100
2015-10-17 21:24:45,841 INFO [main] org.apache.hadoop.mapred.MapTask: soft limit at 83886080
2015-10-17 21:24:45,841 INFO [main] org.apache.hadoop.mapred.MapTask: bufstart = 0; bufvoid = 104857600
2015-10-17 21:24:45,841 INFO [main] org.apache.hadoop.mapred.MapTask: kvstart = 26214396; length = 6553600
2015-10-17 21:24:45,935 INFO [main] org.apache.hadoop.mapred.MapTask: Map output collector class = org.apache.hadoop.mapred.MapTask$MapOutputBuffer
2015-10-17 21:24:55,389 INFO [main] org.apache.hadoop.mapred.MapTask: Spilling map output
2015-10-17 21:24:55,389 INFO [main] org.apache.hadoop.mapred.MapTask: bufstart = 0; bufend = 34175461; bufvoid = 104857600
2015-10-17 21:24:55,389 INFO [main] org.apache.hadoop.mapred.MapTask: kvstart = 26214396(104857584); kvend = 13786748(55146992); length = 12427649/6553600
2015-10-17 21:24:55,389 INFO [main] org.apache.hadoop.mapred.MapTask: (EQUATOR) 44661218 kvi 11165300(44661200)
2015-10-17 21:25:35,016 INFO [SpillThread] org.apache.hadoop.mapred.MapTask: Finished spill 0
2015-10-17 21:25:35,063 INFO [main] org.apache.hadoop.mapred.MapTask: (RESET) equator 44661218 kv 11165300(44661200) kvi 8543872(34175488)
2015-10-17 21:25:41,250 INFO [main] org.apache.hadoop.mapred.MapTask: Spilling map output
2015-10-17 21:25:41,250 INFO [main] org.apache.hadoop.mapred.MapTask: bufstart = 44661218; bufend = 78837371; bufvoid = 104857600
2015-10-17 21:25:41,250 INFO [main] org.apache.hadoop.mapred.MapTask: kvstart = 11165300(44661200); kvend = 24952224(99808896); length = 12427477/6553600
2015-10-17 21:25:41,250 INFO [main] org.apache.hadoop.mapred.MapTask: (EQUATOR) 89323125 kvi 22330776(89323104)
2015-10-17 21:26:20,893 INFO [SpillThread] org.apache.hadoop.mapred.MapTask: Finished spill 1
2015-10-17 21:26:20,940 INFO [main] org.apache.hadoop.mapred.MapTask: (RESET) equator 89323125 kv 22330776(89323104) kvi 19709348(78837392)
2015-10-17 21:26:26,346 INFO [main] org.apache.hadoop.mapred.MapTask: Spilling map output
2015-10-17 21:26:26,346 INFO [main] org.apache.hadoop.mapred.MapTask: bufstart = 89323125; bufend = 18644291; bufvoid = 104857592
2015-10-17 21:26:26,346 INFO [main] org.apache.hadoop.mapred.MapTask: kvstart = 22330776(89323104); kvend = 9903956(39615824); length = 12426821/6553600
2015-10-17 21:26:26,346 INFO [main] org.apache.hadoop.mapred.MapTask: (EQUATOR) 29130049 kvi 7282508(29130032)
2015-10-17 21:27:04,848 INFO [SpillThread] org.apache.hadoop.mapred.MapTask: Finished spill 2
2015-10-17 21:27:05,536 INFO [main] org.apache.hadoop.mapred.MapTask: (RESET) equator 29130049 kv 7282508(29130032) kvi 4661080(18644320)
2015-10-17 21:27:11,567 INFO [main] org.apache.hadoop.mapred.MapTask: Spilling map output
2015-10-17 21:27:11,567 INFO [main] org.apache.hadoop.mapred.MapTask: bufstart = 29130049; bufend = 63300869; bufvoid = 104857600
2015-10-17 21:27:11,567 INFO [main] org.apache.hadoop.mapred.MapTask: kvstart = 7282508(29130032); kvend = 21068100(84272400); length = 12428809/6553600
2015-10-17 21:27:11,567 INFO [main] org.apache.hadoop.mapred.MapTask: (EQUATOR) 73786626 kvi 18446652(73786608)
2015-10-17 21:27:48,225 INFO [SpillThread] org.apache.hadoop.mapred.MapTask: Finished spill 3
2015-10-17 21:27:48,335 INFO [main] org.apache.hadoop.mapred.MapTask: (RESET) equator 73786626 kv 18446652(73786608) kvi 15825224(63300896)
2015-10-17 21:27:53,241 INFO [main] org.apache.hadoop.mapred.MapTask: Spilling map output
2015-10-17 21:27:53,241 INFO [main] org.apache.hadoop.mapred.MapTask: bufstart = 73786626; bufend = 3105224; bufvoid = 104857599
2015-10-17 21:27:53,241 INFO [main] org.apache.hadoop.mapred.MapTask: kvstart = 18446652(73786608); kvend = 6019188(24076752); length = 12427465/6553600
2015-10-17 21:27:53,241 INFO [main] org.apache.hadoop.mapred.MapTask: (EQUATOR) 13590980 kvi 3397740(13590960)
