2015-10-17 21:27:35,118 INFO [main] org.apache.hadoop.metrics2.impl.MetricsConfig: loaded properties from hadoop-metrics2.properties
2015-10-17 21:27:35,203 INFO [main] org.apache.hadoop.metrics2.impl.MetricsSystemImpl: Scheduled snapshot period at 10 second(s).
2015-10-17 21:27:35,203 INFO [main] org.apache.hadoop.metrics2.impl.MetricsSystemImpl: MapTask metrics system started
2015-10-17 21:27:35,222 INFO [main] org.apache.hadoop.mapred.YarnChild: Executing with tokens:
2015-10-17 21:27:35,222 INFO [main] org.apache.hadoop.mapred.YarnChild: Kind: mapreduce.job, Service: job_1445087491445_0002, Ident: (org.apache.hadoop.mapreduce.security.token.JobTokenIdentifier@75225918)
2015-10-17 21:27:35,349 INFO [main] org.apache.hadoop.mapred.YarnChild: Sleeping for 0ms before retrying again. Got null now.
2015-10-17 21:27:35,729 INFO [main] org.apache.hadoop.mapred.YarnChild: mapreduce.cluster.local.dir for child: /tmp/hadoop-msrabi/nm-local-dir/usercache/msrabi/appcache/application_1445087491445_0002
2015-10-17 21:27:36,472 INFO [main] org.apache.hadoop.conf.Configuration.deprecation: session.id is deprecated. Instead, use dfs.metrics.session-id
2015-10-17 21:27:37,408 INFO [main] org.apache.hadoop.yarn.util.ProcfsBasedProcessTree: ProcfsBasedProcessTree currently is supported only on Linux.
2015-10-17 21:27:37,441 INFO [main] org.apache.hadoop.mapred.Task:  Using ResourceCalculatorProcessTree : org.apache.hadoop.yarn.util.WindowsBasedProcessTree@52841423
2015-10-17 21:27:37,667 INFO [main] org.apache.hadoop.mapred.MapTask: Processing split: hdfs://msra-sa-41:9000/wordcount2.txt:939524096+134217728
2015-10-17 21:27:37,732 INFO [main] org.apache.hadoop.mapred.MapTask: (EQUATOR) 0 kvi 26214396(104857584)
2015-10-17 21:27:37,733 INFO [main] org.apache.hadoop.mapred.MapTask: mapreduce.task.io.sort.mb: 100
2015-10-17 21:27:37,733 INFO [main] org.apache.hadoop.mapred.MapTask: soft limit at 83886080
2015-10-17 21:27:37,733 INFO [main] org.apache.hadoop.mapred.MapTask: bufstart = 0; bufvoid = 104857600
2015-10-17 21:27:37,733 INFO [main] org.apache.hadoop.mapred.MapTask: kvstart = 26214396; length = 6553600
2015-10-17 21:27:37,742 INFO [main] org.apache.hadoop.mapred.MapTask: Map output collector class = org.apache.hadoop.mapred.MapTask$MapOutputBuffer
2015-10-17 21:27:39,850 INFO [main] org.apache.hadoop.mapred.MapTask: Spilling map output
2015-10-17 21:27:39,850 INFO [main] org.apache.hadoop.mapred.MapTask: bufstart = 0; bufend = 34173924; bufvoid = 104857600
2015-10-17 21:27:39,851 INFO [main] org.apache.hadoop.mapred.MapTask: kvstart = 26214396(104857584); kvend = 13786364(55145456); length = 12428033/6553600
2015-10-17 21:27:39,851 INFO [main] org.apache.hadoop.mapred.MapTask: (EQUATOR) 44659682 kvi 11164916(44659664)
2015-10-17 21:27:47,988 INFO [SpillThread] org.apache.hadoop.mapred.MapTask: Finished spill 0
2015-10-17 21:27:47,990 INFO [main] org.apache.hadoop.mapred.MapTask: (RESET) equator 44659682 kv 11164916(44659664) kvi 8543488(34173952)
2015-10-17 21:27:49,026 INFO [main] org.apache.hadoop.mapred.MapTask: Spilling map output
2015-10-17 21:27:49,026 INFO [main] org.apache.hadoop.mapred.MapTask: bufstart = 44659682; bufend = 78832442; bufvoid = 104857600
2015-10-17 21:27:49,026 INFO [main] org.apache.hadoop.mapred.MapTask: kvstart = 11164916(44659664); kvend = 24950992(99803968); length = 12428325/6553600
2015-10-17 21:27:49,026 INFO [main] org.apache.hadoop.mapred.MapTask: (EQUATOR) 89318197 kvi 22329544(89318176)
2015-10-17 21:27:57,009 INFO [SpillThread] org.apache.hadoop.mapred.MapTask: Finished spill 1
2015-10-17 21:27:57,012 INFO [main] org.apache.hadoop.mapred.MapTask: (RESET) equator 89318197 kv 22329544(89318176) kvi 19708116(78832464)
2015-10-17 21:27:57,867 INFO [main] org.apache.hadoop.mapred.MapTask: Spilling map output
2015-10-17 21:27:57,867 INFO [main] org.apache.hadoop.mapred.MapTask: bufstart = 89318197; bufend = 18633767; bufvoid = 104857594
2015-10-17 21:27:57,867 INFO [main] org.apache.hadoop.mapred.MapTask: kvstart = 22329544(89318176); kvend = 9901324(39605296); length = 12428221/6553600
2015-10-17 21:27:57,867 INFO [main] org.apache.hadoop.mapred.MapTask: (EQUATOR) 29119523 kvi 7279876(29119504)
2015-10-17 21:28:06,520 INFO [SpillThread] org.apache.hadoop.mapred.MapTask: Finished spill 2
2015-10-17 21:28:06,523 INFO [main] org.apache.hadoop.mapred.MapTask: (RESET) equator 29119523 kv 7279876(29119504) kvi 4658448(18633792)
2015-10-17 21:28:07,385 INFO [main] org.apache.hadoop.mapred.MapTask: Spilling map output
2015-10-17 21:28:07,385 INFO [main] org.apache.hadoop.mapred.MapTask: bufstart = 29119523; bufend = 63297431; bufvoid = 104857600
2015-10-17 21:28:07,385 INFO [main] org.apache.hadoop.mapred.MapTask: kvstart = 7279876(29119504); kvend = 21067236(84268944); length = 12427041/6553600
2015-10-17 21:28:07,385 INFO [main] org.apache.hadoop.mapred.MapTask: (EQUATOR) 73783179 kvi 18445788(73783152)
2015-10-17 21:28:15,708 INFO [SpillThread] org.apache.hadoop.mapred.MapTask: Finished spill 3
2015-10-17 21:28:15,711 INFO [main] org.apache.hadoop.mapred.MapTask: (RESET) equator 73783179 kv 18445788(73783152) kvi 15824364(63297456)
2015-10-17 21:28:16,556 INFO [main] org.apache.hadoop.mapred.MapTask: Spilling map output
2015-10-17 21:28:16,556 INFO [main] org.apache.hadoop.mapred.MapTask: bufstart = 73783179; bufend = 3100993; bufvoid = 104857597
2015-10-17 21:28:16,556 INFO [main] org.apache.hadoop.mapred.MapTask: kvstart = 18445788(73783152); kvend = 6018132(24072528); length = 12427657/6553600
2015-10-17 21:28:16,556 INFO [main] org.apache.hadoop.mapred.MapTask: (EQUATOR) 13586752 kvi 3396684(13586736)
2015-10-17 21:28:25,200 INFO [SpillThread] org.apache.hadoop.mapred.MapTask: Finished spill 4
2015-10-17 21:28:25,202 INFO [main] org.apache.hadoop.mapred.MapTask: (RESET) equator 13586752 kv 3396684(13586736) kvi 775256(3101024)
2015-10-17 21:28:26,050 INFO [main] org.apache.hadoop.mapred.MapTask: Spilling map output
2015-10-17 21:28:26,050 INFO [main] org.apache.hadoop.mapred.MapTask: bufstart = 13586752; bufend = 47761523; bufvoid = 104857600
2015-10-17 21:28:26,050 INFO [main] org.apache.hadoop.mapred.MapTask: kvstart = 3396684(13586736); kvend = 17183264(68733056); length = 12427821/6553600
2015-10-17 21:28:26,050 INFO [main] org.apache.hadoop.mapred.MapTask: (EQUATOR) 58247281 kvi 14561816(58247264)
2015-10-17 21:28:26,488 INFO [main] org.apache.hadoop.mapred.MapTask: Starting flush of map output
2015-10-17 21:28:33,860 INFO [SpillThread] org.apache.hadoop.mapred.MapTask: Finished spill 5
2015-10-17 21:28:33,863 INFO [main] org.apache.hadoop.mapred.MapTask: (RESET) equator 58247281 kv 14561816(58247264) kvi 12513908(50055632)
2015-10-17 21:28:33,863 INFO [main] org.apache.hadoop.mapred.MapTask: Spilling map output
2015-10-17 21:28:33,863 INFO [main] org.apache.hadoop.mapred.MapTask: bufstart = 58247281; bufend = 63878739; bufvoid = 104857600
2015-10-17 21:28:33,863 INFO [main] org.apache.hadoop.mapred.MapTask: kvstart = 14561816(58247264); kvend = 12513912(50055648); length = 2047905/6553600
2015-10-17 21:28:34,842 INFO [main] org.apache.hadoop.mapred.MapTask: Finished spill 6
2015-10-17 21:28:34,856 INFO [main] org.apache.hadoop.mapred.Merger: Merging 7 sorted segments
2015-10-17 21:28:34,865 INFO [main] org.apache.hadoop.mapred.Merger: Down to the last merge-pass, with 7 segments left of total size: 228400826 bytes
2015-10-17 21:29:01,062 INFO [main] org.apache.hadoop.mapred.Task: Task:attempt_1445087491445_0002_m_000008_0 is done. And is in the process of committing
2015-10-17 21:29:01,243 INFO [main] org.apache.hadoop.mapred.Task: Task 'attempt_1445087491445_0002_m_000008_0' done.
2015-10-17 21:29:01,343 INFO [main] org.apache.hadoop.metrics2.impl.MetricsSystemImpl: Stopping MapTask metrics system...
2015-10-17 21:29:01,343 INFO [main] org.apache.hadoop.metrics2.impl.MetricsSystemImpl: MapTask metrics system stopped.
2015-10-17 21:29:01,343 INFO [main] org.apache.hadoop.metrics2.impl.MetricsSystemImpl: MapTask metrics system shutdown complete.
