2015-10-17 17:08:04,439 INFO [main] org.apache.hadoop.metrics2.impl.MetricsConfig: loaded properties from hadoop-metrics2.properties
2015-10-17 17:08:04,533 INFO [main] org.apache.hadoop.metrics2.impl.MetricsSystemImpl: Scheduled snapshot period at 10 second(s).
2015-10-17 17:08:04,533 INFO [main] org.apache.hadoop.metrics2.impl.MetricsSystemImpl: MapTask metrics system started
2015-10-17 17:08:04,564 INFO [main] org.apache.hadoop.mapred.YarnChild: Executing with tokens:
2015-10-17 17:08:04,564 INFO [main] org.apache.hadoop.mapred.YarnChild: Kind: mapreduce.job, Service: job_1445062781478_0019, Ident: (org.apache.hadoop.mapreduce.security.token.JobTokenIdentifier@2ae02324)
2015-10-17 17:08:04,767 INFO [main] org.apache.hadoop.mapred.YarnChild: Sleeping for 0ms before retrying again. Got null now.
2015-10-17 17:08:05,174 INFO [main] org.apache.hadoop.mapred.YarnChild: mapreduce.cluster.local.dir for child: /tmp/hadoop-msrabi/nm-local-dir/usercache/msrabi/appcache/application_1445062781478_0019
2015-10-17 17:08:06,299 INFO [main] org.apache.hadoop.conf.Configuration.deprecation: session.id is deprecated. Instead, use dfs.metrics.session-id
2015-10-17 17:08:06,924 INFO [main] org.apache.hadoop.yarn.util.ProcfsBasedProcessTree: ProcfsBasedProcessTree currently is supported only on Linux.
2015-10-17 17:08:06,955 INFO [main] org.apache.hadoop.mapred.Task:  Using ResourceCalculatorProcessTree : org.apache.hadoop.yarn.util.WindowsBasedProcessTree@3ac928be
2015-10-17 17:08:07,220 INFO [main] org.apache.hadoop.mapred.MapTask: Processing split: hdfs://msra-sa-41:9000/pageinput2.txt:805306368+134217728
2015-10-17 17:08:07,283 INFO [main] org.apache.hadoop.mapred.MapTask: (EQUATOR) 0 kvi 26214396(104857584)
2015-10-17 17:08:07,283 INFO [main] org.apache.hadoop.mapred.MapTask: mapreduce.task.io.sort.mb: 100
2015-10-17 17:08:07,283 INFO [main] org.apache.hadoop.mapred.MapTask: soft limit at 83886080
2015-10-17 17:08:07,283 INFO [main] org.apache.hadoop.mapred.MapTask: bufstart = 0; bufvoid = 104857600
2015-10-17 17:08:07,283 INFO [main] org.apache.hadoop.mapred.MapTask: kvstart = 26214396; length = 6553600
2015-10-17 17:08:07,299 INFO [main] org.apache.hadoop.mapred.MapTask: Map output collector class = org.apache.hadoop.mapred.MapTask$MapOutputBuffer
2015-10-17 17:08:15,424 INFO [main] org.apache.hadoop.mapred.MapTask: Spilling map output
2015-10-17 17:08:15,424 INFO [main] org.apache.hadoop.mapred.MapTask: bufstart = 0; bufend = 48215795; bufvoid = 104857600
2015-10-17 17:08:15,424 INFO [main] org.apache.hadoop.mapred.MapTask: kvstart = 26214396(104857584); kvend = 17296824(69187296); length = 8917573/6553600
2015-10-17 17:08:15,424 INFO [main] org.apache.hadoop.mapred.MapTask: (EQUATOR) 57284531 kvi 14321128(57284512)
2015-10-17 17:08:29,471 INFO [SpillThread] org.apache.hadoop.mapred.MapTask: Finished spill 0
2015-10-17 17:08:29,471 INFO [main] org.apache.hadoop.mapred.MapTask: (RESET) equator 57284531 kv 14321128(57284512) kvi 12112692(48450768)
2015-10-17 17:08:33,518 INFO [main] org.apache.hadoop.mapred.MapTask: Spilling map output
2015-10-17 17:08:33,518 INFO [main] org.apache.hadoop.mapred.MapTask: bufstart = 57284531; bufend = 630553; bufvoid = 104857600
2015-10-17 17:08:33,518 INFO [main] org.apache.hadoop.mapred.MapTask: kvstart = 14321128(57284512); kvend = 5400516(21602064); length = 8920613/6553600
2015-10-17 17:08:33,518 INFO [main] org.apache.hadoop.mapred.MapTask: (EQUATOR) 9699305 kvi 2424820(9699280)
2015-10-17 17:08:47,925 INFO [SpillThread] org.apache.hadoop.mapred.MapTask: Finished spill 1
2015-10-17 17:08:47,925 INFO [main] org.apache.hadoop.mapred.MapTask: (RESET) equator 9699305 kv 2424820(9699280) kvi 222764(891056)
