2015-10-17 15:40:31,423 INFO [main] org.apache.hadoop.metrics2.impl.MetricsConfig: loaded properties from hadoop-metrics2.properties
2015-10-17 15:40:31,505 INFO [main] org.apache.hadoop.metrics2.impl.MetricsSystemImpl: Scheduled snapshot period at 10 second(s).
2015-10-17 15:40:31,505 INFO [main] org.apache.hadoop.metrics2.impl.MetricsSystemImpl: ReduceTask metrics system started
2015-10-17 15:40:31,524 INFO [main] org.apache.hadoop.mapred.YarnChild: Executing with tokens:
2015-10-17 15:40:31,524 INFO [main] org.apache.hadoop.mapred.YarnChild: Kind: mapreduce.job, Service: job_1445062781478_0011, Ident: (org.apache.hadoop.mapreduce.security.token.JobTokenIdentifier@3db9b677)
2015-10-17 15:40:31,655 INFO [main] org.apache.hadoop.mapred.YarnChild: Sleeping for 0ms before retrying again. Got null now.
2015-10-17 15:40:31,920 INFO [main] org.apache.hadoop.mapred.YarnChild: mapreduce.cluster.local.dir for child: /tmp/hadoop-msrabi/nm-local-dir/usercache/msrabi/appcache/application_1445062781478_0011
2015-10-17 15:40:32,418 INFO [main] org.apache.hadoop.conf.Configuration.deprecation: session.id is deprecated. Instead, use dfs.metrics.session-id
2015-10-17 15:40:32,952 INFO [main] org.apache.hadoop.yarn.util.ProcfsBasedProcessTree: ProcfsBasedProcessTree currently is supported only on Linux.
2015-10-17 15:40:32,971 INFO [main] org.apache.hadoop.mapred.Task:  Using ResourceCalculatorProcessTree : org.apache.hadoop.yarn.util.WindowsBasedProcessTree@1e30bbc5
2015-10-17 15:40:32,992 INFO [main] org.apache.hadoop.mapred.ReduceTask: Using ShuffleConsumerPlugin: org.apache.hadoop.mapreduce.task.reduce.Shuffle@35c7d3d3
2015-10-17 15:40:33,014 INFO [main] org.apache.hadoop.mapreduce.task.reduce.MergeManagerImpl: MergerManager: memoryLimit=140928608, maxSingleShuffleLimit=35232152, mergeThreshold=93012888, ioSortFactor=10, memToMemMergeOutputsThreshold=10
2015-10-17 15:40:33,016 INFO [EventFetcher for fetching Map Completion Events] org.apache.hadoop.mapreduce.task.reduce.EventFetcher: attempt_1445062781478_0011_r_000000_0 Thread started: EventFetcher for fetching Map Completion Events
2015-10-17 15:40:33,024 INFO [fetcher#5] org.apache.hadoop.mapreduce.task.reduce.ShuffleSchedulerImpl: Assigning MSRA-SA-39.fareast.corp.microsoft.com:13562 with 1 to fetcher#5
2015-10-17 15:40:33,024 INFO [fetcher#5] org.apache.hadoop.mapreduce.task.reduce.ShuffleSchedulerImpl: assigned 1 of 1 to MSRA-SA-39.fareast.corp.microsoft.com:13562 to fetcher#5
2015-10-17 15:40:33,024 INFO [fetcher#1] org.apache.hadoop.mapreduce.task.reduce.ShuffleSchedulerImpl: Assigning MSRA-SA-41.fareast.corp.microsoft.com:13562 with 1 to fetcher#1
2015-10-17 15:40:33,024 INFO [fetcher#1] org.apache.hadoop.mapreduce.task.reduce.ShuffleSchedulerImpl: assigned 1 of 1 to MSRA-SA-41.fareast.corp.microsoft.com:13562 to fetcher#1
2015-10-17 15:40:33,025 INFO [EventFetcher for fetching Map Completion Events] org.apache.hadoop.mapreduce.task.reduce.EventFetcher: attempt_1445062781478_0011_r_000000_0: Got 3 new map-outputs
2015-10-17 15:40:33,054 INFO [fetcher#1] org.apache.hadoop.mapreduce.task.reduce.Fetcher: for url=13562/mapOutput?job=job_1445062781478_0011&reduce=0&map=attempt_1445062781478_0011_m_000005_0 sent hash and received reply
2015-10-17 15:40:33,056 INFO [fetcher#5] org.apache.hadoop.mapreduce.task.reduce.Fetcher: for url=13562/mapOutput?job=job_1445062781478_0011&reduce=0&map=attempt_1445062781478_0011_m_000009_0 sent hash and received reply
2015-10-17 15:40:33,057 INFO [fetcher#1] org.apache.hadoop.mapreduce.task.reduce.MergeManagerImpl: attempt_1445062781478_0011_m_000005_0: Shuffling to disk since 60514806 is greater than maxSingleShuffleLimit (35232152)
2015-10-17 15:40:33,061 INFO [fetcher#5] org.apache.hadoop.mapreduce.task.reduce.MergeManagerImpl: attempt_1445062781478_0011_m_000009_0: Shuffling to disk since 56695786 is greater than maxSingleShuffleLimit (35232152)
2015-10-17 15:40:33,061 INFO [fetcher#1] org.apache.hadoop.mapreduce.task.reduce.Fetcher: fetcher#1 about to shuffle output of map attempt_1445062781478_0011_m_000005_0 decomp: 60514806 len: 60514810 to DISK
2015-10-17 15:40:33,065 INFO [fetcher#5] org.apache.hadoop.mapreduce.task.reduce.Fetcher: fetcher#5 about to shuffle output of map attempt_1445062781478_0011_m_000009_0 decomp: 56695786 len: 56695790 to DISK
2015-10-17 15:40:33,835 INFO [fetcher#5] org.apache.hadoop.mapreduce.task.reduce.OnDiskMapOutput: Read 56695790 bytes from map-output for attempt_1445062781478_0011_m_000009_0
2015-10-17 15:40:33,851 INFO [fetcher#5] org.apache.hadoop.mapreduce.task.reduce.ShuffleSchedulerImpl: MSRA-SA-39.fareast.corp.microsoft.com:13562 freed by fetcher#5 in 827ms
2015-10-17 15:40:34,275 INFO [fetcher#1] org.apache.hadoop.mapreduce.task.reduce.OnDiskMapOutput: Read 60514810 bytes from map-output for attempt_1445062781478_0011_m_000005_0
2015-10-17 15:40:34,289 INFO [fetcher#1] org.apache.hadoop.mapreduce.task.reduce.ShuffleSchedulerImpl: MSRA-SA-41.fareast.corp.microsoft.com:13562 freed by fetcher#1 in 1265ms
2015-10-17 15:40:34,289 INFO [fetcher#1] org.apache.hadoop.mapreduce.task.reduce.ShuffleSchedulerImpl: Assigning MSRA-SA-41.fareast.corp.microsoft.com:13562 with 1 to fetcher#1
2015-10-17 15:40:34,289 INFO [fetcher#1] org.apache.hadoop.mapreduce.task.reduce.ShuffleSchedulerImpl: assigned 1 of 1 to MSRA-SA-41.fareast.corp.microsoft.com:13562 to fetcher#1
2015-10-17 15:40:34,433 INFO [fetcher#1] org.apache.hadoop.mapreduce.task.reduce.Fetcher: for url=13562/mapOutput?job=job_1445062781478_0011&reduce=0&map=attempt_1445062781478_0011_m_000003_0 sent hash and received reply
2015-10-17 15:40:34,434 INFO [fetcher#1] org.apache.hadoop.mapreduce.task.reduce.MergeManagerImpl: attempt_1445062781478_0011_m_000003_0: Shuffling to disk since 60515787 is greater than maxSingleShuffleLimit (35232152)
2015-10-17 15:40:34,441 INFO [fetcher#1] org.apache.hadoop.mapreduce.task.reduce.Fetcher: fetcher#1 about to shuffle output of map attempt_1445062781478_0011_m_000003_0 decomp: 60515787 len: 60515791 to DISK
2015-10-17 15:40:35,031 INFO [EventFetcher for fetching Map Completion Events] org.apache.hadoop.mapreduce.task.reduce.EventFetcher: attempt_1445062781478_0011_r_000000_0: Got 1 new map-outputs
2015-10-17 15:40:36,455 INFO [fetcher#1] org.apache.hadoop.mapreduce.task.reduce.OnDiskMapOutput: Read 60515791 bytes from map-output for attempt_1445062781478_0011_m_000003_0
2015-10-17 15:40:36,467 INFO [fetcher#1] org.apache.hadoop.mapreduce.task.reduce.ShuffleSchedulerImpl: MSRA-SA-41.fareast.corp.microsoft.com:13562 freed by fetcher#1 in 2177ms
2015-10-17 15:40:36,468 INFO [fetcher#1] org.apache.hadoop.mapreduce.task.reduce.ShuffleSchedulerImpl: Assigning MSRA-SA-41.fareast.corp.microsoft.com:13562 with 1 to fetcher#1
2015-10-17 15:40:36,468 INFO [fetcher#1] org.apache.hadoop.mapreduce.task.reduce.ShuffleSchedulerImpl: assigned 1 of 1 to MSRA-SA-41.fareast.corp.microsoft.com:13562 to fetcher#1
2015-10-17 15:40:36,476 INFO [fetcher#1] org.apache.hadoop.mapreduce.task.reduce.Fetcher: for url=13562/mapOutput?job=job_1445062781478_0011&reduce=0&map=attempt_1445062781478_0011_m_000000_0 sent hash and received reply
2015-10-17 15:40:36,477 INFO [fetcher#1] org.apache.hadoop.mapreduce.task.reduce.MergeManagerImpl: attempt_1445062781478_0011_m_000000_0: Shuffling to disk since 60515385 is greater than maxSingleShuffleLimit (35232152)
2015-10-17 15:40:36,483 INFO [fetcher#1] org.apache.hadoop.mapreduce.task.reduce.Fetcher: fetcher#1 about to shuffle output of map attempt_1445062781478_0011_m_000000_0 decomp: 60515385 len: 60515389 to DISK
2015-10-17 15:40:38,619 INFO [fetcher#1] org.apache.hadoop.mapreduce.task.reduce.OnDiskMapOutput: Read 60515389 bytes from map-output for attempt_1445062781478_0011_m_000000_0
2015-10-17 15:40:38,633 INFO [fetcher#1] org.apache.hadoop.mapreduce.task.reduce.ShuffleSchedulerImpl: MSRA-SA-41.fareast.corp.microsoft.com:13562 freed by fetcher#1 in 2165ms
2015-10-17 15:40:51,073 INFO [fetcher#1] org.apache.hadoop.mapreduce.task.reduce.ShuffleSchedulerImpl: Assigning MSRA-SA-41.fareast.corp.microsoft.com:13562 with 1 to fetcher#1
2015-10-17 15:40:51,074 INFO [fetcher#1] org.apache.hadoop.mapreduce.task.reduce.ShuffleSchedulerImpl: assigned 1 of 1 to MSRA-SA-41.fareast.corp.microsoft.com:13562 to fetcher#1
2015-10-17 15:40:51,074 INFO [EventFetcher for fetching Map Completion Events] org.apache.hadoop.mapreduce.task.reduce.EventFetcher: attempt_1445062781478_0011_r_000000_0: Got 3 new map-outputs
2015-10-17 15:40:51,082 INFO [fetcher#1] org.apache.hadoop.mapreduce.task.reduce.Fetcher: for url=13562/mapOutput?job=job_1445062781478_0011&reduce=0&map=attempt_1445062781478_0011_m_000001_0 sent hash and received reply
2015-10-17 15:40:51,082 INFO [fetcher#1] org.apache.hadoop.mapreduce.task.reduce.MergeManagerImpl: attempt_1445062781478_0011_m_000001_0: Shuffling to disk since 60515836 is greater than maxSingleShuffleLimit (35232152)
2015-10-17 15:40:51,085 INFO [fetcher#1] org.apache.hadoop.mapreduce.task.reduce.Fetcher: fetcher#1 about to shuffle output of map attempt_1445062781478_0011_m_000001_0 decomp: 60515836 len: 60515840 to DISK
2015-10-17 15:40:52,862 INFO [fetcher#1] org.apache.hadoop.mapreduce.task.reduce.OnDiskMapOutput: Read 60515840 bytes from map-output for attempt_1445062781478_0011_m_000001_0
2015-10-17 15:40:53,080 INFO [EventFetcher for fetching Map Completion Events] org.apache.hadoop.mapreduce.task.reduce.EventFetcher: attempt_1445062781478_0011_r_000000_0: Got 1 new map-outputs
2015-10-17 15:40:53,080 INFO [fetcher#2] org.apache.hadoop.mapreduce.task.reduce.ShuffleSchedulerImpl: Assigning MSRA-SA-39.fareast.corp.microsoft.com:13562 with 1 to fetcher#2
2015-10-17 15:40:53,080 INFO [fetcher#2] org.apache.hadoop.mapreduce.task.reduce.ShuffleSchedulerImpl: assigned 1 of 1 to MSRA-SA-39.fareast.corp.microsoft.com:13562 to fetcher#2
2015-10-17 15:40:53,090 INFO [fetcher#2] org.apache.hadoop.mapreduce.task.reduce.Fetcher: for url=13562/mapOutput?job=job_1445062781478_0011&reduce=0&map=attempt_1445062781478_0011_m_000008_0 sent hash and received reply
2015-10-17 15:40:53,092 INFO [fetcher#2] org.apache.hadoop.mapreduce.task.reduce.MergeManagerImpl: attempt_1445062781478_0011_m_000008_0: Shuffling to disk since 60516677 is greater than maxSingleShuffleLimit (35232152)
2015-10-17 15:40:53,100 INFO [fetcher#2] org.apache.hadoop.mapreduce.task.reduce.Fetcher: fetcher#2 about to shuffle output of map attempt_1445062781478_0011_m_000008_0 decomp: 60516677 len: 60516681 to DISK
2015-10-17 15:40:53,196 INFO [fetcher#1] org.apache.hadoop.mapreduce.task.reduce.ShuffleSchedulerImpl: MSRA-SA-41.fareast.corp.microsoft.com:13562 freed by fetcher#1 in 2122ms
2015-10-17 15:40:53,196 INFO [fetcher#5] org.apache.hadoop.mapreduce.task.reduce.ShuffleSchedulerImpl: Assigning MSRA-SA-41.fareast.corp.microsoft.com:13562 with 2 to fetcher#5
2015-10-17 15:40:53,196 INFO [fetcher#5] org.apache.hadoop.mapreduce.task.reduce.ShuffleSchedulerImpl: assigned 2 of 2 to MSRA-SA-41.fareast.corp.microsoft.com:13562 to fetcher#5
2015-10-17 15:40:53,208 INFO [fetcher#5] org.apache.hadoop.mapreduce.task.reduce.Fetcher: for url=13562/mapOutput?job=job_1445062781478_0011&reduce=0&map=attempt_1445062781478_0011_m_000002_0,attempt_1445062781478_0011_m_000004_0 sent hash and received reply
2015-10-17 15:40:53,208 INFO [fetcher#5] org.apache.hadoop.mapreduce.task.reduce.MergeManagerImpl: attempt_1445062781478_0011_m_000002_0: Shuffling to disk since 60514392 is greater than maxSingleShuffleLimit (35232152)
2015-10-17 15:40:53,222 INFO [fetcher#5] org.apache.hadoop.mapreduce.task.reduce.Fetcher: fetcher#5 about to shuffle output of map attempt_1445062781478_0011_m_000002_0 decomp: 60514392 len: 60514396 to DISK
2015-10-17 15:40:54,973 INFO [fetcher#2] org.apache.hadoop.mapreduce.task.reduce.OnDiskMapOutput: Read 60516681 bytes from map-output for attempt_1445062781478_0011_m_000008_0
2015-10-17 15:40:54,992 INFO [fetcher#2] org.apache.hadoop.mapreduce.task.reduce.ShuffleSchedulerImpl: MSRA-SA-39.fareast.corp.microsoft.com:13562 freed by fetcher#2 in 1912ms
2015-10-17 15:40:55,487 INFO [fetcher#5] org.apache.hadoop.mapreduce.task.reduce.OnDiskMapOutput: Read 60514396 bytes from map-output for attempt_1445062781478_0011_m_000002_0
2015-10-17 15:40:55,548 INFO [fetcher#5] org.apache.hadoop.mapreduce.task.reduce.MergeManagerImpl: attempt_1445062781478_0011_m_000004_0: Shuffling to disk since 60513765 is greater than maxSingleShuffleLimit (35232152)
2015-10-17 15:40:55,557 INFO [fetcher#5] org.apache.hadoop.mapreduce.task.reduce.Fetcher: fetcher#5 about to shuffle output of map attempt_1445062781478_0011_m_000004_0 decomp: 60513765 len: 60513769 to DISK
2015-10-17 15:40:57,609 INFO [fetcher#5] org.apache.hadoop.mapreduce.task.reduce.OnDiskMapOutput: Read 60513769 bytes from map-output for attempt_1445062781478_0011_m_000004_0
2015-10-17 15:40:57,702 INFO [fetcher#5] org.apache.hadoop.mapreduce.task.reduce.ShuffleSchedulerImpl: MSRA-SA-41.fareast.corp.microsoft.com:13562 freed by fetcher#5 in 4506ms
2015-10-17 15:41:13,110 INFO [EventFetcher for fetching Map Completion Events] org.apache.hadoop.mapreduce.task.reduce.EventFetcher: attempt_1445062781478_0011_r_000000_0: Got 1 new map-outputs
2015-10-17 15:41:13,110 INFO [fetcher#5] org.apache.hadoop.mapreduce.task.reduce.ShuffleSchedulerImpl: Assigning MSRA-SA-39.fareast.corp.microsoft.com:13562 with 1 to fetcher#5
2015-10-17 15:41:13,110 INFO [fetcher#5] org.apache.hadoop.mapreduce.task.reduce.ShuffleSchedulerImpl: assigned 1 of 1 to MSRA-SA-39.fareast.corp.microsoft.com:13562 to fetcher#5
2015-10-17 15:41:13,119 INFO [fetcher#5] org.apache.hadoop.mapreduce.task.reduce.Fetcher: for url=13562/mapOutput?job=job_1445062781478_0011&reduce=0&map=attempt_1445062781478_0011_m_000007_0 sent hash and received reply
2015-10-17 15:41:13,120 INFO [fetcher#5] org.apache.hadoop.mapreduce.task.reduce.MergeManagerImpl: attempt_1445062781478_0011_m_000007_0: Shuffling to disk since 60517368 is greater than maxSingleShuffleLimit (35232152)
2015-10-17 15:41:13,123 INFO [fetcher#5] org.apache.hadoop.mapreduce.task.reduce.Fetcher: fetcher#5 about to shuffle output of map attempt_1445062781478_0011_m_000007_0 decomp: 60517368 len: 60517372 to DISK
2015-10-17 15:41:13,797 INFO [fetcher#5] org.apache.hadoop.mapreduce.task.reduce.OnDiskMapOutput: Read 60517372 bytes from map-output for attempt_1445062781478_0011_m_000007_0
2015-10-17 15:41:13,803 INFO [fetcher#5] org.apache.hadoop.mapreduce.task.reduce.ShuffleSchedulerImpl: MSRA-SA-39.fareast.corp.microsoft.com:13562 freed by fetcher#5 in 692ms
2015-10-17 15:41:26,127 INFO [EventFetcher for fetching Map Completion Events] org.apache.hadoop.mapreduce.task.reduce.EventFetcher: attempt_1445062781478_0011_r_000000_0: Got 1 new map-outputs
2015-10-17 15:41:26,127 INFO [fetcher#5] org.apache.hadoop.mapreduce.task.reduce.ShuffleSchedulerImpl: Assigning MSRA-SA-39.fareast.corp.microsoft.com:13562 with 1 to fetcher#5
2015-10-17 15:41:26,127 INFO [fetcher#5] org.apache.hadoop.mapreduce.task.reduce.ShuffleSchedulerImpl: assigned 1 of 1 to MSRA-SA-39.fareast.corp.microsoft.com:13562 to fetcher#5
2015-10-17 15:41:26,138 INFO [fetcher#5] org.apache.hadoop.mapreduce.task.reduce.Fetcher: for url=13562/mapOutput?job=job_1445062781478_0011&reduce=0&map=attempt_1445062781478_0011_m_000006_0 sent hash and received reply
2015-10-17 15:41:26,140 INFO [fetcher#5] org.apache.hadoop.mapreduce.task.reduce.MergeManagerImpl: attempt_1445062781478_0011_m_000006_0: Shuffling to disk since 60515100 is greater than maxSingleShuffleLimit (35232152)
2015-10-17 15:41:26,143 INFO [fetcher#5] org.apache.hadoop.mapreduce.task.reduce.Fetcher: fetcher#5 about to shuffle output of map attempt_1445062781478_0011_m_000006_0 decomp: 60515100 len: 60515104 to DISK
2015-10-17 15:41:27,337 INFO [fetcher#5] org.apache.hadoop.mapreduce.task.reduce.OnDiskMapOutput: Read 60515104 bytes from map-output for attempt_1445062781478_0011_m_000006_0
2015-10-17 15:41:27,351 INFO [fetcher#5] org.apache.hadoop.mapreduce.task.reduce.ShuffleSchedulerImpl: MSRA-SA-39.fareast.corp.microsoft.com:13562 freed by fetcher#5 in 1224ms
2015-10-17 15:41:27,351 INFO [EventFetcher for fetching Map Completion Events] org.apache.hadoop.mapreduce.task.reduce.EventFetcher: EventFetcher is interrupted.. Returning
2015-10-17 15:41:27,357 INFO [main] org.apache.hadoop.mapreduce.task.reduce.MergeManagerImpl: finalMerge called with 0 in-memory map-outputs and 10 on-disk map-outputs
2015-10-17 15:41:27,373 INFO [main] org.apache.hadoop.mapreduce.task.reduce.MergeManagerImpl: Merging 10 files, 601334942 bytes from disk
2015-10-17 15:41:27,376 INFO [main] org.apache.hadoop.mapreduce.task.reduce.MergeManagerImpl: Merging 0 segments, 0 bytes from memory into reduce
2015-10-17 15:41:27,384 INFO [main] org.apache.hadoop.mapred.Merger: Merging 10 sorted segments
2015-10-17 15:41:27,411 INFO [main] org.apache.hadoop.mapred.Merger: Down to the last merge-pass, with 10 segments left of total size: 601334842 bytes
2015-10-17 15:41:27,649 INFO [main] org.apache.hadoop.conf.Configuration.deprecation: mapred.skip.on is deprecated. Instead, use mapreduce.job.skiprecords
2015-10-17 15:41:50,395 INFO [Thread-34] org.apache.hadoop.hdfs.DFSClient: Exception in createBlockOutputStream
2015-10-17 15:41:50,java.io.IOException: Bad connect ack with firstBadLink as 10.86.164.9:50010
2015-10-17 15:41:50,	at org.apache.hadoop.hdfs.DFSOutputStream$DataStreamer.createBlockOutputStream(DFSOutputStream.java:1461)
2015-10-17 15:41:50,	at org.apache.hadoop.hdfs.DFSOutputStream$DataStreamer.nextBlockOutputStream(DFSOutputStream.java:1362)
2015-10-17 15:41:50,	at org.apache.hadoop.hdfs.DFSOutputStream$DataStreamer.run(DFSOutputStream.java:589)
2015-10-17 15:41:50,397 INFO [Thread-34] org.apache.hadoop.hdfs.DFSClient: Abandoning BP-1347369012-10.190.173.170-1444972147527:blk_1073742515_1710
2015-10-17 15:41:50,410 INFO [Thread-34] org.apache.hadoop.hdfs.DFSClient: Excluding datanode 10.86.164.9:50010
2015-10-17 15:42:46,333 INFO [main] org.apache.hadoop.mapred.Task: Task:attempt_1445062781478_0011_r_000000_0 is done. And is in the process of committing
2015-10-17 15:42:46,369 INFO [main] org.apache.hadoop.mapred.Task: Task attempt_1445062781478_0011_r_000000_0 is allowed to commit now
2015-10-17 15:42:46,378 INFO [main] org.apache.hadoop.mapreduce.lib.output.FileOutputCommitter: Saved output of task 'attempt_1445062781478_0011_r_000000_0' to hdfs://msra-sa-41:9000/pageout/out1/_temporary/1/task_1445062781478_0011_r_000000
2015-10-17 15:42:46,407 INFO [main] org.apache.hadoop.mapred.Task: Task 'attempt_1445062781478_0011_r_000000_0' done.
