2015-10-17 18:09:47,302 INFO [main] org.apache.hadoop.metrics2.impl.MetricsConfig: loaded properties from hadoop-metrics2.properties
2015-10-17 18:09:47,786 INFO [main] org.apache.hadoop.metrics2.impl.MetricsSystemImpl: Scheduled snapshot period at 10 second(s).
2015-10-17 18:09:47,786 INFO [main] org.apache.hadoop.metrics2.impl.MetricsSystemImpl: MapTask metrics system started
2015-10-17 18:09:47,865 INFO [main] org.apache.hadoop.mapred.YarnChild: Executing with tokens:
2015-10-17 18:09:47,865 INFO [main] org.apache.hadoop.mapred.YarnChild: Kind: mapreduce.job, Service: job_1445076437777_0004, Ident: (org.apache.hadoop.mapreduce.security.token.JobTokenIdentifier@490ef5a5)
2015-10-17 18:09:48,302 INFO [main] org.apache.hadoop.mapred.YarnChild: Sleeping for 0ms before retrying again. Got null now.
2015-10-17 18:09:49,208 INFO [main] org.apache.hadoop.mapred.YarnChild: mapreduce.cluster.local.dir for child: /tmp/hadoop-msrabi/nm-local-dir/usercache/msrabi/appcache/application_1445076437777_0004
2015-10-17 18:09:50,755 INFO [main] org.apache.hadoop.conf.Configuration.deprecation: session.id is deprecated. Instead, use dfs.metrics.session-id
2015-10-17 18:09:51,755 INFO [main] org.apache.hadoop.yarn.util.ProcfsBasedProcessTree: ProcfsBasedProcessTree currently is supported only on Linux.
2015-10-17 18:09:51,802 INFO [main] org.apache.hadoop.mapred.Task:  Using ResourceCalculatorProcessTree : org.apache.hadoop.yarn.util.WindowsBasedProcessTree@3c367995
2015-10-17 18:09:52,380 INFO [main] org.apache.hadoop.mapred.MapTask: Processing split: hdfs://msra-sa-41:9000/pageinput2.txt:0+134217728
2015-10-17 18:09:52,458 INFO [main] org.apache.hadoop.mapred.MapTask: (EQUATOR) 0 kvi 26214396(104857584)
2015-10-17 18:09:52,458 INFO [main] org.apache.hadoop.mapred.MapTask: mapreduce.task.io.sort.mb: 100
2015-10-17 18:09:52,458 INFO [main] org.apache.hadoop.mapred.MapTask: soft limit at 83886080
2015-10-17 18:09:52,458 INFO [main] org.apache.hadoop.mapred.MapTask: bufstart = 0; bufvoid = 104857600
2015-10-17 18:09:52,458 INFO [main] org.apache.hadoop.mapred.MapTask: kvstart = 26214396; length = 6553600
2015-10-17 18:09:52,474 INFO [main] org.apache.hadoop.mapred.MapTask: Map output collector class = org.apache.hadoop.mapred.MapTask$MapOutputBuffer
2015-10-17 18:10:25,285 INFO [main] org.apache.hadoop.mapred.MapTask: Spilling map output
2015-10-17 18:10:25,285 INFO [main] org.apache.hadoop.mapred.MapTask: bufstart = 0; bufend = 48233939; bufvoid = 104857600
2015-10-17 18:10:25,285 INFO [main] org.apache.hadoop.mapred.MapTask: kvstart = 26214396(104857584); kvend = 17301360(69205440); length = 8913037/6553600
2015-10-17 18:10:25,285 INFO [main] org.apache.hadoop.mapred.MapTask: (EQUATOR) 57302675 kvi 14325664(57302656)
2015-10-17 18:10:55,706 INFO [SpillThread] org.apache.hadoop.mapred.MapTask: Finished spill 0
2015-10-17 18:10:55,753 INFO [main] org.apache.hadoop.mapred.MapTask: (RESET) equator 57302675 kv 14325664(57302656) kvi 12126896(48507584)
2015-10-17 18:11:01,628 INFO [main] org.apache.hadoop.mapred.MapTask: Spilling map output
2015-10-17 18:11:01,628 INFO [main] org.apache.hadoop.mapred.MapTask: bufstart = 57302675; bufend = 709216; bufvoid = 104857600
2015-10-17 18:11:01,628 INFO [main] org.apache.hadoop.mapred.MapTask: kvstart = 14325664(57302656); kvend = 5420188(21680752); length = 8905477/6553600
2015-10-17 18:11:01,628 INFO [main] org.apache.hadoop.mapred.MapTask: (EQUATOR) 9777968 kvi 2444488(9777952)
2015-10-17 18:11:32,080 INFO [SpillThread] org.apache.hadoop.mapred.MapTask: Finished spill 1
2015-10-17 18:11:32,096 INFO [main] org.apache.hadoop.mapred.MapTask: (RESET) equator 9777968 kv 2444488(9777952) kvi 250856(1003424)
2015-10-17 18:11:46,689 INFO [main] org.apache.hadoop.mapred.MapTask: Spilling map output
2015-10-17 18:11:46,689 INFO [main] org.apache.hadoop.mapred.MapTask: bufstart = 9777968; bufend = 58030301; bufvoid = 104857600
2015-10-17 18:11:46,689 INFO [main] org.apache.hadoop.mapred.MapTask: kvstart = 2444488(9777952); kvend = 19750456(79001824); length = 8908433/6553600
2015-10-17 18:11:46,689 INFO [main] org.apache.hadoop.mapred.MapTask: (EQUATOR) 67099053 kvi 16774756(67099024)
2015-10-17 18:12:07,220 INFO [SpillThread] org.apache.hadoop.mapred.MapTask: Finished spill 2
2015-10-17 18:12:07,236 INFO [main] org.apache.hadoop.mapred.MapTask: (RESET) equator 67099053 kv 16774756(67099024) kvi 14578988(58315952)
2015-10-17 18:12:23,157 INFO [main] org.apache.hadoop.mapred.MapTask: Spilling map output
2015-10-17 18:12:23,157 INFO [main] org.apache.hadoop.mapred.MapTask: bufstart = 67099053; bufend = 10501292; bufvoid = 104857600
2015-10-17 18:12:23,157 INFO [main] org.apache.hadoop.mapred.MapTask: kvstart = 16774756(67099024); kvend = 7868200(31472800); length = 8906557/6553600
2015-10-17 18:12:23,157 INFO [main] org.apache.hadoop.mapred.MapTask: (EQUATOR) 19570044 kvi 4892504(19570016)
2015-10-17 18:12:50,797 INFO [SpillThread] org.apache.hadoop.mapred.MapTask: Finished spill 3
2015-10-17 18:12:50,891 INFO [main] org.apache.hadoop.mapred.MapTask: (RESET) equator 19570044 kv 4892504(19570016) kvi 2699328(10797312)
2015-10-17 18:13:02,531 INFO [main] org.apache.hadoop.mapred.MapTask: Spilling map output
2015-10-17 18:13:02,531 INFO [main] org.apache.hadoop.mapred.MapTask: bufstart = 19570044; bufend = 67823152; bufvoid = 104857600
2015-10-17 18:13:02,531 INFO [main] org.apache.hadoop.mapred.MapTask: kvstart = 4892504(19570016); kvend = 22198672(88794688); length = 8908233/6553600
2015-10-17 18:13:02,531 INFO [main] org.apache.hadoop.mapred.MapTask: (EQUATOR) 76891904 kvi 19222972(76891888)
2015-10-17 18:13:17,468 INFO [SpillThread] org.apache.hadoop.mapred.MapTask: Finished spill 4
2015-10-17 18:13:17,468 INFO [main] org.apache.hadoop.mapred.MapTask: (RESET) equator 76891904 kv 19222972(76891888) kvi 17028244(68112976)
2015-10-17 18:13:35,046 INFO [main] org.apache.hadoop.mapred.MapTask: Spilling map output
2015-10-17 18:13:35,046 INFO [main] org.apache.hadoop.mapred.MapTask: bufstart = 76891904; bufend = 20274616; bufvoid = 104857600
2015-10-17 18:13:35,046 INFO [main] org.apache.hadoop.mapred.MapTask: kvstart = 19222972(76891888); kvend = 10311532(41246128); length = 8911441/6553600
2015-10-17 18:13:35,046 INFO [main] org.apache.hadoop.mapred.MapTask: (EQUATOR) 29343368 kvi 7335836(29343344)
2015-10-17 18:14:04,779 INFO [SpillThread] org.apache.hadoop.mapred.MapTask: Finished spill 5
2015-10-17 18:14:04,795 INFO [main] org.apache.hadoop.mapred.MapTask: (RESET) equator 29343368 kv 7335836(29343344) kvi 5140140(20560560)
2015-10-17 18:14:25,842 INFO [main] org.apache.hadoop.mapred.MapTask: Spilling map output
2015-10-17 18:14:25,842 INFO [main] org.apache.hadoop.mapred.MapTask: bufstart = 29343368; bufend = 77571991; bufvoid = 104857600
2015-10-17 18:14:25,842 INFO [main] org.apache.hadoop.mapred.MapTask: kvstart = 7335836(29343344); kvend = 24635876(98543504); length = 8914361/6553600
2015-10-17 18:14:25,842 INFO [main] org.apache.hadoop.mapred.MapTask: (EQUATOR) 86640743 kvi 21660180(86640720)
2015-10-17 18:14:52,952 INFO [SpillThread] org.apache.hadoop.mapred.MapTask: Finished spill 6
2015-10-17 18:14:53,061 INFO [main] org.apache.hadoop.mapred.MapTask: (RESET) equator 86640743 kv 21660180(86640720) kvi 19461792(77847168)
2015-10-17 18:14:58,921 INFO [main] org.apache.hadoop.mapred.MapTask: Starting flush of map output
2015-10-17 18:14:58,921 INFO [main] org.apache.hadoop.mapred.MapTask: Spilling map output
2015-10-17 18:14:58,921 INFO [main] org.apache.hadoop.mapred.MapTask: bufstart = 86640743; bufend = 20832247; bufvoid = 104857600
2015-10-17 18:14:58,921 INFO [main] org.apache.hadoop.mapred.MapTask: kvstart = 21660180(86640720); kvend = 14457636(57830544); length = 7202545/6553600
2015-10-17 18:15:11,811 INFO [main] org.apache.hadoop.mapred.MapTask: Finished spill 7
2015-10-17 18:15:11,843 INFO [main] org.apache.hadoop.mapred.Merger: Merging 8 sorted segments
2015-10-17 18:15:11,905 INFO [main] org.apache.hadoop.mapred.Merger: Down to the last merge-pass, with 8 segments left of total size: 288922501 bytes
2015-10-17 18:15:59,468 INFO [main] org.apache.hadoop.mapred.Task: Task:attempt_1445076437777_0004_m_000000_0 is done. And is in the process of committing
2015-10-17 18:15:59,578 INFO [main] org.apache.hadoop.mapred.Task: Task 'attempt_1445076437777_0004_m_000000_0' done.
