2015-10-18 21:37:27,036 INFO [main] org.apache.hadoop.metrics2.impl.MetricsConfig: loaded properties from hadoop-metrics2.properties
2015-10-18 21:37:27,176 INFO [main] org.apache.hadoop.metrics2.impl.MetricsSystemImpl: Scheduled snapshot period at 10 second(s).
2015-10-18 21:37:27,176 INFO [main] org.apache.hadoop.metrics2.impl.MetricsSystemImpl: MapTask metrics system started
2015-10-18 21:37:27,223 INFO [main] org.apache.hadoop.mapred.YarnChild: Executing with tokens:
2015-10-18 21:37:27,223 INFO [main] org.apache.hadoop.mapred.YarnChild: Kind: mapreduce.job, Service: job_1445175094696_0004, Ident: (org.apache.hadoop.mapreduce.security.token.JobTokenIdentifier@3acd9e86)
2015-10-18 21:37:27,661 INFO [main] org.apache.hadoop.mapred.YarnChild: Sleeping for 0ms before retrying again. Got null now.
2015-10-18 21:37:28,754 INFO [main] org.apache.hadoop.mapred.YarnChild: mapreduce.cluster.local.dir for child: /tmp/hadoop-msrabi/nm-local-dir/usercache/msrabi/appcache/application_1445175094696_0004
2015-10-18 21:37:30,067 INFO [main] org.apache.hadoop.conf.Configuration.deprecation: session.id is deprecated. Instead, use dfs.metrics.session-id
2015-10-18 21:37:32,442 INFO [main] org.apache.hadoop.yarn.util.ProcfsBasedProcessTree: ProcfsBasedProcessTree currently is supported only on Linux.
2015-10-18 21:37:33,208 INFO [main] org.apache.hadoop.mapred.Task:  Using ResourceCalculatorProcessTree : org.apache.hadoop.yarn.util.WindowsBasedProcessTree@51038c46
2015-10-18 21:37:37,880 INFO [main] org.apache.hadoop.mapred.MapTask: Processing split: hdfs://msra-sa-41:9000/wordcount2.txt:0+134217728
2015-10-18 21:37:38,599 INFO [main] org.apache.hadoop.mapred.MapTask: (EQUATOR) 0 kvi 26214396(104857584)
2015-10-18 21:37:38,599 INFO [main] org.apache.hadoop.mapred.MapTask: mapreduce.task.io.sort.mb: 100
2015-10-18 21:37:38,599 INFO [main] org.apache.hadoop.mapred.MapTask: soft limit at 83886080
2015-10-18 21:37:38,599 INFO [main] org.apache.hadoop.mapred.MapTask: bufstart = 0; bufvoid = 104857600
2015-10-18 21:37:38,599 INFO [main] org.apache.hadoop.mapred.MapTask: kvstart = 26214396; length = 6553600
2015-10-18 21:37:38,692 INFO [main] org.apache.hadoop.mapred.MapTask: Map output collector class = org.apache.hadoop.mapred.MapTask$MapOutputBuffer
2015-10-18 21:37:46,161 INFO [main] org.apache.hadoop.mapred.MapTask: Spilling map output
2015-10-18 21:37:46,161 INFO [main] org.apache.hadoop.mapred.MapTask: bufstart = 0; bufend = 34175940; bufvoid = 104857600
2015-10-18 21:37:46,161 INFO [main] org.apache.hadoop.mapred.MapTask: kvstart = 26214396(104857584); kvend = 13786864(55147456); length = 12427533/6553600
2015-10-18 21:37:46,161 INFO [main] org.apache.hadoop.mapred.MapTask: (EQUATOR) 44661690 kvi 11165416(44661664)
2015-10-18 21:38:07,881 INFO [SpillThread] org.apache.hadoop.mapred.MapTask: Finished spill 0
2015-10-18 21:38:07,897 INFO [main] org.apache.hadoop.mapred.MapTask: (RESET) equator 44661690 kv 11165416(44661664) kvi 8543992(34175968)
2015-10-18 21:38:11,366 INFO [main] org.apache.hadoop.mapred.MapTask: Spilling map output
2015-10-18 21:38:11,366 INFO [main] org.apache.hadoop.mapred.MapTask: bufstart = 44661690; bufend = 78835380; bufvoid = 104857600
2015-10-18 21:38:11,366 INFO [main] org.apache.hadoop.mapred.MapTask: kvstart = 11165416(44661664); kvend = 24951728(99806912); length = 12428089/6553600
2015-10-18 21:38:11,366 INFO [main] org.apache.hadoop.mapred.MapTask: (EQUATOR) 89321138 kvi 22330280(89321120)
2015-10-18 21:38:39,398 INFO [SpillThread] org.apache.hadoop.mapred.MapTask: Finished spill 1
2015-10-18 21:38:39,414 INFO [main] org.apache.hadoop.mapred.MapTask: (RESET) equator 89321138 kv 22330280(89321120) kvi 19708852(78835408)
2015-10-18 21:38:41,680 INFO [main] org.apache.hadoop.mapred.MapTask: Spilling map output
2015-10-18 21:38:41,680 INFO [main] org.apache.hadoop.mapred.MapTask: bufstart = 89321138; bufend = 18639482; bufvoid = 104857600
2015-10-18 21:38:41,680 INFO [main] org.apache.hadoop.mapred.MapTask: kvstart = 22330280(89321120); kvend = 9902752(39611008); length = 12427529/6553600
2015-10-18 21:38:41,680 INFO [main] org.apache.hadoop.mapred.MapTask: (EQUATOR) 29125237 kvi 7281304(29125216)
2015-10-18 21:38:54,602 INFO [SpillThread] org.apache.hadoop.mapred.MapTask: Finished spill 2
2015-10-18 21:38:54,618 INFO [main] org.apache.hadoop.mapred.MapTask: (RESET) equator 29125237 kv 7281304(29125216) kvi 4659876(18639504)
2015-10-18 21:38:56,618 INFO [main] org.apache.hadoop.mapred.MapTask: Spilling map output
2015-10-18 21:38:56,618 INFO [main] org.apache.hadoop.mapred.MapTask: bufstart = 29125237; bufend = 63299431; bufvoid = 104857600
2015-10-18 21:38:56,618 INFO [main] org.apache.hadoop.mapred.MapTask: kvstart = 7281304(29125216); kvend = 21067736(84270944); length = 12427969/6553600
2015-10-18 21:38:56,618 INFO [main] org.apache.hadoop.mapred.MapTask: (EQUATOR) 73785179 kvi 18446288(73785152)
2015-10-18 21:39:12,916 INFO [SpillThread] org.apache.hadoop.mapred.MapTask: Finished spill 3
2015-10-18 21:39:12,931 INFO [main] org.apache.hadoop.mapred.MapTask: (RESET) equator 73785179 kv 18446288(73785152) kvi 15824864(63299456)
2015-10-18 21:39:15,697 INFO [main] org.apache.hadoop.mapred.MapTask: Spilling map output
2015-10-18 21:39:15,697 INFO [main] org.apache.hadoop.mapred.MapTask: bufstart = 73785179; bufend = 3101447; bufvoid = 104857600
2015-10-18 21:39:15,697 INFO [main] org.apache.hadoop.mapred.MapTask: kvstart = 18446288(73785152); kvend = 6018244(24072976); length = 12428045/6553600
2015-10-18 21:39:15,697 INFO [main] org.apache.hadoop.mapred.MapTask: (EQUATOR) 13587203 kvi 3396796(13587184)
2015-10-18 21:39:31,276 INFO [SpillThread] org.apache.hadoop.mapred.MapTask: Finished spill 4
2015-10-18 21:39:31,276 INFO [main] org.apache.hadoop.mapred.MapTask: (RESET) equator 13587203 kv 3396796(13587184) kvi 775368(3101472)
2015-10-18 21:39:32,448 INFO [main] org.apache.hadoop.mapred.MapTask: Spilling map output
2015-10-18 21:39:32,448 INFO [main] org.apache.hadoop.mapred.MapTask: bufstart = 13587203; bufend = 47759762; bufvoid = 104857600
2015-10-18 21:39:32,448 INFO [main] org.apache.hadoop.mapred.MapTask: kvstart = 3396796(13587184); kvend = 17182820(68731280); length = 12428377/6553600
2015-10-18 21:39:32,448 INFO [main] org.apache.hadoop.mapred.MapTask: (EQUATOR) 58245513 kvi 14561372(58245488)
2015-10-18 21:39:32,948 WARN [main] org.apache.hadoop.hdfs.BlockReaderFactory: I/O error constructing remote block reader.
2015-10-18 21:39:32,java.net.NoRouteToHostException: No route to host: no further information
2015-10-18 21:39:32,	at sun.nio.ch.SocketChannelImpl.checkConnect(Native Method)
2015-10-18 21:39:32,	at sun.nio.ch.SocketChannelImpl.finishConnect(SocketChannelImpl.java:735)
2015-10-18 21:39:32,	at org.apache.hadoop.net.SocketIOWithTimeout.connect(SocketIOWithTimeout.java:206)
2015-10-18 21:39:32,	at org.apache.hadoop.net.NetUtils.connect(NetUtils.java:530)
2015-10-18 21:39:32,	at org.apache.hadoop.hdfs.DFSClient.newConnectedPeer(DFSClient.java:3101)
2015-10-18 21:39:32,	at org.apache.hadoop.hdfs.BlockReaderFactory.nextTcpPeer(BlockReaderFactory.java:755)
2015-10-18 21:39:32,	at org.apache.hadoop.hdfs.BlockReaderFactory.getRemoteBlockReaderFromTcp(BlockReaderFactory.java:670)
2015-10-18 21:39:32,	at org.apache.hadoop.hdfs.BlockReaderFactory.build(BlockReaderFactory.java:337)
2015-10-18 21:39:32,	at org.apache.hadoop.hdfs.DFSInputStream.blockSeekTo(DFSInputStream.java:576)
2015-10-18 21:39:32,	at org.apache.hadoop.hdfs.DFSInputStream.readWithStrategy(DFSInputStream.java:800)
2015-10-18 21:39:32,	at org.apache.hadoop.hdfs.DFSInputStream.read(DFSInputStream.java:847)
2015-10-18 21:39:32,	at java.io.DataInputStream.read(DataInputStream.java:100)
2015-10-18 21:39:32,	at org.apache.hadoop.util.LineReader.fillBuffer(LineReader.java:180)
2015-10-18 21:39:32,	at org.apache.hadoop.util.LineReader.readDefaultLine(LineReader.java:216)
2015-10-18 21:39:32,	at org.apache.hadoop.util.LineReader.readLine(LineReader.java:174)
2015-10-18 21:39:32,	at org.apache.hadoop.mapreduce.lib.input.LineRecordReader.nextKeyValue(LineRecordReader.java:185)
2015-10-18 21:39:32,	at org.apache.hadoop.mapred.MapTask$NewTrackingRecordReader.nextKeyValue(MapTask.java:553)
2015-10-18 21:39:32,	at org.apache.hadoop.mapreduce.task.MapContextImpl.nextKeyValue(MapContextImpl.java:80)
2015-10-18 21:39:32,	at org.apache.hadoop.mapreduce.lib.map.WrappedMapper$Context.nextKeyValue(WrappedMapper.java:91)
2015-10-18 21:39:32,	at org.apache.hadoop.mapreduce.Mapper.run(Mapper.java:144)
2015-10-18 21:39:32,	at org.apache.hadoop.mapred.MapTask.runNewMapper(MapTask.java:784)
2015-10-18 21:39:32,	at org.apache.hadoop.mapred.MapTask.run(MapTask.java:341)
2015-10-18 21:39:32,	at org.apache.hadoop.mapred.YarnChild$2.run(YarnChild.java:163)
2015-10-18 21:39:32,	at java.security.AccessController.doPrivileged(Native Method)
2015-10-18 21:39:32,	at javax.security.auth.Subject.doAs(Subject.java:415)
2015-10-18 21:39:32,	at org.apache.hadoop.security.UserGroupInformation.doAs(UserGroupInformation.java:1628)
2015-10-18 21:39:32,	at org.apache.hadoop.mapred.YarnChild.main(YarnChild.java:158)
2015-10-18 21:39:32,963 WARN [main] org.apache.hadoop.hdfs.DFSClient: Failed to connect to /172.22.149.145:50010 for block, add to deadNodes and continue. java.net.NoRouteToHostException: No route to host: no further information
2015-10-18 21:39:32,java.net.NoRouteToHostException: No route to host: no further information
2015-10-18 21:39:32,	at sun.nio.ch.SocketChannelImpl.checkConnect(Native Method)
2015-10-18 21:39:32,	at sun.nio.ch.SocketChannelImpl.finishConnect(SocketChannelImpl.java:735)
2015-10-18 21:39:32,	at org.apache.hadoop.net.SocketIOWithTimeout.connect(SocketIOWithTimeout.java:206)
2015-10-18 21:39:32,	at org.apache.hadoop.net.NetUtils.connect(NetUtils.java:530)
2015-10-18 21:39:32,	at org.apache.hadoop.hdfs.DFSClient.newConnectedPeer(DFSClient.java:3101)
2015-10-18 21:39:32,	at org.apache.hadoop.hdfs.BlockReaderFactory.nextTcpPeer(BlockReaderFactory.java:755)
2015-10-18 21:39:32,	at org.apache.hadoop.hdfs.BlockReaderFactory.getRemoteBlockReaderFromTcp(BlockReaderFactory.java:670)
2015-10-18 21:39:32,	at org.apache.hadoop.hdfs.BlockReaderFactory.build(BlockReaderFactory.java:337)
2015-10-18 21:39:32,	at org.apache.hadoop.hdfs.DFSInputStream.blockSeekTo(DFSInputStream.java:576)
2015-10-18 21:39:32,	at org.apache.hadoop.hdfs.DFSInputStream.readWithStrategy(DFSInputStream.java:800)
2015-10-18 21:39:32,	at org.apache.hadoop.hdfs.DFSInputStream.read(DFSInputStream.java:847)
2015-10-18 21:39:32,	at java.io.DataInputStream.read(DataInputStream.java:100)
2015-10-18 21:39:32,	at org.apache.hadoop.util.LineReader.fillBuffer(LineReader.java:180)
2015-10-18 21:39:32,	at org.apache.hadoop.util.LineReader.readDefaultLine(LineReader.java:216)
2015-10-18 21:39:32,	at org.apache.hadoop.util.LineReader.readLine(LineReader.java:174)
2015-10-18 21:39:32,	at org.apache.hadoop.mapreduce.lib.input.LineRecordReader.nextKeyValue(LineRecordReader.java:185)
2015-10-18 21:39:32,	at org.apache.hadoop.mapred.MapTask$NewTrackingRecordReader.nextKeyValue(MapTask.java:553)
2015-10-18 21:39:32,	at org.apache.hadoop.mapreduce.task.MapContextImpl.nextKeyValue(MapContextImpl.java:80)
2015-10-18 21:39:32,	at org.apache.hadoop.mapreduce.lib.map.WrappedMapper$Context.nextKeyValue(WrappedMapper.java:91)
2015-10-18 21:39:32,	at org.apache.hadoop.mapreduce.Mapper.run(Mapper.java:144)
2015-10-18 21:39:32,	at org.apache.hadoop.mapred.MapTask.runNewMapper(MapTask.java:784)
2015-10-18 21:39:32,	at org.apache.hadoop.mapred.MapTask.run(MapTask.java:341)
2015-10-18 21:39:32,	at org.apache.hadoop.mapred.YarnChild$2.run(YarnChild.java:163)
2015-10-18 21:39:32,	at java.security.AccessController.doPrivileged(Native Method)
2015-10-18 21:39:32,	at javax.security.auth.Subject.doAs(Subject.java:415)
2015-10-18 21:39:32,	at org.apache.hadoop.security.UserGroupInformation.doAs(UserGroupInformation.java:1628)
2015-10-18 21:39:32,	at org.apache.hadoop.mapred.YarnChild.main(YarnChild.java:158)
2015-10-18 21:39:32,963 WARN [main] org.apache.hadoop.hdfs.BlockReaderFactory: I/O error constructing remote block reader.
2015-10-18 21:39:32,java.net.NoRouteToHostException: No route to host: no further information
2015-10-18 21:39:32,	at sun.nio.ch.SocketChannelImpl.checkConnect(Native Method)
2015-10-18 21:39:32,	at sun.nio.ch.SocketChannelImpl.finishConnect(SocketChannelImpl.java:735)
2015-10-18 21:39:32,	at org.apache.hadoop.net.SocketIOWithTimeout.connect(SocketIOWithTimeout.java:206)
2015-10-18 21:39:32,	at org.apache.hadoop.net.NetUtils.connect(NetUtils.java:530)
2015-10-18 21:39:32,	at org.apache.hadoop.hdfs.DFSClient.newConnectedPeer(DFSClient.java:3101)
2015-10-18 21:39:32,	at org.apache.hadoop.hdfs.BlockReaderFactory.nextTcpPeer(BlockReaderFactory.java:755)
2015-10-18 21:39:32,	at org.apache.hadoop.hdfs.BlockReaderFactory.getRemoteBlockReaderFromTcp(BlockReaderFactory.java:670)
2015-10-18 21:39:32,	at org.apache.hadoop.hdfs.BlockReaderFactory.build(BlockReaderFactory.java:337)
2015-10-18 21:39:32,	at org.apache.hadoop.hdfs.DFSInputStream.blockSeekTo(DFSInputStream.java:576)
2015-10-18 21:39:32,	at org.apache.hadoop.hdfs.DFSInputStream.readWithStrategy(DFSInputStream.java:800)
2015-10-18 21:39:32,	at org.apache.hadoop.hdfs.DFSInputStream.read(DFSInputStream.java:847)
2015-10-18 21:39:32,	at java.io.DataInputStream.read(DataInputStream.java:100)
2015-10-18 21:39:32,	at org.apache.hadoop.util.LineReader.fillBuffer(LineReader.java:180)
2015-10-18 21:39:32,	at org.apache.hadoop.util.LineReader.readDefaultLine(LineReader.java:216)
2015-10-18 21:39:32,	at org.apache.hadoop.util.LineReader.readLine(LineReader.java:174)
2015-10-18 21:39:32,	at org.apache.hadoop.mapreduce.lib.input.LineRecordReader.nextKeyValue(LineRecordReader.java:185)
2015-10-18 21:39:32,	at org.apache.hadoop.mapred.MapTask$NewTrackingRecordReader.nextKeyValue(MapTask.java:553)
2015-10-18 21:39:32,	at org.apache.hadoop.mapreduce.task.MapContextImpl.nextKeyValue(MapContextImpl.java:80)
2015-10-18 21:39:32,	at org.apache.hadoop.mapreduce.lib.map.WrappedMapper$Context.nextKeyValue(WrappedMapper.java:91)
2015-10-18 21:39:32,	at org.apache.hadoop.mapreduce.Mapper.run(Mapper.java:144)
2015-10-18 21:39:32,	at org.apache.hadoop.mapred.MapTask.runNewMapper(MapTask.java:784)
2015-10-18 21:39:32,	at org.apache.hadoop.mapred.MapTask.run(MapTask.java:341)
2015-10-18 21:39:32,	at org.apache.hadoop.mapred.YarnChild$2.run(YarnChild.java:163)
2015-10-18 21:39:32,	at java.security.AccessController.doPrivileged(Native Method)
2015-10-18 21:39:32,	at javax.security.auth.Subject.doAs(Subject.java:415)
2015-10-18 21:39:32,	at org.apache.hadoop.security.UserGroupInformation.doAs(UserGroupInformation.java:1628)
2015-10-18 21:39:32,	at org.apache.hadoop.mapred.YarnChild.main(YarnChild.java:158)
2015-10-18 21:39:32,963 WARN [main] org.apache.hadoop.hdfs.DFSClient: Failed to connect to /10.190.173.170:50010 for block, add to deadNodes and continue. java.net.NoRouteToHostException: No route to host: no further information
2015-10-18 21:39:32,java.net.NoRouteToHostException: No route to host: no further information
2015-10-18 21:39:32,	at sun.nio.ch.SocketChannelImpl.checkConnect(Native Method)
2015-10-18 21:39:32,	at sun.nio.ch.SocketChannelImpl.finishConnect(SocketChannelImpl.java:735)
2015-10-18 21:39:32,	at org.apache.hadoop.net.SocketIOWithTimeout.connect(SocketIOWithTimeout.java:206)
2015-10-18 21:39:32,	at org.apache.hadoop.net.NetUtils.connect(NetUtils.java:530)
2015-10-18 21:39:32,	at org.apache.hadoop.hdfs.DFSClient.newConnectedPeer(DFSClient.java:3101)
2015-10-18 21:39:32,	at org.apache.hadoop.hdfs.BlockReaderFactory.nextTcpPeer(BlockReaderFactory.java:755)
2015-10-18 21:39:32,	at org.apache.hadoop.hdfs.BlockReaderFactory.getRemoteBlockReaderFromTcp(BlockReaderFactory.java:670)
2015-10-18 21:39:32,	at org.apache.hadoop.hdfs.BlockReaderFactory.build(BlockReaderFactory.java:337)
2015-10-18 21:39:32,	at org.apache.hadoop.hdfs.DFSInputStream.blockSeekTo(DFSInputStream.java:576)
2015-10-18 21:39:32,	at org.apache.hadoop.hdfs.DFSInputStream.readWithStrategy(DFSInputStream.java:800)
2015-10-18 21:39:32,	at org.apache.hadoop.hdfs.DFSInputStream.read(DFSInputStream.java:847)
2015-10-18 21:39:32,	at java.io.DataInputStream.read(DataInputStream.java:100)
2015-10-18 21:39:32,	at org.apache.hadoop.util.LineReader.fillBuffer(LineReader.java:180)
2015-10-18 21:39:32,	at org.apache.hadoop.util.LineReader.readDefaultLine(LineReader.java:216)
2015-10-18 21:39:32,	at org.apache.hadoop.util.LineReader.readLine(LineReader.java:174)
2015-10-18 21:39:32,	at org.apache.hadoop.mapreduce.lib.input.LineRecordReader.nextKeyValue(LineRecordReader.java:185)
2015-10-18 21:39:32,	at org.apache.hadoop.mapred.MapTask$NewTrackingRecordReader.nextKeyValue(MapTask.java:553)
2015-10-18 21:39:32,	at org.apache.hadoop.mapreduce.task.MapContextImpl.nextKeyValue(MapContextImpl.java:80)
2015-10-18 21:39:32,	at org.apache.hadoop.mapreduce.lib.map.WrappedMapper$Context.nextKeyValue(WrappedMapper.java:91)
2015-10-18 21:39:32,	at org.apache.hadoop.mapreduce.Mapper.run(Mapper.java:144)
2015-10-18 21:39:32,	at org.apache.hadoop.mapred.MapTask.runNewMapper(MapTask.java:784)
2015-10-18 21:39:32,	at org.apache.hadoop.mapred.MapTask.run(MapTask.java:341)
2015-10-18 21:39:32,	at org.apache.hadoop.mapred.YarnChild$2.run(YarnChild.java:163)
2015-10-18 21:39:32,	at java.security.AccessController.doPrivileged(Native Method)
2015-10-18 21:39:32,	at javax.security.auth.Subject.doAs(Subject.java:415)
2015-10-18 21:39:32,	at org.apache.hadoop.security.UserGroupInformation.doAs(UserGroupInformation.java:1628)
2015-10-18 21:39:32,	at org.apache.hadoop.mapred.YarnChild.main(YarnChild.java:158)
2015-10-18 21:39:32,963 INFO [main] org.apache.hadoop.hdfs.DFSClient: Could not obtain BP-1347369012-10.190.173.170-1444972147527:blk_1073742989_2201 from any node: java.io.IOException: No live nodes contain block BP-1347369012-10.190.173.170-1444972147527:blk_1073742989_2201 after checking nodes = [172.22.149.145:50010, 10.190.173.170:50010], ignoredNodes = null No live nodes contain current block Block locations: 172.22.149.145:50010 10.190.173.170:50010 Dead nodes:  10.190.173.170:50010 172.22.149.145:50010. Will get new block locations from namenode and retry...
2015-10-18 21:39:32,963 WARN [main] org.apache.hadoop.hdfs.DFSClient: DFS chooseDataNode: got # 1 IOException, will wait for 1857.517062515084 msec.
2015-10-18 21:39:34,868 WARN [main] org.apache.hadoop.ipc.Client: Address change detected. Old: msra-sa-41/10.190.173.170:9000 New: msra-sa-41:9000
2015-10-18 21:39:34,868 WARN [main] org.apache.hadoop.hdfs.BlockReaderFactory: I/O error constructing remote block reader.
2015-10-18 21:39:34,java.net.NoRouteToHostException: No route to host: no further information
2015-10-18 21:39:34,	at sun.nio.ch.SocketChannelImpl.checkConnect(Native Method)
2015-10-18 21:39:34,	at sun.nio.ch.SocketChannelImpl.finishConnect(SocketChannelImpl.java:735)
2015-10-18 21:39:34,	at org.apache.hadoop.net.SocketIOWithTimeout.connect(SocketIOWithTimeout.java:206)
2015-10-18 21:39:34,	at org.apache.hadoop.net.NetUtils.connect(NetUtils.java:530)
2015-10-18 21:39:34,	at org.apache.hadoop.hdfs.DFSClient.newConnectedPeer(DFSClient.java:3101)
2015-10-18 21:39:34,	at org.apache.hadoop.hdfs.BlockReaderFactory.nextTcpPeer(BlockReaderFactory.java:755)
2015-10-18 21:39:34,	at org.apache.hadoop.hdfs.BlockReaderFactory.getRemoteBlockReaderFromTcp(BlockReaderFactory.java:670)
2015-10-18 21:39:34,	at org.apache.hadoop.hdfs.BlockReaderFactory.build(BlockReaderFactory.java:337)
2015-10-18 21:39:34,	at org.apache.hadoop.hdfs.DFSInputStream.blockSeekTo(DFSInputStream.java:576)
2015-10-18 21:39:34,	at org.apache.hadoop.hdfs.DFSInputStream.readWithStrategy(DFSInputStream.java:800)
2015-10-18 21:39:34,	at org.apache.hadoop.hdfs.DFSInputStream.read(DFSInputStream.java:847)
2015-10-18 21:39:34,	at java.io.DataInputStream.read(DataInputStream.java:100)
2015-10-18 21:39:34,	at org.apache.hadoop.util.LineReader.fillBuffer(LineReader.java:180)
2015-10-18 21:39:34,	at org.apache.hadoop.util.LineReader.readDefaultLine(LineReader.java:216)
2015-10-18 21:39:34,	at org.apache.hadoop.util.LineReader.readLine(LineReader.java:174)
2015-10-18 21:39:34,	at org.apache.hadoop.mapreduce.lib.input.LineRecordReader.nextKeyValue(LineRecordReader.java:185)
2015-10-18 21:39:34,	at org.apache.hadoop.mapred.MapTask$NewTrackingRecordReader.nextKeyValue(MapTask.java:553)
2015-10-18 21:39:34,	at org.apache.hadoop.mapreduce.task.MapContextImpl.nextKeyValue(MapContextImpl.java:80)
2015-10-18 21:39:34,	at org.apache.hadoop.mapreduce.lib.map.WrappedMapper$Context.nextKeyValue(WrappedMapper.java:91)
2015-10-18 21:39:34,	at org.apache.hadoop.mapreduce.Mapper.run(Mapper.java:144)
2015-10-18 21:39:34,	at org.apache.hadoop.mapred.MapTask.runNewMapper(MapTask.java:784)
2015-10-18 21:39:34,	at org.apache.hadoop.mapred.MapTask.run(MapTask.java:341)
2015-10-18 21:39:34,	at org.apache.hadoop.mapred.YarnChild$2.run(YarnChild.java:163)
2015-10-18 21:39:34,	at java.security.AccessController.doPrivileged(Native Method)
2015-10-18 21:39:34,	at javax.security.auth.Subject.doAs(Subject.java:415)
2015-10-18 21:39:34,	at org.apache.hadoop.security.UserGroupInformation.doAs(UserGroupInformation.java:1628)
2015-10-18 21:39:34,	at org.apache.hadoop.mapred.YarnChild.main(YarnChild.java:158)
2015-10-18 21:39:34,868 WARN [main] org.apache.hadoop.hdfs.DFSClient: Failed to connect to /172.22.149.145:50010 for block, add to deadNodes and continue. java.net.NoRouteToHostException: No route to host: no further information
2015-10-18 21:39:34,java.net.NoRouteToHostException: No route to host: no further information
2015-10-18 21:39:34,	at sun.nio.ch.SocketChannelImpl.checkConnect(Native Method)
2015-10-18 21:39:34,	at sun.nio.ch.SocketChannelImpl.finishConnect(SocketChannelImpl.java:735)
2015-10-18 21:39:34,	at org.apache.hadoop.net.SocketIOWithTimeout.connect(SocketIOWithTimeout.java:206)
2015-10-18 21:39:34,	at org.apache.hadoop.net.NetUtils.connect(NetUtils.java:530)
2015-10-18 21:39:34,	at org.apache.hadoop.hdfs.DFSClient.newConnectedPeer(DFSClient.java:3101)
2015-10-18 21:39:34,	at org.apache.hadoop.hdfs.BlockReaderFactory.nextTcpPeer(BlockReaderFactory.java:755)
2015-10-18 21:39:34,	at org.apache.hadoop.hdfs.BlockReaderFactory.getRemoteBlockReaderFromTcp(BlockReaderFactory.java:670)
2015-10-18 21:39:34,	at org.apache.hadoop.hdfs.BlockReaderFactory.build(BlockReaderFactory.java:337)
2015-10-18 21:39:34,	at org.apache.hadoop.hdfs.DFSInputStream.blockSeekTo(DFSInputStream.java:576)
2015-10-18 21:39:34,	at org.apache.hadoop.hdfs.DFSInputStream.readWithStrategy(DFSInputStream.java:800)
2015-10-18 21:39:34,	at org.apache.hadoop.hdfs.DFSInputStream.read(DFSInputStream.java:847)
2015-10-18 21:39:34,	at java.io.DataInputStream.read(DataInputStream.java:100)
2015-10-18 21:39:34,	at org.apache.hadoop.util.LineReader.fillBuffer(LineReader.java:180)
2015-10-18 21:39:34,	at org.apache.hadoop.util.LineReader.readDefaultLine(LineReader.java:216)
2015-10-18 21:39:34,	at org.apache.hadoop.util.LineReader.readLine(LineReader.java:174)
2015-10-18 21:39:34,	at org.apache.hadoop.mapreduce.lib.input.LineRecordReader.nextKeyValue(LineRecordReader.java:185)
2015-10-18 21:39:34,	at org.apache.hadoop.mapred.MapTask$NewTrackingRecordReader.nextKeyValue(MapTask.java:553)
2015-10-18 21:39:34,	at org.apache.hadoop.mapreduce.task.MapContextImpl.nextKeyValue(MapContextImpl.java:80)
2015-10-18 21:39:34,	at org.apache.hadoop.mapreduce.lib.map.WrappedMapper$Context.nextKeyValue(WrappedMapper.java:91)
2015-10-18 21:39:34,	at org.apache.hadoop.mapreduce.Mapper.run(Mapper.java:144)
2015-10-18 21:39:34,	at org.apache.hadoop.mapred.MapTask.runNewMapper(MapTask.java:784)
2015-10-18 21:39:34,	at org.apache.hadoop.mapred.MapTask.run(MapTask.java:341)
2015-10-18 21:39:34,	at org.apache.hadoop.mapred.YarnChild$2.run(YarnChild.java:163)
2015-10-18 21:39:34,	at java.security.AccessController.doPrivileged(Native Method)
2015-10-18 21:39:34,	at javax.security.auth.Subject.doAs(Subject.java:415)
2015-10-18 21:39:34,	at org.apache.hadoop.security.UserGroupInformation.doAs(UserGroupInformation.java:1628)
2015-10-18 21:39:34,	at org.apache.hadoop.mapred.YarnChild.main(YarnChild.java:158)
2015-10-18 21:39:34,868 WARN [main] org.apache.hadoop.hdfs.BlockReaderFactory: I/O error constructing remote block reader.
2015-10-18 21:39:34,java.net.NoRouteToHostException: No route to host: no further information
2015-10-18 21:39:34,	at sun.nio.ch.SocketChannelImpl.checkConnect(Native Method)
2015-10-18 21:39:34,	at sun.nio.ch.SocketChannelImpl.finishConnect(SocketChannelImpl.java:735)
2015-10-18 21:39:34,	at org.apache.hadoop.net.SocketIOWithTimeout.connect(SocketIOWithTimeout.java:206)
2015-10-18 21:39:34,	at org.apache.hadoop.net.NetUtils.connect(NetUtils.java:530)
2015-10-18 21:39:34,	at org.apache.hadoop.hdfs.DFSClient.newConnectedPeer(DFSClient.java:3101)
2015-10-18 21:39:34,	at org.apache.hadoop.hdfs.BlockReaderFactory.nextTcpPeer(BlockReaderFactory.java:755)
2015-10-18 21:39:34,	at org.apache.hadoop.hdfs.BlockReaderFactory.getRemoteBlockReaderFromTcp(BlockReaderFactory.java:670)
2015-10-18 21:39:34,	at org.apache.hadoop.hdfs.BlockReaderFactory.build(BlockReaderFactory.java:337)
2015-10-18 21:39:34,	at org.apache.hadoop.hdfs.DFSInputStream.blockSeekTo(DFSInputStream.java:576)
2015-10-18 21:39:34,	at org.apache.hadoop.hdfs.DFSInputStream.readWithStrategy(DFSInputStream.java:800)
2015-10-18 21:39:34,	at org.apache.hadoop.hdfs.DFSInputStream.read(DFSInputStream.java:847)
2015-10-18 21:39:34,	at java.io.DataInputStream.read(DataInputStream.java:100)
2015-10-18 21:39:34,	at org.apache.hadoop.util.LineReader.fillBuffer(LineReader.java:180)
2015-10-18 21:39:34,	at org.apache.hadoop.util.LineReader.readDefaultLine(LineReader.java:216)
2015-10-18 21:39:34,	at org.apache.hadoop.util.LineReader.readLine(LineReader.java:174)
2015-10-18 21:39:34,	at org.apache.hadoop.mapreduce.lib.input.LineRecordReader.nextKeyValue(LineRecordReader.java:185)
2015-10-18 21:39:34,	at org.apache.hadoop.mapred.MapTask$NewTrackingRecordReader.nextKeyValue(MapTask.java:553)
2015-10-18 21:39:34,	at org.apache.hadoop.mapreduce.task.MapContextImpl.nextKeyValue(MapContextImpl.java:80)
2015-10-18 21:39:34,	at org.apache.hadoop.mapreduce.lib.map.WrappedMapper$Context.nextKeyValue(WrappedMapper.java:91)
2015-10-18 21:39:34,	at org.apache.hadoop.mapreduce.Mapper.run(Mapper.java:144)
2015-10-18 21:39:34,	at org.apache.hadoop.mapred.MapTask.runNewMapper(MapTask.java:784)
2015-10-18 21:39:34,	at org.apache.hadoop.mapred.MapTask.run(MapTask.java:341)
2015-10-18 21:39:34,	at org.apache.hadoop.mapred.YarnChild$2.run(YarnChild.java:163)
2015-10-18 21:39:34,	at java.security.AccessController.doPrivileged(Native Method)
2015-10-18 21:39:34,	at javax.security.auth.Subject.doAs(Subject.java:415)
2015-10-18 21:39:34,	at org.apache.hadoop.security.UserGroupInformation.doAs(UserGroupInformation.java:1628)
2015-10-18 21:39:34,	at org.apache.hadoop.mapred.YarnChild.main(YarnChild.java:158)
2015-10-18 21:39:34,868 WARN [main] org.apache.hadoop.hdfs.DFSClient: Failed to connect to /10.190.173.170:50010 for block, add to deadNodes and continue. java.net.NoRouteToHostException: No route to host: no further information
2015-10-18 21:39:34,java.net.NoRouteToHostException: No route to host: no further information
2015-10-18 21:39:34,	at sun.nio.ch.SocketChannelImpl.checkConnect(Native Method)
2015-10-18 21:39:34,	at sun.nio.ch.SocketChannelImpl.finishConnect(SocketChannelImpl.java:735)
2015-10-18 21:39:34,	at org.apache.hadoop.net.SocketIOWithTimeout.connect(SocketIOWithTimeout.java:206)
2015-10-18 21:39:34,	at org.apache.hadoop.net.NetUtils.connect(NetUtils.java:530)
2015-10-18 21:39:34,	at org.apache.hadoop.hdfs.DFSClient.newConnectedPeer(DFSClient.java:3101)
2015-10-18 21:39:34,	at org.apache.hadoop.hdfs.BlockReaderFactory.nextTcpPeer(BlockReaderFactory.java:755)
2015-10-18 21:39:34,	at org.apache.hadoop.hdfs.BlockReaderFactory.getRemoteBlockReaderFromTcp(BlockReaderFactory.java:670)
2015-10-18 21:39:34,	at org.apache.hadoop.hdfs.BlockReaderFactory.build(BlockReaderFactory.java:337)
2015-10-18 21:39:34,	at org.apache.hadoop.hdfs.DFSInputStream.blockSeekTo(DFSInputStream.java:576)
2015-10-18 21:39:34,	at org.apache.hadoop.hdfs.DFSInputStream.readWithStrategy(DFSInputStream.java:800)
2015-10-18 21:39:34,	at org.apache.hadoop.hdfs.DFSInputStream.read(DFSInputStream.java:847)
2015-10-18 21:39:34,	at java.io.DataInputStream.read(DataInputStream.java:100)
2015-10-18 21:39:34,	at org.apache.hadoop.util.LineReader.fillBuffer(LineReader.java:180)
2015-10-18 21:39:34,	at org.apache.hadoop.util.LineReader.readDefaultLine(LineReader.java:216)
2015-10-18 21:39:34,	at org.apache.hadoop.util.LineReader.readLine(LineReader.java:174)
2015-10-18 21:39:34,	at org.apache.hadoop.mapreduce.lib.input.LineRecordReader.nextKeyValue(LineRecordReader.java:185)
2015-10-18 21:39:34,	at org.apache.hadoop.mapred.MapTask$NewTrackingRecordReader.nextKeyValue(MapTask.java:553)
2015-10-18 21:39:34,	at org.apache.hadoop.mapreduce.task.MapContextImpl.nextKeyValue(MapContextImpl.java:80)
2015-10-18 21:39:34,	at org.apache.hadoop.mapreduce.lib.map.WrappedMapper$Context.nextKeyValue(WrappedMapper.java:91)
2015-10-18 21:39:34,	at org.apache.hadoop.mapreduce.Mapper.run(Mapper.java:144)
2015-10-18 21:39:34,	at org.apache.hadoop.mapred.MapTask.runNewMapper(MapTask.java:784)
2015-10-18 21:39:34,	at org.apache.hadoop.mapred.MapTask.run(MapTask.java:341)
2015-10-18 21:39:34,	at org.apache.hadoop.mapred.YarnChild$2.run(YarnChild.java:163)
2015-10-18 21:39:34,	at java.security.AccessController.doPrivileged(Native Method)
2015-10-18 21:39:34,	at javax.security.auth.Subject.doAs(Subject.java:415)
2015-10-18 21:39:34,	at org.apache.hadoop.security.UserGroupInformation.doAs(UserGroupInformation.java:1628)
2015-10-18 21:39:34,	at org.apache.hadoop.mapred.YarnChild.main(YarnChild.java:158)
2015-10-18 21:39:34,868 INFO [main] org.apache.hadoop.hdfs.DFSClient: Could not obtain BP-1347369012-10.190.173.170-1444972147527:blk_1073742989_2201 from any node: java.io.IOException: No live nodes contain block BP-1347369012-10.190.173.170-1444972147527:blk_1073742989_2201 after checking nodes = [172.22.149.145:50010, 10.190.173.170:50010], ignoredNodes = null No live nodes contain current block Block locations: 172.22.149.145:50010 10.190.173.170:50010 Dead nodes:  10.190.173.170:50010 172.22.149.145:50010 10.86.169.121:50010. Will get new block locations from namenode and retry...
2015-10-18 21:39:34,868 WARN [main] org.apache.hadoop.hdfs.DFSClient: DFS chooseDataNode: got # 1 IOException, will wait for 1716.6852518353096 msec.
2015-10-18 21:39:36,592 WARN [main] org.apache.hadoop.ipc.Client: Address change detected. Old: msra-sa-41/10.190.173.170:9000 New: msra-sa-41:9000
2015-10-18 21:39:36,592 WARN [main] org.apache.hadoop.hdfs.DFSClient: DFS Read
2015-10-18 21:39:36,java.net.NoRouteToHostException: No Route to Host from  MININT-FNANLI5/127.0.0.1 to msra-sa-41:9000 failed on socket timeout exception: java.net.NoRouteToHostException: No route to host: no further information; For more details see:  http://wiki.apache.org/hadoop/NoRouteToHost
2015-10-18 21:39:36,	at sun.reflect.NativeConstructorAccessorImpl.newInstance0(Native Method)
2015-10-18 21:39:36,	at sun.reflect.NativeConstructorAccessorImpl.newInstance(NativeConstructorAccessorImpl.java:57)
2015-10-18 21:39:36,	at sun.reflect.DelegatingConstructorAccessorImpl.newInstance(DelegatingConstructorAccessorImpl.java:45)
2015-10-18 21:39:36,	at java.lang.reflect.Constructor.newInstance(Constructor.java:526)
2015-10-18 21:39:36,	at org.apache.hadoop.net.NetUtils.wrapWithMessage(NetUtils.java:791)
2015-10-18 21:39:36,	at org.apache.hadoop.net.NetUtils.wrapException(NetUtils.java:757)
2015-10-18 21:39:36,	at org.apache.hadoop.ipc.Client.call(Client.java:1472)
2015-10-18 21:39:36,	at org.apache.hadoop.ipc.Client.call(Client.java:1399)
2015-10-18 21:39:36,	at org.apache.hadoop.ipc.ProtobufRpcEngine$Invoker.invoke(ProtobufRpcEngine.java:232)
2015-10-18 21:39:36,	at com.sun.proxy.$Proxy15.getBlockLocations(Unknown Source)
2015-10-18 21:39:36,	at org.apache.hadoop.hdfs.protocolPB.ClientNamenodeProtocolTranslatorPB.getBlockLocations(ClientNamenodeProtocolTranslatorPB.java:254)
2015-10-18 21:39:36,	at sun.reflect.NativeMethodAccessorImpl.invoke0(Native Method)
2015-10-18 21:39:36,	at sun.reflect.NativeMethodAccessorImpl.invoke(NativeMethodAccessorImpl.java:57)
2015-10-18 21:39:36,	at sun.reflect.DelegatingMethodAccessorImpl.invoke(DelegatingMethodAccessorImpl.java:43)
2015-10-18 21:39:36,	at java.lang.reflect.Method.invoke(Method.java:606)
2015-10-18 21:39:36,	at org.apache.hadoop.io.retry.RetryInvocationHandler.invokeMethod(RetryInvocationHandler.java:187)
2015-10-18 21:39:36,	at org.apache.hadoop.io.retry.RetryInvocationHandler.invoke(RetryInvocationHandler.java:102)
2015-10-18 21:39:36,	at com.sun.proxy.$Proxy16.getBlockLocations(Unknown Source)
2015-10-18 21:39:36,	at org.apache.hadoop.hdfs.DFSClient.callGetBlockLocations(DFSClient.java:1220)
2015-10-18 21:39:36,	at org.apache.hadoop.hdfs.DFSClient.getLocatedBlocks(DFSClient.java:1210)
2015-10-18 21:39:36,	at org.apache.hadoop.hdfs.DFSClient.getLocatedBlocks(DFSClient.java:1200)
2015-10-18 21:39:36,	at org.apache.hadoop.hdfs.DFSInputStream.fetchLocatedBlocksAndGetLastBlockLength(DFSInputStream.java:271)
2015-10-18 21:39:36,	at org.apache.hadoop.hdfs.DFSInputStream.openInfo(DFSInputStream.java:238)
2015-10-18 21:39:36,	at org.apache.hadoop.hdfs.DFSInputStream.chooseDataNode(DFSInputStream.java:917)
2015-10-18 21:39:36,	at org.apache.hadoop.hdfs.DFSInputStream.blockSeekTo(DFSInputStream.java:568)
2015-10-18 21:39:36,	at org.apache.hadoop.hdfs.DFSInputStream.readWithStrategy(DFSInputStream.java:800)
2015-10-18 21:39:36,	at org.apache.hadoop.hdfs.DFSInputStream.read(DFSInputStream.java:847)
2015-10-18 21:39:36,	at java.io.DataInputStream.read(DataInputStream.java:100)
2015-10-18 21:39:36,	at org.apache.hadoop.util.LineReader.fillBuffer(LineReader.java:180)
2015-10-18 21:39:36,	at org.apache.hadoop.util.LineReader.readDefaultLine(LineReader.java:216)
2015-10-18 21:39:36,	at org.apache.hadoop.util.LineReader.readLine(LineReader.java:174)
2015-10-18 21:39:36,	at org.apache.hadoop.mapreduce.lib.input.LineRecordReader.nextKeyValue(LineRecordReader.java:185)
2015-10-18 21:39:36,	at org.apache.hadoop.mapred.MapTask$NewTrackingRecordReader.nextKeyValue(MapTask.java:553)
2015-10-18 21:39:36,	at org.apache.hadoop.mapreduce.task.MapContextImpl.nextKeyValue(MapContextImpl.java:80)
2015-10-18 21:39:36,	at org.apache.hadoop.mapreduce.lib.map.WrappedMapper$Context.nextKeyValue(WrappedMapper.java:91)
2015-10-18 21:39:36,	at org.apache.hadoop.mapreduce.Mapper.run(Mapper.java:144)
2015-10-18 21:39:36,	at org.apache.hadoop.mapred.MapTask.runNewMapper(MapTask.java:784)
2015-10-18 21:39:36,	at org.apache.hadoop.mapred.MapTask.run(MapTask.java:341)
2015-10-18 21:39:36,	at org.apache.hadoop.mapred.YarnChild$2.run(YarnChild.java:163)
2015-10-18 21:39:36,	at java.security.AccessController.doPrivileged(Native Method)
2015-10-18 21:39:36,	at javax.security.auth.Subject.doAs(Subject.java:415)
2015-10-18 21:39:36,	at org.apache.hadoop.security.UserGroupInformation.doAs(UserGroupInformation.java:1628)
2015-10-18 21:39:36,	at org.apache.hadoop.mapred.YarnChild.main(YarnChild.java:158)
2015-10-18 21:39:36,Caused by: java.net.NoRouteToHostException: No route to host: no further information
2015-10-18 21:39:36,	at sun.nio.ch.SocketChannelImpl.checkConnect(Native Method)
2015-10-18 21:39:36,	at sun.nio.ch.SocketChannelImpl.finishConnect(SocketChannelImpl.java:735)
2015-10-18 21:39:36,	at org.apache.hadoop.net.SocketIOWithTimeout.connect(SocketIOWithTimeout.java:206)
2015-10-18 21:39:36,	at org.apache.hadoop.net.NetUtils.connect(NetUtils.java:530)
2015-10-18 21:39:36,	at org.apache.hadoop.net.NetUtils.connect(NetUtils.java:494)
2015-10-18 21:39:36,	at org.apache.hadoop.ipc.Client$Connection.setupConnection(Client.java:607)
2015-10-18 21:39:36,	at org.apache.hadoop.ipc.Client$Connection.setupIOstreams(Client.java:705)
2015-10-18 21:39:36,	at org.apache.hadoop.ipc.Client$Connection.access$2800(Client.java:368)
2015-10-18 21:39:36,	at org.apache.hadoop.ipc.Client.getConnection(Client.java:1521)
2015-10-18 21:39:36,	at org.apache.hadoop.ipc.Client.call(Client.java:1438)
2015-10-18 21:39:36,	... 36 more
2015-10-18 21:39:36,592 INFO [main] org.apache.hadoop.mapred.MapTask: Starting flush of map output
2015-10-18 21:39:41,905 INFO [communication thread] org.apache.hadoop.mapred.Task: Communication exception: java.io.IOException: Failed on local exception: java.io.IOException: An existing connection was forcibly closed by the remote host; Host Details : local host is: "MININT-FNANLI5/127.0.0.1"; destination host is: "10.190.173.170":25859; 
2015-10-18 21:39:41,	at org.apache.hadoop.net.NetUtils.wrapException(NetUtils.java:772)
2015-10-18 21:39:41,	at org.apache.hadoop.ipc.Client.call(Client.java:1472)
2015-10-18 21:39:41,	at org.apache.hadoop.ipc.Client.call(Client.java:1399)
2015-10-18 21:39:41,	at org.apache.hadoop.ipc.WritableRpcEngine$Invoker.invoke(WritableRpcEngine.java:244)
2015-10-18 21:39:41,	at com.sun.proxy.$Proxy9.statusUpdate(Unknown Source)
2015-10-18 21:39:41,	at org.apache.hadoop.mapred.Task$TaskReporter.run(Task.java:737)
2015-10-18 21:39:41,	at java.lang.Thread.run(Thread.java:724)
2015-10-18 21:39:41,Caused by: java.io.IOException: An existing connection was forcibly closed by the remote host
2015-10-18 21:39:41,	at sun.nio.ch.SocketDispatcher.read0(Native Method)
2015-10-18 21:39:41,	at sun.nio.ch.SocketDispatcher.read(SocketDispatcher.java:43)
2015-10-18 21:39:41,	at sun.nio.ch.IOUtil.readIntoNativeBuffer(IOUtil.java:223)
2015-10-18 21:39:41,	at sun.nio.ch.IOUtil.read(IOUtil.java:197)
2015-10-18 21:39:41,	at sun.nio.ch.SocketChannelImpl.read(SocketChannelImpl.java:379)
2015-10-18 21:39:41,	at org.apache.hadoop.net.SocketInputStream$Reader.performIO(SocketInputStream.java:57)
2015-10-18 21:39:41,	at org.apache.hadoop.net.SocketIOWithTimeout.doIO(SocketIOWithTimeout.java:142)
2015-10-18 21:39:41,	at org.apache.hadoop.net.SocketInputStream.read(SocketInputStream.java:161)
2015-10-18 21:39:41,	at org.apache.hadoop.net.SocketInputStream.read(SocketInputStream.java:131)
2015-10-18 21:39:41,	at java.io.FilterInputStream.read(FilterInputStream.java:133)
2015-10-18 21:39:41,	at java.io.FilterInputStream.read(FilterInputStream.java:133)
2015-10-18 21:39:41,	at org.apache.hadoop.ipc.Client$Connection$PingInputStream.read(Client.java:513)
2015-10-18 21:39:41,	at java.io.BufferedInputStream.fill(BufferedInputStream.java:235)
2015-10-18 21:39:41,	at java.io.BufferedInputStream.read(BufferedInputStream.java:254)
2015-10-18 21:39:41,	at java.io.DataInputStream.readInt(DataInputStream.java:387)
2015-10-18 21:39:41,	at org.apache.hadoop.ipc.Client$Connection.receiveRpcResponse(Client.java:1071)
2015-10-18 21:39:41,	at org.apache.hadoop.ipc.Client$Connection.run(Client.java:966)
2015-10-18 21:39:41,
2015-10-18 21:39:42,327 INFO [SpillThread] org.apache.hadoop.mapred.MapTask: Finished spill 5
2015-10-18 21:39:42,327 INFO [main] org.apache.hadoop.mapred.MapTask: (RESET) equator 58245513 kv 14561372(58245488) kvi 12513928(50055712)
2015-10-18 21:39:42,327 INFO [main] org.apache.hadoop.mapred.MapTask: Spilling map output
2015-10-18 21:39:42,327 INFO [main] org.apache.hadoop.mapred.MapTask: bufstart = 58245513; bufend = 63878406; bufvoid = 104857600
2015-10-18 21:39:42,327 INFO [main] org.apache.hadoop.mapred.MapTask: kvstart = 14561372(58245488); kvend = 12513932(50055728); length = 2047441/6553600
2015-10-18 21:39:43,561 INFO [main] org.apache.hadoop.mapred.MapTask: Finished spill 6
2015-10-18 21:39:43,577 INFO [main] org.apache.hadoop.mapred.Merger: Merging 7 sorted segments
2015-10-18 21:39:43,593 INFO [main] org.apache.hadoop.mapred.Merger: Down to the last merge-pass, with 7 segments left of total size: 228403967 bytes
2015-10-18 21:39:45,968 INFO [communication thread] org.apache.hadoop.ipc.Client: Retrying connect to server: 10.190.173.170/10.190.173.170:25859. Already tried 0 time(s); retry policy is RetryUpToMaximumCountWithFixedSleep(maxRetries=10, sleepTime=1000 MILLISECONDS)
2015-10-18 21:39:46,984 INFO [communication thread] org.apache.hadoop.ipc.Client: Retrying connect to server: 10.190.173.170/10.190.173.170:25859. Already tried 1 time(s); retry policy is RetryUpToMaximumCountWithFixedSleep(maxRetries=10, sleepTime=1000 MILLISECONDS)
2015-10-18 21:39:47,984 INFO [communication thread] org.apache.hadoop.ipc.Client: Retrying connect to server: 10.190.173.170/10.190.173.170:25859. Already tried 2 time(s); retry policy is RetryUpToMaximumCountWithFixedSleep(maxRetries=10, sleepTime=1000 MILLISECONDS)
2015-10-18 21:39:48,984 INFO [communication thread] org.apache.hadoop.ipc.Client: Retrying connect to server: 10.190.173.170/10.190.173.170:25859. Already tried 3 time(s); retry policy is RetryUpToMaximumCountWithFixedSleep(maxRetries=10, sleepTime=1000 MILLISECONDS)
2015-10-18 21:39:49,984 INFO [communication thread] org.apache.hadoop.ipc.Client: Retrying connect to server: 10.190.173.170/10.190.173.170:25859. Already tried 4 time(s); retry policy is RetryUpToMaximumCountWithFixedSleep(maxRetries=10, sleepTime=1000 MILLISECONDS)
2015-10-18 21:39:50,984 INFO [communication thread] org.apache.hadoop.ipc.Client: Retrying connect to server: 10.190.173.170/10.190.173.170:25859. Already tried 5 time(s); retry policy is RetryUpToMaximumCountWithFixedSleep(maxRetries=10, sleepTime=1000 MILLISECONDS)
2015-10-18 21:39:51,984 INFO [communication thread] org.apache.hadoop.ipc.Client: Retrying connect to server: 10.190.173.170/10.190.173.170:25859. Already tried 6 time(s); retry policy is RetryUpToMaximumCountWithFixedSleep(maxRetries=10, sleepTime=1000 MILLISECONDS)
2015-10-18 21:39:52,984 INFO [communication thread] org.apache.hadoop.ipc.Client: Retrying connect to server: 10.190.173.170/10.190.173.170:25859. Already tried 7 time(s); retry policy is RetryUpToMaximumCountWithFixedSleep(maxRetries=10, sleepTime=1000 MILLISECONDS)
2015-10-18 21:39:53,984 INFO [communication thread] org.apache.hadoop.ipc.Client: Retrying connect to server: 10.190.173.170/10.190.173.170:25859. Already tried 8 time(s); retry policy is RetryUpToMaximumCountWithFixedSleep(maxRetries=10, sleepTime=1000 MILLISECONDS)
2015-10-18 21:39:54,984 INFO [communication thread] org.apache.hadoop.ipc.Client: Retrying connect to server: 10.190.173.170/10.190.173.170:25859. Already tried 9 time(s); retry policy is RetryUpToMaximumCountWithFixedSleep(maxRetries=10, sleepTime=1000 MILLISECONDS)
2015-10-18 21:39:54,984 INFO [communication thread] org.apache.hadoop.mapred.Task: Communication exception: java.net.NoRouteToHostException: No Route to Host from  MININT-FNANLI5/127.0.0.1 to 10.190.173.170:25859 failed on socket timeout exception: java.net.NoRouteToHostException: No route to host: no further information; For more details see:  http://wiki.apache.org/hadoop/NoRouteToHost
2015-10-18 21:39:54,	at sun.reflect.NativeConstructorAccessorImpl.newInstance0(Native Method)
2015-10-18 21:39:54,	at sun.reflect.NativeConstructorAccessorImpl.newInstance(NativeConstructorAccessorImpl.java:57)
2015-10-18 21:39:54,	at sun.reflect.DelegatingConstructorAccessorImpl.newInstance(DelegatingConstructorAccessorImpl.java:45)
2015-10-18 21:39:54,	at java.lang.reflect.Constructor.newInstance(Constructor.java:526)
2015-10-18 21:39:54,	at org.apache.hadoop.net.NetUtils.wrapWithMessage(NetUtils.java:791)
2015-10-18 21:39:54,	at org.apache.hadoop.net.NetUtils.wrapException(NetUtils.java:757)
2015-10-18 21:39:54,	at org.apache.hadoop.ipc.Client.call(Client.java:1472)
2015-10-18 21:39:54,	at org.apache.hadoop.ipc.Client.call(Client.java:1399)
2015-10-18 21:39:54,	at org.apache.hadoop.ipc.WritableRpcEngine$Invoker.invoke(WritableRpcEngine.java:244)
2015-10-18 21:39:54,	at com.sun.proxy.$Proxy9.statusUpdate(Unknown Source)
2015-10-18 21:39:54,	at org.apache.hadoop.mapred.Task$TaskReporter.run(Task.java:737)
2015-10-18 21:39:54,	at java.lang.Thread.run(Thread.java:724)
2015-10-18 21:39:54,Caused by: java.net.NoRouteToHostException: No route to host: no further information
2015-10-18 21:39:54,	at sun.nio.ch.SocketChannelImpl.checkConnect(Native Method)
2015-10-18 21:39:54,	at sun.nio.ch.SocketChannelImpl.finishConnect(SocketChannelImpl.java:735)
2015-10-18 21:39:54,	at org.apache.hadoop.net.SocketIOWithTimeout.connect(SocketIOWithTimeout.java:206)
2015-10-18 21:39:54,	at org.apache.hadoop.net.NetUtils.connect(NetUtils.java:530)
2015-10-18 21:39:54,	at org.apache.hadoop.net.NetUtils.connect(NetUtils.java:494)
2015-10-18 21:39:54,	at org.apache.hadoop.ipc.Client$Connection.setupConnection(Client.java:607)
2015-10-18 21:39:54,	at org.apache.hadoop.ipc.Client$Connection.setupIOstreams(Client.java:705)
2015-10-18 21:39:54,	at org.apache.hadoop.ipc.Client$Connection.access$2800(Client.java:368)
2015-10-18 21:39:54,	at org.apache.hadoop.ipc.Client.getConnection(Client.java:1521)
2015-10-18 21:39:54,	at org.apache.hadoop.ipc.Client.call(Client.java:1438)
2015-10-18 21:39:54,	... 5 more
2015-10-18 21:39:54,
2015-10-18 21:39:59,047 INFO [communication thread] org.apache.hadoop.ipc.Client: Retrying connect to server: 10.190.173.170/10.190.173.170:25859. Already tried 0 time(s); retry policy is RetryUpToMaximumCountWithFixedSleep(maxRetries=10, sleepTime=1000 MILLISECONDS)
2015-10-18 21:40:00,047 INFO [communication thread] org.apache.hadoop.ipc.Client: Retrying connect to server: 10.190.173.170/10.190.173.170:25859. Already tried 1 time(s); retry policy is RetryUpToMaximumCountWithFixedSleep(maxRetries=10, sleepTime=1000 MILLISECONDS)
2015-10-18 21:40:01,047 INFO [communication thread] org.apache.hadoop.ipc.Client: Retrying connect to server: 10.190.173.170/10.190.173.170:25859. Already tried 2 time(s); retry policy is RetryUpToMaximumCountWithFixedSleep(maxRetries=10, sleepTime=1000 MILLISECONDS)
2015-10-18 21:40:02,047 INFO [communication thread] org.apache.hadoop.ipc.Client: Retrying connect to server: 10.190.173.170/10.190.173.170:25859. Already tried 3 time(s); retry policy is RetryUpToMaximumCountWithFixedSleep(maxRetries=10, sleepTime=1000 MILLISECONDS)
2015-10-18 21:40:03,047 INFO [communication thread] org.apache.hadoop.ipc.Client: Retrying connect to server: 10.190.173.170/10.190.173.170:25859. Already tried 4 time(s); retry policy is RetryUpToMaximumCountWithFixedSleep(maxRetries=10, sleepTime=1000 MILLISECONDS)
2015-10-18 21:40:04,047 INFO [communication thread] org.apache.hadoop.ipc.Client: Retrying connect to server: 10.190.173.170/10.190.173.170:25859. Already tried 5 time(s); retry policy is RetryUpToMaximumCountWithFixedSleep(maxRetries=10, sleepTime=1000 MILLISECONDS)
2015-10-18 21:40:05,047 INFO [communication thread] org.apache.hadoop.ipc.Client: Retrying connect to server: 10.190.173.170/10.190.173.170:25859. Already tried 6 time(s); retry policy is RetryUpToMaximumCountWithFixedSleep(maxRetries=10, sleepTime=1000 MILLISECONDS)
2015-10-18 21:40:06,047 INFO [communication thread] org.apache.hadoop.ipc.Client: Retrying connect to server: 10.190.173.170/10.190.173.170:25859. Already tried 7 time(s); retry policy is RetryUpToMaximumCountWithFixedSleep(maxRetries=10, sleepTime=1000 MILLISECONDS)
2015-10-18 21:40:07,047 INFO [communication thread] org.apache.hadoop.ipc.Client: Retrying connect to server: 10.190.173.170/10.190.173.170:25859. Already tried 8 time(s); retry policy is RetryUpToMaximumCountWithFixedSleep(maxRetries=10, sleepTime=1000 MILLISECONDS)
2015-10-18 21:40:08,047 INFO [communication thread] org.apache.hadoop.ipc.Client: Retrying connect to server: 10.190.173.170/10.190.173.170:25859. Already tried 9 time(s); retry policy is RetryUpToMaximumCountWithFixedSleep(maxRetries=10, sleepTime=1000 MILLISECONDS)
2015-10-18 21:40:08,047 INFO [communication thread] org.apache.hadoop.mapred.Task: Communication exception: java.net.NoRouteToHostException: No Route to Host from  MININT-FNANLI5/127.0.0.1 to 10.190.173.170:25859 failed on socket timeout exception: java.net.NoRouteToHostException: No route to host: no further information; For more details see:  http://wiki.apache.org/hadoop/NoRouteToHost
2015-10-18 21:40:08,	at sun.reflect.NativeConstructorAccessorImpl.newInstance0(Native Method)
2015-10-18 21:40:08,	at sun.reflect.NativeConstructorAccessorImpl.newInstance(NativeConstructorAccessorImpl.java:57)
2015-10-18 21:40:08,	at sun.reflect.DelegatingConstructorAccessorImpl.newInstance(DelegatingConstructorAccessorImpl.java:45)
2015-10-18 21:40:08,	at java.lang.reflect.Constructor.newInstance(Constructor.java:526)
2015-10-18 21:40:08,	at org.apache.hadoop.net.NetUtils.wrapWithMessage(NetUtils.java:791)
2015-10-18 21:40:08,	at org.apache.hadoop.net.NetUtils.wrapException(NetUtils.java:757)
2015-10-18 21:40:08,	at org.apache.hadoop.ipc.Client.call(Client.java:1472)
2015-10-18 21:40:08,	at org.apache.hadoop.ipc.Client.call(Client.java:1399)
2015-10-18 21:40:08,	at org.apache.hadoop.ipc.WritableRpcEngine$Invoker.invoke(WritableRpcEngine.java:244)
2015-10-18 21:40:08,	at com.sun.proxy.$Proxy9.statusUpdate(Unknown Source)
2015-10-18 21:40:08,	at org.apache.hadoop.mapred.Task$TaskReporter.run(Task.java:737)
2015-10-18 21:40:08,	at java.lang.Thread.run(Thread.java:724)
2015-10-18 21:40:08,Caused by: java.net.NoRouteToHostException: No route to host: no further information
2015-10-18 21:40:08,	at sun.nio.ch.SocketChannelImpl.checkConnect(Native Method)
2015-10-18 21:40:08,	at sun.nio.ch.SocketChannelImpl.finishConnect(SocketChannelImpl.java:735)
2015-10-18 21:40:08,	at org.apache.hadoop.net.SocketIOWithTimeout.connect(SocketIOWithTimeout.java:206)
2015-10-18 21:40:08,	at org.apache.hadoop.net.NetUtils.connect(NetUtils.java:530)
2015-10-18 21:40:08,	at org.apache.hadoop.net.NetUtils.connect(NetUtils.java:494)
2015-10-18 21:40:08,	at org.apache.hadoop.ipc.Client$Connection.setupConnection(Client.java:607)
2015-10-18 21:40:08,	at org.apache.hadoop.ipc.Client$Connection.setupIOstreams(Client.java:705)
2015-10-18 21:40:08,	at org.apache.hadoop.ipc.Client$Connection.access$2800(Client.java:368)
2015-10-18 21:40:08,	at org.apache.hadoop.ipc.Client.getConnection(Client.java:1521)
2015-10-18 21:40:08,	at org.apache.hadoop.ipc.Client.call(Client.java:1438)
2015-10-18 21:40:08,	... 5 more
2015-10-18 21:40:08,
2015-10-18 21:40:08,047 INFO [communication thread] org.apache.hadoop.mapred.Task: Process Thread Dump: Communication exception
2015-10-18 21:40:08,15 active threads
2015-10-18 21:40:08,Thread 55 (Readahead Thread #3):
2015-10-18 21:40:08,  State: WAITING
2015-10-18 21:40:08,  Blocked count: 0
2015-10-18 21:40:08,  Waited count: 24
2015-10-18 21:40:08,  Waiting on java.util.concurrent.locks.AbstractQueuedSynchronizer$ConditionObject@632e7cf3
2015-10-18 21:40:08,  Stack:
2015-10-18 21:40:08,    sun.misc.Unsafe.park(Native Method)
2015-10-18 21:40:08,    java.util.concurrent.locks.LockSupport.park(LockSupport.java:186)
2015-10-18 21:40:08,    java.util.concurrent.locks.AbstractQueuedSynchronizer$ConditionObject.await(AbstractQueuedSynchronizer.java:2043)
2015-10-18 21:40:08,    java.util.concurrent.ArrayBlockingQueue.take(ArrayBlockingQueue.java:374)
2015-10-18 21:40:08,    java.util.concurrent.ThreadPoolExecutor.getTask(ThreadPoolExecutor.java:1068)
2015-10-18 21:40:08,    java.util.concurrent.ThreadPoolExecutor.runWorker(ThreadPoolExecutor.java:1130)
2015-10-18 21:40:08,    java.util.concurrent.ThreadPoolExecutor$Worker.run(ThreadPoolExecutor.java:615)
2015-10-18 21:40:08,    java.lang.Thread.run(Thread.java:724)
2015-10-18 21:40:08,Thread 54 (Readahead Thread #2):
2015-10-18 21:40:08,  State: WAITING
2015-10-18 21:40:08,  Blocked count: 0
2015-10-18 21:40:08,  Waited count: 25
2015-10-18 21:40:08,  Waiting on java.util.concurrent.locks.AbstractQueuedSynchronizer$ConditionObject@632e7cf3
2015-10-18 21:40:08,  Stack:
2015-10-18 21:40:08,    sun.misc.Unsafe.park(Native Method)
2015-10-18 21:40:08,    java.util.concurrent.locks.LockSupport.park(LockSupport.java:186)
2015-10-18 21:40:08,    java.util.concurrent.locks.AbstractQueuedSynchronizer$ConditionObject.await(AbstractQueuedSynchronizer.java:2043)
2015-10-18 21:40:08,    java.util.concurrent.ArrayBlockingQueue.take(ArrayBlockingQueue.java:374)
2015-10-18 21:40:08,    java.util.concurrent.ThreadPoolExecutor.getTask(ThreadPoolExecutor.java:1068)
2015-10-18 21:40:08,    java.util.concurrent.ThreadPoolExecutor.runWorker(ThreadPoolExecutor.java:1130)
2015-10-18 21:40:08,    java.util.concurrent.ThreadPoolExecutor$Worker.run(ThreadPoolExecutor.java:615)
2015-10-18 21:40:08,    java.lang.Thread.run(Thread.java:724)
2015-10-18 21:40:08,Thread 53 (Readahead Thread #1):
2015-10-18 21:40:08,  State: WAITING
2015-10-18 21:40:08,  Blocked count: 0
2015-10-18 21:40:08,  Waited count: 25
2015-10-18 21:40:08,  Waiting on java.util.concurrent.locks.AbstractQueuedSynchronizer$ConditionObject@632e7cf3
2015-10-18 21:40:08,  Stack:
2015-10-18 21:40:08,    sun.misc.Unsafe.park(Native Method)
2015-10-18 21:40:08,    java.util.concurrent.locks.LockSupport.park(LockSupport.java:186)
2015-10-18 21:40:08,    java.util.concurrent.locks.AbstractQueuedSynchronizer$ConditionObject.await(AbstractQueuedSynchronizer.java:2043)
2015-10-18 21:40:08,    java.util.concurrent.ArrayBlockingQueue.take(ArrayBlockingQueue.java:374)
2015-10-18 21:40:08,    java.util.concurrent.ThreadPoolExecutor.getTask(ThreadPoolExecutor.java:1068)
2015-10-18 21:40:08,    java.util.concurrent.ThreadPoolExecutor.runWorker(ThreadPoolExecutor.java:1130)
2015-10-18 21:40:08,    java.util.concurrent.ThreadPoolExecutor$Worker.run(ThreadPoolExecutor.java:615)
2015-10-18 21:40:08,    java.lang.Thread.run(Thread.java:724)
2015-10-18 21:40:08,Thread 52 (Readahead Thread #0):
2015-10-18 21:40:08,  State: WAITING
2015-10-18 21:40:08,  Blocked count: 0
2015-10-18 21:40:08,  Waited count: 26
2015-10-18 21:40:08,  Waiting on java.util.concurrent.locks.AbstractQueuedSynchronizer$ConditionObject@632e7cf3
2015-10-18 21:40:08,  Stack:
2015-10-18 21:40:08,    sun.misc.Unsafe.park(Native Method)
2015-10-18 21:40:08,    java.util.concurrent.locks.LockSupport.park(LockSupport.java:186)
2015-10-18 21:40:08,    java.util.concurrent.locks.AbstractQueuedSynchronizer$ConditionObject.await(AbstractQueuedSynchronizer.java:2043)
2015-10-18 21:40:08,    java.util.concurrent.ArrayBlockingQueue.take(ArrayBlockingQueue.java:374)
2015-10-18 21:40:08,    java.util.concurrent.ThreadPoolExecutor.getTask(ThreadPoolExecutor.java:1068)
2015-10-18 21:40:08,    java.util.concurrent.ThreadPoolExecutor.runWorker(ThreadPoolExecutor.java:1130)
2015-10-18 21:40:08,    java.util.concurrent.ThreadPoolExecutor$Worker.run(ThreadPoolExecutor.java:615)
2015-10-18 21:40:08,    java.lang.Thread.run(Thread.java:724)
2015-10-18 21:40:08,Thread 20 (org.apache.hadoop.hdfs.PeerCache@396828e9):
2015-10-18 21:40:08,  State: TIMED_WAITING
2015-10-18 21:40:08,  Blocked count: 0
2015-10-18 21:40:08,  Waited count: 50
2015-10-18 21:40:08,  Stack:
2015-10-18 21:40:08,    java.lang.Thread.sleep(Native Method)
2015-10-18 21:40:08,    org.apache.hadoop.hdfs.PeerCache.run(PeerCache.java:244)
2015-10-18 21:40:08,    org.apache.hadoop.hdfs.PeerCache.access$000(PeerCache.java:41)
2015-10-18 21:40:08,    org.apache.hadoop.hdfs.PeerCache$1.run(PeerCache.java:119)
2015-10-18 21:40:08,    java.lang.Thread.run(Thread.java:724)
2015-10-18 21:40:08,Thread 16 (communication thread):
2015-10-18 21:40:08,  State: RUNNABLE
2015-10-18 21:40:08,  Blocked count: 36
2015-10-18 21:40:08,  Waited count: 119
2015-10-18 21:40:08,  Stack:
2015-10-18 21:40:08,    sun.management.ThreadImpl.getThreadInfo1(Native Method)
2015-10-18 21:40:08,    sun.management.ThreadImpl.getThreadInfo(ThreadImpl.java:174)
2015-10-18 21:40:08,    sun.management.ThreadImpl.getThreadInfo(ThreadImpl.java:139)
2015-10-18 21:40:08,    org.apache.hadoop.util.ReflectionUtils.printThreadInfo(ReflectionUtils.java:165)
2015-10-18 21:40:08,    org.apache.hadoop.util.ReflectionUtils.logThreadInfo(ReflectionUtils.java:219)
2015-10-18 21:40:08,    org.apache.hadoop.mapred.Task$TaskReporter.run(Task.java:760)
2015-10-18 21:40:08,    java.lang.Thread.run(Thread.java:724)
2015-10-18 21:40:08,Thread 15 (Thread for syncLogs):
2015-10-18 21:40:08,  State: TIMED_WAITING
2015-10-18 21:40:08,  Blocked count: 0
2015-10-18 21:40:08,  Waited count: 38
2015-10-18 21:40:08,  Stack:
2015-10-18 21:40:08,    sun.misc.Unsafe.park(Native Method)
2015-10-18 21:40:08,    java.util.concurrent.locks.LockSupport.parkNanos(LockSupport.java:226)
2015-10-18 21:40:08,    java.util.concurrent.locks.AbstractQueuedSynchronizer$ConditionObject.awaitNanos(AbstractQueuedSynchronizer.java:2082)
2015-10-18 21:40:08,    java.util.concurrent.ScheduledThreadPoolExecutor$DelayedWorkQueue.take(ScheduledThreadPoolExecutor.java:1090)
2015-10-18 21:40:08,    java.util.concurrent.ScheduledThreadPoolExecutor$DelayedWorkQueue.take(ScheduledThreadPoolExecutor.java:807)
2015-10-18 21:40:08,    java.util.concurrent.ThreadPoolExecutor.getTask(ThreadPoolExecutor.java:1068)
2015-10-18 21:40:08,    java.util.concurrent.ThreadPoolExecutor.runWorker(ThreadPoolExecutor.java:1130)
2015-10-18 21:40:08,    java.util.concurrent.ThreadPoolExecutor$Worker.run(ThreadPoolExecutor.java:615)
2015-10-18 21:40:08,    java.lang.Thread.run(Thread.java:724)
2015-10-18 21:40:08,Thread 13 (IPC Parameter Sending Thread #0):
2015-10-18 21:40:08,  State: TIMED_WAITING
2015-10-18 21:40:08,  Blocked count: 1
2015-10-18 21:40:08,  Waited count: 35
2015-10-18 21:40:08,  Stack:
2015-10-18 21:40:08,    sun.misc.Unsafe.park(Native Method)
2015-10-18 21:40:08,    java.util.concurrent.locks.LockSupport.parkNanos(LockSupport.java:226)
2015-10-18 21:40:08,    java.util.concurrent.SynchronousQueue$TransferStack.awaitFulfill(SynchronousQueue.java:460)
2015-10-18 21:40:08,    java.util.concurrent.SynchronousQueue$TransferStack.transfer(SynchronousQueue.java:359)
2015-10-18 21:40:08,    java.util.concurrent.SynchronousQueue.poll(SynchronousQueue.java:942)
2015-10-18 21:40:08,    java.util.concurrent.ThreadPoolExecutor.getTask(ThreadPoolExecutor.java:1068)
2015-10-18 21:40:08,    java.util.concurrent.ThreadPoolExecutor.runWorker(ThreadPoolExecutor.java:1130)
2015-10-18 21:40:08,    java.util.concurrent.ThreadPoolExecutor$Worker.run(ThreadPoolExecutor.java:615)
2015-10-18 21:40:08,    java.lang.Thread.run(Thread.java:724)
2015-10-18 21:40:08,Thread 11 (Timer for 'MapTask' metrics system):
2015-10-18 21:40:08,  State: TIMED_WAITING
2015-10-18 21:40:08,  Blocked count: 0
2015-10-18 21:40:08,  Waited count: 17
2015-10-18 21:40:08,  Stack:
2015-10-18 21:40:08,    java.lang.Object.wait(Native Method)
2015-10-18 21:40:08,    java.util.TimerThread.mainLoop(Timer.java:552)
2015-10-18 21:40:08,    java.util.TimerThread.run(Timer.java:505)
2015-10-18 21:40:08,Thread 10 (Thread-1):
2015-10-18 21:40:08,  State: RUNNABLE
2015-10-18 21:40:08,  Blocked count: 0
2015-10-18 21:40:08,  Waited count: 0
2015-10-18 21:40:08,  Stack:
2015-10-18 21:40:08,    sun.net.dns.ResolverConfigurationImpl.notifyAddrChange0(Native Method)
2015-10-18 21:40:08,    sun.net.dns.ResolverConfigurationImpl$AddressChangeListener.run(ResolverConfigurationImpl.java:142)
2015-10-18 21:40:08,Thread 5 (Attach Listener):
2015-10-18 21:40:08,  State: RUNNABLE
2015-10-18 21:40:08,  Blocked count: 0
2015-10-18 21:40:08,  Waited count: 0
2015-10-18 21:40:08,  Stack:
2015-10-18 21:40:08,Thread 4 (Signal Dispatcher):
2015-10-18 21:40:08,  State: RUNNABLE
2015-10-18 21:40:08,  Blocked count: 0
2015-10-18 21:40:08,  Waited count: 0
2015-10-18 21:40:08,  Stack:
2015-10-18 21:40:08,Thread 3 (Finalizer):
2015-10-18 21:40:08,  State: WAITING
2015-10-18 21:40:08,  Blocked count: 53
2015-10-18 21:40:08,  Waited count: 20
2015-10-18 21:40:08,  Waiting on java.lang.ref.ReferenceQueue$Lock@59246ad9
2015-10-18 21:40:08,  Stack:
2015-10-18 21:40:08,    java.lang.Object.wait(Native Method)
2015-10-18 21:40:08,    java.lang.ref.ReferenceQueue.remove(ReferenceQueue.java:135)
2015-10-18 21:40:08,    java.lang.ref.ReferenceQueue.remove(ReferenceQueue.java:151)
2015-10-18 21:40:08,    java.lang.ref.Finalizer$FinalizerThread.run(Finalizer.java:189)
2015-10-18 21:40:08,Thread 2 (Reference Handler):
2015-10-18 21:40:08,  State: WAITING
2015-10-18 21:40:08,  Blocked count: 22
2015-10-18 21:40:08,  Waited count: 21
2015-10-18 21:40:08,  Waiting on java.lang.ref.Reference$Lock@65e2fa47
2015-10-18 21:40:08,  Stack:
2015-10-18 21:40:08,    java.lang.Object.wait(Native Method)
2015-10-18 21:40:08,    java.lang.Object.wait(Object.java:503)
2015-10-18 21:40:08,    java.lang.ref.Reference$ReferenceHandler.run(Reference.java:133)
2015-10-18 21:40:08,Thread 1 (main):
2015-10-18 21:40:08,  State: RUNNABLE
2015-10-18 21:40:08,  Blocked count: 4
2015-10-18 21:40:08,  Waited count: 17
2015-10-18 21:40:08,  Stack:
2015-10-18 21:40:08,    java.util.zip.CRC32.updateBytes(Native Method)
2015-10-18 21:40:08,    java.util.zip.CRC32.update(CRC32.java:65)
2015-10-18 21:40:08,    org.apache.hadoop.util.DataChecksum.update(DataChecksum.java:265)
2015-10-18 21:40:08,    org.apache.hadoop.mapred.IFileOutputStream.write(IFileOutputStream.java:87)
2015-10-18 21:40:08,    org.apache.hadoop.mapred.IFileOutputStream.write(IFileOutputStream.java:94)
2015-10-18 21:40:08,    org.apache.hadoop.fs.FSDataOutputStream$PositionCache.write(FSDataOutputStream.java:50)
2015-10-18 21:40:08,    java.io.DataOutputStream.writeByte(DataOutputStream.java:153)
2015-10-18 21:40:08,    org.apache.hadoop.io.WritableUtils.writeVLong(WritableUtils.java:273)
2015-10-18 21:40:08,    org.apache.hadoop.io.WritableUtils.writeVInt(WritableUtils.java:253)
2015-10-18 21:40:08,    org.apache.hadoop.mapred.IFile$Writer.append(IFile.java:214)
2015-10-18 21:40:08,    org.apache.hadoop.mapred.Task$CombineOutputCollector.collect(Task.java:1313)
2015-10-18 21:40:08,    org.apache.hadoop.mapred.Task$NewCombinerRunner$OutputConverter.write(Task.java:1630)
2015-10-18 21:40:08,    org.apache.hadoop.mapreduce.task.TaskInputOutputContextImpl.write(TaskInputOutputContextImpl.java:89)
2015-10-18 21:40:08,    org.apache.hadoop.mapreduce.lib.reduce.WrappedReducer$Context.write(WrappedReducer.java:105)
2015-10-18 21:40:08,    org.apache.hadoop.examples.WordCount$IntSumReducer.reduce(WordCount.java:64)
2015-10-18 21:40:08,    org.apache.hadoop.examples.WordCount$IntSumReducer.reduce(WordCount.java:52)
2015-10-18 21:40:08,    org.apache.hadoop.mapreduce.Reducer.run(Reducer.java:171)
2015-10-18 21:40:08,    org.apache.hadoop.mapred.Task$NewCombinerRunner.combine(Task.java:1651)
2015-10-18 21:40:08,    org.apache.hadoop.mapred.MapTask$MapOutputBuffer.mergeParts(MapTask.java:1911)
2015-10-18 21:40:08,    org.apache.hadoop.mapred.MapTask$MapOutputBuffer.flush(MapTask.java:1504)
2015-10-18 21:40:08,
2015-10-18 21:40:08,047 WARN [communication thread] org.apache.hadoop.mapred.Task: Last retry, killing attempt_1445175094696_0004_m_000000_0
