2015-10-17 15:38:21,851 INFO [main] org.apache.hadoop.metrics2.impl.MetricsConfig: loaded properties from hadoop-metrics2.properties
2015-10-17 15:38:22,007 INFO [main] org.apache.hadoop.metrics2.impl.MetricsSystemImpl: Scheduled snapshot period at 10 second(s).
2015-10-17 15:38:22,007 INFO [main] org.apache.hadoop.metrics2.impl.MetricsSystemImpl: MapTask metrics system started
2015-10-17 15:38:22,070 INFO [main] org.apache.hadoop.mapred.YarnChild: Executing with tokens:
2015-10-17 15:38:22,070 INFO [main] org.apache.hadoop.mapred.YarnChild: Kind: mapreduce.job, Service: job_1445062781478_0012, Ident: (org.apache.hadoop.mapreduce.security.token.JobTokenIdentifier@75a61582)
2015-10-17 15:38:22,351 INFO [main] org.apache.hadoop.mapred.YarnChild: Sleeping for 0ms before retrying again. Got null now.
2015-10-17 15:38:24,585 INFO [main] org.apache.hadoop.mapred.YarnChild: mapreduce.cluster.local.dir for child: /tmp/hadoop-msrabi/nm-local-dir/usercache/msrabi/appcache/application_1445062781478_0012
2015-10-17 15:38:26,304 INFO [main] org.apache.hadoop.conf.Configuration.deprecation: session.id is deprecated. Instead, use dfs.metrics.session-id
2015-10-17 15:38:28,133 INFO [main] org.apache.hadoop.yarn.util.ProcfsBasedProcessTree: ProcfsBasedProcessTree currently is supported only on Linux.
2015-10-17 15:38:28,664 INFO [main] org.apache.hadoop.mapred.Task:  Using ResourceCalculatorProcessTree : org.apache.hadoop.yarn.util.WindowsBasedProcessTree@5180dc79
2015-10-17 15:38:30,570 INFO [main] org.apache.hadoop.mapred.MapTask: Processing split: hdfs://msra-sa-41:9000/pageinput2.txt:939524096+134217728
2015-10-17 15:38:30,773 INFO [main] org.apache.hadoop.mapred.MapTask: (EQUATOR) 0 kvi 26214396(104857584)
2015-10-17 15:38:30,773 INFO [main] org.apache.hadoop.mapred.MapTask: mapreduce.task.io.sort.mb: 100
2015-10-17 15:38:30,773 INFO [main] org.apache.hadoop.mapred.MapTask: soft limit at 83886080
2015-10-17 15:38:30,773 INFO [main] org.apache.hadoop.mapred.MapTask: bufstart = 0; bufvoid = 104857600
2015-10-17 15:38:30,773 INFO [main] org.apache.hadoop.mapred.MapTask: kvstart = 26214396; length = 6553600
2015-10-17 15:38:30,820 INFO [main] org.apache.hadoop.mapred.MapTask: Map output collector class = org.apache.hadoop.mapred.MapTask$MapOutputBuffer
2015-10-17 15:39:34,807 INFO [main] org.apache.hadoop.mapred.MapTask: Spilling map output
2015-10-17 15:39:34,807 INFO [main] org.apache.hadoop.mapred.MapTask: bufstart = 0; bufend = 48252774; bufvoid = 104857600
2015-10-17 15:39:34,807 INFO [main] org.apache.hadoop.mapred.MapTask: kvstart = 26214396(104857584); kvend = 17306072(69224288); length = 8908325/6553600
2015-10-17 15:39:34,807 INFO [main] org.apache.hadoop.mapred.MapTask: (EQUATOR) 57321526 kvi 14330376(57321504)
2015-10-17 15:40:00,855 INFO [SpillThread] org.apache.hadoop.mapred.MapTask: Finished spill 0
2015-10-17 15:40:00,871 INFO [main] org.apache.hadoop.mapred.MapTask: (RESET) equator 57321526 kv 14330376(57321504) kvi 12128560(48514240)
2015-10-17 15:40:28,216 INFO [main] org.apache.hadoop.mapred.MapTask: Spilling map output
2015-10-17 15:40:28,216 INFO [main] org.apache.hadoop.mapred.MapTask: bufstart = 57321526; bufend = 695920; bufvoid = 104857600
2015-10-17 15:40:28,216 INFO [main] org.apache.hadoop.mapred.MapTask: kvstart = 14330376(57321504); kvend = 5416856(21667424); length = 8913521/6553600
2015-10-17 15:40:28,216 INFO [main] org.apache.hadoop.mapred.MapTask: (EQUATOR) 9764656 kvi 2441160(9764640)
2015-10-17 15:40:47,639 INFO [SpillThread] org.apache.hadoop.mapred.MapTask: Finished spill 1
2015-10-17 15:40:48,108 INFO [main] org.apache.hadoop.mapred.MapTask: (RESET) equator 9764656 kv 2441160(9764640) kvi 312016(1248064)
2015-10-17 15:41:12,812 INFO [main] org.apache.hadoop.mapred.MapTask: Spilling map output
2015-10-17 15:41:12,812 INFO [main] org.apache.hadoop.mapred.MapTask: bufstart = 9764656; bufend = 58004947; bufvoid = 104857600
2015-10-17 15:41:12,812 INFO [main] org.apache.hadoop.mapred.MapTask: kvstart = 2441160(9764640); kvend = 19744112(78976448); length = 8911449/6553600
2015-10-17 15:41:12,812 INFO [main] org.apache.hadoop.mapred.MapTask: (EQUATOR) 67073683 kvi 16768416(67073664)
2015-10-17 15:41:47,063 INFO [SpillThread] org.apache.hadoop.mapred.MapTask: Finished spill 2
2015-10-17 15:41:47,298 INFO [main] org.apache.hadoop.mapred.MapTask: (RESET) equator 67073683 kv 16768416(67073664) kvi 14561752(58247008)
2015-10-17 15:41:56,767 INFO [main] org.apache.hadoop.mapred.MapTask: Spilling map output
2015-10-17 15:41:56,767 INFO [main] org.apache.hadoop.mapred.MapTask: bufstart = 67073683; bufend = 10426966; bufvoid = 104857600
2015-10-17 15:41:56,767 INFO [main] org.apache.hadoop.mapred.MapTask: kvstart = 16768416(67073664); kvend = 7849620(31398480); length = 8918797/6553600
2015-10-17 15:41:56,767 INFO [main] org.apache.hadoop.mapred.MapTask: (EQUATOR) 19495718 kvi 4873924(19495696)
2015-10-17 15:42:34,503 INFO [SpillThread] org.apache.hadoop.mapred.MapTask: Finished spill 3
2015-10-17 15:42:34,643 INFO [main] org.apache.hadoop.mapred.MapTask: (RESET) equator 19495718 kv 4873924(19495696) kvi 2677448(10709792)
2015-10-17 15:42:41,003 INFO [main] org.apache.hadoop.mapred.MapTask: Spilling map output
2015-10-17 15:42:41,003 INFO [main] org.apache.hadoop.mapred.MapTask: bufstart = 19495718; bufend = 67755457; bufvoid = 104857600
2015-10-17 15:42:41,003 INFO [main] org.apache.hadoop.mapred.MapTask: kvstart = 4873924(19495696); kvend = 22181748(88726992); length = 8906577/6553600
2015-10-17 15:42:41,003 INFO [main] org.apache.hadoop.mapred.MapTask: (EQUATOR) 76824209 kvi 19206048(76824192)
2015-10-17 15:43:16,458 INFO [SpillThread] org.apache.hadoop.mapred.MapTask: Finished spill 4
2015-10-17 15:43:16,583 INFO [main] org.apache.hadoop.mapred.MapTask: (RESET) equator 76824209 kv 19206048(76824192) kvi 16996444(67985776)
2015-10-17 15:43:23,958 INFO [main] org.apache.hadoop.mapred.MapTask: Spilling map output
2015-10-17 15:43:23,958 INFO [main] org.apache.hadoop.mapred.MapTask: bufstart = 76824209; bufend = 20191510; bufvoid = 104857600
2015-10-17 15:43:23,958 INFO [main] org.apache.hadoop.mapred.MapTask: kvstart = 19206048(76824192); kvend = 10290756(41163024); length = 8915293/6553600
2015-10-17 15:43:23,958 INFO [main] org.apache.hadoop.mapred.MapTask: (EQUATOR) 29260262 kvi 7315060(29260240)
2015-10-17 15:43:55,647 INFO [SpillThread] org.apache.hadoop.mapred.MapTask: Finished spill 5
2015-10-17 15:43:55,709 INFO [main] org.apache.hadoop.mapred.MapTask: (RESET) equator 29260262 kv 7315060(29260240) kvi 5114312(20457248)
2015-10-17 15:44:03,819 INFO [main] org.apache.hadoop.mapred.MapTask: Spilling map output
2015-10-17 15:44:03,819 INFO [main] org.apache.hadoop.mapred.MapTask: bufstart = 29260262; bufend = 77519736; bufvoid = 104857600
2015-10-17 15:44:03,819 INFO [main] org.apache.hadoop.mapred.MapTask: kvstart = 7315060(29260240); kvend = 24622816(98491264); length = 8906645/6553600
2015-10-17 15:44:03,819 INFO [main] org.apache.hadoop.mapred.MapTask: (EQUATOR) 86588488 kvi 21647116(86588464)
2015-10-17 15:44:36,570 INFO [SpillThread] org.apache.hadoop.mapred.MapTask: Finished spill 6
2015-10-17 15:44:36,586 INFO [main] org.apache.hadoop.mapred.MapTask: (RESET) equator 86588488 kv 21647116(86588464) kvi 19453336(77813344)
2015-10-17 15:44:43,367 INFO [main] org.apache.hadoop.mapred.MapTask: Starting flush of map output
2015-10-17 15:44:43,367 INFO [main] org.apache.hadoop.mapred.MapTask: Spilling map output
2015-10-17 15:44:43,367 INFO [main] org.apache.hadoop.mapred.MapTask: bufstart = 86588488; bufend = 19607110; bufvoid = 104857597
2015-10-17 15:44:43,367 INFO [main] org.apache.hadoop.mapred.MapTask: kvstart = 21647116(86588464); kvend = 14652112(58608448); length = 6995005/6553600
2015-10-17 15:45:04,009 INFO [main] org.apache.hadoop.mapred.MapTask: Finished spill 7
2015-10-17 15:45:04,056 INFO [main] org.apache.hadoop.mapred.Merger: Merging 8 sorted segments
2015-10-17 15:45:04,602 INFO [main] org.apache.hadoop.mapred.Merger: Down to the last merge-pass, with 8 segments left of total size: 288286633 bytes
2015-10-17 15:46:27,824 INFO [main] org.apache.hadoop.mapred.Task: Task:attempt_1445062781478_0012_m_000007_0 is done. And is in the process of committing
2015-10-17 15:46:28,511 INFO [main] org.apache.hadoop.mapred.Task: Task 'attempt_1445062781478_0012_m_000007_0' done.
2015-10-17 15:46:28,621 INFO [main] org.apache.hadoop.metrics2.impl.MetricsSystemImpl: Stopping MapTask metrics system...
2015-10-17 15:46:28,621 INFO [main] org.apache.hadoop.metrics2.impl.MetricsSystemImpl: MapTask metrics system stopped.
2015-10-17 15:46:28,621 INFO [main] org.apache.hadoop.metrics2.impl.MetricsSystemImpl: MapTask metrics system shutdown complete.
