2015-10-17 18:09:34,576 INFO [main] org.apache.hadoop.metrics2.impl.MetricsConfig: loaded properties from hadoop-metrics2.properties
2015-10-17 18:09:34,781 INFO [main] org.apache.hadoop.metrics2.impl.MetricsSystemImpl: Scheduled snapshot period at 10 second(s).
2015-10-17 18:09:34,781 INFO [main] org.apache.hadoop.metrics2.impl.MetricsSystemImpl: MapTask metrics system started
2015-10-17 18:09:34,829 INFO [main] org.apache.hadoop.mapred.YarnChild: Executing with tokens:
2015-10-17 18:09:34,829 INFO [main] org.apache.hadoop.mapred.YarnChild: Kind: mapreduce.job, Service: job_1445076437777_0002, Ident: (org.apache.hadoop.mapreduce.security.token.JobTokenIdentifier@7253580c)
2015-10-17 18:09:35,149 INFO [main] org.apache.hadoop.mapred.YarnChild: Sleeping for 0ms before retrying again. Got null now.
2015-10-17 18:09:35,850 INFO [main] org.apache.hadoop.mapred.YarnChild: mapreduce.cluster.local.dir for child: /tmp/hadoop-msrabi/nm-local-dir/usercache/msrabi/appcache/application_1445076437777_0002
2015-10-17 18:09:37,593 INFO [main] org.apache.hadoop.conf.Configuration.deprecation: session.id is deprecated. Instead, use dfs.metrics.session-id
2015-10-17 18:09:38,666 INFO [main] org.apache.hadoop.yarn.util.ProcfsBasedProcessTree: ProcfsBasedProcessTree currently is supported only on Linux.
2015-10-17 18:09:38,699 INFO [main] org.apache.hadoop.mapred.Task:  Using ResourceCalculatorProcessTree : org.apache.hadoop.yarn.util.WindowsBasedProcessTree@1e70fa05
2015-10-17 18:09:39,175 INFO [main] org.apache.hadoop.mapred.MapTask: Processing split: hdfs://msra-sa-41:9000/pageinput2.txt:939524096+134217728
2015-10-17 18:09:39,314 INFO [main] org.apache.hadoop.mapred.MapTask: (EQUATOR) 0 kvi 26214396(104857584)
2015-10-17 18:09:39,314 INFO [main] org.apache.hadoop.mapred.MapTask: mapreduce.task.io.sort.mb: 100
2015-10-17 18:09:39,314 INFO [main] org.apache.hadoop.mapred.MapTask: soft limit at 83886080
2015-10-17 18:09:39,314 INFO [main] org.apache.hadoop.mapred.MapTask: bufstart = 0; bufvoid = 104857600
2015-10-17 18:09:39,315 INFO [main] org.apache.hadoop.mapred.MapTask: kvstart = 26214396; length = 6553600
2015-10-17 18:09:39,333 INFO [main] org.apache.hadoop.mapred.MapTask: Map output collector class = org.apache.hadoop.mapred.MapTask$MapOutputBuffer
2015-10-17 18:09:44,202 INFO [main] org.apache.hadoop.mapred.MapTask: Spilling map output
2015-10-17 18:09:44,202 INFO [main] org.apache.hadoop.mapred.MapTask: bufstart = 0; bufend = 48252774; bufvoid = 104857600
2015-10-17 18:09:44,202 INFO [main] org.apache.hadoop.mapred.MapTask: kvstart = 26214396(104857584); kvend = 17306072(69224288); length = 8908325/6553600
2015-10-17 18:09:44,203 INFO [main] org.apache.hadoop.mapred.MapTask: (EQUATOR) 57321526 kvi 14330376(57321504)
2015-10-17 18:09:53,881 INFO [SpillThread] org.apache.hadoop.mapred.MapTask: Finished spill 0
2015-10-17 18:09:53,884 INFO [main] org.apache.hadoop.mapred.MapTask: (RESET) equator 57321526 kv 14330376(57321504) kvi 12128560(48514240)
2015-10-17 18:09:55,881 INFO [main] org.apache.hadoop.mapred.MapTask: Spilling map output
2015-10-17 18:09:55,881 INFO [main] org.apache.hadoop.mapred.MapTask: bufstart = 57321526; bufend = 695920; bufvoid = 104857600
2015-10-17 18:09:55,881 INFO [main] org.apache.hadoop.mapred.MapTask: kvstart = 14330376(57321504); kvend = 5416856(21667424); length = 8913521/6553600
2015-10-17 18:09:55,881 INFO [main] org.apache.hadoop.mapred.MapTask: (EQUATOR) 9764656 kvi 2441160(9764640)
2015-10-17 18:10:04,785 INFO [SpillThread] org.apache.hadoop.mapred.MapTask: Finished spill 1
2015-10-17 18:10:04,790 INFO [main] org.apache.hadoop.mapred.MapTask: (RESET) equator 9764656 kv 2441160(9764640) kvi 236684(946736)
2015-10-17 18:10:06,873 INFO [main] org.apache.hadoop.mapred.MapTask: Spilling map output
2015-10-17 18:10:06,873 INFO [main] org.apache.hadoop.mapred.MapTask: bufstart = 9764656; bufend = 58004947; bufvoid = 104857600
2015-10-17 18:10:06,873 INFO [main] org.apache.hadoop.mapred.MapTask: kvstart = 2441160(9764640); kvend = 19744112(78976448); length = 8911449/6553600
2015-10-17 18:10:06,873 INFO [main] org.apache.hadoop.mapred.MapTask: (EQUATOR) 67073683 kvi 16768416(67073664)
2015-10-17 18:10:16,486 INFO [SpillThread] org.apache.hadoop.mapred.MapTask: Finished spill 2
2015-10-17 18:10:16,491 INFO [main] org.apache.hadoop.mapred.MapTask: (RESET) equator 67073683 kv 16768416(67073664) kvi 14561752(58247008)
2015-10-17 18:10:18,695 INFO [main] org.apache.hadoop.mapred.MapTask: Spilling map output
2015-10-17 18:10:18,695 INFO [main] org.apache.hadoop.mapred.MapTask: bufstart = 67073683; bufend = 10426966; bufvoid = 104857600
2015-10-17 18:10:18,696 INFO [main] org.apache.hadoop.mapred.MapTask: kvstart = 16768416(67073664); kvend = 7849620(31398480); length = 8918797/6553600
2015-10-17 18:10:18,696 INFO [main] org.apache.hadoop.mapred.MapTask: (EQUATOR) 19495718 kvi 4873924(19495696)
2015-10-17 18:10:27,556 INFO [SpillThread] org.apache.hadoop.mapred.MapTask: Finished spill 3
2015-10-17 18:10:27,559 INFO [main] org.apache.hadoop.mapred.MapTask: (RESET) equator 19495718 kv 4873924(19495696) kvi 2677448(10709792)
2015-10-17 18:10:29,067 INFO [main] org.apache.hadoop.mapred.MapTask: Spilling map output
2015-10-17 18:10:29,067 INFO [main] org.apache.hadoop.mapred.MapTask: bufstart = 19495718; bufend = 67755457; bufvoid = 104857600
2015-10-17 18:10:29,067 INFO [main] org.apache.hadoop.mapred.MapTask: kvstart = 4873924(19495696); kvend = 22181748(88726992); length = 8906577/6553600
2015-10-17 18:10:29,067 INFO [main] org.apache.hadoop.mapred.MapTask: (EQUATOR) 76824209 kvi 19206048(76824192)
2015-10-17 18:10:40,376 INFO [SpillThread] org.apache.hadoop.mapred.MapTask: Finished spill 4
2015-10-17 18:10:40,381 INFO [main] org.apache.hadoop.mapred.MapTask: (RESET) equator 76824209 kv 19206048(76824192) kvi 16996444(67985776)
2015-10-17 18:10:43,569 INFO [main] org.apache.hadoop.mapred.MapTask: Spilling map output
2015-10-17 18:10:43,569 INFO [main] org.apache.hadoop.mapred.MapTask: bufstart = 76824209; bufend = 20191510; bufvoid = 104857600
2015-10-17 18:10:43,570 INFO [main] org.apache.hadoop.mapred.MapTask: kvstart = 19206048(76824192); kvend = 10290756(41163024); length = 8915293/6553600
2015-10-17 18:10:43,570 INFO [main] org.apache.hadoop.mapred.MapTask: (EQUATOR) 29260262 kvi 7315060(29260240)
2015-10-17 18:10:54,822 INFO [SpillThread] org.apache.hadoop.mapred.MapTask: Finished spill 5
2015-10-17 18:10:54,824 INFO [main] org.apache.hadoop.mapred.MapTask: (RESET) equator 29260262 kv 7315060(29260240) kvi 5114312(20457248)
2015-10-17 18:10:56,105 INFO [main] org.apache.hadoop.mapred.MapTask: Spilling map output
2015-10-17 18:10:56,106 INFO [main] org.apache.hadoop.mapred.MapTask: bufstart = 29260262; bufend = 77519736; bufvoid = 104857600
2015-10-17 18:10:56,106 INFO [main] org.apache.hadoop.mapred.MapTask: kvstart = 7315060(29260240); kvend = 24622816(98491264); length = 8906645/6553600
2015-10-17 18:10:56,106 INFO [main] org.apache.hadoop.mapred.MapTask: (EQUATOR) 86588488 kvi 21647116(86588464)
2015-10-17 18:11:05,353 INFO [SpillThread] org.apache.hadoop.mapred.MapTask: Finished spill 6
2015-10-17 18:11:05,355 INFO [main] org.apache.hadoop.mapred.MapTask: (RESET) equator 86588488 kv 21647116(86588464) kvi 19453336(77813344)
2015-10-17 18:11:06,519 INFO [main] org.apache.hadoop.mapred.MapTask: Starting flush of map output
2015-10-17 18:11:06,519 INFO [main] org.apache.hadoop.mapred.MapTask: Spilling map output
2015-10-17 18:11:06,519 INFO [main] org.apache.hadoop.mapred.MapTask: bufstart = 86588488; bufend = 19607110; bufvoid = 104857597
2015-10-17 18:11:06,519 INFO [main] org.apache.hadoop.mapred.MapTask: kvstart = 21647116(86588464); kvend = 14652112(58608448); length = 6995005/6553600
2015-10-17 18:11:13,493 INFO [main] org.apache.hadoop.mapred.MapTask: Finished spill 7
2015-10-17 18:11:13,524 INFO [main] org.apache.hadoop.mapred.Merger: Merging 8 sorted segments
2015-10-17 18:11:13,546 INFO [main] org.apache.hadoop.mapred.Merger: Down to the last merge-pass, with 8 segments left of total size: 288286633 bytes
2015-10-17 18:11:52,637 INFO [main] org.apache.hadoop.mapred.Task: Task:attempt_1445076437777_0002_m_000007_0 is done. And is in the process of committing
2015-10-17 18:11:52,711 INFO [main] org.apache.hadoop.mapred.Task: Task 'attempt_1445076437777_0002_m_000007_0' done.
2015-10-17 18:11:52,811 INFO [main] org.apache.hadoop.metrics2.impl.MetricsSystemImpl: Stopping MapTask metrics system...
2015-10-17 18:11:52,811 INFO [main] org.apache.hadoop.metrics2.impl.MetricsSystemImpl: MapTask metrics system stopped.
2015-10-17 18:11:52,811 INFO [main] org.apache.hadoop.metrics2.impl.MetricsSystemImpl: MapTask metrics system shutdown complete.
