2015-10-18 18:01:57,165 INFO [main] org.apache.hadoop.metrics2.impl.MetricsConfig: loaded properties from hadoop-metrics2.properties
2015-10-18 18:01:57,233 INFO [main] org.apache.hadoop.metrics2.impl.MetricsSystemImpl: Scheduled snapshot period at 10 second(s).
2015-10-18 18:01:57,233 INFO [main] org.apache.hadoop.metrics2.impl.MetricsSystemImpl: MapTask metrics system started
2015-10-18 18:01:57,248 INFO [main] org.apache.hadoop.mapred.YarnChild: Executing with tokens:
2015-10-18 18:01:57,248 INFO [main] org.apache.hadoop.mapred.YarnChild: Kind: mapreduce.job, Service: job_1445144423722_0022, Ident: (org.apache.hadoop.mapreduce.security.token.JobTokenIdentifier@271ff531)
2015-10-18 18:01:57,360 INFO [main] org.apache.hadoop.mapred.YarnChild: Sleeping for 0ms before retrying again. Got null now.
2015-10-18 18:01:57,585 INFO [main] org.apache.hadoop.mapred.YarnChild: mapreduce.cluster.local.dir for child: /tmp/hadoop-msrabi/nm-local-dir/usercache/msrabi/appcache/application_1445144423722_0022
2015-10-18 18:01:58,135 INFO [main] org.apache.hadoop.conf.Configuration.deprecation: session.id is deprecated. Instead, use dfs.metrics.session-id
2015-10-18 18:01:58,721 INFO [main] org.apache.hadoop.yarn.util.ProcfsBasedProcessTree: ProcfsBasedProcessTree currently is supported only on Linux.
2015-10-18 18:01:58,740 INFO [main] org.apache.hadoop.mapred.Task:  Using ResourceCalculatorProcessTree : org.apache.hadoop.yarn.util.WindowsBasedProcessTree@11499ff
2015-10-18 18:01:58,934 INFO [main] org.apache.hadoop.mapred.MapTask: Processing split: hdfs://msra-sa-41:9000/pageinput2.txt:268435456+134217728
2015-10-18 18:01:58,995 INFO [main] org.apache.hadoop.mapred.MapTask: (EQUATOR) 0 kvi 26214396(104857584)
2015-10-18 18:01:58,995 INFO [main] org.apache.hadoop.mapred.MapTask: mapreduce.task.io.sort.mb: 100
2015-10-18 18:01:58,995 INFO [main] org.apache.hadoop.mapred.MapTask: soft limit at 83886080
2015-10-18 18:01:58,996 INFO [main] org.apache.hadoop.mapred.MapTask: bufstart = 0; bufvoid = 104857600
2015-10-18 18:01:58,996 INFO [main] org.apache.hadoop.mapred.MapTask: kvstart = 26214396; length = 6553600
2015-10-18 18:01:59,003 INFO [main] org.apache.hadoop.mapred.MapTask: Map output collector class = org.apache.hadoop.mapred.MapTask$MapOutputBuffer
2015-10-18 18:02:02,666 INFO [main] org.apache.hadoop.mapred.MapTask: Spilling map output
2015-10-18 18:02:02,666 INFO [main] org.apache.hadoop.mapred.MapTask: bufstart = 0; bufend = 48249276; bufvoid = 104857600
2015-10-18 18:02:02,666 INFO [main] org.apache.hadoop.mapred.MapTask: kvstart = 26214396(104857584); kvend = 17305200(69220800); length = 8909197/6553600
2015-10-18 18:02:02,667 INFO [main] org.apache.hadoop.mapred.MapTask: (EQUATOR) 57318028 kvi 14329500(57318000)
2015-10-18 18:02:12,674 INFO [SpillThread] org.apache.hadoop.mapred.MapTask: Finished spill 0
2015-10-18 18:02:12,679 INFO [main] org.apache.hadoop.mapred.MapTask: (RESET) equator 57318028 kv 14329500(57318000) kvi 12129788(48519152)
2015-10-18 18:02:14,054 INFO [main] org.apache.hadoop.mapred.MapTask: Spilling map output
2015-10-18 18:02:14,055 INFO [main] org.apache.hadoop.mapred.MapTask: bufstart = 57318028; bufend = 686843; bufvoid = 104857600
2015-10-18 18:02:14,055 INFO [main] org.apache.hadoop.mapred.MapTask: kvstart = 14329500(57318000); kvend = 5414592(21658368); length = 8914909/6553600
2015-10-18 18:02:14,055 INFO [main] org.apache.hadoop.mapred.MapTask: (EQUATOR) 9755595 kvi 2438892(9755568)
2015-10-18 18:02:22,626 INFO [SpillThread] org.apache.hadoop.mapred.MapTask: Finished spill 1
2015-10-18 18:02:22,629 INFO [main] org.apache.hadoop.mapred.MapTask: (RESET) equator 9755595 kv 2438892(9755568) kvi 240952(963808)
2015-10-18 18:02:24,807 INFO [main] org.apache.hadoop.mapred.MapTask: Spilling map output
2015-10-18 18:02:24,808 INFO [main] org.apache.hadoop.mapred.MapTask: bufstart = 9755595; bufend = 58006021; bufvoid = 104857600
2015-10-18 18:02:24,808 INFO [main] org.apache.hadoop.mapred.MapTask: kvstart = 2438892(9755568); kvend = 19744380(78977520); length = 8908913/6553600
2015-10-18 18:02:24,808 INFO [main] org.apache.hadoop.mapred.MapTask: (EQUATOR) 67074757 kvi 16768684(67074736)
2015-10-18 18:02:33,893 INFO [SpillThread] org.apache.hadoop.mapred.MapTask: Finished spill 2
2015-10-18 18:02:33,898 INFO [main] org.apache.hadoop.mapred.MapTask: (RESET) equator 67074757 kv 16768684(67074736) kvi 14558340(58233360)
2015-10-18 18:02:35,448 INFO [main] org.apache.hadoop.mapred.MapTask: Spilling map output
2015-10-18 18:02:35,449 INFO [main] org.apache.hadoop.mapred.MapTask: bufstart = 67074757; bufend = 10447270; bufvoid = 104857600
2015-10-18 18:02:35,449 INFO [main] org.apache.hadoop.mapred.MapTask: kvstart = 16768684(67074736); kvend = 7854692(31418768); length = 8913993/6553600
2015-10-18 18:02:35,449 INFO [main] org.apache.hadoop.mapred.MapTask: (EQUATOR) 19516006 kvi 4878996(19515984)
2015-10-18 18:02:45,590 INFO [SpillThread] org.apache.hadoop.mapred.MapTask: Finished spill 3
2015-10-18 18:02:45,595 INFO [main] org.apache.hadoop.mapred.MapTask: (RESET) equator 19516006 kv 4878996(19515984) kvi 2677056(10708224)
2015-10-18 18:02:48,287 INFO [main] org.apache.hadoop.mapred.MapTask: Spilling map output
2015-10-18 18:02:48,287 INFO [main] org.apache.hadoop.mapred.MapTask: bufstart = 19516006; bufend = 67756598; bufvoid = 104857600
2015-10-18 18:02:48,288 INFO [main] org.apache.hadoop.mapred.MapTask: kvstart = 4878996(19515984); kvend = 22182024(88728096); length = 8911373/6553600
2015-10-18 18:02:48,288 INFO [main] org.apache.hadoop.mapred.MapTask: (EQUATOR) 76825334 kvi 19206328(76825312)
2015-10-18 18:02:59,127 INFO [SpillThread] org.apache.hadoop.mapred.MapTask: Finished spill 4
2015-10-18 18:02:59,129 INFO [main] org.apache.hadoop.mapred.MapTask: (RESET) equator 76825334 kv 19206328(76825312) kvi 17012764(68051056)
2015-10-18 18:03:00,466 INFO [main] org.apache.hadoop.mapred.MapTask: Spilling map output
2015-10-18 18:03:00,466 INFO [main] org.apache.hadoop.mapred.MapTask: bufstart = 76825334; bufend = 20217188; bufvoid = 104857598
2015-10-18 18:03:00,466 INFO [main] org.apache.hadoop.mapred.MapTask: kvstart = 19206328(76825312); kvend = 10297172(41188688); length = 8909157/6553600
2015-10-18 18:03:00,466 INFO [main] org.apache.hadoop.mapred.MapTask: (EQUATOR) 29285924 kvi 7321476(29285904)
2015-10-18 18:03:09,808 INFO [SpillThread] org.apache.hadoop.mapred.MapTask: Finished spill 5
2015-10-18 18:03:09,810 INFO [main] org.apache.hadoop.mapred.MapTask: (RESET) equator 29285924 kv 7321476(29285904) kvi 5114320(20457280)
2015-10-18 18:03:11,447 INFO [main] org.apache.hadoop.mapred.MapTask: Spilling map output
2015-10-18 18:03:11,447 INFO [main] org.apache.hadoop.mapred.MapTask: bufstart = 29285924; bufend = 77503154; bufvoid = 104857600
2015-10-18 18:03:11,447 INFO [main] org.apache.hadoop.mapred.MapTask: kvstart = 7321476(29285904); kvend = 24618672(98474688); length = 8917205/6553600
2015-10-18 18:03:11,447 INFO [main] org.apache.hadoop.mapred.MapTask: (EQUATOR) 86571906 kvi 21642972(86571888)
2015-10-18 18:03:20,768 INFO [SpillThread] org.apache.hadoop.mapred.MapTask: Finished spill 6
2015-10-18 18:03:20,770 INFO [main] org.apache.hadoop.mapred.MapTask: (RESET) equator 86571906 kv 21642972(86571888) kvi 19445800(77783200)
2015-10-18 18:03:21,745 INFO [main] org.apache.hadoop.mapred.MapTask: Starting flush of map output
2015-10-18 18:03:21,745 INFO [main] org.apache.hadoop.mapred.MapTask: Spilling map output
2015-10-18 18:03:21,745 INFO [main] org.apache.hadoop.mapred.MapTask: bufstart = 86571906; bufend = 20324632; bufvoid = 104857600
2015-10-18 18:03:21,746 INFO [main] org.apache.hadoop.mapred.MapTask: kvstart = 21642972(86571888); kvend = 14513800(58055200); length = 7129173/6553600
2015-10-18 18:03:28,590 INFO [main] org.apache.hadoop.mapred.MapTask: Finished spill 7
2015-10-18 18:03:28,604 INFO [main] org.apache.hadoop.mapred.Merger: Merging 8 sorted segments
2015-10-18 18:03:28,612 INFO [main] org.apache.hadoop.mapred.Merger: Down to the last merge-pass, with 8 segments left of total size: 288688442 bytes
2015-10-18 18:03:55,111 INFO [main] org.apache.hadoop.mapred.Task: Task:attempt_1445144423722_0022_m_000002_0 is done. And is in the process of committing
2015-10-18 18:03:55,191 INFO [main] org.apache.hadoop.mapred.Task: Task 'attempt_1445144423722_0022_m_000002_0' done.
