2015-10-17 16:47:46,706 INFO [main] org.apache.hadoop.metrics2.impl.MetricsConfig: loaded properties from hadoop-metrics2.properties
2015-10-17 16:47:46,800 INFO [main] org.apache.hadoop.metrics2.impl.MetricsSystemImpl: Scheduled snapshot period at 10 second(s).
2015-10-17 16:47:46,800 INFO [main] org.apache.hadoop.metrics2.impl.MetricsSystemImpl: MapTask metrics system started
2015-10-17 16:47:46,816 INFO [main] org.apache.hadoop.mapred.YarnChild: Executing with tokens:
2015-10-17 16:47:46,816 INFO [main] org.apache.hadoop.mapred.YarnChild: Kind: mapreduce.job, Service: job_1445062781478_0016, Ident: (org.apache.hadoop.mapreduce.security.token.JobTokenIdentifier@1623b78d)
2015-10-17 16:47:46,941 INFO [main] org.apache.hadoop.mapred.YarnChild: Sleeping for 0ms before retrying again. Got null now.
2015-10-17 16:47:47,425 INFO [main] org.apache.hadoop.mapred.YarnChild: mapreduce.cluster.local.dir for child: /tmp/hadoop-msrabi/nm-local-dir/usercache/msrabi/appcache/application_1445062781478_0016
2015-10-17 16:47:47,909 INFO [main] org.apache.hadoop.conf.Configuration.deprecation: session.id is deprecated. Instead, use dfs.metrics.session-id
2015-10-17 16:47:48,800 INFO [main] org.apache.hadoop.yarn.util.ProcfsBasedProcessTree: ProcfsBasedProcessTree currently is supported only on Linux.
2015-10-17 16:47:48,831 INFO [main] org.apache.hadoop.mapred.Task:  Using ResourceCalculatorProcessTree : org.apache.hadoop.yarn.util.WindowsBasedProcessTree@db57326
2015-10-17 16:47:49,253 INFO [main] org.apache.hadoop.mapred.MapTask: Processing split: hdfs://msra-sa-41:9000/pageinput2.txt:0+134217728
2015-10-17 16:47:49,378 INFO [main] org.apache.hadoop.mapred.MapTask: (EQUATOR) 0 kvi 26214396(104857584)
2015-10-17 16:47:49,378 INFO [main] org.apache.hadoop.mapred.MapTask: mapreduce.task.io.sort.mb: 100
2015-10-17 16:47:49,378 INFO [main] org.apache.hadoop.mapred.MapTask: soft limit at 83886080
2015-10-17 16:47:49,378 INFO [main] org.apache.hadoop.mapred.MapTask: bufstart = 0; bufvoid = 104857600
2015-10-17 16:47:49,378 INFO [main] org.apache.hadoop.mapred.MapTask: kvstart = 26214396; length = 6553600
2015-10-17 16:47:49,394 INFO [main] org.apache.hadoop.mapred.MapTask: Map output collector class = org.apache.hadoop.mapred.MapTask$MapOutputBuffer
2015-10-17 16:47:53,956 INFO [main] org.apache.hadoop.mapred.MapTask: Spilling map output
2015-10-17 16:47:53,956 INFO [main] org.apache.hadoop.mapred.MapTask: bufstart = 0; bufend = 48233939; bufvoid = 104857600
2015-10-17 16:47:53,956 INFO [main] org.apache.hadoop.mapred.MapTask: kvstart = 26214396(104857584); kvend = 17301360(69205440); length = 8913037/6553600
2015-10-17 16:47:53,956 INFO [main] org.apache.hadoop.mapred.MapTask: (EQUATOR) 57302675 kvi 14325664(57302656)
2015-10-17 16:48:07,754 INFO [SpillThread] org.apache.hadoop.mapred.MapTask: Finished spill 0
2015-10-17 16:48:07,770 INFO [main] org.apache.hadoop.mapred.MapTask: (RESET) equator 57302675 kv 14325664(57302656) kvi 12126896(48507584)
2015-10-17 16:48:10,254 INFO [main] org.apache.hadoop.mapred.MapTask: Spilling map output
2015-10-17 16:48:10,254 INFO [main] org.apache.hadoop.mapred.MapTask: bufstart = 57302675; bufend = 709216; bufvoid = 104857600
2015-10-17 16:48:10,254 INFO [main] org.apache.hadoop.mapred.MapTask: kvstart = 14325664(57302656); kvend = 5420188(21680752); length = 8905477/6553600
2015-10-17 16:48:10,254 INFO [main] org.apache.hadoop.mapred.MapTask: (EQUATOR) 9777968 kvi 2444488(9777952)
2015-10-17 16:48:21,473 INFO [SpillThread] org.apache.hadoop.mapred.MapTask: Finished spill 1
2015-10-17 16:48:21,473 INFO [main] org.apache.hadoop.mapred.MapTask: (RESET) equator 9777968 kv 2444488(9777952) kvi 250856(1003424)
2015-10-17 16:48:24,114 INFO [main] org.apache.hadoop.mapred.MapTask: Spilling map output
2015-10-17 16:48:24,114 INFO [main] org.apache.hadoop.mapred.MapTask: bufstart = 9777968; bufend = 58030301; bufvoid = 104857600
2015-10-17 16:48:24,114 INFO [main] org.apache.hadoop.mapred.MapTask: kvstart = 2444488(9777952); kvend = 19750456(79001824); length = 8908433/6553600
2015-10-17 16:48:24,114 INFO [main] org.apache.hadoop.mapred.MapTask: (EQUATOR) 67099053 kvi 16774756(67099024)
2015-10-17 16:48:35,427 INFO [SpillThread] org.apache.hadoop.mapred.MapTask: Finished spill 2
2015-10-17 16:48:35,443 INFO [main] org.apache.hadoop.mapred.MapTask: (RESET) equator 67099053 kv 16774756(67099024) kvi 14578988(58315952)
2015-10-17 16:48:37,724 INFO [main] org.apache.hadoop.mapred.MapTask: Spilling map output
2015-10-17 16:48:37,724 INFO [main] org.apache.hadoop.mapred.MapTask: bufstart = 67099053; bufend = 10501292; bufvoid = 104857600
2015-10-17 16:48:37,724 INFO [main] org.apache.hadoop.mapred.MapTask: kvstart = 16774756(67099024); kvend = 7868200(31472800); length = 8906557/6553600
2015-10-17 16:48:37,724 INFO [main] org.apache.hadoop.mapred.MapTask: (EQUATOR) 19570044 kvi 4892504(19570016)
2015-10-17 16:48:48,756 INFO [SpillThread] org.apache.hadoop.mapred.MapTask: Finished spill 3
2015-10-17 16:48:48,756 INFO [main] org.apache.hadoop.mapred.MapTask: (RESET) equator 19570044 kv 4892504(19570016) kvi 2699328(10797312)
2015-10-17 16:48:51,115 INFO [main] org.apache.hadoop.mapred.MapTask: Spilling map output
2015-10-17 16:48:51,115 INFO [main] org.apache.hadoop.mapred.MapTask: bufstart = 19570044; bufend = 67823152; bufvoid = 104857600
2015-10-17 16:48:51,115 INFO [main] org.apache.hadoop.mapred.MapTask: kvstart = 4892504(19570016); kvend = 22198672(88794688); length = 8908233/6553600
2015-10-17 16:48:51,115 INFO [main] org.apache.hadoop.mapred.MapTask: (EQUATOR) 76891904 kvi 19222972(76891888)
2015-10-17 16:49:01,256 INFO [SpillThread] org.apache.hadoop.mapred.MapTask: Finished spill 4
2015-10-17 16:49:01,272 INFO [main] org.apache.hadoop.mapred.MapTask: (RESET) equator 76891904 kv 19222972(76891888) kvi 17028244(68112976)
2015-10-17 16:49:03,100 INFO [main] org.apache.hadoop.mapred.MapTask: Spilling map output
2015-10-17 16:49:03,100 INFO [main] org.apache.hadoop.mapred.MapTask: bufstart = 76891904; bufend = 20274616; bufvoid = 104857600
2015-10-17 16:49:03,100 INFO [main] org.apache.hadoop.mapred.MapTask: kvstart = 19222972(76891888); kvend = 10311532(41246128); length = 8911441/6553600
2015-10-17 16:49:03,100 INFO [main] org.apache.hadoop.mapred.MapTask: (EQUATOR) 29343368 kvi 7335836(29343344)
2015-10-17 16:49:13,803 INFO [SpillThread] org.apache.hadoop.mapred.MapTask: Finished spill 5
2015-10-17 16:49:13,803 INFO [main] org.apache.hadoop.mapred.MapTask: (RESET) equator 29343368 kv 7335836(29343344) kvi 5140140(20560560)
2015-10-17 16:49:16,179 INFO [main] org.apache.hadoop.mapred.MapTask: Spilling map output
2015-10-17 16:49:16,179 INFO [main] org.apache.hadoop.mapred.MapTask: bufstart = 29343368; bufend = 77571991; bufvoid = 104857600
2015-10-17 16:49:16,179 INFO [main] org.apache.hadoop.mapred.MapTask: kvstart = 7335836(29343344); kvend = 24635876(98543504); length = 8914361/6553600
2015-10-17 16:49:16,179 INFO [main] org.apache.hadoop.mapred.MapTask: (EQUATOR) 86640743 kvi 21660180(86640720)
2015-10-17 16:49:26,273 INFO [SpillThread] org.apache.hadoop.mapred.MapTask: Finished spill 6
2015-10-17 16:49:26,288 INFO [main] org.apache.hadoop.mapred.MapTask: (RESET) equator 86640743 kv 21660180(86640720) kvi 19461792(77847168)
2015-10-17 16:49:28,320 INFO [main] org.apache.hadoop.mapred.MapTask: Starting flush of map output
2015-10-17 16:49:28,320 INFO [main] org.apache.hadoop.mapred.MapTask: Spilling map output
2015-10-17 16:49:28,320 INFO [main] org.apache.hadoop.mapred.MapTask: bufstart = 86640743; bufend = 20832247; bufvoid = 104857600
2015-10-17 16:49:28,320 INFO [main] org.apache.hadoop.mapred.MapTask: kvstart = 21660180(86640720); kvend = 14457636(57830544); length = 7202545/6553600
2015-10-17 16:49:37,976 INFO [main] org.apache.hadoop.mapred.MapTask: Finished spill 7
2015-10-17 16:49:38,008 INFO [main] org.apache.hadoop.mapred.Merger: Merging 8 sorted segments
2015-10-17 16:49:38,023 INFO [main] org.apache.hadoop.mapred.Merger: Down to the last merge-pass, with 8 segments left of total size: 288922501 bytes
2015-10-17 16:50:05,977 INFO [main] org.apache.hadoop.mapred.Task: Task:attempt_1445062781478_0016_m_000000_0 is done. And is in the process of committing
2015-10-17 16:50:06,024 INFO [main] org.apache.hadoop.mapred.Task: Task 'attempt_1445062781478_0016_m_000000_0' done.
