2015-10-18 18:02:04,667 INFO [main] org.apache.hadoop.metrics2.impl.MetricsConfig: loaded properties from hadoop-metrics2.properties
2015-10-18 18:02:04,870 INFO [main] org.apache.hadoop.metrics2.impl.MetricsSystemImpl: Scheduled snapshot period at 10 second(s).
2015-10-18 18:02:04,870 INFO [main] org.apache.hadoop.metrics2.impl.MetricsSystemImpl: MapTask metrics system started
2015-10-18 18:02:04,995 INFO [main] org.apache.hadoop.mapred.YarnChild: Executing with tokens:
2015-10-18 18:02:04,995 INFO [main] org.apache.hadoop.mapred.YarnChild: Kind: mapreduce.job, Service: job_1445144423722_0020, Ident: (org.apache.hadoop.mapreduce.security.token.JobTokenIdentifier@5d3cb6cf)
2015-10-18 18:02:05,432 INFO [main] org.apache.hadoop.mapred.YarnChild: Sleeping for 0ms before retrying again. Got null now.
2015-10-18 18:02:06,057 INFO [main] org.apache.hadoop.mapred.YarnChild: mapreduce.cluster.local.dir for child: /tmp/hadoop-msrabi/nm-local-dir/usercache/msrabi/appcache/application_1445144423722_0020
2015-10-18 18:02:07,479 INFO [main] org.apache.hadoop.conf.Configuration.deprecation: session.id is deprecated. Instead, use dfs.metrics.session-id
2015-10-18 18:02:09,120 INFO [main] org.apache.hadoop.yarn.util.ProcfsBasedProcessTree: ProcfsBasedProcessTree currently is supported only on Linux.
2015-10-18 18:02:09,261 INFO [main] org.apache.hadoop.mapred.Task:  Using ResourceCalculatorProcessTree : org.apache.hadoop.yarn.util.WindowsBasedProcessTree@37b1886a
2015-10-18 18:02:10,558 INFO [main] org.apache.hadoop.mapred.MapTask: Processing split: hdfs://msra-sa-41:9000/pageinput2.txt:134217728+134217728
2015-10-18 18:02:10,683 INFO [main] org.apache.hadoop.mapred.MapTask: (EQUATOR) 0 kvi 26214396(104857584)
2015-10-18 18:02:10,683 INFO [main] org.apache.hadoop.mapred.MapTask: mapreduce.task.io.sort.mb: 100
2015-10-18 18:02:10,683 INFO [main] org.apache.hadoop.mapred.MapTask: soft limit at 83886080
2015-10-18 18:02:10,683 INFO [main] org.apache.hadoop.mapred.MapTask: bufstart = 0; bufvoid = 104857600
2015-10-18 18:02:10,683 INFO [main] org.apache.hadoop.mapred.MapTask: kvstart = 26214396; length = 6553600
2015-10-18 18:02:10,698 INFO [main] org.apache.hadoop.mapred.MapTask: Map output collector class = org.apache.hadoop.mapred.MapTask$MapOutputBuffer
2015-10-18 18:02:25,949 INFO [main] org.apache.hadoop.mapred.MapTask: Spilling map output
2015-10-18 18:02:25,949 INFO [main] org.apache.hadoop.mapred.MapTask: bufstart = 0; bufend = 48254386; bufvoid = 104857600
2015-10-18 18:02:25,949 INFO [main] org.apache.hadoop.mapred.MapTask: kvstart = 26214396(104857584); kvend = 17306472(69225888); length = 8907925/6553600
2015-10-18 18:02:25,949 INFO [main] org.apache.hadoop.mapred.MapTask: (EQUATOR) 57323122 kvi 14330776(57323104)
2015-10-18 18:02:56,779 INFO [SpillThread] org.apache.hadoop.mapred.MapTask: Finished spill 0
2015-10-18 18:02:56,842 INFO [main] org.apache.hadoop.mapred.MapTask: (RESET) equator 57323122 kv 14330776(57323104) kvi 12127800(48511200)
2015-10-18 18:03:01,889 INFO [main] org.apache.hadoop.mapred.MapTask: Spilling map output
2015-10-18 18:03:01,889 INFO [main] org.apache.hadoop.mapred.MapTask: bufstart = 57323122; bufend = 699496; bufvoid = 104857600
2015-10-18 18:03:01,889 INFO [main] org.apache.hadoop.mapred.MapTask: kvstart = 14330776(57323104); kvend = 5417752(21671008); length = 8913025/6553600
2015-10-18 18:03:01,889 INFO [main] org.apache.hadoop.mapred.MapTask: (EQUATOR) 9768248 kvi 2442056(9768224)
2015-10-18 18:03:34,656 INFO [SpillThread] org.apache.hadoop.mapred.MapTask: Finished spill 1
2015-10-18 18:03:34,656 INFO [main] org.apache.hadoop.mapred.MapTask: (RESET) equator 9768248 kv 2442056(9768224) kvi 241544(966176)
2015-10-18 18:03:40,907 INFO [main] org.apache.hadoop.mapred.MapTask: Spilling map output
2015-10-18 18:03:40,907 INFO [main] org.apache.hadoop.mapred.MapTask: bufstart = 9768248; bufend = 57981481; bufvoid = 104857600
2015-10-18 18:03:40,907 INFO [main] org.apache.hadoop.mapred.MapTask: kvstart = 2442056(9768224); kvend = 19738252(78953008); length = 8918205/6553600
2015-10-18 18:03:40,907 INFO [main] org.apache.hadoop.mapred.MapTask: (EQUATOR) 67050233 kvi 16762552(67050208)
2015-10-18 18:04:12,377 INFO [SpillThread] org.apache.hadoop.mapred.MapTask: Finished spill 2
2015-10-18 18:04:12,393 INFO [main] org.apache.hadoop.mapred.MapTask: (RESET) equator 67050233 kv 16762552(67050208) kvi 14554320(58217280)
2015-10-18 18:04:19,065 INFO [main] org.apache.hadoop.mapred.MapTask: Spilling map output
2015-10-18 18:04:19,065 INFO [main] org.apache.hadoop.mapred.MapTask: bufstart = 67050233; bufend = 10441503; bufvoid = 104857600
2015-10-18 18:04:19,065 INFO [main] org.apache.hadoop.mapred.MapTask: kvstart = 16762552(67050208); kvend = 7853256(31413024); length = 8909297/6553600
2015-10-18 18:04:19,065 INFO [main] org.apache.hadoop.mapred.MapTask: (EQUATOR) 19510255 kvi 4877556(19510224)
2015-10-18 18:04:50,645 INFO [SpillThread] org.apache.hadoop.mapred.MapTask: Finished spill 3
2015-10-18 18:04:50,833 INFO [main] org.apache.hadoop.mapred.MapTask: (RESET) equator 19510255 kv 4877556(19510224) kvi 2674180(10696720)
2015-10-18 18:05:57,634 WARN [main] org.apache.hadoop.hdfs.BlockReaderFactory: I/O error constructing remote block reader.
2015-10-18 18:05:57,java.net.NoRouteToHostException: No route to host: no further information
2015-10-18 18:05:57,	at sun.nio.ch.SocketChannelImpl.checkConnect(Native Method)
2015-10-18 18:05:57,	at sun.nio.ch.SocketChannelImpl.finishConnect(SocketChannelImpl.java:735)
2015-10-18 18:05:57,	at org.apache.hadoop.net.SocketIOWithTimeout.connect(SocketIOWithTimeout.java:206)
2015-10-18 18:05:57,	at org.apache.hadoop.net.NetUtils.connect(NetUtils.java:530)
2015-10-18 18:05:57,	at org.apache.hadoop.hdfs.DFSClient.newConnectedPeer(DFSClient.java:3101)
2015-10-18 18:05:57,	at org.apache.hadoop.hdfs.BlockReaderFactory.nextTcpPeer(BlockReaderFactory.java:755)
2015-10-18 18:05:57,	at org.apache.hadoop.hdfs.BlockReaderFactory.getRemoteBlockReaderFromTcp(BlockReaderFactory.java:670)
2015-10-18 18:05:57,	at org.apache.hadoop.hdfs.BlockReaderFactory.build(BlockReaderFactory.java:337)
2015-10-18 18:05:57,	at org.apache.hadoop.hdfs.DFSInputStream.blockSeekTo(DFSInputStream.java:576)
2015-10-18 18:05:57,	at org.apache.hadoop.hdfs.DFSInputStream.seekToBlockSource(DFSInputStream.java:1460)
2015-10-18 18:05:57,	at org.apache.hadoop.hdfs.DFSInputStream.readBuffer(DFSInputStream.java:773)
2015-10-18 18:05:57,	at org.apache.hadoop.hdfs.DFSInputStream.readWithStrategy(DFSInputStream.java:806)
2015-10-18 18:05:57,	at org.apache.hadoop.hdfs.DFSInputStream.read(DFSInputStream.java:847)
2015-10-18 18:05:57,	at java.io.DataInputStream.read(DataInputStream.java:100)
2015-10-18 18:05:57,	at org.apache.hadoop.util.LineReader.fillBuffer(LineReader.java:180)
2015-10-18 18:05:57,	at org.apache.hadoop.util.LineReader.readDefaultLine(LineReader.java:216)
2015-10-18 18:05:57,	at org.apache.hadoop.util.LineReader.readLine(LineReader.java:174)
2015-10-18 18:05:57,	at org.apache.hadoop.mapreduce.lib.input.LineRecordReader.nextKeyValue(LineRecordReader.java:185)
2015-10-18 18:05:57,	at org.apache.hadoop.mapred.MapTask$NewTrackingRecordReader.nextKeyValue(MapTask.java:553)
2015-10-18 18:05:57,	at org.apache.hadoop.mapreduce.task.MapContextImpl.nextKeyValue(MapContextImpl.java:80)
2015-10-18 18:05:57,	at org.apache.hadoop.mapreduce.lib.map.WrappedMapper$Context.nextKeyValue(WrappedMapper.java:91)
2015-10-18 18:05:57,	at org.apache.hadoop.mapreduce.Mapper.run(Mapper.java:144)
2015-10-18 18:05:57,	at org.apache.hadoop.mapred.MapTask.runNewMapper(MapTask.java:784)
2015-10-18 18:05:57,	at org.apache.hadoop.mapred.MapTask.run(MapTask.java:341)
2015-10-18 18:05:57,	at org.apache.hadoop.mapred.YarnChild$2.run(YarnChild.java:163)
2015-10-18 18:05:57,	at java.security.AccessController.doPrivileged(Native Method)
2015-10-18 18:05:57,	at javax.security.auth.Subject.doAs(Subject.java:415)
2015-10-18 18:05:57,	at org.apache.hadoop.security.UserGroupInformation.doAs(UserGroupInformation.java:1628)
2015-10-18 18:05:57,	at org.apache.hadoop.mapred.YarnChild.main(YarnChild.java:158)
2015-10-18 18:05:57,634 WARN [main] org.apache.hadoop.hdfs.DFSClient: Failed to connect to /172.22.149.145:50010 for block, add to deadNodes and continue. java.net.NoRouteToHostException: No route to host: no further information
2015-10-18 18:05:57,java.net.NoRouteToHostException: No route to host: no further information
2015-10-18 18:05:57,	at sun.nio.ch.SocketChannelImpl.checkConnect(Native Method)
2015-10-18 18:05:57,	at sun.nio.ch.SocketChannelImpl.finishConnect(SocketChannelImpl.java:735)
2015-10-18 18:05:57,	at org.apache.hadoop.net.SocketIOWithTimeout.connect(SocketIOWithTimeout.java:206)
2015-10-18 18:05:57,	at org.apache.hadoop.net.NetUtils.connect(NetUtils.java:530)
2015-10-18 18:05:57,	at org.apache.hadoop.hdfs.DFSClient.newConnectedPeer(DFSClient.java:3101)
2015-10-18 18:05:57,	at org.apache.hadoop.hdfs.BlockReaderFactory.nextTcpPeer(BlockReaderFactory.java:755)
2015-10-18 18:05:57,	at org.apache.hadoop.hdfs.BlockReaderFactory.getRemoteBlockReaderFromTcp(BlockReaderFactory.java:670)
2015-10-18 18:05:57,	at org.apache.hadoop.hdfs.BlockReaderFactory.build(BlockReaderFactory.java:337)
2015-10-18 18:05:57,	at org.apache.hadoop.hdfs.DFSInputStream.blockSeekTo(DFSInputStream.java:576)
2015-10-18 18:05:57,	at org.apache.hadoop.hdfs.DFSInputStream.seekToBlockSource(DFSInputStream.java:1460)
2015-10-18 18:05:57,	at org.apache.hadoop.hdfs.DFSInputStream.readBuffer(DFSInputStream.java:773)
2015-10-18 18:05:57,	at org.apache.hadoop.hdfs.DFSInputStream.readWithStrategy(DFSInputStream.java:806)
2015-10-18 18:05:57,	at org.apache.hadoop.hdfs.DFSInputStream.read(DFSInputStream.java:847)
2015-10-18 18:05:57,	at java.io.DataInputStream.read(DataInputStream.java:100)
2015-10-18 18:05:57,	at org.apache.hadoop.util.LineReader.fillBuffer(LineReader.java:180)
2015-10-18 18:05:57,	at org.apache.hadoop.util.LineReader.readDefaultLine(LineReader.java:216)
2015-10-18 18:05:57,	at org.apache.hadoop.util.LineReader.readLine(LineReader.java:174)
2015-10-18 18:05:57,	at org.apache.hadoop.mapreduce.lib.input.LineRecordReader.nextKeyValue(LineRecordReader.java:185)
2015-10-18 18:05:57,	at org.apache.hadoop.mapred.MapTask$NewTrackingRecordReader.nextKeyValue(MapTask.java:553)
2015-10-18 18:05:57,	at org.apache.hadoop.mapreduce.task.MapContextImpl.nextKeyValue(MapContextImpl.java:80)
2015-10-18 18:05:57,	at org.apache.hadoop.mapreduce.lib.map.WrappedMapper$Context.nextKeyValue(WrappedMapper.java:91)
2015-10-18 18:05:57,	at org.apache.hadoop.mapreduce.Mapper.run(Mapper.java:144)
2015-10-18 18:05:57,	at org.apache.hadoop.mapred.MapTask.runNewMapper(MapTask.java:784)
2015-10-18 18:05:57,	at org.apache.hadoop.mapred.MapTask.run(MapTask.java:341)
2015-10-18 18:05:57,	at org.apache.hadoop.mapred.YarnChild$2.run(YarnChild.java:163)
2015-10-18 18:05:57,	at java.security.AccessController.doPrivileged(Native Method)
2015-10-18 18:05:57,	at javax.security.auth.Subject.doAs(Subject.java:415)
2015-10-18 18:05:57,	at org.apache.hadoop.security.UserGroupInformation.doAs(UserGroupInformation.java:1628)
2015-10-18 18:05:57,	at org.apache.hadoop.mapred.YarnChild.main(YarnChild.java:158)
2015-10-18 18:05:57,634 WARN [main] org.apache.hadoop.hdfs.BlockReaderFactory: I/O error constructing remote block reader.
2015-10-18 18:05:57,java.net.NoRouteToHostException: No route to host: no further information
2015-10-18 18:05:57,	at sun.nio.ch.SocketChannelImpl.checkConnect(Native Method)
2015-10-18 18:05:57,	at sun.nio.ch.SocketChannelImpl.finishConnect(SocketChannelImpl.java:735)
2015-10-18 18:05:57,	at org.apache.hadoop.net.SocketIOWithTimeout.connect(SocketIOWithTimeout.java:206)
2015-10-18 18:05:57,	at org.apache.hadoop.net.NetUtils.connect(NetUtils.java:530)
2015-10-18 18:05:57,	at org.apache.hadoop.hdfs.DFSClient.newConnectedPeer(DFSClient.java:3101)
2015-10-18 18:05:57,	at org.apache.hadoop.hdfs.BlockReaderFactory.nextTcpPeer(BlockReaderFactory.java:755)
2015-10-18 18:05:57,	at org.apache.hadoop.hdfs.BlockReaderFactory.getRemoteBlockReaderFromTcp(BlockReaderFactory.java:670)
2015-10-18 18:05:57,	at org.apache.hadoop.hdfs.BlockReaderFactory.build(BlockReaderFactory.java:337)
2015-10-18 18:05:57,	at org.apache.hadoop.hdfs.DFSInputStream.blockSeekTo(DFSInputStream.java:576)
2015-10-18 18:05:57,	at org.apache.hadoop.hdfs.DFSInputStream.seekToBlockSource(DFSInputStream.java:1460)
2015-10-18 18:05:57,	at org.apache.hadoop.hdfs.DFSInputStream.readBuffer(DFSInputStream.java:773)
2015-10-18 18:05:57,	at org.apache.hadoop.hdfs.DFSInputStream.readWithStrategy(DFSInputStream.java:806)
2015-10-18 18:05:57,	at org.apache.hadoop.hdfs.DFSInputStream.read(DFSInputStream.java:847)
2015-10-18 18:05:57,	at java.io.DataInputStream.read(DataInputStream.java:100)
2015-10-18 18:05:57,	at org.apache.hadoop.util.LineReader.fillBuffer(LineReader.java:180)
2015-10-18 18:05:57,	at org.apache.hadoop.util.LineReader.readDefaultLine(LineReader.java:216)
2015-10-18 18:05:57,	at org.apache.hadoop.util.LineReader.readLine(LineReader.java:174)
2015-10-18 18:05:57,	at org.apache.hadoop.mapreduce.lib.input.LineRecordReader.nextKeyValue(LineRecordReader.java:185)
2015-10-18 18:05:57,	at org.apache.hadoop.mapred.MapTask$NewTrackingRecordReader.nextKeyValue(MapTask.java:553)
2015-10-18 18:05:57,	at org.apache.hadoop.mapreduce.task.MapContextImpl.nextKeyValue(MapContextImpl.java:80)
2015-10-18 18:05:57,	at org.apache.hadoop.mapreduce.lib.map.WrappedMapper$Context.nextKeyValue(WrappedMapper.java:91)
2015-10-18 18:05:57,	at org.apache.hadoop.mapreduce.Mapper.run(Mapper.java:144)
2015-10-18 18:05:57,	at org.apache.hadoop.mapred.MapTask.runNewMapper(MapTask.java:784)
2015-10-18 18:05:57,	at org.apache.hadoop.mapred.MapTask.run(MapTask.java:341)
2015-10-18 18:05:57,	at org.apache.hadoop.mapred.YarnChild$2.run(YarnChild.java:163)
2015-10-18 18:05:57,	at java.security.AccessController.doPrivileged(Native Method)
2015-10-18 18:05:57,	at javax.security.auth.Subject.doAs(Subject.java:415)
2015-10-18 18:05:57,	at org.apache.hadoop.security.UserGroupInformation.doAs(UserGroupInformation.java:1628)
2015-10-18 18:05:57,	at org.apache.hadoop.mapred.YarnChild.main(YarnChild.java:158)
2015-10-18 18:05:57,649 WARN [main] org.apache.hadoop.hdfs.DFSClient: Failed to connect to /10.190.173.170:50010 for block, add to deadNodes and continue. java.net.NoRouteToHostException: No route to host: no further information
2015-10-18 18:05:57,java.net.NoRouteToHostException: No route to host: no further information
2015-10-18 18:05:57,	at sun.nio.ch.SocketChannelImpl.checkConnect(Native Method)
2015-10-18 18:05:57,	at sun.nio.ch.SocketChannelImpl.finishConnect(SocketChannelImpl.java:735)
2015-10-18 18:05:57,	at org.apache.hadoop.net.SocketIOWithTimeout.connect(SocketIOWithTimeout.java:206)
2015-10-18 18:05:57,	at org.apache.hadoop.net.NetUtils.connect(NetUtils.java:530)
2015-10-18 18:05:57,	at org.apache.hadoop.hdfs.DFSClient.newConnectedPeer(DFSClient.java:3101)
2015-10-18 18:05:57,	at org.apache.hadoop.hdfs.BlockReaderFactory.nextTcpPeer(BlockReaderFactory.java:755)
2015-10-18 18:05:57,	at org.apache.hadoop.hdfs.BlockReaderFactory.getRemoteBlockReaderFromTcp(BlockReaderFactory.java:670)
2015-10-18 18:05:57,	at org.apache.hadoop.hdfs.BlockReaderFactory.build(BlockReaderFactory.java:337)
2015-10-18 18:05:57,	at org.apache.hadoop.hdfs.DFSInputStream.blockSeekTo(DFSInputStream.java:576)
2015-10-18 18:05:57,	at org.apache.hadoop.hdfs.DFSInputStream.seekToBlockSource(DFSInputStream.java:1460)
2015-10-18 18:05:57,	at org.apache.hadoop.hdfs.DFSInputStream.readBuffer(DFSInputStream.java:773)
2015-10-18 18:05:57,	at org.apache.hadoop.hdfs.DFSInputStream.readWithStrategy(DFSInputStream.java:806)
2015-10-18 18:05:57,	at org.apache.hadoop.hdfs.DFSInputStream.read(DFSInputStream.java:847)
2015-10-18 18:05:57,	at java.io.DataInputStream.read(DataInputStream.java:100)
2015-10-18 18:05:57,	at org.apache.hadoop.util.LineReader.fillBuffer(LineReader.java:180)
2015-10-18 18:05:57,	at org.apache.hadoop.util.LineReader.readDefaultLine(LineReader.java:216)
2015-10-18 18:05:57,	at org.apache.hadoop.util.LineReader.readLine(LineReader.java:174)
2015-10-18 18:05:57,	at org.apache.hadoop.mapreduce.lib.input.LineRecordReader.nextKeyValue(LineRecordReader.java:185)
2015-10-18 18:05:57,	at org.apache.hadoop.mapred.MapTask$NewTrackingRecordReader.nextKeyValue(MapTask.java:553)
2015-10-18 18:05:57,	at org.apache.hadoop.mapreduce.task.MapContextImpl.nextKeyValue(MapContextImpl.java:80)
2015-10-18 18:05:57,	at org.apache.hadoop.mapreduce.lib.map.WrappedMapper$Context.nextKeyValue(WrappedMapper.java:91)
2015-10-18 18:05:57,	at org.apache.hadoop.mapreduce.Mapper.run(Mapper.java:144)
2015-10-18 18:05:57,	at org.apache.hadoop.mapred.MapTask.runNewMapper(MapTask.java:784)
2015-10-18 18:05:57,	at org.apache.hadoop.mapred.MapTask.run(MapTask.java:341)
2015-10-18 18:05:57,	at org.apache.hadoop.mapred.YarnChild$2.run(YarnChild.java:163)
2015-10-18 18:05:57,	at java.security.AccessController.doPrivileged(Native Method)
2015-10-18 18:05:57,	at javax.security.auth.Subject.doAs(Subject.java:415)
2015-10-18 18:05:57,	at org.apache.hadoop.security.UserGroupInformation.doAs(UserGroupInformation.java:1628)
2015-10-18 18:05:57,	at org.apache.hadoop.mapred.YarnChild.main(YarnChild.java:158)
2015-10-18 18:05:57,649 INFO [main] org.apache.hadoop.hdfs.DFSClient: Could not obtain BP-1347369012-10.190.173.170-1444972147527:blk_1073741827_1003 from any node: java.io.IOException: No live nodes contain block BP-1347369012-10.190.173.170-1444972147527:blk_1073741827_1003 after checking nodes = [172.22.149.145:50010, 10.190.173.170:50010], ignoredNodes = null No live nodes contain current block Block locations: 172.22.149.145:50010 10.190.173.170:50010 Dead nodes:  10.190.173.170:50010 172.22.149.145:50010. Will get new block locations from namenode and retry...
2015-10-18 18:05:57,649 WARN [main] org.apache.hadoop.hdfs.DFSClient: DFS chooseDataNode: got # 1 IOException, will wait for 2558.365341350332 msec.
2015-10-18 18:06:00,246 WARN [main] org.apache.hadoop.ipc.Client: Address change detected. Old: msra-sa-41/10.190.173.170:9000 New: msra-sa-41:9000
2015-10-18 18:06:00,246 WARN [main] org.apache.hadoop.hdfs.BlockReaderFactory: I/O error constructing remote block reader.
2015-10-18 18:06:00,java.net.NoRouteToHostException: No route to host: no further information
2015-10-18 18:06:00,	at sun.nio.ch.SocketChannelImpl.checkConnect(Native Method)
2015-10-18 18:06:00,	at sun.nio.ch.SocketChannelImpl.finishConnect(SocketChannelImpl.java:735)
2015-10-18 18:06:00,	at org.apache.hadoop.net.SocketIOWithTimeout.connect(SocketIOWithTimeout.java:206)
2015-10-18 18:06:00,	at org.apache.hadoop.net.NetUtils.connect(NetUtils.java:530)
2015-10-18 18:06:00,	at org.apache.hadoop.hdfs.DFSClient.newConnectedPeer(DFSClient.java:3101)
2015-10-18 18:06:00,	at org.apache.hadoop.hdfs.BlockReaderFactory.nextTcpPeer(BlockReaderFactory.java:755)
2015-10-18 18:06:00,	at org.apache.hadoop.hdfs.BlockReaderFactory.getRemoteBlockReaderFromTcp(BlockReaderFactory.java:670)
2015-10-18 18:06:00,	at org.apache.hadoop.hdfs.BlockReaderFactory.build(BlockReaderFactory.java:337)
2015-10-18 18:06:00,	at org.apache.hadoop.hdfs.DFSInputStream.blockSeekTo(DFSInputStream.java:576)
2015-10-18 18:06:00,	at org.apache.hadoop.hdfs.DFSInputStream.readWithStrategy(DFSInputStream.java:800)
2015-10-18 18:06:00,	at org.apache.hadoop.hdfs.DFSInputStream.read(DFSInputStream.java:847)
2015-10-18 18:06:00,	at java.io.DataInputStream.read(DataInputStream.java:100)
2015-10-18 18:06:00,	at org.apache.hadoop.util.LineReader.fillBuffer(LineReader.java:180)
2015-10-18 18:06:00,	at org.apache.hadoop.util.LineReader.readDefaultLine(LineReader.java:216)
2015-10-18 18:06:00,	at org.apache.hadoop.util.LineReader.readLine(LineReader.java:174)
2015-10-18 18:06:00,	at org.apache.hadoop.mapreduce.lib.input.LineRecordReader.nextKeyValue(LineRecordReader.java:185)
2015-10-18 18:06:00,	at org.apache.hadoop.mapred.MapTask$NewTrackingRecordReader.nextKeyValue(MapTask.java:553)
2015-10-18 18:06:00,	at org.apache.hadoop.mapreduce.task.MapContextImpl.nextKeyValue(MapContextImpl.java:80)
2015-10-18 18:06:00,	at org.apache.hadoop.mapreduce.lib.map.WrappedMapper$Context.nextKeyValue(WrappedMapper.java:91)
2015-10-18 18:06:00,	at org.apache.hadoop.mapreduce.Mapper.run(Mapper.java:144)
2015-10-18 18:06:00,	at org.apache.hadoop.mapred.MapTask.runNewMapper(MapTask.java:784)
2015-10-18 18:06:00,	at org.apache.hadoop.mapred.MapTask.run(MapTask.java:341)
2015-10-18 18:06:00,	at org.apache.hadoop.mapred.YarnChild$2.run(YarnChild.java:163)
2015-10-18 18:06:00,	at java.security.AccessController.doPrivileged(Native Method)
2015-10-18 18:06:00,	at javax.security.auth.Subject.doAs(Subject.java:415)
2015-10-18 18:06:00,	at org.apache.hadoop.security.UserGroupInformation.doAs(UserGroupInformation.java:1628)
2015-10-18 18:06:00,	at org.apache.hadoop.mapred.YarnChild.main(YarnChild.java:158)
2015-10-18 18:06:00,246 WARN [main] org.apache.hadoop.hdfs.DFSClient: Failed to connect to /10.190.173.170:50010 for block, add to deadNodes and continue. java.net.NoRouteToHostException: No route to host: no further information
2015-10-18 18:06:00,java.net.NoRouteToHostException: No route to host: no further information
2015-10-18 18:06:00,	at sun.nio.ch.SocketChannelImpl.checkConnect(Native Method)
2015-10-18 18:06:00,	at sun.nio.ch.SocketChannelImpl.finishConnect(SocketChannelImpl.java:735)
2015-10-18 18:06:00,	at org.apache.hadoop.net.SocketIOWithTimeout.connect(SocketIOWithTimeout.java:206)
2015-10-18 18:06:00,	at org.apache.hadoop.net.NetUtils.connect(NetUtils.java:530)
2015-10-18 18:06:00,	at org.apache.hadoop.hdfs.DFSClient.newConnectedPeer(DFSClient.java:3101)
2015-10-18 18:06:00,	at org.apache.hadoop.hdfs.BlockReaderFactory.nextTcpPeer(BlockReaderFactory.java:755)
2015-10-18 18:06:00,	at org.apache.hadoop.hdfs.BlockReaderFactory.getRemoteBlockReaderFromTcp(BlockReaderFactory.java:670)
2015-10-18 18:06:00,	at org.apache.hadoop.hdfs.BlockReaderFactory.build(BlockReaderFactory.java:337)
2015-10-18 18:06:00,	at org.apache.hadoop.hdfs.DFSInputStream.blockSeekTo(DFSInputStream.java:576)
2015-10-18 18:06:00,	at org.apache.hadoop.hdfs.DFSInputStream.readWithStrategy(DFSInputStream.java:800)
2015-10-18 18:06:00,	at org.apache.hadoop.hdfs.DFSInputStream.read(DFSInputStream.java:847)
2015-10-18 18:06:00,	at java.io.DataInputStream.read(DataInputStream.java:100)
2015-10-18 18:06:00,	at org.apache.hadoop.util.LineReader.fillBuffer(LineReader.java:180)
2015-10-18 18:06:00,	at org.apache.hadoop.util.LineReader.readDefaultLine(LineReader.java:216)
2015-10-18 18:06:00,	at org.apache.hadoop.util.LineReader.readLine(LineReader.java:174)
2015-10-18 18:06:00,	at org.apache.hadoop.mapreduce.lib.input.LineRecordReader.nextKeyValue(LineRecordReader.java:185)
2015-10-18 18:06:00,	at org.apache.hadoop.mapred.MapTask$NewTrackingRecordReader.nextKeyValue(MapTask.java:553)
2015-10-18 18:06:00,	at org.apache.hadoop.mapreduce.task.MapContextImpl.nextKeyValue(MapContextImpl.java:80)
2015-10-18 18:06:00,	at org.apache.hadoop.mapreduce.lib.map.WrappedMapper$Context.nextKeyValue(WrappedMapper.java:91)
2015-10-18 18:06:00,	at org.apache.hadoop.mapreduce.Mapper.run(Mapper.java:144)
2015-10-18 18:06:00,	at org.apache.hadoop.mapred.MapTask.runNewMapper(MapTask.java:784)
2015-10-18 18:06:00,	at org.apache.hadoop.mapred.MapTask.run(MapTask.java:341)
2015-10-18 18:06:00,	at org.apache.hadoop.mapred.YarnChild$2.run(YarnChild.java:163)
2015-10-18 18:06:00,	at java.security.AccessController.doPrivileged(Native Method)
2015-10-18 18:06:00,	at javax.security.auth.Subject.doAs(Subject.java:415)
2015-10-18 18:06:00,	at org.apache.hadoop.security.UserGroupInformation.doAs(UserGroupInformation.java:1628)
2015-10-18 18:06:00,	at org.apache.hadoop.mapred.YarnChild.main(YarnChild.java:158)
2015-10-18 18:06:00,246 INFO [main] org.apache.hadoop.hdfs.DFSClient: Could not obtain BP-1347369012-10.190.173.170-1444972147527:blk_1073741827_1003 from any node: java.io.IOException: No live nodes contain block BP-1347369012-10.190.173.170-1444972147527:blk_1073741827_1003 after checking nodes = [172.22.149.145:50010, 10.190.173.170:50010], ignoredNodes = null No live nodes contain current block Block locations: 172.22.149.145:50010 10.190.173.170:50010 Dead nodes:  10.190.173.170:50010 172.22.149.145:50010. Will get new block locations from namenode and retry...
2015-10-18 18:06:00,246 WARN [main] org.apache.hadoop.hdfs.DFSClient: DFS chooseDataNode: got # 1 IOException, will wait for 398.80007962755826 msec.
2015-10-18 18:06:00,653 WARN [main] org.apache.hadoop.ipc.Client: Address change detected. Old: msra-sa-41/10.190.173.170:9000 New: msra-sa-41:9000
2015-10-18 18:06:00,653 WARN [main] org.apache.hadoop.hdfs.DFSClient: DFS Read
2015-10-18 18:06:00,java.net.NoRouteToHostException: No Route to Host from  MININT-FNANLI5/127.0.0.1 to msra-sa-41:9000 failed on socket timeout exception: java.net.NoRouteToHostException: No route to host: no further information; For more details see:  http://wiki.apache.org/hadoop/NoRouteToHost
2015-10-18 18:06:00,	at sun.reflect.NativeConstructorAccessorImpl.newInstance0(Native Method)
2015-10-18 18:06:00,	at sun.reflect.NativeConstructorAccessorImpl.newInstance(NativeConstructorAccessorImpl.java:57)
2015-10-18 18:06:00,	at sun.reflect.DelegatingConstructorAccessorImpl.newInstance(DelegatingConstructorAccessorImpl.java:45)
2015-10-18 18:06:00,	at java.lang.reflect.Constructor.newInstance(Constructor.java:526)
2015-10-18 18:06:00,	at org.apache.hadoop.net.NetUtils.wrapWithMessage(NetUtils.java:791)
2015-10-18 18:06:00,	at org.apache.hadoop.net.NetUtils.wrapException(NetUtils.java:757)
2015-10-18 18:06:00,	at org.apache.hadoop.ipc.Client.call(Client.java:1472)
2015-10-18 18:06:00,	at org.apache.hadoop.ipc.Client.call(Client.java:1399)
2015-10-18 18:06:00,	at org.apache.hadoop.ipc.ProtobufRpcEngine$Invoker.invoke(ProtobufRpcEngine.java:232)
2015-10-18 18:06:00,	at com.sun.proxy.$Proxy15.getBlockLocations(Unknown Source)
2015-10-18 18:06:00,	at org.apache.hadoop.hdfs.protocolPB.ClientNamenodeProtocolTranslatorPB.getBlockLocations(ClientNamenodeProtocolTranslatorPB.java:254)
2015-10-18 18:06:00,	at sun.reflect.NativeMethodAccessorImpl.invoke0(Native Method)
2015-10-18 18:06:00,	at sun.reflect.NativeMethodAccessorImpl.invoke(NativeMethodAccessorImpl.java:57)
2015-10-18 18:06:00,	at sun.reflect.DelegatingMethodAccessorImpl.invoke(DelegatingMethodAccessorImpl.java:43)
2015-10-18 18:06:00,	at java.lang.reflect.Method.invoke(Method.java:606)
2015-10-18 18:06:00,	at org.apache.hadoop.io.retry.RetryInvocationHandler.invokeMethod(RetryInvocationHandler.java:187)
2015-10-18 18:06:00,	at org.apache.hadoop.io.retry.RetryInvocationHandler.invoke(RetryInvocationHandler.java:102)
2015-10-18 18:06:00,	at com.sun.proxy.$Proxy16.getBlockLocations(Unknown Source)
2015-10-18 18:06:00,	at org.apache.hadoop.hdfs.DFSClient.callGetBlockLocations(DFSClient.java:1220)
2015-10-18 18:06:00,	at org.apache.hadoop.hdfs.DFSClient.getLocatedBlocks(DFSClient.java:1210)
2015-10-18 18:06:00,	at org.apache.hadoop.hdfs.DFSClient.getLocatedBlocks(DFSClient.java:1200)
2015-10-18 18:06:00,	at org.apache.hadoop.hdfs.DFSInputStream.fetchLocatedBlocksAndGetLastBlockLength(DFSInputStream.java:271)
2015-10-18 18:06:00,	at org.apache.hadoop.hdfs.DFSInputStream.openInfo(DFSInputStream.java:238)
2015-10-18 18:06:00,	at org.apache.hadoop.hdfs.DFSInputStream.chooseDataNode(DFSInputStream.java:917)
2015-10-18 18:06:00,	at org.apache.hadoop.hdfs.DFSInputStream.blockSeekTo(DFSInputStream.java:568)
2015-10-18 18:06:00,	at org.apache.hadoop.hdfs.DFSInputStream.readWithStrategy(DFSInputStream.java:800)
2015-10-18 18:06:00,	at org.apache.hadoop.hdfs.DFSInputStream.read(DFSInputStream.java:847)
2015-10-18 18:06:00,	at java.io.DataInputStream.read(DataInputStream.java:100)
2015-10-18 18:06:00,	at org.apache.hadoop.util.LineReader.fillBuffer(LineReader.java:180)
2015-10-18 18:06:00,	at org.apache.hadoop.util.LineReader.readDefaultLine(LineReader.java:216)
2015-10-18 18:06:00,	at org.apache.hadoop.util.LineReader.readLine(LineReader.java:174)
2015-10-18 18:06:00,	at org.apache.hadoop.mapreduce.lib.input.LineRecordReader.nextKeyValue(LineRecordReader.java:185)
2015-10-18 18:06:00,	at org.apache.hadoop.mapred.MapTask$NewTrackingRecordReader.nextKeyValue(MapTask.java:553)
2015-10-18 18:06:00,	at org.apache.hadoop.mapreduce.task.MapContextImpl.nextKeyValue(MapContextImpl.java:80)
2015-10-18 18:06:00,	at org.apache.hadoop.mapreduce.lib.map.WrappedMapper$Context.nextKeyValue(WrappedMapper.java:91)
2015-10-18 18:06:00,	at org.apache.hadoop.mapreduce.Mapper.run(Mapper.java:144)
2015-10-18 18:06:00,	at org.apache.hadoop.mapred.MapTask.runNewMapper(MapTask.java:784)
2015-10-18 18:06:00,	at org.apache.hadoop.mapred.MapTask.run(MapTask.java:341)
2015-10-18 18:06:00,	at org.apache.hadoop.mapred.YarnChild$2.run(YarnChild.java:163)
2015-10-18 18:06:00,	at java.security.AccessController.doPrivileged(Native Method)
2015-10-18 18:06:00,	at javax.security.auth.Subject.doAs(Subject.java:415)
2015-10-18 18:06:00,	at org.apache.hadoop.security.UserGroupInformation.doAs(UserGroupInformation.java:1628)
2015-10-18 18:06:00,	at org.apache.hadoop.mapred.YarnChild.main(YarnChild.java:158)
2015-10-18 18:06:00,Caused by: java.net.NoRouteToHostException: No route to host: no further information
2015-10-18 18:06:00,	at sun.nio.ch.SocketChannelImpl.checkConnect(Native Method)
2015-10-18 18:06:00,	at sun.nio.ch.SocketChannelImpl.finishConnect(SocketChannelImpl.java:735)
2015-10-18 18:06:00,	at org.apache.hadoop.net.SocketIOWithTimeout.connect(SocketIOWithTimeout.java:206)
2015-10-18 18:06:00,	at org.apache.hadoop.net.NetUtils.connect(NetUtils.java:530)
2015-10-18 18:06:00,	at org.apache.hadoop.net.NetUtils.connect(NetUtils.java:494)
2015-10-18 18:06:00,	at org.apache.hadoop.ipc.Client$Connection.setupConnection(Client.java:607)
2015-10-18 18:06:00,	at org.apache.hadoop.ipc.Client$Connection.setupIOstreams(Client.java:705)
2015-10-18 18:06:00,	at org.apache.hadoop.ipc.Client$Connection.access$2800(Client.java:368)
2015-10-18 18:06:00,	at org.apache.hadoop.ipc.Client.getConnection(Client.java:1521)
2015-10-18 18:06:00,	at org.apache.hadoop.ipc.Client.call(Client.java:1438)
2015-10-18 18:06:00,	... 36 more
2015-10-18 18:06:00,653 INFO [main] org.apache.hadoop.mapred.MapTask: Starting flush of map output
2015-10-18 18:06:00,653 INFO [main] org.apache.hadoop.mapred.MapTask: Spilling map output
2015-10-18 18:06:00,653 INFO [main] org.apache.hadoop.mapred.MapTask: bufstart = 19510255; bufend = 38350397; bufvoid = 104857600
2015-10-18 18:06:00,653 INFO [main] org.apache.hadoop.mapred.MapTask: kvstart = 4877556(19510224); kvend = 1391044(5564176); length = 3486513/6553600
2015-10-18 18:06:05,591 INFO [main] org.apache.hadoop.mapred.MapTask: Finished spill 4
2015-10-18 18:06:05,622 INFO [main] org.apache.hadoop.mapred.Merger: Merging 5 sorted segments
2015-10-18 18:06:05,669 INFO [main] org.apache.hadoop.mapred.Merger: Down to the last merge-pass, with 5 segments left of total size: 165262931 bytes
2015-10-18 18:06:28,170 WARN [main] org.apache.hadoop.mapred.YarnChild: Exception running child : java.net.NoRouteToHostException: No Route to Host from  MININT-FNANLI5/127.0.0.1 to msra-sa-41:9000 failed on socket timeout exception: java.net.NoRouteToHostException: No route to host: no further information; For more details see:  http://wiki.apache.org/hadoop/NoRouteToHost
2015-10-18 18:06:28,	at sun.reflect.NativeConstructorAccessorImpl.newInstance0(Native Method)
2015-10-18 18:06:28,	at sun.reflect.NativeConstructorAccessorImpl.newInstance(NativeConstructorAccessorImpl.java:57)
2015-10-18 18:06:28,	at sun.reflect.DelegatingConstructorAccessorImpl.newInstance(DelegatingConstructorAccessorImpl.java:45)
2015-10-18 18:06:28,	at java.lang.reflect.Constructor.newInstance(Constructor.java:526)
2015-10-18 18:06:28,	at org.apache.hadoop.net.NetUtils.wrapWithMessage(NetUtils.java:791)
2015-10-18 18:06:28,	at org.apache.hadoop.net.NetUtils.wrapException(NetUtils.java:757)
2015-10-18 18:06:28,	at org.apache.hadoop.ipc.Client.call(Client.java:1472)
2015-10-18 18:06:28,	at org.apache.hadoop.ipc.Client.call(Client.java:1399)
2015-10-18 18:06:28,	at org.apache.hadoop.ipc.ProtobufRpcEngine$Invoker.invoke(ProtobufRpcEngine.java:232)
2015-10-18 18:06:28,	at com.sun.proxy.$Proxy15.getBlockLocations(Unknown Source)
2015-10-18 18:06:28,	at org.apache.hadoop.hdfs.protocolPB.ClientNamenodeProtocolTranslatorPB.getBlockLocations(ClientNamenodeProtocolTranslatorPB.java:254)
2015-10-18 18:06:28,	at sun.reflect.NativeMethodAccessorImpl.invoke0(Native Method)
2015-10-18 18:06:28,	at sun.reflect.NativeMethodAccessorImpl.invoke(NativeMethodAccessorImpl.java:57)
2015-10-18 18:06:28,	at sun.reflect.DelegatingMethodAccessorImpl.invoke(DelegatingMethodAccessorImpl.java:43)
2015-10-18 18:06:28,	at java.lang.reflect.Method.invoke(Method.java:606)
2015-10-18 18:06:28,	at org.apache.hadoop.io.retry.RetryInvocationHandler.invokeMethod(RetryInvocationHandler.java:187)
2015-10-18 18:06:28,	at org.apache.hadoop.io.retry.RetryInvocationHandler.invoke(RetryInvocationHandler.java:102)
2015-10-18 18:06:28,	at com.sun.proxy.$Proxy16.getBlockLocations(Unknown Source)
2015-10-18 18:06:28,	at org.apache.hadoop.hdfs.DFSClient.callGetBlockLocations(DFSClient.java:1220)
2015-10-18 18:06:28,	at org.apache.hadoop.hdfs.DFSClient.getLocatedBlocks(DFSClient.java:1210)
2015-10-18 18:06:28,	at org.apache.hadoop.hdfs.DFSClient.getLocatedBlocks(DFSClient.java:1200)
2015-10-18 18:06:28,	at org.apache.hadoop.hdfs.DFSInputStream.fetchLocatedBlocksAndGetLastBlockLength(DFSInputStream.java:271)
2015-10-18 18:06:28,	at org.apache.hadoop.hdfs.DFSInputStream.openInfo(DFSInputStream.java:238)
2015-10-18 18:06:28,	at org.apache.hadoop.hdfs.DFSInputStream.chooseDataNode(DFSInputStream.java:917)
2015-10-18 18:06:28,	at org.apache.hadoop.hdfs.DFSInputStream.blockSeekTo(DFSInputStream.java:568)
2015-10-18 18:06:28,	at org.apache.hadoop.hdfs.DFSInputStream.readWithStrategy(DFSInputStream.java:800)
2015-10-18 18:06:28,	at org.apache.hadoop.hdfs.DFSInputStream.read(DFSInputStream.java:847)
2015-10-18 18:06:28,	at java.io.DataInputStream.read(DataInputStream.java:100)
2015-10-18 18:06:28,	at org.apache.hadoop.util.LineReader.fillBuffer(LineReader.java:180)
2015-10-18 18:06:28,	at org.apache.hadoop.util.LineReader.readDefaultLine(LineReader.java:216)
2015-10-18 18:06:28,	at org.apache.hadoop.util.LineReader.readLine(LineReader.java:174)
2015-10-18 18:06:28,	at org.apache.hadoop.mapreduce.lib.input.LineRecordReader.nextKeyValue(LineRecordReader.java:185)
2015-10-18 18:06:28,	at org.apache.hadoop.mapred.MapTask$NewTrackingRecordReader.nextKeyValue(MapTask.java:553)
2015-10-18 18:06:28,	at org.apache.hadoop.mapreduce.task.MapContextImpl.nextKeyValue(MapContextImpl.java:80)
2015-10-18 18:06:28,	at org.apache.hadoop.mapreduce.lib.map.WrappedMapper$Context.nextKeyValue(WrappedMapper.java:91)
2015-10-18 18:06:28,	at org.apache.hadoop.mapreduce.Mapper.run(Mapper.java:144)
2015-10-18 18:06:28,	at org.apache.hadoop.mapred.MapTask.runNewMapper(MapTask.java:784)
2015-10-18 18:06:28,	at org.apache.hadoop.mapred.MapTask.run(MapTask.java:341)
2015-10-18 18:06:28,	at org.apache.hadoop.mapred.YarnChild$2.run(YarnChild.java:163)
2015-10-18 18:06:28,	at java.security.AccessController.doPrivileged(Native Method)
2015-10-18 18:06:28,	at javax.security.auth.Subject.doAs(Subject.java:415)
2015-10-18 18:06:28,	at org.apache.hadoop.security.UserGroupInformation.doAs(UserGroupInformation.java:1628)
2015-10-18 18:06:28,	at org.apache.hadoop.mapred.YarnChild.main(YarnChild.java:158)
2015-10-18 18:06:28,Caused by: java.net.NoRouteToHostException: No route to host: no further information
2015-10-18 18:06:28,	at sun.nio.ch.SocketChannelImpl.checkConnect(Native Method)
2015-10-18 18:06:28,	at sun.nio.ch.SocketChannelImpl.finishConnect(SocketChannelImpl.java:735)
2015-10-18 18:06:28,	at org.apache.hadoop.net.SocketIOWithTimeout.connect(SocketIOWithTimeout.java:206)
2015-10-18 18:06:28,	at org.apache.hadoop.net.NetUtils.connect(NetUtils.java:530)
2015-10-18 18:06:28,	at org.apache.hadoop.net.NetUtils.connect(NetUtils.java:494)
2015-10-18 18:06:28,	at org.apache.hadoop.ipc.Client$Connection.setupConnection(Client.java:607)
2015-10-18 18:06:28,	at org.apache.hadoop.ipc.Client$Connection.setupIOstreams(Client.java:705)
2015-10-18 18:06:28,	at org.apache.hadoop.ipc.Client$Connection.access$2800(Client.java:368)
2015-10-18 18:06:28,	at org.apache.hadoop.ipc.Client.getConnection(Client.java:1521)
2015-10-18 18:06:28,	at org.apache.hadoop.ipc.Client.call(Client.java:1438)
2015-10-18 18:06:28,	... 36 more
2015-10-18 18:06:28,
2015-10-18 18:06:28,170 INFO [main] org.apache.hadoop.mapred.Task: Runnning cleanup for the task
2015-10-18 18:06:28,217 WARN [main] org.apache.hadoop.ipc.Client: Address change detected. Old: msra-sa-41/10.190.173.170:9000 New: msra-sa-41:9000
2015-10-18 18:06:28,217 INFO [main] org.apache.hadoop.mapred.YarnChild: Exception cleaning up: java.net.NoRouteToHostException: No Route to Host from  MININT-FNANLI5/127.0.0.1 to msra-sa-41:9000 failed on socket timeout exception: java.net.NoRouteToHostException: No route to host: no further information; For more details see:  http://wiki.apache.org/hadoop/NoRouteToHost
2015-10-18 18:06:28,	at sun.reflect.NativeConstructorAccessorImpl.newInstance0(Native Method)
2015-10-18 18:06:28,	at sun.reflect.NativeConstructorAccessorImpl.newInstance(NativeConstructorAccessorImpl.java:57)
2015-10-18 18:06:28,	at sun.reflect.DelegatingConstructorAccessorImpl.newInstance(DelegatingConstructorAccessorImpl.java:45)
2015-10-18 18:06:28,	at java.lang.reflect.Constructor.newInstance(Constructor.java:526)
2015-10-18 18:06:28,	at org.apache.hadoop.net.NetUtils.wrapWithMessage(NetUtils.java:791)
2015-10-18 18:06:28,	at org.apache.hadoop.net.NetUtils.wrapException(NetUtils.java:757)
2015-10-18 18:06:28,	at org.apache.hadoop.ipc.Client.call(Client.java:1472)
2015-10-18 18:06:28,	at org.apache.hadoop.ipc.Client.call(Client.java:1399)
2015-10-18 18:06:28,	at org.apache.hadoop.ipc.ProtobufRpcEngine$Invoker.invoke(ProtobufRpcEngine.java:232)
2015-10-18 18:06:28,	at com.sun.proxy.$Proxy15.delete(Unknown Source)
2015-10-18 18:06:28,	at org.apache.hadoop.hdfs.protocolPB.ClientNamenodeProtocolTranslatorPB.delete(ClientNamenodeProtocolTranslatorPB.java:521)
2015-10-18 18:06:28,	at sun.reflect.NativeMethodAccessorImpl.invoke0(Native Method)
2015-10-18 18:06:28,	at sun.reflect.NativeMethodAccessorImpl.invoke(NativeMethodAccessorImpl.java:57)
2015-10-18 18:06:28,	at sun.reflect.DelegatingMethodAccessorImpl.invoke(DelegatingMethodAccessorImpl.java:43)
2015-10-18 18:06:28,	at java.lang.reflect.Method.invoke(Method.java:606)
2015-10-18 18:06:28,	at org.apache.hadoop.io.retry.RetryInvocationHandler.invokeMethod(RetryInvocationHandler.java:187)
2015-10-18 18:06:28,	at org.apache.hadoop.io.retry.RetryInvocationHandler.invoke(RetryInvocationHandler.java:102)
2015-10-18 18:06:28,	at com.sun.proxy.$Proxy16.delete(Unknown Source)
2015-10-18 18:06:28,	at org.apache.hadoop.hdfs.DFSClient.delete(DFSClient.java:1929)
2015-10-18 18:06:28,	at org.apache.hadoop.hdfs.DistributedFileSystem$12.doCall(DistributedFileSystem.java:638)
2015-10-18 18:06:28,	at org.apache.hadoop.hdfs.DistributedFileSystem$12.doCall(DistributedFileSystem.java:634)
2015-10-18 18:06:28,	at org.apache.hadoop.fs.FileSystemLinkResolver.resolve(FileSystemLinkResolver.java:81)
2015-10-18 18:06:28,	at org.apache.hadoop.hdfs.DistributedFileSystem.delete(DistributedFileSystem.java:634)
2015-10-18 18:06:28,	at org.apache.hadoop.mapreduce.lib.output.FileOutputCommitter.abortTask(FileOutputCommitter.java:466)
2015-10-18 18:06:28,	at org.apache.hadoop.mapreduce.lib.output.FileOutputCommitter.abortTask(FileOutputCommitter.java:455)
2015-10-18 18:06:28,	at org.apache.hadoop.mapred.Task.taskCleanup(Task.java:1199)
2015-10-18 18:06:28,	at org.apache.hadoop.mapred.YarnChild$3.run(YarnChild.java:185)
2015-10-18 18:06:28,	at java.security.AccessController.doPrivileged(Native Method)
2015-10-18 18:06:28,	at javax.security.auth.Subject.doAs(Subject.java:415)
2015-10-18 18:06:28,	at org.apache.hadoop.security.UserGroupInformation.doAs(UserGroupInformation.java:1628)
2015-10-18 18:06:28,	at org.apache.hadoop.mapred.YarnChild.main(YarnChild.java:182)
2015-10-18 18:06:28,Caused by: java.net.NoRouteToHostException: No route to host: no further information
2015-10-18 18:06:28,	at sun.nio.ch.SocketChannelImpl.checkConnect(Native Method)
2015-10-18 18:06:28,	at sun.nio.ch.SocketChannelImpl.finishConnect(SocketChannelImpl.java:735)
2015-10-18 18:06:28,	at org.apache.hadoop.net.SocketIOWithTimeout.connect(SocketIOWithTimeout.java:206)
2015-10-18 18:06:28,	at org.apache.hadoop.net.NetUtils.connect(NetUtils.java:530)
2015-10-18 18:06:28,	at org.apache.hadoop.net.NetUtils.connect(NetUtils.java:494)
2015-10-18 18:06:28,	at org.apache.hadoop.ipc.Client$Connection.setupConnection(Client.java:607)
2015-10-18 18:06:28,	at org.apache.hadoop.ipc.Client$Connection.setupIOstreams(Client.java:705)
2015-10-18 18:06:28,	at org.apache.hadoop.ipc.Client$Connection.access$2800(Client.java:368)
2015-10-18 18:06:28,	at org.apache.hadoop.ipc.Client.getConnection(Client.java:1521)
2015-10-18 18:06:28,	at org.apache.hadoop.ipc.Client.call(Client.java:1438)
2015-10-18 18:06:28,	... 24 more
2015-10-18 18:06:28,
2015-10-18 18:06:28,217 INFO [main] org.apache.hadoop.metrics2.impl.MetricsSystemImpl: Stopping MapTask metrics system...
2015-10-18 18:06:28,217 INFO [main] org.apache.hadoop.metrics2.impl.MetricsSystemImpl: MapTask metrics system stopped.
2015-10-18 18:06:28,217 INFO [main] org.apache.hadoop.metrics2.impl.MetricsSystemImpl: MapTask metrics system shutdown complete.
