2015-10-17 21:51:23,947 INFO [main] org.apache.hadoop.metrics2.impl.MetricsConfig: loaded properties from hadoop-metrics2.properties
2015-10-17 21:51:24,088 INFO [main] org.apache.hadoop.metrics2.impl.MetricsSystemImpl: Scheduled snapshot period at 10 second(s).
2015-10-17 21:51:24,088 INFO [main] org.apache.hadoop.metrics2.impl.MetricsSystemImpl: MapTask metrics system started
2015-10-17 21:51:24,119 INFO [main] org.apache.hadoop.mapred.YarnChild: Executing with tokens:
2015-10-17 21:51:24,119 INFO [main] org.apache.hadoop.mapred.YarnChild: Kind: mapreduce.job, Service: job_1445087491445_0005, Ident: (org.apache.hadoop.mapreduce.security.token.JobTokenIdentifier@7f0eb4b4)
2015-10-17 21:51:24,260 INFO [main] org.apache.hadoop.mapred.YarnChild: Sleeping for 0ms before retrying again. Got null now.
2015-10-17 21:51:24,733 INFO [main] org.apache.hadoop.mapred.YarnChild: mapreduce.cluster.local.dir for child: /tmp/hadoop-msrabi/nm-local-dir/usercache/msrabi/appcache/application_1445087491445_0005
2015-10-17 21:51:25,092 INFO [main] org.apache.hadoop.conf.Configuration.deprecation: session.id is deprecated. Instead, use dfs.metrics.session-id
2015-10-17 21:51:25,967 INFO [main] org.apache.hadoop.yarn.util.ProcfsBasedProcessTree: ProcfsBasedProcessTree currently is supported only on Linux.
2015-10-17 21:51:25,983 INFO [main] org.apache.hadoop.mapred.Task:  Using ResourceCalculatorProcessTree : org.apache.hadoop.yarn.util.WindowsBasedProcessTree@6ad3381f
2015-10-17 21:51:26,358 INFO [main] org.apache.hadoop.mapred.MapTask: Processing split: hdfs://msra-sa-41:9000/wordcount2.txt:1342177280+134217728
2015-10-17 21:51:26,451 INFO [main] org.apache.hadoop.mapred.MapTask: (EQUATOR) 0 kvi 26214396(104857584)
2015-10-17 21:51:26,451 INFO [main] org.apache.hadoop.mapred.MapTask: mapreduce.task.io.sort.mb: 100
2015-10-17 21:51:26,451 INFO [main] org.apache.hadoop.mapred.MapTask: soft limit at 83886080
2015-10-17 21:51:26,451 INFO [main] org.apache.hadoop.mapred.MapTask: bufstart = 0; bufvoid = 104857600
2015-10-17 21:51:26,451 INFO [main] org.apache.hadoop.mapred.MapTask: kvstart = 26214396; length = 6553600
2015-10-17 21:51:26,451 INFO [main] org.apache.hadoop.mapred.MapTask: Map output collector class = org.apache.hadoop.mapred.MapTask$MapOutputBuffer
2015-10-17 21:51:30,814 INFO [main] org.apache.hadoop.mapred.MapTask: Spilling map output
2015-10-17 21:51:30,814 INFO [main] org.apache.hadoop.mapred.MapTask: bufstart = 0; bufend = 34174413; bufvoid = 104857600
2015-10-17 21:51:30,814 INFO [main] org.apache.hadoop.mapred.MapTask: kvstart = 26214396(104857584); kvend = 13786484(55145936); length = 12427913/6553600
2015-10-17 21:51:30,814 INFO [main] org.apache.hadoop.mapred.MapTask: (EQUATOR) 44660166 kvi 11165036(44660144)
2015-10-17 21:51:42,989 INFO [SpillThread] org.apache.hadoop.mapred.MapTask: Finished spill 0
2015-10-17 21:51:42,989 INFO [main] org.apache.hadoop.mapred.MapTask: (RESET) equator 44660166 kv 11165036(44660144) kvi 8543608(34174432)
2015-10-17 21:51:49,083 INFO [main] org.apache.hadoop.mapred.MapTask: Spilling map output
2015-10-17 21:51:49,083 INFO [main] org.apache.hadoop.mapred.MapTask: bufstart = 44660166; bufend = 78839764; bufvoid = 104857600
2015-10-17 21:51:49,083 INFO [main] org.apache.hadoop.mapred.MapTask: kvstart = 11165036(44660144); kvend = 24952820(99811280); length = 12426617/6553600
2015-10-17 21:51:49,083 INFO [main] org.apache.hadoop.mapred.MapTask: (EQUATOR) 89325514 kvi 22331372(89325488)
2015-10-17 21:51:57,724 INFO [SpillThread] org.apache.hadoop.mapred.MapTask: Finished spill 1
2015-10-17 21:51:57,724 INFO [main] org.apache.hadoop.mapred.MapTask: (RESET) equator 89325514 kv 22331372(89325488) kvi 19709948(78839792)
2015-10-17 21:52:06,678 INFO [main] org.apache.hadoop.mapred.MapTask: Spilling map output
2015-10-17 21:52:06,678 INFO [main] org.apache.hadoop.mapred.MapTask: bufstart = 89325514; bufend = 18644327; bufvoid = 104857600
2015-10-17 21:52:06,678 INFO [main] org.apache.hadoop.mapred.MapTask: kvstart = 22331372(89325488); kvend = 9903964(39615856); length = 12427409/6553600
2015-10-17 21:52:06,678 INFO [main] org.apache.hadoop.mapred.MapTask: (EQUATOR) 29130083 kvi 7282516(29130064)
2015-10-17 21:52:14,084 INFO [SpillThread] org.apache.hadoop.mapred.MapTask: Finished spill 2
2015-10-17 21:52:14,100 INFO [main] org.apache.hadoop.mapred.MapTask: (RESET) equator 29130083 kv 7282516(29130064) kvi 4661088(18644352)
2015-10-17 21:52:19,944 INFO [main] org.apache.hadoop.mapred.MapTask: Spilling map output
2015-10-17 21:52:19,944 INFO [main] org.apache.hadoop.mapred.MapTask: bufstart = 29130083; bufend = 63301230; bufvoid = 104857600
2015-10-17 21:52:19,944 INFO [main] org.apache.hadoop.mapred.MapTask: kvstart = 7282516(29130064); kvend = 21068188(84272752); length = 12428729/6553600
2015-10-17 21:52:19,944 INFO [main] org.apache.hadoop.mapred.MapTask: (EQUATOR) 73786983 kvi 18446740(73786960)
2015-10-17 21:52:28,476 INFO [SpillThread] org.apache.hadoop.mapred.MapTask: Finished spill 3
2015-10-17 21:52:28,476 INFO [main] org.apache.hadoop.mapred.MapTask: (RESET) equator 73786983 kv 18446740(73786960) kvi 15825312(63301248)
2015-10-17 21:52:35,023 INFO [main] org.apache.hadoop.mapred.MapTask: Spilling map output
2015-10-17 21:52:35,023 INFO [main] org.apache.hadoop.mapred.MapTask: bufstart = 73786983; bufend = 3103855; bufvoid = 104857595
2015-10-17 21:52:35,023 INFO [main] org.apache.hadoop.mapred.MapTask: kvstart = 18446740(73786960); kvend = 6018844(24075376); length = 12427897/6553600
2015-10-17 21:52:35,023 INFO [main] org.apache.hadoop.mapred.MapTask: (EQUATOR) 13589607 kvi 3397396(13589584)
2015-10-17 21:52:43,476 INFO [SpillThread] org.apache.hadoop.mapred.MapTask: Finished spill 4
2015-10-17 21:52:43,492 INFO [main] org.apache.hadoop.mapred.MapTask: (RESET) equator 13589607 kv 3397396(13589584) kvi 775968(3103872)
2015-10-17 21:52:48,664 INFO [main] org.apache.hadoop.mapred.MapTask: Spilling map output
2015-10-17 21:52:48,664 INFO [main] org.apache.hadoop.mapred.MapTask: bufstart = 13589607; bufend = 47761329; bufvoid = 104857600
2015-10-17 21:52:48,664 INFO [main] org.apache.hadoop.mapred.MapTask: kvstart = 3397396(13589584); kvend = 17183212(68732848); length = 12428585/6553600
2015-10-17 21:52:48,680 INFO [main] org.apache.hadoop.mapred.MapTask: (EQUATOR) 58247080 kvi 14561764(58247056)
2015-10-17 21:52:49,773 INFO [main] org.apache.hadoop.mapred.MapTask: Starting flush of map output
2015-10-17 21:52:56,774 INFO [SpillThread] org.apache.hadoop.mapred.MapTask: Finished spill 5
2015-10-17 21:52:56,774 INFO [main] org.apache.hadoop.mapred.MapTask: (RESET) equator 58247080 kv 14561764(58247056) kvi 12514028(50056112)
2015-10-17 21:52:56,774 INFO [main] org.apache.hadoop.mapred.MapTask: Spilling map output
2015-10-17 21:52:56,774 INFO [main] org.apache.hadoop.mapred.MapTask: bufstart = 58247080; bufend = 63879248; bufvoid = 104857600
2015-10-17 21:52:56,774 INFO [main] org.apache.hadoop.mapred.MapTask: kvstart = 14561764(58247056); kvend = 12514032(50056128); length = 2047733/6553600
2015-10-17 21:52:58,242 INFO [main] org.apache.hadoop.mapred.MapTask: Finished spill 6
2015-10-17 21:52:58,258 INFO [main] org.apache.hadoop.mapred.Merger: Merging 7 sorted segments
2015-10-17 21:52:58,274 INFO [main] org.apache.hadoop.mapred.Merger: Down to the last merge-pass, with 7 segments left of total size: 228401840 bytes
2015-10-17 21:53:26,165 INFO [main] org.apache.hadoop.mapred.Task: Task:attempt_1445087491445_0005_m_000011_3 is done. And is in the process of committing
2015-10-17 21:53:26,228 INFO [main] org.apache.hadoop.mapred.Task: Task 'attempt_1445087491445_0005_m_000011_3' done.
