2015-10-19 15:55:33,203 INFO [main] org.apache.hadoop.metrics2.impl.MetricsConfig: loaded properties from hadoop-metrics2.properties
2015-10-19 15:55:33,359 INFO [main] org.apache.hadoop.metrics2.impl.MetricsSystemImpl: Scheduled snapshot period at 10 second(s).
2015-10-19 15:55:33,359 INFO [main] org.apache.hadoop.metrics2.impl.MetricsSystemImpl: ReduceTask metrics system started
2015-10-19 15:55:33,406 INFO [main] org.apache.hadoop.mapred.YarnChild: Executing with tokens:
2015-10-19 15:55:33,406 INFO [main] org.apache.hadoop.mapred.YarnChild: Kind: mapreduce.job, Service: job_1445182159119_0014, Ident: (org.apache.hadoop.mapreduce.security.token.JobTokenIdentifier@67b65d47)
2015-10-19 15:55:33,781 INFO [main] org.apache.hadoop.mapred.YarnChild: Sleeping for 0ms before retrying again. Got null now.
2015-10-19 15:55:34,546 INFO [main] org.apache.hadoop.mapred.YarnChild: mapreduce.cluster.local.dir for child: /tmp/hadoop-msrabi/nm-local-dir/usercache/msrabi/appcache/application_1445182159119_0014
2015-10-19 15:55:36,749 INFO [main] org.apache.hadoop.conf.Configuration.deprecation: session.id is deprecated. Instead, use dfs.metrics.session-id
2015-10-19 15:55:38,500 INFO [main] org.apache.hadoop.yarn.util.ProcfsBasedProcessTree: ProcfsBasedProcessTree currently is supported only on Linux.
2015-10-19 15:55:38,968 INFO [main] org.apache.hadoop.mapred.Task:  Using ResourceCalculatorProcessTree : org.apache.hadoop.yarn.util.WindowsBasedProcessTree@c16af82
2015-10-19 15:55:39,281 INFO [main] org.apache.hadoop.mapred.ReduceTask: Using ShuffleConsumerPlugin: org.apache.hadoop.mapreduce.task.reduce.Shuffle@5bec0560
2015-10-19 15:55:39,500 INFO [main] org.apache.hadoop.mapreduce.task.reduce.MergeManagerImpl: MergerManager: memoryLimit=130652568, maxSingleShuffleLimit=32663142, mergeThreshold=86230696, ioSortFactor=10, memToMemMergeOutputsThreshold=10
2015-10-19 15:55:39,609 INFO [EventFetcher for fetching Map Completion Events] org.apache.hadoop.mapreduce.task.reduce.EventFetcher: attempt_1445182159119_0014_r_000000_0 Thread started: EventFetcher for fetching Map Completion Events
2015-10-19 15:55:39,625 INFO [EventFetcher for fetching Map Completion Events] org.apache.hadoop.mapreduce.task.reduce.EventFetcher: attempt_1445182159119_0014_r_000000_0: Got 1 new map-outputs
2015-10-19 15:55:39,734 INFO [fetcher#1] org.apache.hadoop.mapreduce.task.reduce.ShuffleSchedulerImpl: Assigning MSRA-SA-41.fareast.corp.microsoft.com:13562 with 1 to fetcher#1
2015-10-19 15:55:39,734 INFO [fetcher#1] org.apache.hadoop.mapreduce.task.reduce.ShuffleSchedulerImpl: assigned 1 of 1 to MSRA-SA-41.fareast.corp.microsoft.com:13562 to fetcher#1
2015-10-19 15:55:39,968 INFO [fetcher#1] org.apache.hadoop.mapreduce.task.reduce.Fetcher: for url=13562/mapOutput?job=job_1445182159119_0014&reduce=0&map=attempt_1445182159119_0014_m_000002_0 sent hash and received reply
2015-10-19 15:55:39,984 INFO [fetcher#1] org.apache.hadoop.mapreduce.task.reduce.MergeManagerImpl: attempt_1445182159119_0014_m_000002_0: Shuffling to disk since 60514392 is greater than maxSingleShuffleLimit (32663142)
2015-10-19 15:55:40,000 INFO [fetcher#1] org.apache.hadoop.mapreduce.task.reduce.Fetcher: fetcher#1 about to shuffle output of map attempt_1445182159119_0014_m_000002_0 decomp: 60514392 len: 60514396 to DISK
2015-10-19 15:56:19,250 INFO [fetcher#1] org.apache.hadoop.mapreduce.task.reduce.OnDiskMapOutput: Read 60514396 bytes from map-output for attempt_1445182159119_0014_m_000002_0
2015-10-19 15:56:19,328 INFO [fetcher#1] org.apache.hadoop.mapreduce.task.reduce.ShuffleSchedulerImpl: MSRA-SA-41.fareast.corp.microsoft.com:13562 freed by fetcher#1 in 39595ms
2015-10-19 15:56:38,360 INFO [EventFetcher for fetching Map Completion Events] org.apache.hadoop.mapreduce.task.reduce.EventFetcher: attempt_1445182159119_0014_r_000000_0: Got 1 new map-outputs
2015-10-19 15:56:38,360 INFO [fetcher#1] org.apache.hadoop.mapreduce.task.reduce.ShuffleSchedulerImpl: Assigning MSRA-SA-41.fareast.corp.microsoft.com:13562 with 1 to fetcher#1
2015-10-19 15:56:38,360 INFO [fetcher#1] org.apache.hadoop.mapreduce.task.reduce.ShuffleSchedulerImpl: assigned 1 of 1 to MSRA-SA-41.fareast.corp.microsoft.com:13562 to fetcher#1
2015-10-19 15:56:38,391 INFO [fetcher#1] org.apache.hadoop.mapreduce.task.reduce.Fetcher: for url=13562/mapOutput?job=job_1445182159119_0014&reduce=0&map=attempt_1445182159119_0014_m_000007_0 sent hash and received reply
2015-10-19 15:56:38,391 INFO [fetcher#1] org.apache.hadoop.mapreduce.task.reduce.MergeManagerImpl: attempt_1445182159119_0014_m_000007_0: Shuffling to disk since 60517368 is greater than maxSingleShuffleLimit (32663142)
2015-10-19 15:56:38,407 INFO [fetcher#1] org.apache.hadoop.mapreduce.task.reduce.Fetcher: fetcher#1 about to shuffle output of map attempt_1445182159119_0014_m_000007_0 decomp: 60517368 len: 60517372 to DISK
2015-10-19 15:56:40,376 INFO [EventFetcher for fetching Map Completion Events] org.apache.hadoop.mapreduce.task.reduce.EventFetcher: attempt_1445182159119_0014_r_000000_0: Got 1 new map-outputs
2015-10-19 15:56:41,391 INFO [EventFetcher for fetching Map Completion Events] org.apache.hadoop.mapreduce.task.reduce.EventFetcher: attempt_1445182159119_0014_r_000000_0: Got 1 new map-outputs
2015-10-19 15:56:43,422 INFO [EventFetcher for fetching Map Completion Events] org.apache.hadoop.mapreduce.task.reduce.EventFetcher: attempt_1445182159119_0014_r_000000_0: Got 1 new map-outputs
2015-10-19 15:56:43,422 INFO [fetcher#4] org.apache.hadoop.mapreduce.task.reduce.ShuffleSchedulerImpl: Assigning MSRA-SA-39.fareast.corp.microsoft.com:13562 with 1 to fetcher#4
2015-10-19 15:56:43,422 INFO [fetcher#4] org.apache.hadoop.mapreduce.task.reduce.ShuffleSchedulerImpl: assigned 1 of 1 to MSRA-SA-39.fareast.corp.microsoft.com:13562 to fetcher#4
2015-10-19 15:56:43,547 INFO [fetcher#4] org.apache.hadoop.mapreduce.task.reduce.Fetcher: for url=13562/mapOutput?job=job_1445182159119_0014&reduce=0&map=attempt_1445182159119_0014_m_000003_0 sent hash and received reply
2015-10-19 15:56:43,547 INFO [fetcher#4] org.apache.hadoop.mapreduce.task.reduce.MergeManagerImpl: attempt_1445182159119_0014_m_000003_0: Shuffling to disk since 60515787 is greater than maxSingleShuffleLimit (32663142)
2015-10-19 15:56:43,563 INFO [fetcher#4] org.apache.hadoop.mapreduce.task.reduce.Fetcher: fetcher#4 about to shuffle output of map attempt_1445182159119_0014_m_000003_0 decomp: 60515787 len: 60515791 to DISK
2015-10-19 15:56:49,454 INFO [EventFetcher for fetching Map Completion Events] org.apache.hadoop.mapreduce.task.reduce.EventFetcher: attempt_1445182159119_0014_r_000000_0: Got 1 new map-outputs
2015-10-19 15:56:50,454 INFO [EventFetcher for fetching Map Completion Events] org.apache.hadoop.mapreduce.task.reduce.EventFetcher: attempt_1445182159119_0014_r_000000_0: Got 1 new map-outputs
2015-10-19 15:56:57,470 INFO [EventFetcher for fetching Map Completion Events] org.apache.hadoop.mapreduce.task.reduce.EventFetcher: attempt_1445182159119_0014_r_000000_0: Got 1 new map-outputs
2015-10-19 15:57:01,704 INFO [fetcher#1] org.apache.hadoop.mapreduce.task.reduce.OnDiskMapOutput: Read 60517372 bytes from map-output for attempt_1445182159119_0014_m_000007_0
2015-10-19 15:57:01,720 INFO [fetcher#1] org.apache.hadoop.mapreduce.task.reduce.ShuffleSchedulerImpl: MSRA-SA-41.fareast.corp.microsoft.com:13562 freed by fetcher#1 in 23360ms
2015-10-19 15:57:01,720 INFO [fetcher#1] org.apache.hadoop.mapreduce.task.reduce.ShuffleSchedulerImpl: Assigning MSRA-SA-41.fareast.corp.microsoft.com:13562 with 2 to fetcher#1
2015-10-19 15:57:01,720 INFO [fetcher#1] org.apache.hadoop.mapreduce.task.reduce.ShuffleSchedulerImpl: assigned 2 of 2 to MSRA-SA-41.fareast.corp.microsoft.com:13562 to fetcher#1
2015-10-19 15:57:01,767 INFO [fetcher#1] org.apache.hadoop.mapreduce.task.reduce.Fetcher: for url=13562/mapOutput?job=job_1445182159119_0014&reduce=0&map=attempt_1445182159119_0014_m_000005_0,attempt_1445182159119_0014_m_000006_0 sent hash and received reply
2015-10-19 15:57:01,767 INFO [fetcher#1] org.apache.hadoop.mapreduce.task.reduce.MergeManagerImpl: attempt_1445182159119_0014_m_000005_0: Shuffling to disk since 60514806 is greater than maxSingleShuffleLimit (32663142)
2015-10-19 15:57:01,767 INFO [fetcher#1] org.apache.hadoop.mapreduce.task.reduce.Fetcher: fetcher#1 about to shuffle output of map attempt_1445182159119_0014_m_000005_0 decomp: 60514806 len: 60514810 to DISK
2015-10-19 15:57:08,923 INFO [fetcher#4] org.apache.hadoop.mapreduce.task.reduce.OnDiskMapOutput: Read 60515791 bytes from map-output for attempt_1445182159119_0014_m_000003_0
2015-10-19 15:57:08,939 INFO [fetcher#4] org.apache.hadoop.mapreduce.task.reduce.ShuffleSchedulerImpl: MSRA-SA-39.fareast.corp.microsoft.com:13562 freed by fetcher#4 in 25522ms
2015-10-19 15:57:08,939 INFO [fetcher#4] org.apache.hadoop.mapreduce.task.reduce.ShuffleSchedulerImpl: Assigning MSRA-SA-39.fareast.corp.microsoft.com:13562 with 3 to fetcher#4
2015-10-19 15:57:08,939 INFO [fetcher#4] org.apache.hadoop.mapreduce.task.reduce.ShuffleSchedulerImpl: assigned 3 of 3 to MSRA-SA-39.fareast.corp.microsoft.com:13562 to fetcher#4
2015-10-19 15:57:09,048 INFO [fetcher#4] org.apache.hadoop.mapreduce.task.reduce.Fetcher: for url=13562/mapOutput?job=job_1445182159119_0014&reduce=0&map=attempt_1445182159119_0014_m_000009_1,attempt_1445182159119_0014_m_000004_0,attempt_1445182159119_0014_m_000008_0 sent hash and received reply
2015-10-19 15:57:09,048 INFO [fetcher#4] org.apache.hadoop.mapreduce.task.reduce.MergeManagerImpl: attempt_1445182159119_0014_m_000009_1: Shuffling to disk since 56695786 is greater than maxSingleShuffleLimit (32663142)
2015-10-19 15:57:09,064 INFO [fetcher#4] org.apache.hadoop.mapreduce.task.reduce.Fetcher: fetcher#4 about to shuffle output of map attempt_1445182159119_0014_m_000009_1 decomp: 56695786 len: 56695790 to DISK
2015-10-19 15:57:21,861 INFO [fetcher#1] org.apache.hadoop.mapreduce.task.reduce.ShuffleSchedulerImpl: MSRA-SA-41.fareast.corp.microsoft.com:13562 freed by fetcher#1 in 20147ms
2015-10-19 15:57:21,861 INFO [fetcher#3] org.apache.hadoop.mapreduce.task.reduce.ShuffleSchedulerImpl: Assigning MSRA-SA-41.fareast.corp.microsoft.com:13562 with 2 to fetcher#3
2015-10-19 15:57:21,861 INFO [fetcher#3] org.apache.hadoop.mapreduce.task.reduce.ShuffleSchedulerImpl: assigned 2 of 2 to MSRA-SA-41.fareast.corp.microsoft.com:13562 to fetcher#3
2015-10-19 15:57:21,861 WARN [main] org.apache.hadoop.mapred.YarnChild: Exception running child : org.apache.hadoop.mapreduce.task.reduce.Shuffle$ShuffleError: error in shuffle in fetcher#1
2015-10-19 15:57:21,	at org.apache.hadoop.mapreduce.task.reduce.Shuffle.run(Shuffle.java:134)
2015-10-19 15:57:21,	at org.apache.hadoop.mapred.ReduceTask.run(ReduceTask.java:376)
2015-10-19 15:57:21,	at org.apache.hadoop.mapred.YarnChild$2.run(YarnChild.java:163)
2015-10-19 15:57:21,	at java.security.AccessController.doPrivileged(Native Method)
2015-10-19 15:57:21,	at javax.security.auth.Subject.doAs(Subject.java:415)
2015-10-19 15:57:21,	at org.apache.hadoop.security.UserGroupInformation.doAs(UserGroupInformation.java:1628)
2015-10-19 15:57:21,	at org.apache.hadoop.mapred.YarnChild.main(YarnChild.java:158)
2015-10-19 15:57:21,Caused by: org.apache.hadoop.fs.FSError: java.io.IOException: There is not enough space on the disk
2015-10-19 15:57:21,	at org.apache.hadoop.fs.RawLocalFileSystem$LocalFSFileOutputStream.write(RawLocalFileSystem.java:248)
2015-10-19 15:57:21,	at java.io.BufferedOutputStream.flushBuffer(BufferedOutputStream.java:82)
2015-10-19 15:57:21,	at java.io.BufferedOutputStream.write(BufferedOutputStream.java:126)
2015-10-19 15:57:21,	at org.apache.hadoop.fs.FSDataOutputStream$PositionCache.write(FSDataOutputStream.java:58)
2015-10-19 15:57:21,	at java.io.DataOutputStream.write(DataOutputStream.java:107)
2015-10-19 15:57:21,	at org.apache.hadoop.fs.ChecksumFileSystem$ChecksumFSOutputSummer.writeChunk(ChecksumFileSystem.java:414)
2015-10-19 15:57:21,	at org.apache.hadoop.fs.FSOutputSummer.writeChecksumChunks(FSOutputSummer.java:206)
2015-10-19 15:57:21,	at org.apache.hadoop.fs.FSOutputSummer.write1(FSOutputSummer.java:124)
2015-10-19 15:57:21,	at org.apache.hadoop.fs.FSOutputSummer.write(FSOutputSummer.java:110)
2015-10-19 15:57:21,	at org.apache.hadoop.fs.FSDataOutputStream$PositionCache.write(FSDataOutputStream.java:58)
2015-10-19 15:57:21,	at java.io.DataOutputStream.write(DataOutputStream.java:107)
2015-10-19 15:57:21,	at org.apache.hadoop.mapreduce.task.reduce.OnDiskMapOutput.shuffle(OnDiskMapOutput.java:103)
2015-10-19 15:57:21,	at org.apache.hadoop.mapreduce.task.reduce.Fetcher.copyMapOutput(Fetcher.java:534)
2015-10-19 15:57:21,	at org.apache.hadoop.mapreduce.task.reduce.Fetcher.copyFromHost(Fetcher.java:329)
2015-10-19 15:57:21,	at org.apache.hadoop.mapreduce.task.reduce.Fetcher.run(Fetcher.java:193)
2015-10-19 15:57:21,Caused by: java.io.IOException: There is not enough space on the disk
2015-10-19 15:57:21,	at java.io.FileOutputStream.writeBytes(Native Method)
2015-10-19 15:57:21,	at java.io.FileOutputStream.write(FileOutputStream.java:345)
2015-10-19 15:57:21,	at org.apache.hadoop.fs.RawLocalFileSystem$LocalFSFileOutputStream.write(RawLocalFileSystem.java:246)
2015-10-19 15:57:21,	... 14 more
2015-10-19 15:57:21,
2015-10-19 15:57:21,876 INFO [main] org.apache.hadoop.mapred.Task: Runnning cleanup for the task
2015-10-19 15:57:21,876 INFO [fetcher#4] org.apache.hadoop.mapreduce.task.reduce.ShuffleSchedulerImpl: MSRA-SA-39.fareast.corp.microsoft.com:13562 freed by fetcher#4 in 12937ms
2015-10-19 15:57:21,876 INFO [fetcher#5] org.apache.hadoop.mapreduce.task.reduce.ShuffleSchedulerImpl: Assigning MSRA-SA-39.fareast.corp.microsoft.com:13562 with 3 to fetcher#5
2015-10-19 15:57:21,876 INFO [fetcher#5] org.apache.hadoop.mapreduce.task.reduce.ShuffleSchedulerImpl: assigned 3 of 3 to MSRA-SA-39.fareast.corp.microsoft.com:13562 to fetcher#5
2015-10-19 15:57:21,923 INFO [fetcher#3] org.apache.hadoop.mapreduce.task.reduce.Fetcher: for url=13562/mapOutput?job=job_1445182159119_0014&reduce=0&map=attempt_1445182159119_0014_m_000005_0,attempt_1445182159119_0014_m_000006_0 sent hash and received reply
2015-10-19 15:57:21,923 INFO [fetcher#3] org.apache.hadoop.mapreduce.task.reduce.MergeManagerImpl: attempt_1445182159119_0014_m_000005_0: Shuffling to disk since 60514806 is greater than maxSingleShuffleLimit (32663142)
2015-10-19 15:57:21,923 ERROR [fetcher#3] org.apache.hadoop.mapreduce.task.reduce.ShuffleSchedulerImpl: Shuffle failed : local error on this node: 04DN8IQ/10.86.164.138
2015-10-19 15:57:21,923 INFO [fetcher#3] org.apache.hadoop.mapreduce.task.reduce.ShuffleSchedulerImpl: MSRA-SA-41.fareast.corp.microsoft.com:13562 freed by fetcher#3 in 69ms
2015-10-19 15:57:21,923 INFO [fetcher#2] org.apache.hadoop.mapreduce.task.reduce.ShuffleSchedulerImpl: Assigning MSRA-SA-41.fareast.corp.microsoft.com:13562 with 2 to fetcher#2
2015-10-19 15:57:21,923 INFO [fetcher#2] org.apache.hadoop.mapreduce.task.reduce.ShuffleSchedulerImpl: assigned 2 of 2 to MSRA-SA-41.fareast.corp.microsoft.com:13562 to fetcher#2
2015-10-19 15:57:21,939 INFO [fetcher#5] org.apache.hadoop.mapreduce.task.reduce.Fetcher: for url=13562/mapOutput?job=job_1445182159119_0014&reduce=0&map=attempt_1445182159119_0014_m_000008_0,attempt_1445182159119_0014_m_000009_1,attempt_1445182159119_0014_m_000004_0 sent hash and received reply
2015-10-19 15:57:21,939 INFO [fetcher#5] org.apache.hadoop.mapreduce.task.reduce.MergeManagerImpl: attempt_1445182159119_0014_m_000008_0: Shuffling to disk since 60516677 is greater than maxSingleShuffleLimit (32663142)
2015-10-19 15:57:21,939 ERROR [fetcher#5] org.apache.hadoop.mapreduce.task.reduce.ShuffleSchedulerImpl: Shuffle failed : local error on this node: 04DN8IQ/10.86.164.138
2015-10-19 15:57:21,939 INFO [fetcher#5] org.apache.hadoop.mapreduce.task.reduce.ShuffleSchedulerImpl: MSRA-SA-39.fareast.corp.microsoft.com:13562 freed by fetcher#5 in 60ms
2015-10-19 15:57:21,939 INFO [fetcher#5] org.apache.hadoop.mapreduce.task.reduce.ShuffleSchedulerImpl: Assigning MSRA-SA-39.fareast.corp.microsoft.com:13562 with 3 to fetcher#5
2015-10-19 15:57:21,939 INFO [fetcher#5] org.apache.hadoop.mapreduce.task.reduce.ShuffleSchedulerImpl: assigned 3 of 3 to MSRA-SA-39.fareast.corp.microsoft.com:13562 to fetcher#5
2015-10-19 15:57:21,939 INFO [fetcher#2] org.apache.hadoop.mapreduce.task.reduce.Fetcher: for url=13562/mapOutput?job=job_1445182159119_0014&reduce=0&map=attempt_1445182159119_0014_m_000005_0,attempt_1445182159119_0014_m_000006_0 sent hash and received reply
2015-10-19 15:57:21,939 WARN [main] org.apache.hadoop.mapreduce.lib.output.FileOutputCommitter: Could not delete hdfs://msra-sa-41:9000/pageout/out4/_temporary/1/_temporary/attempt_1445182159119_0014_r_000000_0
