2015-10-17 23:20:51,590 INFO [main] org.apache.hadoop.metrics2.impl.MetricsConfig: loaded properties from hadoop-metrics2.properties
2015-10-17 23:20:51,813 INFO [main] org.apache.hadoop.metrics2.impl.MetricsSystemImpl: Scheduled snapshot period at 10 second(s).
2015-10-17 23:20:51,813 INFO [main] org.apache.hadoop.metrics2.impl.MetricsSystemImpl: MapTask metrics system started
2015-10-17 23:20:51,855 INFO [main] org.apache.hadoop.mapred.YarnChild: Executing with tokens:
2015-10-17 23:20:51,856 INFO [main] org.apache.hadoop.mapred.YarnChild: Kind: mapreduce.job, Service: job_1445094324383_0002, Ident: (org.apache.hadoop.mapreduce.security.token.JobTokenIdentifier@666adef3)
2015-10-17 23:20:52,152 INFO [main] org.apache.hadoop.mapred.YarnChild: Sleeping for 0ms before retrying again. Got null now.
2015-10-17 23:20:52,693 INFO [main] org.apache.hadoop.mapred.YarnChild: mapreduce.cluster.local.dir for child: /tmp/hadoop-msrabi/nm-local-dir/usercache/msrabi/appcache/application_1445094324383_0002
2015-10-17 23:20:54,257 INFO [main] org.apache.hadoop.conf.Configuration.deprecation: session.id is deprecated. Instead, use dfs.metrics.session-id
2015-10-17 23:20:55,446 INFO [main] org.apache.hadoop.yarn.util.ProcfsBasedProcessTree: ProcfsBasedProcessTree currently is supported only on Linux.
2015-10-17 23:20:55,488 INFO [main] org.apache.hadoop.mapred.Task:  Using ResourceCalculatorProcessTree : org.apache.hadoop.yarn.util.WindowsBasedProcessTree@14c86ad8
2015-10-17 23:20:55,938 INFO [main] org.apache.hadoop.mapred.MapTask: Processing split: hdfs://msra-sa-41:9000/wordcount2.txt:805306368+134217728
2015-10-17 23:20:56,050 INFO [main] org.apache.hadoop.mapred.MapTask: (EQUATOR) 0 kvi 26214396(104857584)
2015-10-17 23:20:56,051 INFO [main] org.apache.hadoop.mapred.MapTask: mapreduce.task.io.sort.mb: 100
2015-10-17 23:20:56,051 INFO [main] org.apache.hadoop.mapred.MapTask: soft limit at 83886080
2015-10-17 23:20:56,051 INFO [main] org.apache.hadoop.mapred.MapTask: bufstart = 0; bufvoid = 104857600
2015-10-17 23:20:56,051 INFO [main] org.apache.hadoop.mapred.MapTask: kvstart = 26214396; length = 6553600
2015-10-17 23:20:56,066 INFO [main] org.apache.hadoop.mapred.MapTask: Map output collector class = org.apache.hadoop.mapred.MapTask$MapOutputBuffer
2015-10-17 23:20:58,748 INFO [main] org.apache.hadoop.mapred.MapTask: Spilling map output
2015-10-17 23:20:58,748 INFO [main] org.apache.hadoop.mapred.MapTask: bufstart = 0; bufend = 34172179; bufvoid = 104857600
2015-10-17 23:20:58,749 INFO [main] org.apache.hadoop.mapred.MapTask: kvstart = 26214396(104857584); kvend = 13785924(55143696); length = 12428473/6553600
2015-10-17 23:20:58,749 INFO [main] org.apache.hadoop.mapred.MapTask: (EQUATOR) 44657929 kvi 11164476(44657904)
2015-10-17 23:21:07,446 INFO [SpillThread] org.apache.hadoop.mapred.MapTask: Finished spill 0
2015-10-17 23:21:07,449 INFO [main] org.apache.hadoop.mapred.MapTask: (RESET) equator 44657929 kv 11164476(44657904) kvi 8543052(34172208)
2015-10-17 23:21:08,319 INFO [main] org.apache.hadoop.mapred.MapTask: Spilling map output
2015-10-17 23:21:08,319 INFO [main] org.apache.hadoop.mapred.MapTask: bufstart = 44657929; bufend = 78836928; bufvoid = 104857600
2015-10-17 23:21:08,319 INFO [main] org.apache.hadoop.mapred.MapTask: kvstart = 11164476(44657904); kvend = 24952116(99808464); length = 12426761/6553600
2015-10-17 23:21:08,319 INFO [main] org.apache.hadoop.mapred.MapTask: (EQUATOR) 89322688 kvi 22330668(89322672)
2015-10-17 23:21:15,923 INFO [SpillThread] org.apache.hadoop.mapred.MapTask: Finished spill 1
2015-10-17 23:21:15,926 INFO [main] org.apache.hadoop.mapred.MapTask: (RESET) equator 89322688 kv 22330668(89322672) kvi 19709236(78836944)
2015-10-17 23:21:16,750 INFO [main] org.apache.hadoop.mapred.MapTask: Spilling map output
2015-10-17 23:21:16,750 INFO [main] org.apache.hadoop.mapred.MapTask: bufstart = 89322688; bufend = 18642505; bufvoid = 104857598
2015-10-17 23:21:16,750 INFO [main] org.apache.hadoop.mapred.MapTask: kvstart = 22330668(89322672); kvend = 9903508(39614032); length = 12427161/6553600
2015-10-17 23:21:16,750 INFO [main] org.apache.hadoop.mapred.MapTask: (EQUATOR) 29128260 kvi 7282060(29128240)
2015-10-17 23:21:25,302 INFO [SpillThread] org.apache.hadoop.mapred.MapTask: Finished spill 2
2015-10-17 23:21:25,304 INFO [main] org.apache.hadoop.mapred.MapTask: (RESET) equator 29128260 kv 7282060(29128240) kvi 4660632(18642528)
2015-10-17 23:21:26,148 INFO [main] org.apache.hadoop.mapred.MapTask: Spilling map output
2015-10-17 23:21:26,148 INFO [main] org.apache.hadoop.mapred.MapTask: bufstart = 29128260; bufend = 63302794; bufvoid = 104857600
2015-10-17 23:21:26,148 INFO [main] org.apache.hadoop.mapred.MapTask: kvstart = 7282060(29128240); kvend = 21068580(84274320); length = 12427881/6553600
2015-10-17 23:21:26,148 INFO [main] org.apache.hadoop.mapred.MapTask: (EQUATOR) 73788549 kvi 18447132(73788528)
2015-10-17 23:21:34,617 INFO [SpillThread] org.apache.hadoop.mapred.MapTask: Finished spill 3
2015-10-17 23:21:34,619 INFO [main] org.apache.hadoop.mapred.MapTask: (RESET) equator 73788549 kv 18447132(73788528) kvi 15825704(63302816)
2015-10-17 23:21:35,438 INFO [main] org.apache.hadoop.mapred.MapTask: Spilling map output
2015-10-17 23:21:35,439 INFO [main] org.apache.hadoop.mapred.MapTask: bufstart = 73788549; bufend = 3106177; bufvoid = 104857591
2015-10-17 23:21:35,439 INFO [main] org.apache.hadoop.mapred.MapTask: kvstart = 18447132(73788528); kvend = 6019428(24077712); length = 12427705/6553600
2015-10-17 23:21:35,439 INFO [main] org.apache.hadoop.mapred.MapTask: (EQUATOR) 13591936 kvi 3397980(13591920)
2015-10-17 23:21:43,306 INFO [SpillThread] org.apache.hadoop.mapred.MapTask: Finished spill 4
2015-10-17 23:21:43,308 INFO [main] org.apache.hadoop.mapred.MapTask: (RESET) equator 13591936 kv 3397980(13591920) kvi 776552(3106208)
2015-10-17 23:21:44,125 INFO [main] org.apache.hadoop.mapred.MapTask: Spilling map output
2015-10-17 23:21:44,126 INFO [main] org.apache.hadoop.mapred.MapTask: bufstart = 13591936; bufend = 47766714; bufvoid = 104857600
2015-10-17 23:21:44,126 INFO [main] org.apache.hadoop.mapred.MapTask: kvstart = 3397980(13591920); kvend = 17184560(68738240); length = 12427821/6553600
2015-10-17 23:21:44,126 INFO [main] org.apache.hadoop.mapred.MapTask: (EQUATOR) 58252469 kvi 14563112(58252448)
2015-10-17 23:21:44,712 INFO [main] org.apache.hadoop.mapred.MapTask: Starting flush of map output
2015-10-17 23:21:52,291 INFO [SpillThread] org.apache.hadoop.mapred.MapTask: Finished spill 5
2015-10-17 23:21:52,293 INFO [main] org.apache.hadoop.mapred.MapTask: (RESET) equator 58252469 kv 14563112(58252448) kvi 12518536(50074144)
2015-10-17 23:21:52,293 INFO [main] org.apache.hadoop.mapred.MapTask: Spilling map output
2015-10-17 23:21:52,293 INFO [main] org.apache.hadoop.mapred.MapTask: bufstart = 58252469; bufend = 63874262; bufvoid = 104857600
2015-10-17 23:21:52,293 INFO [main] org.apache.hadoop.mapred.MapTask: kvstart = 14563112(58252448); kvend = 12518540(50074160); length = 2044573/6553600
2015-10-17 23:21:53,252 INFO [main] org.apache.hadoop.mapred.MapTask: Finished spill 6
2015-10-17 23:21:53,266 INFO [main] org.apache.hadoop.mapred.Merger: Merging 7 sorted segments
2015-10-17 23:21:53,275 INFO [main] org.apache.hadoop.mapred.Merger: Down to the last merge-pass, with 7 segments left of total size: 228418410 bytes
2015-10-17 23:22:17,674 INFO [main] org.apache.hadoop.mapred.Task: Task:attempt_1445094324383_0002_m_000006_0 is done. And is in the process of committing
2015-10-17 23:22:17,724 INFO [main] org.apache.hadoop.mapred.Task: Task 'attempt_1445094324383_0002_m_000006_0' done.
