2015-10-17 21:27:58,585 INFO [main] org.apache.hadoop.metrics2.impl.MetricsConfig: loaded properties from hadoop-metrics2.properties
2015-10-17 21:27:58,866 INFO [main] org.apache.hadoop.metrics2.impl.MetricsSystemImpl: Scheduled snapshot period at 10 second(s).
2015-10-17 21:27:58,866 INFO [main] org.apache.hadoop.metrics2.impl.MetricsSystemImpl: MapTask metrics system started
2015-10-17 21:27:58,960 INFO [main] org.apache.hadoop.mapred.YarnChild: Executing with tokens:
2015-10-17 21:27:58,960 INFO [main] org.apache.hadoop.mapred.YarnChild: Kind: mapreduce.job, Service: job_1445087491445_0002, Ident: (org.apache.hadoop.mapreduce.security.token.JobTokenIdentifier@5d3cb6cf)
2015-10-17 21:27:59,382 INFO [main] org.apache.hadoop.mapred.YarnChild: Sleeping for 0ms before retrying again. Got null now.
2015-10-17 21:28:01,038 INFO [main] org.apache.hadoop.mapred.YarnChild: mapreduce.cluster.local.dir for child: /tmp/hadoop-msrabi/nm-local-dir/usercache/msrabi/appcache/application_1445087491445_0002
2015-10-17 21:28:04,163 INFO [main] org.apache.hadoop.conf.Configuration.deprecation: session.id is deprecated. Instead, use dfs.metrics.session-id
2015-10-17 21:28:05,898 INFO [main] org.apache.hadoop.yarn.util.ProcfsBasedProcessTree: ProcfsBasedProcessTree currently is supported only on Linux.
2015-10-17 21:28:06,507 INFO [main] org.apache.hadoop.mapred.Task:  Using ResourceCalculatorProcessTree : org.apache.hadoop.yarn.util.WindowsBasedProcessTree@423d01aa
2015-10-17 21:28:10,867 INFO [main] org.apache.hadoop.mapred.MapTask: Processing split: hdfs://msra-sa-41:9000/wordcount2.txt:1476395008+134217728
2015-10-17 21:28:11,242 INFO [main] org.apache.hadoop.mapred.MapTask: (EQUATOR) 0 kvi 26214396(104857584)
2015-10-17 21:28:11,242 INFO [main] org.apache.hadoop.mapred.MapTask: mapreduce.task.io.sort.mb: 100
2015-10-17 21:28:11,242 INFO [main] org.apache.hadoop.mapred.MapTask: soft limit at 83886080
2015-10-17 21:28:11,242 INFO [main] org.apache.hadoop.mapred.MapTask: bufstart = 0; bufvoid = 104857600
2015-10-17 21:28:11,242 INFO [main] org.apache.hadoop.mapred.MapTask: kvstart = 26214396; length = 6553600
2015-10-17 21:28:11,476 INFO [main] org.apache.hadoop.mapred.MapTask: Map output collector class = org.apache.hadoop.mapred.MapTask$MapOutputBuffer
2015-10-17 21:28:18,258 INFO [main] org.apache.hadoop.mapred.MapTask: Spilling map output
2015-10-17 21:28:18,258 INFO [main] org.apache.hadoop.mapred.MapTask: bufstart = 0; bufend = 34174269; bufvoid = 104857600
2015-10-17 21:28:18,258 INFO [main] org.apache.hadoop.mapred.MapTask: kvstart = 26214396(104857584); kvend = 13786448(55145792); length = 12427949/6553600
2015-10-17 21:28:18,258 INFO [main] org.apache.hadoop.mapred.MapTask: (EQUATOR) 44660022 kvi 11165000(44660000)
2015-10-17 21:28:51,916 INFO [SpillThread] org.apache.hadoop.mapred.MapTask: Finished spill 0
2015-10-17 21:28:51,948 INFO [main] org.apache.hadoop.mapred.MapTask: (RESET) equator 44660022 kv 11165000(44660000) kvi 8543572(34174288)
2015-10-17 21:28:56,151 INFO [main] org.apache.hadoop.mapred.MapTask: Spilling map output
2015-10-17 21:28:56,151 INFO [main] org.apache.hadoop.mapred.MapTask: bufstart = 44660022; bufend = 78834643; bufvoid = 104857600
2015-10-17 21:28:56,151 INFO [main] org.apache.hadoop.mapred.MapTask: kvstart = 11165000(44660000); kvend = 24951540(99806160); length = 12427861/6553600
2015-10-17 21:28:56,151 INFO [main] org.apache.hadoop.mapred.MapTask: (EQUATOR) 89320393 kvi 22330092(89320368)
2015-10-17 21:29:37,357 INFO [SpillThread] org.apache.hadoop.mapred.MapTask: Finished spill 1
2015-10-17 21:29:37,357 INFO [main] org.apache.hadoop.mapred.MapTask: (RESET) equator 89320393 kv 22330092(89320368) kvi 19708668(78834672)
2015-10-17 21:29:42,373 INFO [main] org.apache.hadoop.mapred.MapTask: Spilling map output
2015-10-17 21:29:42,373 INFO [main] org.apache.hadoop.mapred.MapTask: bufstart = 89320393; bufend = 18639497; bufvoid = 104857596
2015-10-17 21:29:42,373 INFO [main] org.apache.hadoop.mapred.MapTask: kvstart = 22330092(89320368); kvend = 9902752(39611008); length = 12427341/6553600
2015-10-17 21:29:42,373 INFO [main] org.apache.hadoop.mapred.MapTask: (EQUATOR) 29125244 kvi 7281304(29125216)
2015-10-17 21:30:23,172 INFO [SpillThread] org.apache.hadoop.mapred.MapTask: Finished spill 2
2015-10-17 21:30:23,219 INFO [main] org.apache.hadoop.mapred.MapTask: (RESET) equator 29125244 kv 7281304(29125216) kvi 4659880(18639520)
2015-10-17 21:30:28,469 INFO [main] org.apache.hadoop.mapred.MapTask: Spilling map output
2015-10-17 21:30:28,469 INFO [main] org.apache.hadoop.mapred.MapTask: bufstart = 29125244; bufend = 63300653; bufvoid = 104857600
2015-10-17 21:30:28,469 INFO [main] org.apache.hadoop.mapred.MapTask: kvstart = 7281304(29125216); kvend = 21068044(84272176); length = 12427661/6553600
2015-10-17 21:30:28,469 INFO [main] org.apache.hadoop.mapred.MapTask: (EQUATOR) 73786406 kvi 18446596(73786384)
