2015-10-17 21:27:45,065 INFO [main] org.apache.hadoop.metrics2.impl.MetricsConfig: loaded properties from hadoop-metrics2.properties
2015-10-17 21:27:45,394 INFO [main] org.apache.hadoop.metrics2.impl.MetricsSystemImpl: Scheduled snapshot period at 10 second(s).
2015-10-17 21:27:45,394 INFO [main] org.apache.hadoop.metrics2.impl.MetricsSystemImpl: MapTask metrics system started
2015-10-17 21:27:45,425 INFO [main] org.apache.hadoop.mapred.YarnChild: Executing with tokens:
2015-10-17 21:27:45,425 INFO [main] org.apache.hadoop.mapred.YarnChild: Kind: mapreduce.job, Service: job_1445087491445_0003, Ident: (org.apache.hadoop.mapreduce.security.token.JobTokenIdentifier@7f0eb4b4)
2015-10-17 21:27:45,565 INFO [main] org.apache.hadoop.mapred.YarnChild: Sleeping for 0ms before retrying again. Got null now.
2015-10-17 21:27:46,269 INFO [main] org.apache.hadoop.mapred.YarnChild: mapreduce.cluster.local.dir for child: /tmp/hadoop-msrabi/nm-local-dir/usercache/msrabi/appcache/application_1445087491445_0003
2015-10-17 21:27:47,144 INFO [main] org.apache.hadoop.conf.Configuration.deprecation: session.id is deprecated. Instead, use dfs.metrics.session-id
2015-10-17 21:27:47,691 INFO [main] org.apache.hadoop.yarn.util.ProcfsBasedProcessTree: ProcfsBasedProcessTree currently is supported only on Linux.
2015-10-17 21:27:47,706 INFO [main] org.apache.hadoop.mapred.Task:  Using ResourceCalculatorProcessTree : org.apache.hadoop.yarn.util.WindowsBasedProcessTree@6ad3381f
2015-10-17 21:27:47,956 INFO [main] org.apache.hadoop.mapred.MapTask: Processing split: hdfs://msra-sa-41:9000/wordcount2.txt:1610612736+141209600
2015-10-17 21:27:48,066 INFO [main] org.apache.hadoop.mapred.MapTask: (EQUATOR) 0 kvi 26214396(104857584)
2015-10-17 21:27:48,066 INFO [main] org.apache.hadoop.mapred.MapTask: mapreduce.task.io.sort.mb: 100
2015-10-17 21:27:48,066 INFO [main] org.apache.hadoop.mapred.MapTask: soft limit at 83886080
2015-10-17 21:27:48,066 INFO [main] org.apache.hadoop.mapred.MapTask: bufstart = 0; bufvoid = 104857600
2015-10-17 21:27:48,066 INFO [main] org.apache.hadoop.mapred.MapTask: kvstart = 26214396; length = 6553600
2015-10-17 21:27:48,081 INFO [main] org.apache.hadoop.mapred.MapTask: Map output collector class = org.apache.hadoop.mapred.MapTask$MapOutputBuffer
2015-10-17 21:27:50,628 INFO [main] org.apache.hadoop.mapred.MapTask: Spilling map output
2015-10-17 21:27:50,628 INFO [main] org.apache.hadoop.mapred.MapTask: bufstart = 0; bufend = 34175461; bufvoid = 104857600
2015-10-17 21:27:50,628 INFO [main] org.apache.hadoop.mapred.MapTask: kvstart = 26214396(104857584); kvend = 13786748(55146992); length = 12427649/6553600
2015-10-17 21:27:50,628 INFO [main] org.apache.hadoop.mapred.MapTask: (EQUATOR) 44661218 kvi 11165300(44661200)
2015-10-17 21:28:01,082 INFO [SpillThread] org.apache.hadoop.mapred.MapTask: Finished spill 0
2015-10-17 21:28:01,082 INFO [main] org.apache.hadoop.mapred.MapTask: (RESET) equator 44661218 kv 11165300(44661200) kvi 8543872(34175488)
2015-10-17 21:28:02,894 INFO [main] org.apache.hadoop.mapred.MapTask: Spilling map output
2015-10-17 21:28:02,894 INFO [main] org.apache.hadoop.mapred.MapTask: bufstart = 44661218; bufend = 78837371; bufvoid = 104857600
2015-10-17 21:28:02,894 INFO [main] org.apache.hadoop.mapred.MapTask: kvstart = 11165300(44661200); kvend = 24952224(99808896); length = 12427477/6553600
2015-10-17 21:28:02,894 INFO [main] org.apache.hadoop.mapred.MapTask: (EQUATOR) 89323125 kvi 22330776(89323104)
2015-10-17 21:28:11,910 INFO [SpillThread] org.apache.hadoop.mapred.MapTask: Finished spill 1
2015-10-17 21:28:13,398 INFO [main] org.apache.hadoop.mapred.MapTask: (RESET) equator 89323125 kv 22330776(89323104) kvi 19709348(78837392)
2015-10-17 21:28:15,104 INFO [main] org.apache.hadoop.mapred.MapTask: Spilling map output
2015-10-17 21:28:15,104 INFO [main] org.apache.hadoop.mapred.MapTask: bufstart = 89323125; bufend = 18644291; bufvoid = 104857592
2015-10-17 21:28:15,104 INFO [main] org.apache.hadoop.mapred.MapTask: kvstart = 22330776(89323104); kvend = 9903956(39615824); length = 12426821/6553600
2015-10-17 21:28:15,104 INFO [main] org.apache.hadoop.mapred.MapTask: (EQUATOR) 29130049 kvi 7282508(29130032)
2015-10-17 21:28:25,827 INFO [SpillThread] org.apache.hadoop.mapred.MapTask: Finished spill 2
2015-10-17 21:28:25,827 INFO [main] org.apache.hadoop.mapred.MapTask: (RESET) equator 29130049 kv 7282508(29130032) kvi 4661080(18644320)
2015-10-17 21:28:26,812 INFO [main] org.apache.hadoop.mapred.MapTask: Spilling map output
2015-10-17 21:28:26,812 INFO [main] org.apache.hadoop.mapred.MapTask: bufstart = 29130049; bufend = 63300869; bufvoid = 104857600
2015-10-17 21:28:26,812 INFO [main] org.apache.hadoop.mapred.MapTask: kvstart = 7282508(29130032); kvend = 21068100(84272400); length = 12428809/6553600
2015-10-17 21:28:26,812 INFO [main] org.apache.hadoop.mapred.MapTask: (EQUATOR) 73786626 kvi 18446652(73786608)
2015-10-17 21:28:35,437 INFO [SpillThread] org.apache.hadoop.mapred.MapTask: Finished spill 3
2015-10-17 21:28:35,437 INFO [main] org.apache.hadoop.mapred.MapTask: (RESET) equator 73786626 kv 18446652(73786608) kvi 15825224(63300896)
2015-10-17 21:28:36,468 INFO [main] org.apache.hadoop.mapred.MapTask: Spilling map output
2015-10-17 21:28:36,468 INFO [main] org.apache.hadoop.mapred.MapTask: bufstart = 73786626; bufend = 3105224; bufvoid = 104857599
2015-10-17 21:28:36,468 INFO [main] org.apache.hadoop.mapred.MapTask: kvstart = 18446652(73786608); kvend = 6019188(24076752); length = 12427465/6553600
2015-10-17 21:28:36,468 INFO [main] org.apache.hadoop.mapred.MapTask: (EQUATOR) 13590980 kvi 3397740(13590960)
2015-10-17 21:28:44,734 INFO [SpillThread] org.apache.hadoop.mapred.MapTask: Finished spill 4
2015-10-17 21:28:46,109 INFO [main] org.apache.hadoop.mapred.MapTask: (RESET) equator 13590980 kv 3397740(13590960) kvi 776312(3105248)
2015-10-17 21:28:47,984 INFO [main] org.apache.hadoop.mapred.MapTask: Spilling map output
2015-10-17 21:28:47,984 INFO [main] org.apache.hadoop.mapred.MapTask: bufstart = 13590980; bufend = 47762897; bufvoid = 104857600
2015-10-17 21:28:47,984 INFO [main] org.apache.hadoop.mapred.MapTask: kvstart = 3397740(13590960); kvend = 17183608(68734432); length = 12428533/6553600
2015-10-17 21:28:47,984 INFO [main] org.apache.hadoop.mapred.MapTask: (EQUATOR) 58248656 kvi 14562160(58248640)
2015-10-17 21:28:56,813 INFO [SpillThread] org.apache.hadoop.mapred.MapTask: Finished spill 5
2015-10-17 21:28:56,813 INFO [main] org.apache.hadoop.mapred.MapTask: (RESET) equator 58248656 kv 14562160(58248640) kvi 11940732(47762928)
2015-10-17 21:28:57,172 INFO [main] org.apache.hadoop.mapred.MapTask: Starting flush of map output
2015-10-17 21:28:57,172 INFO [main] org.apache.hadoop.mapred.MapTask: Spilling map output
2015-10-17 21:28:57,172 INFO [main] org.apache.hadoop.mapred.MapTask: bufstart = 58248656; bufend = 74851151; bufvoid = 104857600
2015-10-17 21:28:57,172 INFO [main] org.apache.hadoop.mapred.MapTask: kvstart = 14562160(58248640); kvend = 8524856(34099424); length = 6037305/6553600
2015-10-17 21:29:00,735 INFO [main] org.apache.hadoop.mapred.MapTask: Finished spill 6
2015-10-17 21:29:00,766 INFO [main] org.apache.hadoop.mapred.Merger: Merging 7 sorted segments
2015-10-17 21:29:00,766 INFO [main] org.apache.hadoop.mapred.Merger: Down to the last merge-pass, with 7 segments left of total size: 240377814 bytes
2015-10-17 21:29:25,142 INFO [main] org.apache.hadoop.mapred.Task: Task:attempt_1445087491445_0003_m_000000_0 is done. And is in the process of committing
2015-10-17 21:29:25,205 INFO [main] org.apache.hadoop.mapred.Task: Task 'attempt_1445087491445_0003_m_000000_0' done.
