2015-10-17 23:11:24,555 INFO [main] org.apache.hadoop.metrics2.impl.MetricsConfig: loaded properties from hadoop-metrics2.properties
2015-10-17 23:11:24,751 INFO [main] org.apache.hadoop.metrics2.impl.MetricsSystemImpl: Scheduled snapshot period at 10 second(s).
2015-10-17 23:11:24,751 INFO [main] org.apache.hadoop.metrics2.impl.MetricsSystemImpl: MapTask metrics system started
2015-10-17 23:11:24,792 INFO [main] org.apache.hadoop.mapred.YarnChild: Executing with tokens:
2015-10-17 23:11:24,792 INFO [main] org.apache.hadoop.mapred.YarnChild: Kind: mapreduce.job, Service: job_1445094324383_0004, Ident: (org.apache.hadoop.mapreduce.security.token.JobTokenIdentifier@56b87a95)
2015-10-17 23:11:25,120 INFO [main] org.apache.hadoop.mapred.YarnChild: Sleeping for 0ms before retrying again. Got null now.
2015-10-17 23:11:25,816 INFO [main] org.apache.hadoop.mapred.YarnChild: mapreduce.cluster.local.dir for child: /tmp/hadoop-msrabi/nm-local-dir/usercache/msrabi/appcache/application_1445094324383_0004
2015-10-17 23:11:27,447 INFO [main] org.apache.hadoop.conf.Configuration.deprecation: session.id is deprecated. Instead, use dfs.metrics.session-id
2015-10-17 23:11:28,776 INFO [main] org.apache.hadoop.yarn.util.ProcfsBasedProcessTree: ProcfsBasedProcessTree currently is supported only on Linux.
2015-10-17 23:11:28,821 INFO [main] org.apache.hadoop.mapred.Task:  Using ResourceCalculatorProcessTree : org.apache.hadoop.yarn.util.WindowsBasedProcessTree@3ff0750a
2015-10-17 23:11:29,389 INFO [main] org.apache.hadoop.mapred.MapTask: Processing split: hdfs://msra-sa-41:9000/wordcount2.txt:536870912+134217728
2015-10-17 23:11:29,534 INFO [main] org.apache.hadoop.mapred.MapTask: (EQUATOR) 0 kvi 26214396(104857584)
2015-10-17 23:11:29,534 INFO [main] org.apache.hadoop.mapred.MapTask: mapreduce.task.io.sort.mb: 100
2015-10-17 23:11:29,534 INFO [main] org.apache.hadoop.mapred.MapTask: soft limit at 83886080
2015-10-17 23:11:29,534 INFO [main] org.apache.hadoop.mapred.MapTask: bufstart = 0; bufvoid = 104857600
2015-10-17 23:11:29,534 INFO [main] org.apache.hadoop.mapred.MapTask: kvstart = 26214396; length = 6553600
2015-10-17 23:11:29,553 INFO [main] org.apache.hadoop.mapred.MapTask: Map output collector class = org.apache.hadoop.mapred.MapTask$MapOutputBuffer
2015-10-17 23:11:33,103 INFO [main] org.apache.hadoop.mapred.MapTask: Spilling map output
2015-10-17 23:11:33,103 INFO [main] org.apache.hadoop.mapred.MapTask: bufstart = 0; bufend = 34177712; bufvoid = 104857600
2015-10-17 23:11:33,103 INFO [main] org.apache.hadoop.mapred.MapTask: kvstart = 26214396(104857584); kvend = 13787308(55149232); length = 12427089/6553600
2015-10-17 23:11:33,104 INFO [main] org.apache.hadoop.mapred.MapTask: (EQUATOR) 44663464 kvi 11165860(44663440)
2015-10-17 23:11:43,762 INFO [SpillThread] org.apache.hadoop.mapred.MapTask: Finished spill 0
2015-10-17 23:11:43,765 INFO [main] org.apache.hadoop.mapred.MapTask: (RESET) equator 44663464 kv 11165860(44663440) kvi 8544432(34177728)
2015-10-17 23:11:44,930 INFO [main] org.apache.hadoop.mapred.MapTask: Spilling map output
2015-10-17 23:11:44,930 INFO [main] org.apache.hadoop.mapred.MapTask: bufstart = 44663464; bufend = 78840030; bufvoid = 104857600
2015-10-17 23:11:44,930 INFO [main] org.apache.hadoop.mapred.MapTask: kvstart = 11165860(44663440); kvend = 24952888(99811552); length = 12427373/6553600
2015-10-17 23:11:44,930 INFO [main] org.apache.hadoop.mapred.MapTask: (EQUATOR) 89325783 kvi 22331440(89325760)
2015-10-17 23:11:55,099 INFO [SpillThread] org.apache.hadoop.mapred.MapTask: Finished spill 1
2015-10-17 23:11:55,108 INFO [main] org.apache.hadoop.mapred.MapTask: (RESET) equator 89325783 kv 22331440(89325760) kvi 19710012(78840048)
2015-10-17 23:11:56,856 INFO [main] org.apache.hadoop.mapred.MapTask: Spilling map output
2015-10-17 23:11:56,856 INFO [main] org.apache.hadoop.mapred.MapTask: bufstart = 89325783; bufend = 18642951; bufvoid = 104857595
2015-10-17 23:11:56,857 INFO [main] org.apache.hadoop.mapred.MapTask: kvstart = 22331440(89325760); kvend = 9903620(39614480); length = 12427821/6553600
2015-10-17 23:11:56,857 INFO [main] org.apache.hadoop.mapred.MapTask: (EQUATOR) 29128707 kvi 7282172(29128688)
2015-10-17 23:12:05,389 INFO [SpillThread] org.apache.hadoop.mapred.MapTask: Finished spill 2
2015-10-17 23:12:05,391 INFO [main] org.apache.hadoop.mapred.MapTask: (RESET) equator 29128707 kv 7282172(29128688) kvi 4660744(18642976)
2015-10-17 23:12:06,196 INFO [main] org.apache.hadoop.mapred.MapTask: Spilling map output
2015-10-17 23:12:06,197 INFO [main] org.apache.hadoop.mapred.MapTask: bufstart = 29128707; bufend = 63305552; bufvoid = 104857600
2015-10-17 23:12:06,197 INFO [main] org.apache.hadoop.mapred.MapTask: kvstart = 7282172(29128688); kvend = 21069272(84277088); length = 12427301/6553600
2015-10-17 23:12:06,197 INFO [main] org.apache.hadoop.mapred.MapTask: (EQUATOR) 73791312 kvi 18447824(73791296)
2015-10-17 23:12:14,084 INFO [SpillThread] org.apache.hadoop.mapred.MapTask: Finished spill 3
2015-10-17 23:12:14,086 INFO [main] org.apache.hadoop.mapred.MapTask: (RESET) equator 73791312 kv 18447824(73791296) kvi 15826392(63305568)
2015-10-17 23:12:14,888 INFO [main] org.apache.hadoop.mapred.MapTask: Spilling map output
2015-10-17 23:12:14,889 INFO [main] org.apache.hadoop.mapred.MapTask: bufstart = 73791312; bufend = 3107432; bufvoid = 104857600
2015-10-17 23:12:14,889 INFO [main] org.apache.hadoop.mapred.MapTask: kvstart = 18447824(73791296); kvend = 6019736(24078944); length = 12428089/6553600
2015-10-17 23:12:14,889 INFO [main] org.apache.hadoop.mapred.MapTask: (EQUATOR) 13593180 kvi 3398288(13593152)
2015-10-17 23:12:22,759 INFO [SpillThread] org.apache.hadoop.mapred.MapTask: Finished spill 4
2015-10-17 23:12:22,762 INFO [main] org.apache.hadoop.mapred.MapTask: (RESET) equator 13593180 kv 3398288(13593152) kvi 776864(3107456)
2015-10-17 23:12:23,559 INFO [main] org.apache.hadoop.mapred.MapTask: Spilling map output
2015-10-17 23:12:23,559 INFO [main] org.apache.hadoop.mapred.MapTask: bufstart = 13593180; bufend = 47767736; bufvoid = 104857600
2015-10-17 23:12:23,559 INFO [main] org.apache.hadoop.mapred.MapTask: kvstart = 3398288(13593152); kvend = 17184812(68739248); length = 12427877/6553600
2015-10-17 23:12:23,559 INFO [main] org.apache.hadoop.mapred.MapTask: (EQUATOR) 58253484 kvi 14563364(58253456)
2015-10-17 23:12:24,194 INFO [main] org.apache.hadoop.mapred.MapTask: Starting flush of map output
2015-10-17 23:12:31,375 INFO [SpillThread] org.apache.hadoop.mapred.MapTask: Finished spill 5
2015-10-17 23:12:31,377 INFO [main] org.apache.hadoop.mapred.MapTask: (RESET) equator 58253484 kv 14563364(58253456) kvi 12519404(50077616)
2015-10-17 23:12:31,377 INFO [main] org.apache.hadoop.mapred.MapTask: Spilling map output
2015-10-17 23:12:31,378 INFO [main] org.apache.hadoop.mapred.MapTask: bufstart = 58253484; bufend = 63873635; bufvoid = 104857600
2015-10-17 23:12:31,378 INFO [main] org.apache.hadoop.mapred.MapTask: kvstart = 14563364(58253456); kvend = 12519408(50077632); length = 2043957/6553600
2015-10-17 23:12:32,353 INFO [main] org.apache.hadoop.mapred.MapTask: Finished spill 6
2015-10-17 23:12:32,367 INFO [main] org.apache.hadoop.mapred.Merger: Merging 7 sorted segments
2015-10-17 23:12:32,377 INFO [main] org.apache.hadoop.mapred.Merger: Down to the last merge-pass, with 7 segments left of total size: 228431443 bytes
2015-10-17 23:13:06,239 INFO [main] org.apache.hadoop.mapred.Task: Task:attempt_1445094324383_0004_m_000004_0 is done. And is in the process of committing
2015-10-17 23:13:06,436 INFO [main] org.apache.hadoop.mapred.Task: Task 'attempt_1445094324383_0004_m_000004_0' done.
2015-10-17 23:13:06,536 INFO [main] org.apache.hadoop.metrics2.impl.MetricsSystemImpl: Stopping MapTask metrics system...
2015-10-17 23:13:06,536 INFO [main] org.apache.hadoop.metrics2.impl.MetricsSystemImpl: MapTask metrics system stopped.
2015-10-17 23:13:06,536 INFO [main] org.apache.hadoop.metrics2.impl.MetricsSystemImpl: MapTask metrics system shutdown complete.
