2015-10-17 22:30:03,570 INFO [main] org.apache.hadoop.metrics2.impl.MetricsConfig: loaded properties from hadoop-metrics2.properties
2015-10-17 22:30:03,648 INFO [main] org.apache.hadoop.metrics2.impl.MetricsSystemImpl: Scheduled snapshot period at 10 second(s).
2015-10-17 22:30:03,648 INFO [main] org.apache.hadoop.metrics2.impl.MetricsSystemImpl: ReduceTask metrics system started
2015-10-17 22:30:03,664 INFO [main] org.apache.hadoop.mapred.YarnChild: Executing with tokens:
2015-10-17 22:30:03,664 INFO [main] org.apache.hadoop.mapred.YarnChild: Kind: mapreduce.job, Service: job_1445087491445_0007, Ident: (org.apache.hadoop.mapreduce.security.token.JobTokenIdentifier@7f0eb4b4)
2015-10-17 22:30:03,742 INFO [main] org.apache.hadoop.mapred.YarnChild: Sleeping for 0ms before retrying again. Got null now.
2015-10-17 22:30:04,086 INFO [main] org.apache.hadoop.mapred.YarnChild: mapreduce.cluster.local.dir for child: /tmp/hadoop-msrabi/nm-local-dir/usercache/msrabi/appcache/application_1445087491445_0007
2015-10-17 22:30:04,304 INFO [main] org.apache.hadoop.conf.Configuration.deprecation: session.id is deprecated. Instead, use dfs.metrics.session-id
2015-10-17 22:30:04,773 INFO [main] org.apache.hadoop.yarn.util.ProcfsBasedProcessTree: ProcfsBasedProcessTree currently is supported only on Linux.
2015-10-17 22:30:04,789 INFO [main] org.apache.hadoop.mapred.Task:  Using ResourceCalculatorProcessTree : org.apache.hadoop.yarn.util.WindowsBasedProcessTree@6ad3381f
2015-10-17 22:30:04,804 INFO [main] org.apache.hadoop.mapred.ReduceTask: Using ShuffleConsumerPlugin: org.apache.hadoop.mapreduce.task.reduce.Shuffle@4fad9bb2
2015-10-17 22:30:04,820 INFO [main] org.apache.hadoop.mapreduce.task.reduce.MergeManagerImpl: MergerManager: memoryLimit=130652568, maxSingleShuffleLimit=32663142, mergeThreshold=86230696, ioSortFactor=10, memToMemMergeOutputsThreshold=10
2015-10-17 22:30:04,820 INFO [EventFetcher for fetching Map Completion Events] org.apache.hadoop.mapreduce.task.reduce.EventFetcher: attempt_1445087491445_0007_r_000000_1000 Thread started: EventFetcher for fetching Map Completion Events
2015-10-17 22:30:04,820 INFO [fetcher#5] org.apache.hadoop.mapreduce.task.reduce.ShuffleSchedulerImpl: Assigning MSRA-SA-41.fareast.corp.microsoft.com:13562 with 1 to fetcher#5
2015-10-17 22:30:04,820 INFO [fetcher#5] org.apache.hadoop.mapreduce.task.reduce.ShuffleSchedulerImpl: assigned 1 of 1 to MSRA-SA-41.fareast.corp.microsoft.com:13562 to fetcher#5
2015-10-17 22:30:04,820 INFO [fetcher#1] org.apache.hadoop.mapreduce.task.reduce.ShuffleSchedulerImpl: Assigning MSRA-SA-39.fareast.corp.microsoft.com:13562 with 1 to fetcher#1
2015-10-17 22:30:04,836 INFO [fetcher#1] org.apache.hadoop.mapreduce.task.reduce.ShuffleSchedulerImpl: assigned 1 of 1 to MSRA-SA-39.fareast.corp.microsoft.com:13562 to fetcher#1
2015-10-17 22:30:04,836 INFO [EventFetcher for fetching Map Completion Events] org.apache.hadoop.mapreduce.task.reduce.EventFetcher: attempt_1445087491445_0007_r_000000_1000: Got 10 new map-outputs
2015-10-17 22:30:04,945 INFO [fetcher#1] org.apache.hadoop.mapreduce.task.reduce.Fetcher: for url=13562/mapOutput?job=job_1445087491445_0007&reduce=0&map=attempt_1445087491445_0007_m_000005_0 sent hash and received reply
2015-10-17 22:30:04,945 INFO [fetcher#5] org.apache.hadoop.mapreduce.task.reduce.Fetcher: for url=13562/mapOutput?job=job_1445087491445_0007&reduce=0&map=attempt_1445087491445_0007_m_000000_0 sent hash and received reply
2015-10-17 22:30:04,945 INFO [fetcher#5] org.apache.hadoop.mapreduce.task.reduce.MergeManagerImpl: attempt_1445087491445_0007_m_000000_0: Shuffling to disk since 216988123 is greater than maxSingleShuffleLimit (32663142)
2015-10-17 22:30:04,961 INFO [fetcher#5] org.apache.hadoop.mapreduce.task.reduce.Fetcher: fetcher#5 about to shuffle output of map attempt_1445087491445_0007_m_000000_0 decomp: 216988123 len: 216988127 to DISK
2015-10-17 22:30:04,961 INFO [fetcher#1] org.apache.hadoop.mapreduce.task.reduce.MergeManagerImpl: attempt_1445087491445_0007_m_000005_0: Shuffling to disk since 216990140 is greater than maxSingleShuffleLimit (32663142)
2015-10-17 22:30:04,961 INFO [fetcher#1] org.apache.hadoop.mapreduce.task.reduce.Fetcher: fetcher#1 about to shuffle output of map attempt_1445087491445_0007_m_000005_0 decomp: 216990140 len: 216990144 to DISK
2015-10-17 22:30:06,617 INFO [fetcher#1] org.apache.hadoop.mapreduce.task.reduce.OnDiskMapOutput: Read 216990144 bytes from map-output for attempt_1445087491445_0007_m_000005_0
2015-10-17 22:30:06,617 INFO [fetcher#1] org.apache.hadoop.mapreduce.task.reduce.ShuffleSchedulerImpl: MSRA-SA-39.fareast.corp.microsoft.com:13562 freed by fetcher#1 in 1793ms
2015-10-17 22:30:06,617 INFO [fetcher#1] org.apache.hadoop.mapreduce.task.reduce.ShuffleSchedulerImpl: Assigning MSRA-SA-39.fareast.corp.microsoft.com:13562 with 4 to fetcher#1
2015-10-17 22:30:06,617 INFO [fetcher#1] org.apache.hadoop.mapreduce.task.reduce.ShuffleSchedulerImpl: assigned 4 of 4 to MSRA-SA-39.fareast.corp.microsoft.com:13562 to fetcher#1
2015-10-17 22:30:06,632 INFO [fetcher#1] org.apache.hadoop.mapreduce.task.reduce.Fetcher: for url=13562/mapOutput?job=job_1445087491445_0007&reduce=0&map=attempt_1445087491445_0007_m_000006_0,attempt_1445087491445_0007_m_000007_0,attempt_1445087491445_0007_m_000008_0,attempt_1445087491445_0007_m_000009_0 sent hash and received reply
2015-10-17 22:30:06,632 INFO [fetcher#1] org.apache.hadoop.mapreduce.task.reduce.MergeManagerImpl: attempt_1445087491445_0007_m_000006_0: Shuffling to disk since 217011663 is greater than maxSingleShuffleLimit (32663142)
2015-10-17 22:30:06,898 INFO [fetcher#1] org.apache.hadoop.mapreduce.task.reduce.Fetcher: fetcher#1 about to shuffle output of map attempt_1445087491445_0007_m_000006_0 decomp: 217011663 len: 217011667 to DISK
2015-10-17 22:30:08,367 INFO [fetcher#1] org.apache.hadoop.mapreduce.task.reduce.OnDiskMapOutput: Read 217011667 bytes from map-output for attempt_1445087491445_0007_m_000006_0
2015-10-17 22:30:08,383 INFO [fetcher#1] org.apache.hadoop.mapreduce.task.reduce.MergeManagerImpl: attempt_1445087491445_0007_m_000007_0: Shuffling to disk since 216976206 is greater than maxSingleShuffleLimit (32663142)
2015-10-17 22:30:08,383 INFO [fetcher#1] org.apache.hadoop.mapreduce.task.reduce.Fetcher: fetcher#1 about to shuffle output of map attempt_1445087491445_0007_m_000007_0 decomp: 216976206 len: 216976210 to DISK
2015-10-17 22:30:09,476 INFO [fetcher#5] org.apache.hadoop.mapreduce.task.reduce.OnDiskMapOutput: Read 216988127 bytes from map-output for attempt_1445087491445_0007_m_000000_0
2015-10-17 22:30:09,492 INFO [fetcher#5] org.apache.hadoop.mapreduce.task.reduce.ShuffleSchedulerImpl: MSRA-SA-41.fareast.corp.microsoft.com:13562 freed by fetcher#5 in 4661ms
2015-10-17 22:30:09,492 INFO [fetcher#5] org.apache.hadoop.mapreduce.task.reduce.ShuffleSchedulerImpl: Assigning MSRA-SA-41.fareast.corp.microsoft.com:13562 with 4 to fetcher#5
2015-10-17 22:30:09,492 INFO [fetcher#5] org.apache.hadoop.mapreduce.task.reduce.ShuffleSchedulerImpl: assigned 4 of 4 to MSRA-SA-41.fareast.corp.microsoft.com:13562 to fetcher#5
2015-10-17 22:30:09,492 INFO [fetcher#5] org.apache.hadoop.mapreduce.task.reduce.Fetcher: for url=13562/mapOutput?job=job_1445087491445_0007&reduce=0&map=attempt_1445087491445_0007_m_000001_0,attempt_1445087491445_0007_m_000002_0,attempt_1445087491445_0007_m_000003_0,attempt_1445087491445_0007_m_000004_0 sent hash and received reply
2015-10-17 22:30:09,492 INFO [fetcher#5] org.apache.hadoop.mapreduce.task.reduce.MergeManagerImpl: attempt_1445087491445_0007_m_000001_0: Shuffling to disk since 217009502 is greater than maxSingleShuffleLimit (32663142)
2015-10-17 22:30:09,508 INFO [fetcher#5] org.apache.hadoop.mapreduce.task.reduce.Fetcher: fetcher#5 about to shuffle output of map attempt_1445087491445_0007_m_000001_0 decomp: 217009502 len: 217009506 to DISK
2015-10-17 22:30:09,851 INFO [fetcher#1] org.apache.hadoop.mapreduce.task.reduce.OnDiskMapOutput: Read 216976210 bytes from map-output for attempt_1445087491445_0007_m_000007_0
2015-10-17 22:30:09,867 INFO [fetcher#1] org.apache.hadoop.mapreduce.task.reduce.MergeManagerImpl: attempt_1445087491445_0007_m_000008_0: Shuffling to disk since 217015228 is greater than maxSingleShuffleLimit (32663142)
2015-10-17 22:30:09,867 INFO [fetcher#1] org.apache.hadoop.mapreduce.task.reduce.Fetcher: fetcher#1 about to shuffle output of map attempt_1445087491445_0007_m_000008_0 decomp: 217015228 len: 217015232 to DISK
2015-10-17 22:30:11,336 INFO [fetcher#1] org.apache.hadoop.mapreduce.task.reduce.OnDiskMapOutput: Read 217015232 bytes from map-output for attempt_1445087491445_0007_m_000008_0
2015-10-17 22:30:11,351 INFO [fetcher#1] org.apache.hadoop.mapreduce.task.reduce.MergeManagerImpl: attempt_1445087491445_0007_m_000009_0: Shuffling to disk since 172334804 is greater than maxSingleShuffleLimit (32663142)
2015-10-17 22:30:11,351 INFO [fetcher#1] org.apache.hadoop.mapreduce.task.reduce.Fetcher: fetcher#1 about to shuffle output of map attempt_1445087491445_0007_m_000009_0 decomp: 172334804 len: 172334808 to DISK
2015-10-17 22:30:12,492 INFO [fetcher#1] org.apache.hadoop.mapreduce.task.reduce.OnDiskMapOutput: Read 172334808 bytes from map-output for attempt_1445087491445_0007_m_000009_0
2015-10-17 22:30:12,508 INFO [fetcher#1] org.apache.hadoop.mapreduce.task.reduce.ShuffleSchedulerImpl: MSRA-SA-39.fareast.corp.microsoft.com:13562 freed by fetcher#1 in 5881ms
2015-10-17 22:30:13,102 INFO [fetcher#5] org.apache.hadoop.mapreduce.task.reduce.OnDiskMapOutput: Read 217009506 bytes from map-output for attempt_1445087491445_0007_m_000001_0
2015-10-17 22:30:13,102 INFO [fetcher#5] org.apache.hadoop.mapreduce.task.reduce.MergeManagerImpl: attempt_1445087491445_0007_m_000002_0: Shuffling to disk since 216991624 is greater than maxSingleShuffleLimit (32663142)
2015-10-17 22:30:13,102 INFO [fetcher#5] org.apache.hadoop.mapreduce.task.reduce.Fetcher: fetcher#5 about to shuffle output of map attempt_1445087491445_0007_m_000002_0 decomp: 216991624 len: 216991628 to DISK
2015-10-17 22:30:16,245 INFO [fetcher#5] org.apache.hadoop.mapreduce.task.reduce.OnDiskMapOutput: Read 216991628 bytes from map-output for attempt_1445087491445_0007_m_000002_0
2015-10-17 22:30:16,245 INFO [fetcher#5] org.apache.hadoop.mapreduce.task.reduce.MergeManagerImpl: attempt_1445087491445_0007_m_000003_0: Shuffling to disk since 216972750 is greater than maxSingleShuffleLimit (32663142)
2015-10-17 22:30:16,245 INFO [fetcher#5] org.apache.hadoop.mapreduce.task.reduce.Fetcher: fetcher#5 about to shuffle output of map attempt_1445087491445_0007_m_000003_0 decomp: 216972750 len: 216972754 to DISK
2015-10-17 22:30:39,809 INFO [fetcher#5] org.apache.hadoop.mapreduce.task.reduce.OnDiskMapOutput: Read 216972754 bytes from map-output for attempt_1445087491445_0007_m_000003_0
2015-10-17 22:30:39,824 INFO [fetcher#5] org.apache.hadoop.mapreduce.task.reduce.MergeManagerImpl: attempt_1445087491445_0007_m_000004_0: Shuffling to disk since 216999709 is greater than maxSingleShuffleLimit (32663142)
2015-10-17 22:30:39,824 INFO [fetcher#5] org.apache.hadoop.mapreduce.task.reduce.Fetcher: fetcher#5 about to shuffle output of map attempt_1445087491445_0007_m_000004_0 decomp: 216999709 len: 216999713 to DISK
2015-10-17 22:30:51,309 INFO [fetcher#5] org.apache.hadoop.mapreduce.task.reduce.OnDiskMapOutput: Read 216999713 bytes from map-output for attempt_1445087491445_0007_m_000004_0
2015-10-17 22:30:51,325 INFO [fetcher#5] org.apache.hadoop.mapreduce.task.reduce.ShuffleSchedulerImpl: MSRA-SA-41.fareast.corp.microsoft.com:13562 freed by fetcher#5 in 41830ms
2015-10-17 22:30:51,325 INFO [EventFetcher for fetching Map Completion Events] org.apache.hadoop.mapreduce.task.reduce.EventFetcher: EventFetcher is interrupted.. Returning
2015-10-17 22:30:51,325 INFO [main] org.apache.hadoop.mapreduce.task.reduce.MergeManagerImpl: finalMerge called with 0 in-memory map-outputs and 10 on-disk map-outputs
2015-10-17 22:31:40,139 INFO [main] org.apache.hadoop.mapreduce.task.reduce.MergeManagerImpl: Merging 10 files, 2125289789 bytes from disk
2015-10-17 22:31:40,139 INFO [main] org.apache.hadoop.mapreduce.task.reduce.MergeManagerImpl: Merging 0 segments, 0 bytes from memory into reduce
2015-10-17 22:31:40,139 INFO [main] org.apache.hadoop.mapred.Merger: Merging 10 sorted segments
2015-10-17 22:31:54,877 INFO [main] org.apache.hadoop.mapred.Merger: Down to the last merge-pass, with 10 segments left of total size: 2125289689 bytes
2015-10-17 22:31:55,862 INFO [main] org.apache.hadoop.conf.Configuration.deprecation: mapred.skip.on is deprecated. Instead, use mapreduce.job.skiprecords
2015-10-17 22:37:43,238 INFO [DataStreamer for file /out/out1/_temporary/2/_temporary/attempt_1445087491445_0007_r_000000_1000/part-r-00000] org.apache.hadoop.hdfs.DFSClient: Exception in createBlockOutputStream
2015-10-17 22:37:43,java.io.IOException: Bad connect ack with firstBadLink as 10.86.169.121:50010
2015-10-17 22:37:43,	at org.apache.hadoop.hdfs.DFSOutputStream$DataStreamer.createBlockOutputStream(DFSOutputStream.java:1461)
2015-10-17 22:37:43,	at org.apache.hadoop.hdfs.DFSOutputStream$DataStreamer.nextBlockOutputStream(DFSOutputStream.java:1362)
2015-10-17 22:37:43,	at org.apache.hadoop.hdfs.DFSOutputStream$DataStreamer.run(DFSOutputStream.java:589)
2015-10-17 22:37:43,238 INFO [DataStreamer for file /out/out1/_temporary/2/_temporary/attempt_1445087491445_0007_r_000000_1000/part-r-00000] org.apache.hadoop.hdfs.DFSClient: Abandoning BP-1347369012-10.190.173.170-1444972147527:blk_1073743056_2272
2015-10-17 22:37:43,254 INFO [DataStreamer for file /out/out1/_temporary/2/_temporary/attempt_1445087491445_0007_r_000000_1000/part-r-00000] org.apache.hadoop.hdfs.DFSClient: Excluding datanode 10.86.169.121:50010
2015-10-17 22:39:42,759 INFO [main] org.apache.hadoop.mapred.Task: Task:attempt_1445087491445_0007_r_000000_1000 is done. And is in the process of committing
2015-10-17 22:39:42,790 INFO [main] org.apache.hadoop.mapred.Task: Task attempt_1445087491445_0007_r_000000_1000 is allowed to commit now
2015-10-17 22:39:42,806 INFO [main] org.apache.hadoop.mapreduce.lib.output.FileOutputCommitter: Saved output of task 'attempt_1445087491445_0007_r_000000_1000' to hdfs://msra-sa-41:9000/out/out1/_temporary/2/task_1445087491445_0007_r_000000
2015-10-17 22:39:42,837 INFO [main] org.apache.hadoop.mapred.Task: Task 'attempt_1445087491445_0007_r_000000_1000' done.
