2015-10-17 23:13:15,898 INFO [main] org.apache.hadoop.metrics2.impl.MetricsConfig: loaded properties from hadoop-metrics2.properties
2015-10-17 23:13:16,257 INFO [main] org.apache.hadoop.metrics2.impl.MetricsSystemImpl: Scheduled snapshot period at 10 second(s).
2015-10-17 23:13:16,257 INFO [main] org.apache.hadoop.metrics2.impl.MetricsSystemImpl: MapTask metrics system started
2015-10-17 23:13:16,398 INFO [main] org.apache.hadoop.mapred.YarnChild: Executing with tokens:
2015-10-17 23:13:16,398 INFO [main] org.apache.hadoop.mapred.YarnChild: Kind: mapreduce.job, Service: job_1445094324383_0005, Ident: (org.apache.hadoop.mapreduce.security.token.JobTokenIdentifier@6ace4625)
2015-10-17 23:13:17,507 INFO [main] org.apache.hadoop.mapred.YarnChild: Sleeping for 0ms before retrying again. Got null now.
2015-10-17 23:13:18,976 INFO [main] org.apache.hadoop.mapred.YarnChild: mapreduce.cluster.local.dir for child: /tmp/hadoop-msrabi/nm-local-dir/usercache/msrabi/appcache/application_1445094324383_0005
2015-10-17 23:13:20,883 INFO [main] org.apache.hadoop.conf.Configuration.deprecation: session.id is deprecated. Instead, use dfs.metrics.session-id
2015-10-17 23:13:22,914 INFO [main] org.apache.hadoop.yarn.util.ProcfsBasedProcessTree: ProcfsBasedProcessTree currently is supported only on Linux.
2015-10-17 23:13:23,304 INFO [main] org.apache.hadoop.mapred.Task:  Using ResourceCalculatorProcessTree : org.apache.hadoop.yarn.util.WindowsBasedProcessTree@7fc3caba
2015-10-17 23:13:26,242 INFO [main] org.apache.hadoop.mapred.MapTask: Processing split: hdfs://msra-sa-41:9000/wordcount2.txt:805306368+134217728
2015-10-17 23:13:26,601 INFO [main] org.apache.hadoop.mapred.MapTask: (EQUATOR) 0 kvi 26214396(104857584)
2015-10-17 23:13:26,601 INFO [main] org.apache.hadoop.mapred.MapTask: mapreduce.task.io.sort.mb: 100
2015-10-17 23:13:26,601 INFO [main] org.apache.hadoop.mapred.MapTask: soft limit at 83886080
2015-10-17 23:13:26,601 INFO [main] org.apache.hadoop.mapred.MapTask: bufstart = 0; bufvoid = 104857600
2015-10-17 23:13:26,601 INFO [main] org.apache.hadoop.mapred.MapTask: kvstart = 26214396; length = 6553600
2015-10-17 23:13:26,742 INFO [main] org.apache.hadoop.mapred.MapTask: Map output collector class = org.apache.hadoop.mapred.MapTask$MapOutputBuffer
2015-10-17 23:13:53,946 INFO [main] org.apache.hadoop.mapred.MapTask: Spilling map output
2015-10-17 23:13:53,946 INFO [main] org.apache.hadoop.mapred.MapTask: bufstart = 0; bufend = 34172179; bufvoid = 104857600
2015-10-17 23:13:53,946 INFO [main] org.apache.hadoop.mapred.MapTask: kvstart = 26214396(104857584); kvend = 13785924(55143696); length = 12428473/6553600
2015-10-17 23:13:53,946 INFO [main] org.apache.hadoop.mapred.MapTask: (EQUATOR) 44657929 kvi 11164476(44657904)
2015-10-17 23:14:18,165 INFO [SpillThread] org.apache.hadoop.mapred.MapTask: Finished spill 0
2015-10-17 23:14:18,181 INFO [main] org.apache.hadoop.mapred.MapTask: (RESET) equator 44657929 kv 11164476(44657904) kvi 8543052(34172208)
