2015-10-19 14:23:06,708 INFO [main] org.apache.hadoop.metrics2.impl.MetricsConfig: loaded properties from hadoop-metrics2.properties
2015-10-19 14:23:06,768 INFO [main] org.apache.hadoop.metrics2.impl.MetricsSystemImpl: Scheduled snapshot period at 10 second(s).
2015-10-19 14:23:06,769 INFO [main] org.apache.hadoop.metrics2.impl.MetricsSystemImpl: MapTask metrics system started
2015-10-19 14:23:06,789 INFO [main] org.apache.hadoop.mapred.YarnChild: Executing with tokens:
2015-10-19 14:23:06,789 INFO [main] org.apache.hadoop.mapred.YarnChild: Kind: mapreduce.job, Service: job_1445182159119_0003, Ident: (org.apache.hadoop.mapreduce.security.token.JobTokenIdentifier@1a29f594)
2015-10-19 14:23:06,901 INFO [main] org.apache.hadoop.mapred.YarnChild: Sleeping for 0ms before retrying again. Got null now.
2015-10-19 14:23:07,122 INFO [main] org.apache.hadoop.mapred.YarnChild: mapreduce.cluster.local.dir for child: /tmp/hadoop-msrabi/nm-local-dir/usercache/msrabi/appcache/application_1445182159119_0003
2015-10-19 14:23:07,650 INFO [main] org.apache.hadoop.conf.Configuration.deprecation: session.id is deprecated. Instead, use dfs.metrics.session-id
2015-10-19 14:23:08,253 INFO [main] org.apache.hadoop.yarn.util.ProcfsBasedProcessTree: ProcfsBasedProcessTree currently is supported only on Linux.
2015-10-19 14:23:08,271 INFO [main] org.apache.hadoop.mapred.Task:  Using ResourceCalculatorProcessTree : org.apache.hadoop.yarn.util.WindowsBasedProcessTree@56ca138e
2015-10-19 14:23:08,444 INFO [main] org.apache.hadoop.mapred.MapTask: Processing split: hdfs://msra-sa-41:9000/wordcount2.txt:671088640+134217728
2015-10-19 14:23:08,501 INFO [main] org.apache.hadoop.mapred.MapTask: (EQUATOR) 0 kvi 26214396(104857584)
2015-10-19 14:23:08,501 INFO [main] org.apache.hadoop.mapred.MapTask: mapreduce.task.io.sort.mb: 100
2015-10-19 14:23:08,501 INFO [main] org.apache.hadoop.mapred.MapTask: soft limit at 83886080
2015-10-19 14:23:08,501 INFO [main] org.apache.hadoop.mapred.MapTask: bufstart = 0; bufvoid = 104857600
2015-10-19 14:23:08,501 INFO [main] org.apache.hadoop.mapred.MapTask: kvstart = 26214396; length = 6553600
2015-10-19 14:23:08,507 INFO [main] org.apache.hadoop.mapred.MapTask: Map output collector class = org.apache.hadoop.mapred.MapTask$MapOutputBuffer
2015-10-19 14:23:10,016 INFO [main] org.apache.hadoop.mapred.MapTask: Spilling map output
2015-10-19 14:23:10,016 INFO [main] org.apache.hadoop.mapred.MapTask: bufstart = 0; bufend = 34177286; bufvoid = 104857600
2015-10-19 14:23:10,016 INFO [main] org.apache.hadoop.mapred.MapTask: kvstart = 26214396(104857584); kvend = 13787204(55148816); length = 12427193/6553600
2015-10-19 14:23:10,016 INFO [main] org.apache.hadoop.mapred.MapTask: (EQUATOR) 44663043 kvi 11165756(44663024)
2015-10-19 14:23:17,913 INFO [SpillThread] org.apache.hadoop.mapred.MapTask: Finished spill 0
2015-10-19 14:23:17,918 INFO [main] org.apache.hadoop.mapred.MapTask: (RESET) equator 44663043 kv 11165756(44663024) kvi 8544328(34177312)
2015-10-19 14:23:18,863 INFO [main] org.apache.hadoop.mapred.MapTask: Spilling map output
2015-10-19 14:23:18,863 INFO [main] org.apache.hadoop.mapred.MapTask: bufstart = 44663043; bufend = 78834546; bufvoid = 104857600
2015-10-19 14:23:18,863 INFO [main] org.apache.hadoop.mapred.MapTask: kvstart = 11165756(44663024); kvend = 24951520(99806080); length = 12428637/6553600
2015-10-19 14:23:18,864 INFO [main] org.apache.hadoop.mapred.MapTask: (EQUATOR) 89320305 kvi 22330072(89320288)
2015-10-19 14:23:26,367 INFO [SpillThread] org.apache.hadoop.mapred.MapTask: Finished spill 1
2015-10-19 14:23:26,372 INFO [main] org.apache.hadoop.mapred.MapTask: (RESET) equator 89320305 kv 22330072(89320288) kvi 19708644(78834576)
2015-10-19 14:23:27,270 INFO [main] org.apache.hadoop.mapred.MapTask: Spilling map output
2015-10-19 14:23:27,270 INFO [main] org.apache.hadoop.mapred.MapTask: bufstart = 89320305; bufend = 18636739; bufvoid = 104857592
2015-10-19 14:23:27,270 INFO [main] org.apache.hadoop.mapred.MapTask: kvstart = 22330072(89320288); kvend = 9902068(39608272); length = 12428005/6553600
2015-10-19 14:23:27,270 INFO [main] org.apache.hadoop.mapred.MapTask: (EQUATOR) 29122497 kvi 7280620(29122480)
2015-10-19 14:23:35,018 INFO [SpillThread] org.apache.hadoop.mapred.MapTask: Finished spill 2
2015-10-19 14:23:35,023 INFO [main] org.apache.hadoop.mapred.MapTask: (RESET) equator 29122497 kv 7280620(29122480) kvi 4659192(18636768)
2015-10-19 14:23:35,877 INFO [main] org.apache.hadoop.mapred.MapTask: Spilling map output
2015-10-19 14:23:35,877 INFO [main] org.apache.hadoop.mapred.MapTask: bufstart = 29122497; bufend = 63299153; bufvoid = 104857600
2015-10-19 14:23:35,877 INFO [main] org.apache.hadoop.mapred.MapTask: kvstart = 7280620(29122480); kvend = 21067672(84270688); length = 12427349/6553600
2015-10-19 14:23:35,877 INFO [main] org.apache.hadoop.mapred.MapTask: (EQUATOR) 73784912 kvi 18446224(73784896)
2015-10-19 14:23:43,728 INFO [SpillThread] org.apache.hadoop.mapred.MapTask: Finished spill 3
2015-10-19 14:23:43,734 INFO [main] org.apache.hadoop.mapred.MapTask: (RESET) equator 73784912 kv 18446224(73784896) kvi 15824796(63299184)
2015-10-19 14:23:44,609 INFO [main] org.apache.hadoop.mapred.MapTask: Spilling map output
2015-10-19 14:23:44,609 INFO [main] org.apache.hadoop.mapred.MapTask: bufstart = 73784912; bufend = 3103634; bufvoid = 104857599
2015-10-19 14:23:44,609 INFO [main] org.apache.hadoop.mapred.MapTask: kvstart = 18446224(73784896); kvend = 6018792(24075168); length = 12427433/6553600
2015-10-19 14:23:44,609 INFO [main] org.apache.hadoop.mapred.MapTask: (EQUATOR) 13589393 kvi 3397344(13589376)
2015-10-19 14:23:52,540 INFO [SpillThread] org.apache.hadoop.mapred.MapTask: Finished spill 4
2015-10-19 14:23:52,544 INFO [main] org.apache.hadoop.mapred.MapTask: (RESET) equator 13589393 kv 3397344(13589376) kvi 775916(3103664)
2015-10-19 14:23:53,647 INFO [main] org.apache.hadoop.mapred.MapTask: Spilling map output
2015-10-19 14:23:53,648 INFO [main] org.apache.hadoop.mapred.MapTask: bufstart = 13589393; bufend = 47762632; bufvoid = 104857600
2015-10-19 14:23:53,648 INFO [main] org.apache.hadoop.mapred.MapTask: kvstart = 3397344(13589376); kvend = 17183540(68734160); length = 12428205/6553600
2015-10-19 14:23:53,648 INFO [main] org.apache.hadoop.mapred.MapTask: (EQUATOR) 58248388 kvi 14562092(58248368)
2015-10-19 14:23:54,628 INFO [main] org.apache.hadoop.mapred.MapTask: Starting flush of map output
2015-10-19 14:24:03,598 INFO [SpillThread] org.apache.hadoop.mapred.MapTask: Finished spill 5
2015-10-19 14:24:03,603 INFO [main] org.apache.hadoop.mapred.MapTask: (RESET) equator 58248388 kv 14562092(58248368) kvi 12514280(50057120)
2015-10-19 14:24:03,603 INFO [main] org.apache.hadoop.mapred.MapTask: Spilling map output
2015-10-19 14:24:03,603 INFO [main] org.apache.hadoop.mapred.MapTask: bufstart = 58248388; bufend = 63878123; bufvoid = 104857600
2015-10-19 14:24:03,604 INFO [main] org.apache.hadoop.mapred.MapTask: kvstart = 14562092(58248368); kvend = 12514284(50057136); length = 2047809/6553600
2015-10-19 14:24:04,656 INFO [main] org.apache.hadoop.mapred.MapTask: Finished spill 6
2015-10-19 14:24:04,673 INFO [main] org.apache.hadoop.mapred.Merger: Merging 7 sorted segments
2015-10-19 14:24:04,683 INFO [main] org.apache.hadoop.mapred.Merger: Down to the last merge-pass, with 7 segments left of total size: 228412824 bytes
2015-10-19 14:24:37,334 INFO [main] org.apache.hadoop.mapred.Task: Task:attempt_1445182159119_0003_m_000005_0 is done. And is in the process of committing
2015-10-19 14:24:37,404 INFO [main] org.apache.hadoop.mapred.Task: Task 'attempt_1445182159119_0003_m_000005_0' done.
