2015-10-19 15:50:57,445 INFO [main] org.apache.hadoop.metrics2.impl.MetricsConfig: loaded properties from hadoop-metrics2.properties
2015-10-19 15:50:57,585 INFO [main] org.apache.hadoop.metrics2.impl.MetricsSystemImpl: Scheduled snapshot period at 10 second(s).
2015-10-19 15:50:57,585 INFO [main] org.apache.hadoop.metrics2.impl.MetricsSystemImpl: MapTask metrics system started
2015-10-19 15:50:57,616 INFO [main] org.apache.hadoop.mapred.YarnChild: Executing with tokens:
2015-10-19 15:50:57,616 INFO [main] org.apache.hadoop.mapred.YarnChild: Kind: mapreduce.job, Service: job_1445182159119_0011, Ident: (org.apache.hadoop.mapreduce.security.token.JobTokenIdentifier@1623b78d)
2015-10-19 15:50:57,788 INFO [main] org.apache.hadoop.mapred.YarnChild: Sleeping for 0ms before retrying again. Got null now.
2015-10-19 15:50:58,476 INFO [main] org.apache.hadoop.mapred.YarnChild: mapreduce.cluster.local.dir for child: /tmp/hadoop-msrabi/nm-local-dir/usercache/msrabi/appcache/application_1445182159119_0011
2015-10-19 15:50:58,913 INFO [main] org.apache.hadoop.conf.Configuration.deprecation: session.id is deprecated. Instead, use dfs.metrics.session-id
2015-10-19 15:50:59,648 INFO [main] org.apache.hadoop.yarn.util.ProcfsBasedProcessTree: ProcfsBasedProcessTree currently is supported only on Linux.
2015-10-19 15:50:59,663 INFO [main] org.apache.hadoop.mapred.Task:  Using ResourceCalculatorProcessTree : org.apache.hadoop.yarn.util.WindowsBasedProcessTree@db57326
2015-10-19 15:50:59,960 INFO [main] org.apache.hadoop.mapred.MapTask: Processing split: hdfs://msra-sa-41:9000/pageinput2.txt:1207959552+48562176
2015-10-19 15:51:00,038 INFO [main] org.apache.hadoop.mapred.MapTask: (EQUATOR) 0 kvi 26214396(104857584)
2015-10-19 15:51:00,038 INFO [main] org.apache.hadoop.mapred.MapTask: mapreduce.task.io.sort.mb: 100
2015-10-19 15:51:00,038 INFO [main] org.apache.hadoop.mapred.MapTask: soft limit at 83886080
2015-10-19 15:51:00,038 INFO [main] org.apache.hadoop.mapred.MapTask: bufstart = 0; bufvoid = 104857600
2015-10-19 15:51:00,038 INFO [main] org.apache.hadoop.mapred.MapTask: kvstart = 26214396; length = 6553600
2015-10-19 15:51:00,054 INFO [main] org.apache.hadoop.mapred.MapTask: Map output collector class = org.apache.hadoop.mapred.MapTask$MapOutputBuffer
2015-10-19 15:51:03,101 INFO [main] org.apache.hadoop.mapred.MapTask: Spilling map output
2015-10-19 15:51:03,101 INFO [main] org.apache.hadoop.mapred.MapTask: bufstart = 0; bufend = 48193401; bufvoid = 104857600
2015-10-19 15:51:03,101 INFO [main] org.apache.hadoop.mapred.MapTask: kvstart = 26214396(104857584); kvend = 17291232(69164928); length = 8923165/6553600
2015-10-19 15:51:03,101 INFO [main] org.apache.hadoop.mapred.MapTask: (EQUATOR) 57262153 kvi 14315532(57262128)
2015-10-19 15:51:14,149 INFO [SpillThread] org.apache.hadoop.mapred.MapTask: Finished spill 0
2015-10-19 15:51:14,149 INFO [main] org.apache.hadoop.mapred.MapTask: (RESET) equator 57262153 kv 14315532(57262128) kvi 12120076(48480304)
2015-10-19 15:51:15,868 INFO [main] org.apache.hadoop.mapred.MapTask: Spilling map output
2015-10-19 15:51:15,868 INFO [main] org.apache.hadoop.mapred.MapTask: bufstart = 57262153; bufend = 658166; bufvoid = 104857600
2015-10-19 15:51:15,868 INFO [main] org.apache.hadoop.mapred.MapTask: kvstart = 14315532(57262128); kvend = 5407424(21629696); length = 8908109/6553600
2015-10-19 15:51:15,884 INFO [main] org.apache.hadoop.mapred.MapTask: (EQUATOR) 9726918 kvi 2431724(9726896)
2015-10-19 15:51:24,822 INFO [SpillThread] org.apache.hadoop.mapred.MapTask: Finished spill 1
2015-10-19 15:51:24,822 INFO [main] org.apache.hadoop.mapred.MapTask: (RESET) equator 9726918 kv 2431724(9726896) kvi 228516(914064)
2015-10-19 15:51:26,009 INFO [main] org.apache.hadoop.mapred.MapTask: Starting flush of map output
2015-10-19 15:51:26,009 INFO [main] org.apache.hadoop.mapred.MapTask: Spilling map output
2015-10-19 15:51:26,009 INFO [main] org.apache.hadoop.mapred.MapTask: bufstart = 9726918; bufend = 49084664; bufvoid = 104857600
2015-10-19 15:51:26,009 INFO [main] org.apache.hadoop.mapred.MapTask: kvstart = 2431724(9726896); kvend = 21376588(85506352); length = 7269537/6553600
2015-10-19 15:51:33,306 INFO [main] org.apache.hadoop.mapred.MapTask: Finished spill 2
2015-10-19 15:51:33,322 INFO [main] org.apache.hadoop.mapred.Merger: Merging 3 sorted segments
2015-10-19 15:51:33,338 INFO [main] org.apache.hadoop.mapred.Merger: Down to the last merge-pass, with 3 segments left of total size: 105653983 bytes
2015-10-19 15:51:44,979 INFO [main] org.apache.hadoop.mapred.Task: Task:attempt_1445182159119_0011_m_000009_0 is done. And is in the process of committing
2015-10-19 15:51:45,088 INFO [main] org.apache.hadoop.mapred.Task: Task 'attempt_1445182159119_0011_m_000009_0' done.
2015-10-19 15:51:45,198 INFO [main] org.apache.hadoop.metrics2.impl.MetricsSystemImpl: Stopping MapTask metrics system...
2015-10-19 15:51:45,198 INFO [main] org.apache.hadoop.metrics2.impl.MetricsSystemImpl: MapTask metrics system stopped.
2015-10-19 15:51:45,198 INFO [main] org.apache.hadoop.metrics2.impl.MetricsSystemImpl: MapTask metrics system shutdown complete.
