2015-10-17 22:26:50,975 INFO [main] org.apache.hadoop.metrics2.impl.MetricsConfig: loaded properties from hadoop-metrics2.properties
2015-10-17 22:26:51,116 INFO [main] org.apache.hadoop.metrics2.impl.MetricsSystemImpl: Scheduled snapshot period at 10 second(s).
2015-10-17 22:26:51,116 INFO [main] org.apache.hadoop.metrics2.impl.MetricsSystemImpl: MapTask metrics system started
2015-10-17 22:26:51,132 INFO [main] org.apache.hadoop.mapred.YarnChild: Executing with tokens:
2015-10-17 22:26:51,132 INFO [main] org.apache.hadoop.mapred.YarnChild: Kind: mapreduce.job, Service: job_1445087491445_0010, Ident: (org.apache.hadoop.mapreduce.security.token.JobTokenIdentifier@7f0eb4b4)
2015-10-17 22:26:51,288 INFO [main] org.apache.hadoop.mapred.YarnChild: Sleeping for 0ms before retrying again. Got null now.
2015-10-17 22:26:52,257 INFO [main] org.apache.hadoop.mapred.YarnChild: mapreduce.cluster.local.dir for child: /tmp/hadoop-msrabi/nm-local-dir/usercache/msrabi/appcache/application_1445087491445_0010
2015-10-17 22:26:52,819 INFO [main] org.apache.hadoop.conf.Configuration.deprecation: session.id is deprecated. Instead, use dfs.metrics.session-id
2015-10-17 22:26:53,632 INFO [main] org.apache.hadoop.yarn.util.ProcfsBasedProcessTree: ProcfsBasedProcessTree currently is supported only on Linux.
2015-10-17 22:26:53,647 INFO [main] org.apache.hadoop.mapred.Task:  Using ResourceCalculatorProcessTree : org.apache.hadoop.yarn.util.WindowsBasedProcessTree@6ad3381f
2015-10-17 22:26:54,054 INFO [main] org.apache.hadoop.mapred.MapTask: Processing split: hdfs://msra-sa-41:9000/wordcount2.txt:134217728+134217728
2015-10-17 22:26:54,147 INFO [main] org.apache.hadoop.mapred.MapTask: (EQUATOR) 0 kvi 26214396(104857584)
2015-10-17 22:26:54,147 INFO [main] org.apache.hadoop.mapred.MapTask: mapreduce.task.io.sort.mb: 100
2015-10-17 22:26:54,147 INFO [main] org.apache.hadoop.mapred.MapTask: soft limit at 83886080
2015-10-17 22:26:54,147 INFO [main] org.apache.hadoop.mapred.MapTask: bufstart = 0; bufvoid = 104857600
2015-10-17 22:26:54,147 INFO [main] org.apache.hadoop.mapred.MapTask: kvstart = 26214396; length = 6553600
2015-10-17 22:26:54,163 INFO [main] org.apache.hadoop.mapred.MapTask: Map output collector class = org.apache.hadoop.mapred.MapTask$MapOutputBuffer
2015-10-17 22:26:56,710 INFO [main] org.apache.hadoop.mapred.MapTask: Spilling map output
2015-10-17 22:26:56,710 INFO [main] org.apache.hadoop.mapred.MapTask: bufstart = 0; bufend = 34173444; bufvoid = 104857600
2015-10-17 22:26:56,710 INFO [main] org.apache.hadoop.mapred.MapTask: kvstart = 26214396(104857584); kvend = 13786240(55144960); length = 12428157/6553600
2015-10-17 22:26:56,710 INFO [main] org.apache.hadoop.mapred.MapTask: (EQUATOR) 44659194 kvi 11164792(44659168)
2015-10-17 22:27:07,351 INFO [SpillThread] org.apache.hadoop.mapred.MapTask: Finished spill 0
2015-10-17 22:27:07,367 INFO [main] org.apache.hadoop.mapred.MapTask: (RESET) equator 44659194 kv 11164792(44659168) kvi 8543368(34173472)
2015-10-17 22:27:08,835 INFO [main] org.apache.hadoop.mapred.MapTask: Spilling map output
2015-10-17 22:27:08,835 INFO [main] org.apache.hadoop.mapred.MapTask: bufstart = 44659194; bufend = 78835106; bufvoid = 104857600
2015-10-17 22:27:08,835 INFO [main] org.apache.hadoop.mapred.MapTask: kvstart = 11164792(44659168); kvend = 24951660(99806640); length = 12427533/6553600
2015-10-17 22:27:08,835 INFO [main] org.apache.hadoop.mapred.MapTask: (EQUATOR) 89320865 kvi 22330212(89320848)
2015-10-17 22:27:18,508 INFO [SpillThread] org.apache.hadoop.mapred.MapTask: Finished spill 1
2015-10-17 22:27:18,508 INFO [main] org.apache.hadoop.mapred.MapTask: (RESET) equator 89320865 kv 22330212(89320848) kvi 19708784(78835136)
2015-10-17 22:27:19,820 INFO [main] org.apache.hadoop.mapred.MapTask: Spilling map output
2015-10-17 22:27:19,820 INFO [main] org.apache.hadoop.mapred.MapTask: bufstart = 89320865; bufend = 18639490; bufvoid = 104857593
2015-10-17 22:27:19,820 INFO [main] org.apache.hadoop.mapred.MapTask: kvstart = 22330212(89320848); kvend = 9902752(39611008); length = 12427461/6553600
2015-10-17 22:27:19,820 INFO [main] org.apache.hadoop.mapred.MapTask: (EQUATOR) 29125241 kvi 7281304(29125216)
2015-10-17 22:27:29,039 INFO [SpillThread] org.apache.hadoop.mapred.MapTask: Finished spill 2
2015-10-17 22:27:29,039 INFO [main] org.apache.hadoop.mapred.MapTask: (RESET) equator 29125241 kv 7281304(29125216) kvi 4659880(18639520)
2015-10-17 22:27:30,664 INFO [main] org.apache.hadoop.mapred.MapTask: Spilling map output
2015-10-17 22:27:30,664 INFO [main] org.apache.hadoop.mapred.MapTask: bufstart = 29125241; bufend = 63302013; bufvoid = 104857600
2015-10-17 22:27:30,664 INFO [main] org.apache.hadoop.mapred.MapTask: kvstart = 7281304(29125216); kvend = 21068384(84273536); length = 12427321/6553600
2015-10-17 22:27:30,664 INFO [main] org.apache.hadoop.mapred.MapTask: (EQUATOR) 73787766 kvi 18446936(73787744)
2015-10-17 22:27:40,571 INFO [SpillThread] org.apache.hadoop.mapred.MapTask: Finished spill 3
2015-10-17 22:27:40,571 INFO [main] org.apache.hadoop.mapred.MapTask: (RESET) equator 73787766 kv 18446936(73787744) kvi 15825508(63302032)
2015-10-17 22:27:41,790 INFO [main] org.apache.hadoop.mapred.MapTask: Spilling map output
2015-10-17 22:27:41,790 INFO [main] org.apache.hadoop.mapred.MapTask: bufstart = 73787766; bufend = 3104406; bufvoid = 104857591
2015-10-17 22:27:41,790 INFO [main] org.apache.hadoop.mapred.MapTask: kvstart = 18446936(73787744); kvend = 6018980(24075920); length = 12427957/6553600
2015-10-17 22:27:41,790 INFO [main] org.apache.hadoop.mapred.MapTask: (EQUATOR) 13590155 kvi 3397532(13590128)
2015-10-17 22:27:50,728 INFO [SpillThread] org.apache.hadoop.mapred.MapTask: Finished spill 4
2015-10-17 22:27:50,728 INFO [main] org.apache.hadoop.mapred.MapTask: (RESET) equator 13590155 kv 3397532(13590128) kvi 776108(3104432)
2015-10-17 22:27:51,822 INFO [main] org.apache.hadoop.mapred.MapTask: Spilling map output
2015-10-17 22:27:51,822 INFO [main] org.apache.hadoop.mapred.MapTask: bufstart = 13590155; bufend = 47765544; bufvoid = 104857600
2015-10-17 22:27:51,822 INFO [main] org.apache.hadoop.mapred.MapTask: kvstart = 3397532(13590128); kvend = 17184264(68737056); length = 12427669/6553600
2015-10-17 22:27:51,822 INFO [main] org.apache.hadoop.mapred.MapTask: (EQUATOR) 58251292 kvi 14562816(58251264)
2015-10-17 22:27:52,337 INFO [main] org.apache.hadoop.mapred.MapTask: Starting flush of map output
2015-10-17 22:28:00,775 INFO [SpillThread] org.apache.hadoop.mapred.MapTask: Finished spill 5
2015-10-17 22:28:00,775 INFO [main] org.apache.hadoop.mapred.MapTask: (RESET) equator 58251292 kv 14562816(58251264) kvi 12517660(50070640)
2015-10-17 22:28:00,775 INFO [main] org.apache.hadoop.mapred.MapTask: Spilling map output
2015-10-17 22:28:00,775 INFO [main] org.apache.hadoop.mapred.MapTask: bufstart = 58251292; bufend = 63875311; bufvoid = 104857600
2015-10-17 22:28:00,775 INFO [main] org.apache.hadoop.mapred.MapTask: kvstart = 14562816(58251264); kvend = 12517664(50070656); length = 2045153/6553600
2015-10-17 22:28:01,822 INFO [main] org.apache.hadoop.mapred.MapTask: Finished spill 6
2015-10-17 22:28:01,838 INFO [main] org.apache.hadoop.mapred.Merger: Merging 7 sorted segments
2015-10-17 22:28:01,853 INFO [main] org.apache.hadoop.mapred.Merger: Down to the last merge-pass, with 7 segments left of total size: 228431860 bytes
2015-10-17 22:28:32,357 INFO [main] org.apache.hadoop.mapred.Task: Task:attempt_1445087491445_0010_m_000001_0 is done. And is in the process of committing
2015-10-17 22:28:32,436 INFO [main] org.apache.hadoop.mapred.Task: Task 'attempt_1445087491445_0010_m_000001_0' done.
2015-10-17 22:28:32,561 INFO [main] org.apache.hadoop.metrics2.impl.MetricsSystemImpl: Stopping MapTask metrics system...
2015-10-17 22:28:32,561 INFO [main] org.apache.hadoop.metrics2.impl.MetricsSystemImpl: MapTask metrics system stopped.
2015-10-17 22:28:32,561 INFO [main] org.apache.hadoop.metrics2.impl.MetricsSystemImpl: MapTask metrics system shutdown complete.
