2015-10-17 15:38:11,800 INFO [main] org.apache.hadoop.metrics2.impl.MetricsConfig: loaded properties from hadoop-metrics2.properties
2015-10-17 15:38:11,956 INFO [main] org.apache.hadoop.metrics2.impl.MetricsSystemImpl: Scheduled snapshot period at 10 second(s).
2015-10-17 15:38:11,956 INFO [main] org.apache.hadoop.metrics2.impl.MetricsSystemImpl: MapTask metrics system started
2015-10-17 15:38:12,003 INFO [main] org.apache.hadoop.mapred.YarnChild: Executing with tokens:
2015-10-17 15:38:12,003 INFO [main] org.apache.hadoop.mapred.YarnChild: Kind: mapreduce.job, Service: job_1445062781478_0013, Ident: (org.apache.hadoop.mapreduce.security.token.JobTokenIdentifier@5d3cb6cf)
2015-10-17 15:38:12,378 INFO [main] org.apache.hadoop.mapred.YarnChild: Sleeping for 0ms before retrying again. Got null now.
2015-10-17 15:38:12,956 INFO [main] org.apache.hadoop.mapred.YarnChild: mapreduce.cluster.local.dir for child: /tmp/hadoop-msrabi/nm-local-dir/usercache/msrabi/appcache/application_1445062781478_0013
2015-10-17 15:38:14,253 INFO [main] org.apache.hadoop.conf.Configuration.deprecation: session.id is deprecated. Instead, use dfs.metrics.session-id
2015-10-17 15:38:15,987 INFO [main] org.apache.hadoop.yarn.util.ProcfsBasedProcessTree: ProcfsBasedProcessTree currently is supported only on Linux.
2015-10-17 15:38:16,191 INFO [main] org.apache.hadoop.mapred.Task:  Using ResourceCalculatorProcessTree : org.apache.hadoop.yarn.util.WindowsBasedProcessTree@1c1d0019
2015-10-17 15:38:18,988 INFO [main] org.apache.hadoop.mapred.MapTask: Processing split: hdfs://msra-sa-41:9000/pageinput2.txt:1073741824+134217728
2015-10-17 15:38:19,316 INFO [main] org.apache.hadoop.mapred.MapTask: (EQUATOR) 0 kvi 26214396(104857584)
2015-10-17 15:38:19,316 INFO [main] org.apache.hadoop.mapred.MapTask: mapreduce.task.io.sort.mb: 100
2015-10-17 15:38:19,316 INFO [main] org.apache.hadoop.mapred.MapTask: soft limit at 83886080
2015-10-17 15:38:19,316 INFO [main] org.apache.hadoop.mapred.MapTask: bufstart = 0; bufvoid = 104857600
2015-10-17 15:38:19,316 INFO [main] org.apache.hadoop.mapred.MapTask: kvstart = 26214396; length = 6553600
2015-10-17 15:38:19,409 INFO [main] org.apache.hadoop.mapred.MapTask: Map output collector class = org.apache.hadoop.mapred.MapTask$MapOutputBuffer
2015-10-17 15:39:28,254 INFO [main] org.apache.hadoop.mapred.MapTask: Spilling map output
2015-10-17 15:39:28,254 INFO [main] org.apache.hadoop.mapred.MapTask: bufstart = 0; bufend = 48246341; bufvoid = 104857600
2015-10-17 15:39:28,254 INFO [main] org.apache.hadoop.mapred.MapTask: kvstart = 26214396(104857584); kvend = 17304468(69217872); length = 8909929/6553600
2015-10-17 15:39:28,254 INFO [main] org.apache.hadoop.mapred.MapTask: (EQUATOR) 57315093 kvi 14328768(57315072)
2015-10-17 15:39:59,349 INFO [SpillThread] org.apache.hadoop.mapred.MapTask: Finished spill 0
2015-10-17 15:39:59,364 INFO [main] org.apache.hadoop.mapred.MapTask: (RESET) equator 57315093 kv 14328768(57315072) kvi 12122788(48491152)
2015-10-17 15:40:27,396 INFO [main] org.apache.hadoop.mapred.MapTask: Spilling map output
2015-10-17 15:40:27,396 INFO [main] org.apache.hadoop.mapred.MapTask: bufstart = 57315093; bufend = 701411; bufvoid = 104857600
2015-10-17 15:40:27,396 INFO [main] org.apache.hadoop.mapred.MapTask: kvstart = 14328768(57315072); kvend = 5418228(21672912); length = 8910541/6553600
2015-10-17 15:40:27,396 INFO [main] org.apache.hadoop.mapred.MapTask: (EQUATOR) 9770147 kvi 2442532(9770128)
