2015-10-19 17:39:19,594 INFO [main] org.apache.hadoop.mapreduce.v2.app.MRAppMaster: Created MRAppMaster for application appattempt_1445182159119_0019_000001
2015-10-19 17:39:20,969 INFO [main] org.apache.hadoop.mapreduce.v2.app.MRAppMaster: Executing with tokens:
2015-10-19 17:39:20,969 INFO [main] org.apache.hadoop.mapreduce.v2.app.MRAppMaster: Kind: YARN_AM_RM_TOKEN, Service: , Ident: (appAttemptId { application_id { id: 19 cluster_timestamp: 1445182159119 } attemptId: 1 } keyId: 1694045684)
2015-10-19 17:39:21,234 INFO [main] org.apache.hadoop.mapreduce.v2.app.MRAppMaster: Using mapred newApiCommitter.
2015-10-19 17:39:22,484 INFO [main] org.apache.hadoop.mapreduce.v2.app.MRAppMaster: OutputCommitter set in config null
2015-10-19 17:39:22,609 INFO [main] org.apache.hadoop.mapreduce.v2.app.MRAppMaster: OutputCommitter is org.apache.hadoop.mapreduce.lib.output.FileOutputCommitter
2015-10-19 17:39:22,672 INFO [main] org.apache.hadoop.yarn.event.AsyncDispatcher: Registering class org.apache.hadoop.mapreduce.jobhistory.EventType for class org.apache.hadoop.mapreduce.jobhistory.JobHistoryEventHandler
2015-10-19 17:39:22,672 INFO [main] org.apache.hadoop.yarn.event.AsyncDispatcher: Registering class org.apache.hadoop.mapreduce.v2.app.job.event.JobEventType for class org.apache.hadoop.mapreduce.v2.app.MRAppMaster$JobEventDispatcher
2015-10-19 17:39:22,672 INFO [main] org.apache.hadoop.yarn.event.AsyncDispatcher: Registering class org.apache.hadoop.mapreduce.v2.app.job.event.TaskEventType for class org.apache.hadoop.mapreduce.v2.app.MRAppMaster$TaskEventDispatcher
2015-10-19 17:39:22,672 INFO [main] org.apache.hadoop.yarn.event.AsyncDispatcher: Registering class org.apache.hadoop.mapreduce.v2.app.job.event.TaskAttemptEventType for class org.apache.hadoop.mapreduce.v2.app.MRAppMaster$TaskAttemptEventDispatcher
2015-10-19 17:39:22,672 INFO [main] org.apache.hadoop.yarn.event.AsyncDispatcher: Registering class org.apache.hadoop.mapreduce.v2.app.commit.CommitterEventType for class org.apache.hadoop.mapreduce.v2.app.commit.CommitterEventHandler
2015-10-19 17:39:22,687 INFO [main] org.apache.hadoop.yarn.event.AsyncDispatcher: Registering class org.apache.hadoop.mapreduce.v2.app.speculate.Speculator$EventType for class org.apache.hadoop.mapreduce.v2.app.MRAppMaster$SpeculatorEventDispatcher
2015-10-19 17:39:22,687 INFO [main] org.apache.hadoop.yarn.event.AsyncDispatcher: Registering class org.apache.hadoop.mapreduce.v2.app.rm.ContainerAllocator$EventType for class org.apache.hadoop.mapreduce.v2.app.MRAppMaster$ContainerAllocatorRouter
2015-10-19 17:39:22,687 INFO [main] org.apache.hadoop.yarn.event.AsyncDispatcher: Registering class org.apache.hadoop.mapreduce.v2.app.launcher.ContainerLauncher$EventType for class org.apache.hadoop.mapreduce.v2.app.MRAppMaster$ContainerLauncherRouter
2015-10-19 17:39:22,781 INFO [main] org.apache.hadoop.mapreduce.v2.jobhistory.JobHistoryUtils: Default file system [hdfs://msra-sa-41:9000]
2015-10-19 17:39:22,812 INFO [main] org.apache.hadoop.mapreduce.v2.jobhistory.JobHistoryUtils: Default file system [hdfs://msra-sa-41:9000]
2015-10-19 17:39:22,828 INFO [main] org.apache.hadoop.mapreduce.v2.jobhistory.JobHistoryUtils: Default file system [hdfs://msra-sa-41:9000]
2015-10-19 17:39:22,859 INFO [main] org.apache.hadoop.mapreduce.jobhistory.JobHistoryEventHandler: Emitting job history data to the timeline server is not enabled
2015-10-19 17:39:22,906 INFO [main] org.apache.hadoop.yarn.event.AsyncDispatcher: Registering class org.apache.hadoop.mapreduce.v2.app.job.event.JobFinishEvent$Type for class org.apache.hadoop.mapreduce.v2.app.MRAppMaster$JobFinishEventHandler
2015-10-19 17:39:23,312 INFO [main] org.apache.hadoop.metrics2.impl.MetricsConfig: loaded properties from hadoop-metrics2.properties
2015-10-19 17:39:23,391 INFO [main] org.apache.hadoop.metrics2.impl.MetricsSystemImpl: Scheduled snapshot period at 10 second(s).
2015-10-19 17:39:23,391 INFO [main] org.apache.hadoop.metrics2.impl.MetricsSystemImpl: MRAppMaster metrics system started
2015-10-19 17:39:23,406 INFO [main] org.apache.hadoop.mapreduce.v2.app.job.impl.JobImpl: Adding job token for job_1445182159119_0019 to jobTokenSecretManager
2015-10-19 17:39:23,609 INFO [main] org.apache.hadoop.mapreduce.v2.app.job.impl.JobImpl: Not uberizing job_1445182159119_0019 because: not enabled; too many maps; too much input;
2015-10-19 17:39:23,641 INFO [main] org.apache.hadoop.mapreduce.v2.app.job.impl.JobImpl: Input size for job job_1445182159119_0019 = 1256521728. Number of splits = 10
2015-10-19 17:39:23,641 INFO [main] org.apache.hadoop.mapreduce.v2.app.job.impl.JobImpl: Number of reduces for job job_1445182159119_0019 = 1
2015-10-19 17:39:23,641 INFO [main] org.apache.hadoop.mapreduce.v2.app.job.impl.JobImpl: job_1445182159119_0019Job Transitioned from NEW to INITED
2015-10-19 17:39:23,641 INFO [main] org.apache.hadoop.mapreduce.v2.app.MRAppMaster: MRAppMaster launching normal, non-uberized, multi-container job job_1445182159119_0019.
2015-10-19 17:39:23,687 INFO [main] org.apache.hadoop.ipc.CallQueueManager: Using callQueue class java.util.concurrent.LinkedBlockingQueue
2015-10-19 17:39:23,703 INFO [Socket Reader #1 for port 58934] org.apache.hadoop.ipc.Server: Starting Socket Reader #1 for port 58934
2015-10-19 17:39:23,781 INFO [main] org.apache.hadoop.yarn.factories.impl.pb.RpcServerFactoryPBImpl: Adding protocol org.apache.hadoop.mapreduce.v2.api.MRClientProtocolPB to the server
2015-10-19 17:39:23,781 INFO [IPC Server listener on 58934] org.apache.hadoop.ipc.Server: IPC Server listener on 58934: starting
2015-10-19 17:39:23,781 INFO [IPC Server Responder] org.apache.hadoop.ipc.Server: IPC Server Responder: starting
2015-10-19 17:39:23,797 INFO [main] org.apache.hadoop.mapreduce.v2.app.client.MRClientService: Instantiated MRClientService at MININT-75DGDAM1.fareast.corp.microsoft.com/10.86.165.66:58934
2015-10-19 17:39:23,891 INFO [main] org.mortbay.log: Logging to org.slf4j.impl.Log4jLoggerAdapter(org.mortbay.log) via org.mortbay.log.Slf4jLog
2015-10-19 17:39:23,891 INFO [main] org.apache.hadoop.http.HttpRequestLog: Http request log for http.requests.mapreduce is not defined
2015-10-19 17:39:23,906 INFO [main] org.apache.hadoop.http.HttpServer2: Added global filter 'safety' (class=org.apache.hadoop.http.HttpServer2$QuotingInputFilter)
2015-10-19 17:39:23,906 INFO [main] org.apache.hadoop.http.HttpServer2: Added filter AM_PROXY_FILTER (class=org.apache.hadoop.yarn.server.webproxy.amfilter.AmIpFilter) to context mapreduce
2015-10-19 17:39:23,906 INFO [main] org.apache.hadoop.http.HttpServer2: Added filter AM_PROXY_FILTER (class=org.apache.hadoop.yarn.server.webproxy.amfilter.AmIpFilter) to context static
2015-10-19 17:39:23,906 INFO [main] org.apache.hadoop.http.HttpServer2: adding path spec: /mapreduce/*
2015-10-19 17:39:23,906 INFO [main] org.apache.hadoop.http.HttpServer2: adding path spec: /ws/*
2015-10-19 17:39:23,922 INFO [main] org.apache.hadoop.http.HttpServer2: Jetty bound to port 58944
2015-10-19 17:39:23,922 INFO [main] org.mortbay.log: jetty-6.1.26
2015-10-19 17:39:24,031 INFO [main] org.mortbay.log: Extract jar:file:/D:/hadoop-2.6.0-localbox/share/hadoop/yarn/hadoop-yarn-common-2.6.0-SNAPSHOT.jar!/webapps/mapreduce to C:\Users\msrabi\AppData\Local\Temp\Jetty_0_0_0_0_58944_mapreduce____.cs6oal\webapp
2015-10-19 17:39:24,406 INFO [main] org.mortbay.log: Started HttpServer2$SelectChannelConnectorWithSafeStartup@0.0.0.0:58944
2015-10-19 17:39:24,406 INFO [main] org.apache.hadoop.yarn.webapp.WebApps: Web app /mapreduce started at 58944
2015-10-19 17:39:25,187 INFO [main] org.apache.hadoop.yarn.webapp.WebApps: Registered webapp guice modules
2015-10-19 17:39:25,187 INFO [AsyncDispatcher event handler] org.apache.hadoop.mapreduce.v2.app.speculate.DefaultSpeculator: JOB_CREATE job_1445182159119_0019
2015-10-19 17:39:25,187 INFO [main] org.apache.hadoop.ipc.CallQueueManager: Using callQueue class java.util.concurrent.LinkedBlockingQueue
2015-10-19 17:39:25,219 INFO [Socket Reader #1 for port 58957] org.apache.hadoop.ipc.Server: Starting Socket Reader #1 for port 58957
2015-10-19 17:39:25,234 INFO [IPC Server Responder] org.apache.hadoop.ipc.Server: IPC Server Responder: starting
2015-10-19 17:39:25,234 INFO [IPC Server listener on 58957] org.apache.hadoop.ipc.Server: IPC Server listener on 58957: starting
2015-10-19 17:39:25,266 INFO [main] org.apache.hadoop.mapreduce.v2.app.rm.RMContainerRequestor: nodeBlacklistingEnabled:true
2015-10-19 17:39:25,266 INFO [main] org.apache.hadoop.mapreduce.v2.app.rm.RMContainerRequestor: maxTaskFailuresPerNode is 3
2015-10-19 17:39:25,266 INFO [main] org.apache.hadoop.mapreduce.v2.app.rm.RMContainerRequestor: blacklistDisablePercent is 33
2015-10-19 17:39:25,375 INFO [main] org.apache.hadoop.yarn.client.RMProxy: Connecting to ResourceManager at msra-sa-41/10.190.173.170:8030
2015-10-19 17:39:25,797 INFO [main] org.apache.hadoop.mapreduce.v2.app.rm.RMContainerAllocator: maxContainerCapability: <memory:8192, vCores:32>
2015-10-19 17:39:25,797 INFO [main] org.apache.hadoop.mapreduce.v2.app.rm.RMContainerAllocator: queue: default
2015-10-19 17:39:25,797 INFO [main] org.apache.hadoop.mapreduce.v2.app.launcher.ContainerLauncherImpl: Upper limit on the thread pool size is 500
2015-10-19 17:39:25,813 INFO [main] org.apache.hadoop.yarn.client.api.impl.ContainerManagementProtocolProxy: yarn.client.max-cached-nodemanagers-proxies : 0
2015-10-19 17:39:25,828 INFO [AsyncDispatcher event handler] org.apache.hadoop.mapreduce.v2.app.job.impl.JobImpl: job_1445182159119_0019Job Transitioned from INITED to SETUP
2015-10-19 17:39:25,828 INFO [CommitterEvent Processor #0] org.apache.hadoop.mapreduce.v2.app.commit.CommitterEventHandler: Processing the event EventType: JOB_SETUP
2015-10-19 17:39:25,844 INFO [AsyncDispatcher event handler] org.apache.hadoop.mapreduce.v2.app.job.impl.JobImpl: job_1445182159119_0019Job Transitioned from SETUP to RUNNING
2015-10-19 17:39:25,891 INFO [AsyncDispatcher event handler] org.apache.hadoop.yarn.util.RackResolver: Resolved MSRA-SA-39.fareast.corp.microsoft.com to /default-rack
2015-10-19 17:39:25,906 INFO [AsyncDispatcher event handler] org.apache.hadoop.yarn.util.RackResolver: Resolved MSRA-SA-41.fareast.corp.microsoft.com to /default-rack
2015-10-19 17:39:25,922 INFO [AsyncDispatcher event handler] org.apache.hadoop.mapreduce.v2.app.job.impl.TaskImpl: task_1445182159119_0019_m_000000 Task Transitioned from NEW to SCHEDULED
2015-10-19 17:39:25,922 INFO [AsyncDispatcher event handler] org.apache.hadoop.yarn.util.RackResolver: Resolved MSRA-SA-39.fareast.corp.microsoft.com to /default-rack
2015-10-19 17:39:25,922 INFO [AsyncDispatcher event handler] org.apache.hadoop.yarn.util.RackResolver: Resolved MSRA-SA-41.fareast.corp.microsoft.com to /default-rack
2015-10-19 17:39:25,922 INFO [AsyncDispatcher event handler] org.apache.hadoop.mapreduce.v2.app.job.impl.TaskImpl: task_1445182159119_0019_m_000001 Task Transitioned from NEW to SCHEDULED
2015-10-19 17:39:25,922 INFO [AsyncDispatcher event handler] org.apache.hadoop.yarn.util.RackResolver: Resolved MSRA-SA-39.fareast.corp.microsoft.com to /default-rack
2015-10-19 17:39:25,922 INFO [AsyncDispatcher event handler] org.apache.hadoop.yarn.util.RackResolver: Resolved MSRA-SA-41.fareast.corp.microsoft.com to /default-rack
2015-10-19 17:39:25,922 INFO [AsyncDispatcher event handler] org.apache.hadoop.mapreduce.v2.app.job.impl.TaskImpl: task_1445182159119_0019_m_000002 Task Transitioned from NEW to SCHEDULED
2015-10-19 17:39:25,922 INFO [AsyncDispatcher event handler] org.apache.hadoop.yarn.util.RackResolver: Resolved MSRA-SA-39.fareast.corp.microsoft.com to /default-rack
2015-10-19 17:39:25,922 INFO [AsyncDispatcher event handler] org.apache.hadoop.yarn.util.RackResolver: Resolved MSRA-SA-41.fareast.corp.microsoft.com to /default-rack
2015-10-19 17:39:25,922 INFO [AsyncDispatcher event handler] org.apache.hadoop.mapreduce.v2.app.job.impl.TaskImpl: task_1445182159119_0019_m_000003 Task Transitioned from NEW to SCHEDULED
2015-10-19 17:39:25,922 INFO [AsyncDispatcher event handler] org.apache.hadoop.yarn.util.RackResolver: Resolved MSRA-SA-39.fareast.corp.microsoft.com to /default-rack
2015-10-19 17:39:25,922 INFO [AsyncDispatcher event handler] org.apache.hadoop.yarn.util.RackResolver: Resolved MSRA-SA-41.fareast.corp.microsoft.com to /default-rack
2015-10-19 17:39:25,922 INFO [AsyncDispatcher event handler] org.apache.hadoop.mapreduce.v2.app.job.impl.TaskImpl: task_1445182159119_0019_m_000004 Task Transitioned from NEW to SCHEDULED
2015-10-19 17:39:25,922 INFO [AsyncDispatcher event handler] org.apache.hadoop.yarn.util.RackResolver: Resolved MSRA-SA-39.fareast.corp.microsoft.com to /default-rack
2015-10-19 17:39:25,922 INFO [AsyncDispatcher event handler] org.apache.hadoop.yarn.util.RackResolver: Resolved MSRA-SA-41.fareast.corp.microsoft.com to /default-rack
2015-10-19 17:39:25,922 INFO [AsyncDispatcher event handler] org.apache.hadoop.mapreduce.v2.app.job.impl.TaskImpl: task_1445182159119_0019_m_000005 Task Transitioned from NEW to SCHEDULED
2015-10-19 17:39:25,922 INFO [AsyncDispatcher event handler] org.apache.hadoop.yarn.util.RackResolver: Resolved MSRA-SA-39.fareast.corp.microsoft.com to /default-rack
2015-10-19 17:39:25,922 INFO [AsyncDispatcher event handler] org.apache.hadoop.yarn.util.RackResolver: Resolved MSRA-SA-41.fareast.corp.microsoft.com to /default-rack
2015-10-19 17:39:25,922 INFO [AsyncDispatcher event handler] org.apache.hadoop.mapreduce.v2.app.job.impl.TaskImpl: task_1445182159119_0019_m_000006 Task Transitioned from NEW to SCHEDULED
2015-10-19 17:39:25,922 INFO [AsyncDispatcher event handler] org.apache.hadoop.yarn.util.RackResolver: Resolved MSRA-SA-39.fareast.corp.microsoft.com to /default-rack
2015-10-19 17:39:25,922 INFO [AsyncDispatcher event handler] org.apache.hadoop.yarn.util.RackResolver: Resolved MSRA-SA-41.fareast.corp.microsoft.com to /default-rack
2015-10-19 17:39:25,922 INFO [AsyncDispatcher event handler] org.apache.hadoop.mapreduce.v2.app.job.impl.TaskImpl: task_1445182159119_0019_m_000007 Task Transitioned from NEW to SCHEDULED
2015-10-19 17:39:25,938 INFO [AsyncDispatcher event handler] org.apache.hadoop.yarn.util.RackResolver: Resolved MSRA-SA-39.fareast.corp.microsoft.com to /default-rack
2015-10-19 17:39:25,938 INFO [AsyncDispatcher event handler] org.apache.hadoop.yarn.util.RackResolver: Resolved MSRA-SA-41.fareast.corp.microsoft.com to /default-rack
2015-10-19 17:39:25,938 INFO [AsyncDispatcher event handler] org.apache.hadoop.mapreduce.v2.app.job.impl.TaskImpl: task_1445182159119_0019_m_000008 Task Transitioned from NEW to SCHEDULED
2015-10-19 17:39:25,938 INFO [AsyncDispatcher event handler] org.apache.hadoop.yarn.util.RackResolver: Resolved MSRA-SA-39.fareast.corp.microsoft.com to /default-rack
2015-10-19 17:39:25,938 INFO [AsyncDispatcher event handler] org.apache.hadoop.yarn.util.RackResolver: Resolved MSRA-SA-41.fareast.corp.microsoft.com to /default-rack
2015-10-19 17:39:25,938 INFO [AsyncDispatcher event handler] org.apache.hadoop.mapreduce.v2.app.job.impl.TaskImpl: task_1445182159119_0019_m_000009 Task Transitioned from NEW to SCHEDULED
2015-10-19 17:39:25,938 INFO [AsyncDispatcher event handler] org.apache.hadoop.mapreduce.v2.app.job.impl.TaskImpl: task_1445182159119_0019_r_000000 Task Transitioned from NEW to SCHEDULED
2015-10-19 17:39:25,938 INFO [AsyncDispatcher event handler] org.apache.hadoop.mapreduce.v2.app.job.impl.TaskAttemptImpl: attempt_1445182159119_0019_m_000000_0 TaskAttempt Transitioned from NEW to UNASSIGNED
2015-10-19 17:39:25,938 INFO [AsyncDispatcher event handler] org.apache.hadoop.mapreduce.v2.app.job.impl.TaskAttemptImpl: attempt_1445182159119_0019_m_000001_0 TaskAttempt Transitioned from NEW to UNASSIGNED
2015-10-19 17:39:25,938 INFO [AsyncDispatcher event handler] org.apache.hadoop.mapreduce.v2.app.job.impl.TaskAttemptImpl: attempt_1445182159119_0019_m_000002_0 TaskAttempt Transitioned from NEW to UNASSIGNED
2015-10-19 17:39:25,938 INFO [AsyncDispatcher event handler] org.apache.hadoop.mapreduce.v2.app.job.impl.TaskAttemptImpl: attempt_1445182159119_0019_m_000003_0 TaskAttempt Transitioned from NEW to UNASSIGNED
2015-10-19 17:39:25,938 INFO [AsyncDispatcher event handler] org.apache.hadoop.mapreduce.v2.app.job.impl.TaskAttemptImpl: attempt_1445182159119_0019_m_000004_0 TaskAttempt Transitioned from NEW to UNASSIGNED
2015-10-19 17:39:25,938 INFO [AsyncDispatcher event handler] org.apache.hadoop.mapreduce.v2.app.job.impl.TaskAttemptImpl: attempt_1445182159119_0019_m_000005_0 TaskAttempt Transitioned from NEW to UNASSIGNED
2015-10-19 17:39:25,938 INFO [AsyncDispatcher event handler] org.apache.hadoop.mapreduce.v2.app.job.impl.TaskAttemptImpl: attempt_1445182159119_0019_m_000006_0 TaskAttempt Transitioned from NEW to UNASSIGNED
2015-10-19 17:39:25,938 INFO [AsyncDispatcher event handler] org.apache.hadoop.mapreduce.v2.app.job.impl.TaskAttemptImpl: attempt_1445182159119_0019_m_000007_0 TaskAttempt Transitioned from NEW to UNASSIGNED
2015-10-19 17:39:25,938 INFO [AsyncDispatcher event handler] org.apache.hadoop.mapreduce.v2.app.job.impl.TaskAttemptImpl: attempt_1445182159119_0019_m_000008_0 TaskAttempt Transitioned from NEW to UNASSIGNED
2015-10-19 17:39:25,938 INFO [AsyncDispatcher event handler] org.apache.hadoop.mapreduce.v2.app.job.impl.TaskAttemptImpl: attempt_1445182159119_0019_m_000009_0 TaskAttempt Transitioned from NEW to UNASSIGNED
2015-10-19 17:39:25,938 INFO [AsyncDispatcher event handler] org.apache.hadoop.mapreduce.v2.app.job.impl.TaskAttemptImpl: attempt_1445182159119_0019_r_000000_0 TaskAttempt Transitioned from NEW to UNASSIGNED
2015-10-19 17:39:25,969 INFO [Thread-50] org.apache.hadoop.mapreduce.v2.app.rm.RMContainerAllocator: mapResourceRequest:<memory:1024, vCores:1>
2015-10-19 17:39:25,984 INFO [Thread-50] org.apache.hadoop.mapreduce.v2.app.rm.RMContainerAllocator: reduceResourceRequest:<memory:1024, vCores:1>
2015-10-19 17:39:26,031 INFO [eventHandlingThread] org.apache.hadoop.mapreduce.jobhistory.JobHistoryEventHandler: Event Writer setup for JobId: job_1445182159119_0019, File: hdfs://msra-sa-41:9000/tmp/hadoop-yarn/staging/msrabi/.staging/job_1445182159119_0019/job_1445182159119_0019_1.jhist
2015-10-19 17:39:26,797 INFO [RMCommunicator Allocator] org.apache.hadoop.mapreduce.v2.app.rm.RMContainerAllocator: Before Scheduling: PendingReds:1 ScheduledMaps:10 ScheduledReds:0 AssignedMaps:0 AssignedReds:0 CompletedMaps:0 CompletedReds:0 ContAlloc:0 ContRel:0 HostLocal:0 RackLocal:0
2015-10-19 17:39:26,875 INFO [RMCommunicator Allocator] org.apache.hadoop.mapreduce.v2.app.rm.RMContainerRequestor: getResources() for application_1445182159119_0019: ask=4 release= 0 newContainers=0 finishedContainers=0 resourcelimit=<memory:7168, vCores:-20> knownNMs=4
2015-10-19 17:39:26,875 INFO [RMCommunicator Allocator] org.apache.hadoop.mapreduce.v2.app.rm.RMContainerAllocator: Recalculating schedule, headroom=<memory:7168, vCores:-20>
2015-10-19 17:39:26,875 INFO [RMCommunicator Allocator] org.apache.hadoop.mapreduce.v2.app.rm.RMContainerAllocator: Reduce slow start threshold not met. completedMapsForReduceSlowstart 1
2015-10-19 17:39:27,875 INFO [RMCommunicator Allocator] org.apache.hadoop.mapreduce.v2.app.rm.RMContainerAllocator: Recalculating schedule, headroom=<memory:6144, vCores:-21>
2015-10-19 17:39:27,875 INFO [RMCommunicator Allocator] org.apache.hadoop.mapreduce.v2.app.rm.RMContainerAllocator: Reduce slow start threshold not met. completedMapsForReduceSlowstart 1
2015-10-19 17:39:28,875 INFO [RMCommunicator Allocator] org.apache.hadoop.mapreduce.v2.app.rm.RMContainerAllocator: Recalculating schedule, headroom=<memory:4096, vCores:-23>
2015-10-19 17:39:28,875 INFO [RMCommunicator Allocator] org.apache.hadoop.mapreduce.v2.app.rm.RMContainerAllocator: Reduce slow start threshold not met. completedMapsForReduceSlowstart 1
2015-10-19 17:39:29,891 INFO [RMCommunicator Allocator] org.apache.hadoop.mapreduce.v2.app.rm.RMContainerAllocator: Recalculating schedule, headroom=<memory:2048, vCores:-25>
2015-10-19 17:39:29,891 INFO [RMCommunicator Allocator] org.apache.hadoop.mapreduce.v2.app.rm.RMContainerAllocator: Reduce slow start threshold not met. completedMapsForReduceSlowstart 1
2015-10-19 17:39:30,922 INFO [RMCommunicator Allocator] org.apache.hadoop.mapreduce.v2.app.rm.RMContainerAllocator: Recalculating schedule, headroom=<memory:4096, vCores:-23>
2015-10-19 17:39:30,922 INFO [RMCommunicator Allocator] org.apache.hadoop.mapreduce.v2.app.rm.RMContainerAllocator: Reduce slow start threshold not met. completedMapsForReduceSlowstart 1
2015-10-19 17:39:31,953 INFO [RMCommunicator Allocator] org.apache.hadoop.mapreduce.v2.app.rm.RMContainerAllocator: Got allocated containers 1
2015-10-19 17:39:31,953 INFO [RMCommunicator Allocator] org.apache.hadoop.yarn.util.RackResolver: Resolved MININT-FNANLI5.fareast.corp.microsoft.com to /default-rack
2015-10-19 17:39:31,953 INFO [RMCommunicator Allocator] org.apache.hadoop.mapreduce.v2.app.rm.RMContainerAllocator: Assigned container container_1445182159119_0019_01_000002 to attempt_1445182159119_0019_m_000000_0
2015-10-19 17:39:31,969 INFO [RMCommunicator Allocator] org.apache.hadoop.mapreduce.v2.app.rm.RMContainerAllocator: Recalculating schedule, headroom=<memory:2048, vCores:-25>
2015-10-19 17:39:31,969 INFO [RMCommunicator Allocator] org.apache.hadoop.mapreduce.v2.app.rm.RMContainerAllocator: Reduce slow start threshold not met. completedMapsForReduceSlowstart 1
2015-10-19 17:39:31,969 INFO [RMCommunicator Allocator] org.apache.hadoop.mapreduce.v2.app.rm.RMContainerAllocator: After Scheduling: PendingReds:1 ScheduledMaps:9 ScheduledReds:0 AssignedMaps:1 AssignedReds:0 CompletedMaps:0 CompletedReds:0 ContAlloc:1 ContRel:0 HostLocal:0 RackLocal:1
2015-10-19 17:39:32,110 INFO [AsyncDispatcher event handler] org.apache.hadoop.yarn.util.RackResolver: Resolved MININT-FNANLI5.fareast.corp.microsoft.com to /default-rack
2015-10-19 17:39:32,188 INFO [AsyncDispatcher event handler] org.apache.hadoop.mapreduce.v2.app.job.impl.TaskAttemptImpl: The job-jar file on the remote FS is hdfs://msra-sa-41:9000/tmp/hadoop-yarn/staging/msrabi/.staging/job_1445182159119_0019/job.jar
2015-10-19 17:39:32,203 INFO [AsyncDispatcher event handler] org.apache.hadoop.mapreduce.v2.app.job.impl.TaskAttemptImpl: The job-conf file on the remote FS is /tmp/hadoop-yarn/staging/msrabi/.staging/job_1445182159119_0019/job.xml
2015-10-19 17:39:32,203 INFO [AsyncDispatcher event handler] org.apache.hadoop.mapreduce.v2.app.job.impl.TaskAttemptImpl: Adding #0 tokens and #1 secret keys for NM use for launching container
2015-10-19 17:39:32,203 INFO [AsyncDispatcher event handler] org.apache.hadoop.mapreduce.v2.app.job.impl.TaskAttemptImpl: Size of containertokens_dob is 1
2015-10-19 17:39:32,203 INFO [AsyncDispatcher event handler] org.apache.hadoop.mapreduce.v2.app.job.impl.TaskAttemptImpl: Putting shuffle token in serviceData
2015-10-19 17:39:32,360 INFO [AsyncDispatcher event handler] org.apache.hadoop.mapreduce.v2.app.job.impl.TaskAttemptImpl: attempt_1445182159119_0019_m_000000_0 TaskAttempt Transitioned from UNASSIGNED to ASSIGNED
2015-10-19 17:39:32,469 INFO [ContainerLauncher #0] org.apache.hadoop.mapreduce.v2.app.launcher.ContainerLauncherImpl: Processing the event EventType: CONTAINER_REMOTE_LAUNCH for container container_1445182159119_0019_01_000002 taskAttempt attempt_1445182159119_0019_m_000000_0
2015-10-19 17:39:32,485 INFO [ContainerLauncher #0] org.apache.hadoop.mapreduce.v2.app.launcher.ContainerLauncherImpl: Launching attempt_1445182159119_0019_m_000000_0
2015-10-19 17:39:32,485 INFO [ContainerLauncher #0] org.apache.hadoop.yarn.client.api.impl.ContainerManagementProtocolProxy: Opening proxy : MININT-FNANLI5.fareast.corp.microsoft.com:59190
2015-10-19 17:39:33,000 INFO [RMCommunicator Allocator] org.apache.hadoop.mapreduce.v2.app.rm.RMContainerRequestor: getResources() for application_1445182159119_0019: ask=4 release= 0 newContainers=0 finishedContainers=0 resourcelimit=<memory:2048, vCores:-25> knownNMs=4
2015-10-19 17:39:33,000 INFO [RMCommunicator Allocator] org.apache.hadoop.mapreduce.v2.app.rm.RMContainerAllocator: Recalculating schedule, headroom=<memory:2048, vCores:-25>
2015-10-19 17:39:33,000 INFO [RMCommunicator Allocator] org.apache.hadoop.mapreduce.v2.app.rm.RMContainerAllocator: Reduce slow start threshold not met. completedMapsForReduceSlowstart 1
2015-10-19 17:39:33,719 INFO [ContainerLauncher #0] org.apache.hadoop.mapreduce.v2.app.launcher.ContainerLauncherImpl: Shuffle port returned by ContainerManager for attempt_1445182159119_0019_m_000000_0 : 13562
2015-10-19 17:39:33,735 INFO [AsyncDispatcher event handler] org.apache.hadoop.mapreduce.v2.app.job.impl.TaskAttemptImpl: TaskAttempt: [attempt_1445182159119_0019_m_000000_0] using containerId: [container_1445182159119_0019_01_000002 on NM: [MININT-FNANLI5.fareast.corp.microsoft.com:59190]
2015-10-19 17:39:33,735 INFO [AsyncDispatcher event handler] org.apache.hadoop.mapreduce.v2.app.job.impl.TaskAttemptImpl: attempt_1445182159119_0019_m_000000_0 TaskAttempt Transitioned from ASSIGNED to RUNNING
2015-10-19 17:39:33,735 INFO [AsyncDispatcher event handler] org.apache.hadoop.mapreduce.v2.app.speculate.DefaultSpeculator: ATTEMPT_START task_1445182159119_0019_m_000000
2015-10-19 17:39:33,735 INFO [AsyncDispatcher event handler] org.apache.hadoop.mapreduce.v2.app.job.impl.TaskImpl: task_1445182159119_0019_m_000000 Task Transitioned from SCHEDULED to RUNNING
2015-10-19 17:39:34,000 INFO [RMCommunicator Allocator] org.apache.hadoop.mapreduce.v2.app.rm.RMContainerAllocator: Recalculating schedule, headroom=<memory:1024, vCores:-26>
2015-10-19 17:39:34,000 INFO [RMCommunicator Allocator] org.apache.hadoop.mapreduce.v2.app.rm.RMContainerAllocator: Reduce slow start threshold not met. completedMapsForReduceSlowstart 1
2015-10-19 17:39:35,000 INFO [RMCommunicator Allocator] org.apache.hadoop.mapreduce.v2.app.rm.RMContainerAllocator: Got allocated containers 1
2015-10-19 17:39:35,000 INFO [RMCommunicator Allocator] org.apache.hadoop.yarn.util.RackResolver: Resolved MININT-FNANLI5.fareast.corp.microsoft.com to /default-rack
2015-10-19 17:39:35,000 INFO [RMCommunicator Allocator] org.apache.hadoop.mapreduce.v2.app.rm.RMContainerAllocator: Assigned container container_1445182159119_0019_01_000003 to attempt_1445182159119_0019_m_000001_0
2015-10-19 17:39:35,000 INFO [RMCommunicator Allocator] org.apache.hadoop.mapreduce.v2.app.rm.RMContainerAllocator: Recalculating schedule, headroom=<memory:0, vCores:-27>
2015-10-19 17:39:35,000 INFO [RMCommunicator Allocator] org.apache.hadoop.mapreduce.v2.app.rm.RMContainerAllocator: Reduce slow start threshold not met. completedMapsForReduceSlowstart 1
2015-10-19 17:39:35,000 INFO [RMCommunicator Allocator] org.apache.hadoop.mapreduce.v2.app.rm.RMContainerAllocator: After Scheduling: PendingReds:1 ScheduledMaps:8 ScheduledReds:0 AssignedMaps:2 AssignedReds:0 CompletedMaps:0 CompletedReds:0 ContAlloc:2 ContRel:0 HostLocal:0 RackLocal:2
2015-10-19 17:39:35,000 INFO [AsyncDispatcher event handler] org.apache.hadoop.yarn.util.RackResolver: Resolved MININT-FNANLI5.fareast.corp.microsoft.com to /default-rack
2015-10-19 17:39:35,000 INFO [AsyncDispatcher event handler] org.apache.hadoop.mapreduce.v2.app.job.impl.TaskAttemptImpl: attempt_1445182159119_0019_m_000001_0 TaskAttempt Transitioned from UNASSIGNED to ASSIGNED
2015-10-19 17:39:35,032 INFO [ContainerLauncher #1] org.apache.hadoop.mapreduce.v2.app.launcher.ContainerLauncherImpl: Processing the event EventType: CONTAINER_REMOTE_LAUNCH for container container_1445182159119_0019_01_000003 taskAttempt attempt_1445182159119_0019_m_000001_0
2015-10-19 17:39:35,032 INFO [ContainerLauncher #1] org.apache.hadoop.mapreduce.v2.app.launcher.ContainerLauncherImpl: Launching attempt_1445182159119_0019_m_000001_0
2015-10-19 17:39:35,032 INFO [ContainerLauncher #1] org.apache.hadoop.yarn.client.api.impl.ContainerManagementProtocolProxy: Opening proxy : MININT-FNANLI5.fareast.corp.microsoft.com:59190
2015-10-19 17:39:35,188 INFO [ContainerLauncher #1] org.apache.hadoop.mapreduce.v2.app.launcher.ContainerLauncherImpl: Shuffle port returned by ContainerManager for attempt_1445182159119_0019_m_000001_0 : 13562
2015-10-19 17:39:35,188 INFO [AsyncDispatcher event handler] org.apache.hadoop.mapreduce.v2.app.job.impl.TaskAttemptImpl: TaskAttempt: [attempt_1445182159119_0019_m_000001_0] using containerId: [container_1445182159119_0019_01_000003 on NM: [MININT-FNANLI5.fareast.corp.microsoft.com:59190]
2015-10-19 17:39:35,188 INFO [AsyncDispatcher event handler] org.apache.hadoop.mapreduce.v2.app.job.impl.TaskAttemptImpl: attempt_1445182159119_0019_m_000001_0 TaskAttempt Transitioned from ASSIGNED to RUNNING
2015-10-19 17:39:35,188 INFO [AsyncDispatcher event handler] org.apache.hadoop.mapreduce.v2.app.speculate.DefaultSpeculator: ATTEMPT_START task_1445182159119_0019_m_000001
2015-10-19 17:39:35,188 INFO [AsyncDispatcher event handler] org.apache.hadoop.mapreduce.v2.app.job.impl.TaskImpl: task_1445182159119_0019_m_000001 Task Transitioned from SCHEDULED to RUNNING
2015-10-19 17:39:36,047 INFO [RMCommunicator Allocator] org.apache.hadoop.mapreduce.v2.app.rm.RMContainerRequestor: getResources() for application_1445182159119_0019: ask=4 release= 0 newContainers=0 finishedContainers=0 resourcelimit=<memory:0, vCores:-27> knownNMs=4
2015-10-19 17:39:36,063 INFO [RMCommunicator Allocator] org.apache.hadoop.mapreduce.v2.app.rm.RMContainerAllocator: Recalculating schedule, headroom=<memory:0, vCores:-27>
2015-10-19 17:39:36,063 INFO [RMCommunicator Allocator] org.apache.hadoop.mapreduce.v2.app.rm.RMContainerAllocator: Reduce slow start threshold not met. completedMapsForReduceSlowstart 1
2015-10-19 17:39:37,063 INFO [RMCommunicator Allocator] org.apache.hadoop.mapreduce.v2.app.rm.RMContainerAllocator: Recalculating schedule, headroom=<memory:0, vCores:-27>
2015-10-19 17:39:37,063 INFO [RMCommunicator Allocator] org.apache.hadoop.mapreduce.v2.app.rm.RMContainerAllocator: Reduce slow start threshold not met. completedMapsForReduceSlowstart 1
2015-10-19 17:39:38,079 INFO [RMCommunicator Allocator] org.apache.hadoop.mapreduce.v2.app.rm.RMContainerAllocator: Recalculating schedule, headroom=<memory:0, vCores:-27>
2015-10-19 17:39:38,079 INFO [RMCommunicator Allocator] org.apache.hadoop.mapreduce.v2.app.rm.RMContainerAllocator: Reduce slow start threshold not met. completedMapsForReduceSlowstart 1
2015-10-19 17:39:39,094 INFO [RMCommunicator Allocator] org.apache.hadoop.mapreduce.v2.app.rm.RMContainerAllocator: Recalculating schedule, headroom=<memory:0, vCores:-27>
2015-10-19 17:39:39,094 INFO [RMCommunicator Allocator] org.apache.hadoop.mapreduce.v2.app.rm.RMContainerAllocator: Reduce slow start threshold not met. completedMapsForReduceSlowstart 1
2015-10-19 17:39:40,125 INFO [RMCommunicator Allocator] org.apache.hadoop.mapreduce.v2.app.rm.RMContainerAllocator: Recalculating schedule, headroom=<memory:0, vCores:-27>
2015-10-19 17:39:40,125 INFO [RMCommunicator Allocator] org.apache.hadoop.mapreduce.v2.app.rm.RMContainerAllocator: Reduce slow start threshold not met. completedMapsForReduceSlowstart 1
2015-10-19 17:39:41,157 INFO [RMCommunicator Allocator] org.apache.hadoop.mapreduce.v2.app.rm.RMContainerAllocator: Recalculating schedule, headroom=<memory:0, vCores:-27>
2015-10-19 17:39:41,157 INFO [RMCommunicator Allocator] org.apache.hadoop.mapreduce.v2.app.rm.RMContainerAllocator: Reduce slow start threshold not met. completedMapsForReduceSlowstart 1
2015-10-19 17:39:42,204 INFO [RMCommunicator Allocator] org.apache.hadoop.mapreduce.v2.app.rm.RMContainerAllocator: Recalculating schedule, headroom=<memory:0, vCores:-27>
2015-10-19 17:39:42,204 INFO [RMCommunicator Allocator] org.apache.hadoop.mapreduce.v2.app.rm.RMContainerAllocator: Reduce slow start threshold not met. completedMapsForReduceSlowstart 1
2015-10-19 17:39:44,188 INFO [RMCommunicator Allocator] org.apache.hadoop.mapreduce.v2.app.rm.RMContainerAllocator: Recalculating schedule, headroom=<memory:0, vCores:-27>
2015-10-19 17:39:44,188 INFO [RMCommunicator Allocator] org.apache.hadoop.mapreduce.v2.app.rm.RMContainerAllocator: Reduce slow start threshold not met. completedMapsForReduceSlowstart 1
2015-10-19 17:39:45,204 INFO [RMCommunicator Allocator] org.apache.hadoop.mapreduce.v2.app.rm.RMContainerAllocator: Recalculating schedule, headroom=<memory:0, vCores:-27>
2015-10-19 17:39:45,204 INFO [RMCommunicator Allocator] org.apache.hadoop.mapreduce.v2.app.rm.RMContainerAllocator: Reduce slow start threshold not met. completedMapsForReduceSlowstart 1
2015-10-19 17:39:46,219 INFO [RMCommunicator Allocator] org.apache.hadoop.mapreduce.v2.app.rm.RMContainerAllocator: Recalculating schedule, headroom=<memory:0, vCores:-27>
2015-10-19 17:39:46,219 INFO [RMCommunicator Allocator] org.apache.hadoop.mapreduce.v2.app.rm.RMContainerAllocator: Reduce slow start threshold not met. completedMapsForReduceSlowstart 1
2015-10-19 17:39:46,391 INFO [Socket Reader #1 for port 58957] SecurityLogger.org.apache.hadoop.ipc.Server: Auth successful for job_1445182159119_0019 (auth:SIMPLE)
2015-10-19 17:39:46,829 INFO [IPC Server handler 21 on 58957] org.apache.hadoop.mapred.TaskAttemptListenerImpl: JVM with ID : jvm_1445182159119_0019_m_000003 asked for a task
2015-10-19 17:39:46,829 INFO [IPC Server handler 21 on 58957] org.apache.hadoop.mapred.TaskAttemptListenerImpl: JVM with ID: jvm_1445182159119_0019_m_000003 given task: attempt_1445182159119_0019_m_000001_0
2015-10-19 17:39:47,235 INFO [RMCommunicator Allocator] org.apache.hadoop.mapreduce.v2.app.rm.RMContainerAllocator: Recalculating schedule, headroom=<memory:0, vCores:-27>
2015-10-19 17:39:47,235 INFO [RMCommunicator Allocator] org.apache.hadoop.mapreduce.v2.app.rm.RMContainerAllocator: Reduce slow start threshold not met. completedMapsForReduceSlowstart 1
2015-10-19 17:39:48,376 INFO [RMCommunicator Allocator] org.apache.hadoop.mapreduce.v2.app.rm.RMContainerAllocator: Recalculating schedule, headroom=<memory:0, vCores:-27>
2015-10-19 17:39:48,376 INFO [RMCommunicator Allocator] org.apache.hadoop.mapreduce.v2.app.rm.RMContainerAllocator: Reduce slow start threshold not met. completedMapsForReduceSlowstart 1
2015-10-19 17:39:49,438 INFO [RMCommunicator Allocator] org.apache.hadoop.mapreduce.v2.app.rm.RMContainerAllocator: Recalculating schedule, headroom=<memory:0, vCores:-27>
2015-10-19 17:39:49,438 INFO [RMCommunicator Allocator] org.apache.hadoop.mapreduce.v2.app.rm.RMContainerAllocator: Reduce slow start threshold not met. completedMapsForReduceSlowstart 1
2015-10-19 17:39:50,532 INFO [RMCommunicator Allocator] org.apache.hadoop.mapreduce.v2.app.rm.RMContainerAllocator: Recalculating schedule, headroom=<memory:0, vCores:-27>
2015-10-19 17:39:50,532 INFO [RMCommunicator Allocator] org.apache.hadoop.mapreduce.v2.app.rm.RMContainerAllocator: Reduce slow start threshold not met. completedMapsForReduceSlowstart 1
2015-10-19 17:39:51,595 INFO [RMCommunicator Allocator] org.apache.hadoop.mapreduce.v2.app.rm.RMContainerAllocator: Recalculating schedule, headroom=<memory:0, vCores:-27>
2015-10-19 17:39:51,595 INFO [RMCommunicator Allocator] org.apache.hadoop.mapreduce.v2.app.rm.RMContainerAllocator: Reduce slow start threshold not met. completedMapsForReduceSlowstart 1
2015-10-19 17:39:52,891 INFO [RMCommunicator Allocator] org.apache.hadoop.mapreduce.v2.app.rm.RMContainerAllocator: Recalculating schedule, headroom=<memory:0, vCores:-27>
2015-10-19 17:39:52,891 INFO [RMCommunicator Allocator] org.apache.hadoop.mapreduce.v2.app.rm.RMContainerAllocator: Reduce slow start threshold not met. completedMapsForReduceSlowstart 1
2015-10-19 17:39:53,032 INFO [Socket Reader #1 for port 58957] SecurityLogger.org.apache.hadoop.ipc.Server: Auth successful for job_1445182159119_0019 (auth:SIMPLE)
2015-10-19 17:39:53,157 INFO [IPC Server handler 25 on 58957] org.apache.hadoop.mapred.TaskAttemptListenerImpl: JVM with ID : jvm_1445182159119_0019_m_000002 asked for a task
2015-10-19 17:39:53,157 INFO [IPC Server handler 25 on 58957] org.apache.hadoop.mapred.TaskAttemptListenerImpl: JVM with ID: jvm_1445182159119_0019_m_000002 given task: attempt_1445182159119_0019_m_000000_0
2015-10-19 17:39:53,970 INFO [RMCommunicator Allocator] org.apache.hadoop.mapreduce.v2.app.rm.RMContainerAllocator: Recalculating schedule, headroom=<memory:0, vCores:-27>
2015-10-19 17:39:53,970 INFO [RMCommunicator Allocator] org.apache.hadoop.mapreduce.v2.app.rm.RMContainerAllocator: Reduce slow start threshold not met. completedMapsForReduceSlowstart 1
2015-10-19 17:39:55,048 INFO [RMCommunicator Allocator] org.apache.hadoop.mapreduce.v2.app.rm.RMContainerAllocator: Recalculating schedule, headroom=<memory:0, vCores:-27>
2015-10-19 17:39:55,048 INFO [RMCommunicator Allocator] org.apache.hadoop.mapreduce.v2.app.rm.RMContainerAllocator: Reduce slow start threshold not met. completedMapsForReduceSlowstart 1
2015-10-19 17:39:56,079 INFO [RMCommunicator Allocator] org.apache.hadoop.mapreduce.v2.app.rm.RMContainerAllocator: Recalculating schedule, headroom=<memory:0, vCores:-27>
2015-10-19 17:39:56,079 INFO [RMCommunicator Allocator] org.apache.hadoop.mapreduce.v2.app.rm.RMContainerAllocator: Reduce slow start threshold not met. completedMapsForReduceSlowstart 1
2015-10-19 17:39:56,407 INFO [IPC Server handler 24 on 58957] org.apache.hadoop.mapred.TaskAttemptListenerImpl: Progress of TaskAttempt attempt_1445182159119_0019_m_000001_0 is : 0.007488652
2015-10-19 17:39:57,142 INFO [RMCommunicator Allocator] org.apache.hadoop.mapreduce.v2.app.rm.RMContainerAllocator: Recalculating schedule, headroom=<memory:0, vCores:-27>
2015-10-19 17:39:57,142 INFO [RMCommunicator Allocator] org.apache.hadoop.mapreduce.v2.app.rm.RMContainerAllocator: Reduce slow start threshold not met. completedMapsForReduceSlowstart 1
2015-10-19 17:39:59,064 INFO [RMCommunicator Allocator] org.apache.hadoop.mapreduce.v2.app.rm.RMContainerAllocator: Recalculating schedule, headroom=<memory:0, vCores:-27>
2015-10-19 17:39:59,064 INFO [RMCommunicator Allocator] org.apache.hadoop.mapreduce.v2.app.rm.RMContainerAllocator: Reduce slow start threshold not met. completedMapsForReduceSlowstart 1
2015-10-19 17:39:59,532 INFO [IPC Server handler 29 on 58957] org.apache.hadoop.mapred.TaskAttemptListenerImpl: Progress of TaskAttempt attempt_1445182159119_0019_m_000001_0 is : 0.015303963
2015-10-19 17:40:00,110 INFO [RMCommunicator Allocator] org.apache.hadoop.mapreduce.v2.app.rm.RMContainerAllocator: Recalculating schedule, headroom=<memory:0, vCores:-27>
2015-10-19 17:40:00,110 INFO [RMCommunicator Allocator] org.apache.hadoop.mapreduce.v2.app.rm.RMContainerAllocator: Reduce slow start threshold not met. completedMapsForReduceSlowstart 1
2015-10-19 17:40:01,110 INFO [RMCommunicator Allocator] org.apache.hadoop.mapreduce.v2.app.rm.RMContainerAllocator: Recalculating schedule, headroom=<memory:0, vCores:-27>
2015-10-19 17:40:01,110 INFO [RMCommunicator Allocator] org.apache.hadoop.mapreduce.v2.app.rm.RMContainerAllocator: Reduce slow start threshold not met. completedMapsForReduceSlowstart 1
2015-10-19 17:40:02,157 INFO [RMCommunicator Allocator] org.apache.hadoop.mapreduce.v2.app.rm.RMContainerAllocator: Recalculating schedule, headroom=<memory:0, vCores:-27>
2015-10-19 17:40:02,157 INFO [RMCommunicator Allocator] org.apache.hadoop.mapreduce.v2.app.rm.RMContainerAllocator: Reduce slow start threshold not met. completedMapsForReduceSlowstart 1
2015-10-19 17:40:02,423 INFO [IPC Server handler 24 on 58957] org.apache.hadoop.mapred.TaskAttemptListenerImpl: Progress of TaskAttempt attempt_1445182159119_0019_m_000000_0 is : 0.011396744
2015-10-19 17:40:02,704 INFO [IPC Server handler 26 on 58957] org.apache.hadoop.mapred.TaskAttemptListenerImpl: Progress of TaskAttempt attempt_1445182159119_0019_m_000001_0 is : 0.01725824
2015-10-19 17:40:03,220 INFO [RMCommunicator Allocator] org.apache.hadoop.mapreduce.v2.app.rm.RMContainerAllocator: Recalculating schedule, headroom=<memory:0, vCores:-27>
2015-10-19 17:40:03,220 INFO [RMCommunicator Allocator] org.apache.hadoop.mapreduce.v2.app.rm.RMContainerAllocator: Reduce slow start threshold not met. completedMapsForReduceSlowstart 1
2015-10-19 17:40:04,267 INFO [RMCommunicator Allocator] org.apache.hadoop.mapreduce.v2.app.rm.RMContainerAllocator: Recalculating schedule, headroom=<memory:0, vCores:-27>
2015-10-19 17:40:04,267 INFO [RMCommunicator Allocator] org.apache.hadoop.mapreduce.v2.app.rm.RMContainerAllocator: Reduce slow start threshold not met. completedMapsForReduceSlowstart 1
2015-10-19 17:40:05,282 INFO [RMCommunicator Allocator] org.apache.hadoop.mapreduce.v2.app.rm.RMContainerAllocator: Recalculating schedule, headroom=<memory:0, vCores:-27>
2015-10-19 17:40:05,282 INFO [RMCommunicator Allocator] org.apache.hadoop.mapreduce.v2.app.rm.RMContainerAllocator: Reduce slow start threshold not met. completedMapsForReduceSlowstart 1
2015-10-19 17:40:05,532 INFO [IPC Server handler 29 on 58957] org.apache.hadoop.mapred.TaskAttemptListenerImpl: Progress of TaskAttempt attempt_1445182159119_0019_m_000000_0 is : 0.01758676
2015-10-19 17:40:05,798 INFO [IPC Server handler 27 on 58957] org.apache.hadoop.mapred.TaskAttemptListenerImpl: Progress of TaskAttempt attempt_1445182159119_0019_m_000001_0 is : 0.02149257
2015-10-19 17:40:07,189 INFO [RMCommunicator Allocator] org.apache.hadoop.mapreduce.v2.app.rm.RMContainerAllocator: Recalculating schedule, headroom=<memory:0, vCores:-27>
2015-10-19 17:40:07,189 INFO [RMCommunicator Allocator] org.apache.hadoop.mapreduce.v2.app.rm.RMContainerAllocator: Reduce slow start threshold not met. completedMapsForReduceSlowstart 1
2015-10-19 17:40:08,220 INFO [RMCommunicator Allocator] org.apache.hadoop.mapreduce.v2.app.rm.RMContainerAllocator: Recalculating schedule, headroom=<memory:0, vCores:-27>
2015-10-19 17:40:08,220 INFO [RMCommunicator Allocator] org.apache.hadoop.mapreduce.v2.app.rm.RMContainerAllocator: Reduce slow start threshold not met. completedMapsForReduceSlowstart 1
2015-10-19 17:40:08,704 INFO [IPC Server handler 26 on 58957] org.apache.hadoop.mapred.TaskAttemptListenerImpl: Progress of TaskAttempt attempt_1445182159119_0019_m_000000_0 is : 0.02475085
2015-10-19 17:40:08,954 INFO [IPC Server handler 21 on 58957] org.apache.hadoop.mapred.TaskAttemptListenerImpl: Progress of TaskAttempt attempt_1445182159119_0019_m_000001_0 is : 0.023120726
2015-10-19 17:40:09,267 INFO [RMCommunicator Allocator] org.apache.hadoop.mapreduce.v2.app.rm.RMContainerAllocator: Recalculating schedule, headroom=<memory:0, vCores:-27>
2015-10-19 17:40:09,267 INFO [RMCommunicator Allocator] org.apache.hadoop.mapreduce.v2.app.rm.RMContainerAllocator: Reduce slow start threshold not met. completedMapsForReduceSlowstart 1
2015-10-19 17:40:10,283 INFO [RMCommunicator Allocator] org.apache.hadoop.mapreduce.v2.app.rm.RMContainerAllocator: Recalculating schedule, headroom=<memory:0, vCores:-27>
2015-10-19 17:40:10,283 INFO [RMCommunicator Allocator] org.apache.hadoop.mapreduce.v2.app.rm.RMContainerAllocator: Reduce slow start threshold not met. completedMapsForReduceSlowstart 1
2015-10-19 17:40:11,314 INFO [RMCommunicator Allocator] org.apache.hadoop.mapreduce.v2.app.rm.RMContainerAllocator: Recalculating schedule, headroom=<memory:0, vCores:-27>
2015-10-19 17:40:11,314 INFO [RMCommunicator Allocator] org.apache.hadoop.mapreduce.v2.app.rm.RMContainerAllocator: Reduce slow start threshold not met. completedMapsForReduceSlowstart 1
2015-10-19 17:40:12,126 INFO [IPC Server handler 11 on 58957] org.apache.hadoop.mapred.TaskAttemptListenerImpl: Progress of TaskAttempt attempt_1445182159119_0019_m_000001_0 is : 0.025399162
2015-10-19 17:40:12,158 INFO [IPC Server handler 14 on 58957] org.apache.hadoop.mapred.TaskAttemptListenerImpl: Progress of TaskAttempt attempt_1445182159119_0019_m_000000_0 is : 0.03093936
2015-10-19 17:40:12,345 INFO [RMCommunicator Allocator] org.apache.hadoop.mapreduce.v2.app.rm.RMContainerAllocator: Recalculating schedule, headroom=<memory:0, vCores:-27>
2015-10-19 17:40:12,345 INFO [RMCommunicator Allocator] org.apache.hadoop.mapreduce.v2.app.rm.RMContainerAllocator: Reduce slow start threshold not met. completedMapsForReduceSlowstart 1
2015-10-19 17:40:13,955 INFO [RMCommunicator Allocator] org.apache.hadoop.mapreduce.v2.app.rm.RMContainerAllocator: Recalculating schedule, headroom=<memory:0, vCores:-27>
2015-10-19 17:40:13,955 INFO [RMCommunicator Allocator] org.apache.hadoop.mapreduce.v2.app.rm.RMContainerAllocator: Reduce slow start threshold not met. completedMapsForReduceSlowstart 1
2015-10-19 17:40:15,001 INFO [RMCommunicator Allocator] org.apache.hadoop.mapreduce.v2.app.rm.RMContainerAllocator: Recalculating schedule, headroom=<memory:0, vCores:-27>
2015-10-19 17:40:15,001 INFO [RMCommunicator Allocator] org.apache.hadoop.mapreduce.v2.app.rm.RMContainerAllocator: Reduce slow start threshold not met. completedMapsForReduceSlowstart 1
2015-10-19 17:40:15,173 INFO [IPC Server handler 7 on 58957] org.apache.hadoop.mapred.TaskAttemptListenerImpl: Progress of TaskAttempt attempt_1445182159119_0019_m_000001_0 is : 0.027679713
2015-10-19 17:40:15,361 INFO [IPC Server handler 3 on 58957] org.apache.hadoop.mapred.TaskAttemptListenerImpl: Progress of TaskAttempt attempt_1445182159119_0019_m_000000_0 is : 0.03354397
2015-10-19 17:40:16,048 INFO [RMCommunicator Allocator] org.apache.hadoop.mapreduce.v2.app.rm.RMContainerAllocator: Recalculating schedule, headroom=<memory:0, vCores:-27>
2015-10-19 17:40:16,048 INFO [RMCommunicator Allocator] org.apache.hadoop.mapreduce.v2.app.rm.RMContainerAllocator: Reduce slow start threshold not met. completedMapsForReduceSlowstart 1
2015-10-19 17:40:18,220 INFO [RMCommunicator Allocator] org.apache.hadoop.mapreduce.v2.app.rm.RMContainerAllocator: Recalculating schedule, headroom=<memory:0, vCores:-27>
2015-10-19 17:40:18,220 INFO [RMCommunicator Allocator] org.apache.hadoop.mapreduce.v2.app.rm.RMContainerAllocator: Reduce slow start threshold not met. completedMapsForReduceSlowstart 1
2015-10-19 17:40:18,455 INFO [IPC Server handler 23 on 58957] org.apache.hadoop.mapred.TaskAttemptListenerImpl: Progress of TaskAttempt attempt_1445182159119_0019_m_000001_0 is : 0.031913865
2015-10-19 17:40:18,502 INFO [IPC Server handler 25 on 58957] org.apache.hadoop.mapred.TaskAttemptListenerImpl: Progress of TaskAttempt attempt_1445182159119_0019_m_000000_0 is : 0.039079644
2015-10-19 17:40:19,283 INFO [RMCommunicator Allocator] org.apache.hadoop.mapreduce.v2.app.rm.RMContainerAllocator: Recalculating schedule, headroom=<memory:0, vCores:-27>
2015-10-19 17:40:19,283 INFO [RMCommunicator Allocator] org.apache.hadoop.mapreduce.v2.app.rm.RMContainerAllocator: Reduce slow start threshold not met. completedMapsForReduceSlowstart 1
2015-10-19 17:40:20,408 INFO [RMCommunicator Allocator] org.apache.hadoop.mapreduce.v2.app.rm.RMContainerAllocator: Recalculating schedule, headroom=<memory:0, vCores:-27>
2015-10-19 17:40:20,408 INFO [RMCommunicator Allocator] org.apache.hadoop.mapreduce.v2.app.rm.RMContainerAllocator: Reduce slow start threshold not met. completedMapsForReduceSlowstart 1
2015-10-19 17:40:21,439 INFO [RMCommunicator Allocator] org.apache.hadoop.mapreduce.v2.app.rm.RMContainerAllocator: Recalculating schedule, headroom=<memory:0, vCores:-27>
2015-10-19 17:40:21,439 INFO [RMCommunicator Allocator] org.apache.hadoop.mapreduce.v2.app.rm.RMContainerAllocator: Reduce slow start threshold not met. completedMapsForReduceSlowstart 1
2015-10-19 17:40:21,549 INFO [IPC Server handler 24 on 58957] org.apache.hadoop.mapred.TaskAttemptListenerImpl: Progress of TaskAttempt attempt_1445182159119_0019_m_000001_0 is : 0.034193292
2015-10-19 17:40:21,564 INFO [IPC Server handler 29 on 58957] org.apache.hadoop.mapred.TaskAttemptListenerImpl: Progress of TaskAttempt attempt_1445182159119_0019_m_000000_0 is : 0.040383905
2015-10-19 17:40:23,721 INFO [RMCommunicator Allocator] org.apache.hadoop.mapreduce.v2.app.rm.RMContainerAllocator: Recalculating schedule, headroom=<memory:0, vCores:-27>
2015-10-19 17:40:23,721 INFO [RMCommunicator Allocator] org.apache.hadoop.mapreduce.v2.app.rm.RMContainerAllocator: Reduce slow start threshold not met. completedMapsForReduceSlowstart 1
2015-10-19 17:40:24,767 INFO [RMCommunicator Allocator] org.apache.hadoop.mapreduce.v2.app.rm.RMContainerAllocator: Recalculating schedule, headroom=<memory:0, vCores:-27>
2015-10-19 17:40:24,767 INFO [RMCommunicator Allocator] org.apache.hadoop.mapreduce.v2.app.rm.RMContainerAllocator: Reduce slow start threshold not met. completedMapsForReduceSlowstart 1
2015-10-19 17:40:25,142 INFO [IPC Server handler 21 on 58957] org.apache.hadoop.mapred.TaskAttemptListenerImpl: Progress of TaskAttempt attempt_1445182159119_0019_m_000000_0 is : 0.047549393
2015-10-19 17:40:25,221 INFO [IPC Server handler 11 on 58957] org.apache.hadoop.mapred.TaskAttemptListenerImpl: Progress of TaskAttempt attempt_1445182159119_0019_m_000001_0 is : 0.037451494
2015-10-19 17:40:25,830 INFO [RMCommunicator Allocator] org.apache.hadoop.mapreduce.v2.app.rm.RMContainerAllocator: Recalculating schedule, headroom=<memory:0, vCores:-27>
2015-10-19 17:40:25,830 INFO [RMCommunicator Allocator] org.apache.hadoop.mapreduce.v2.app.rm.RMContainerAllocator: Reduce slow start threshold not met. completedMapsForReduceSlowstart 1
2015-10-19 17:40:27,221 INFO [RMCommunicator Allocator] org.apache.hadoop.mapreduce.v2.app.rm.RMContainerAllocator: Recalculating schedule, headroom=<memory:0, vCores:-27>
2015-10-19 17:40:27,221 INFO [RMCommunicator Allocator] org.apache.hadoop.mapreduce.v2.app.rm.RMContainerAllocator: Reduce slow start threshold not met. completedMapsForReduceSlowstart 1
2015-10-19 17:40:28,236 INFO [RMCommunicator Allocator] org.apache.hadoop.mapreduce.v2.app.rm.RMContainerAllocator: Recalculating schedule, headroom=<memory:0, vCores:-27>
2015-10-19 17:40:28,236 INFO [RMCommunicator Allocator] org.apache.hadoop.mapreduce.v2.app.rm.RMContainerAllocator: Reduce slow start threshold not met. completedMapsForReduceSlowstart 1
2015-10-19 17:40:28,252 INFO [IPC Server handler 11 on 58957] org.apache.hadoop.mapred.TaskAttemptListenerImpl: Progress of TaskAttempt attempt_1445182159119_0019_m_000000_0 is : 0.054386828
2015-10-19 17:40:28,361 INFO [IPC Server handler 14 on 58957] org.apache.hadoop.mapred.TaskAttemptListenerImpl: Progress of TaskAttempt attempt_1445182159119_0019_m_000001_0 is : 0.03940511
2015-10-19 17:40:29,314 INFO [RMCommunicator Allocator] org.apache.hadoop.mapreduce.v2.app.rm.RMContainerAllocator: Recalculating schedule, headroom=<memory:0, vCores:-27>
2015-10-19 17:40:29,314 INFO [RMCommunicator Allocator] org.apache.hadoop.mapreduce.v2.app.rm.RMContainerAllocator: Reduce slow start threshold not met. completedMapsForReduceSlowstart 1
2015-10-19 17:40:30,314 INFO [RMCommunicator Allocator] org.apache.hadoop.mapreduce.v2.app.rm.RMContainerAllocator: Recalculating schedule, headroom=<memory:0, vCores:-27>
2015-10-19 17:40:30,314 INFO [RMCommunicator Allocator] org.apache.hadoop.mapreduce.v2.app.rm.RMContainerAllocator: Reduce slow start threshold not met. completedMapsForReduceSlowstart 1
2015-10-19 17:40:31,361 INFO [RMCommunicator Allocator] org.apache.hadoop.mapreduce.v2.app.rm.RMContainerAllocator: Recalculating schedule, headroom=<memory:0, vCores:-27>
2015-10-19 17:40:31,361 INFO [RMCommunicator Allocator] org.apache.hadoop.mapreduce.v2.app.rm.RMContainerAllocator: Reduce slow start threshold not met. completedMapsForReduceSlowstart 1
2015-10-19 17:40:31,393 INFO [IPC Server handler 14 on 58957] org.apache.hadoop.mapred.TaskAttemptListenerImpl: Progress of TaskAttempt attempt_1445182159119_0019_m_000000_0 is : 0.072625615
2015-10-19 17:40:31,502 INFO [IPC Server handler 20 on 58957] org.apache.hadoop.mapred.TaskAttemptListenerImpl: Progress of TaskAttempt attempt_1445182159119_0019_m_000001_0 is : 0.045591537
2015-10-19 17:40:32,377 INFO [RMCommunicator Allocator] org.apache.hadoop.mapreduce.v2.app.rm.RMContainerAllocator: Recalculating schedule, headroom=<memory:0, vCores:-27>
2015-10-19 17:40:32,377 INFO [RMCommunicator Allocator] org.apache.hadoop.mapreduce.v2.app.rm.RMContainerAllocator: Reduce slow start threshold not met. completedMapsForReduceSlowstart 1
2015-10-19 17:40:33,440 INFO [RMCommunicator Allocator] org.apache.hadoop.mapreduce.v2.app.rm.RMContainerAllocator: Recalculating schedule, headroom=<memory:0, vCores:-27>
2015-10-19 17:40:33,440 INFO [RMCommunicator Allocator] org.apache.hadoop.mapreduce.v2.app.rm.RMContainerAllocator: Reduce slow start threshold not met. completedMapsForReduceSlowstart 1
2015-10-19 17:40:34,455 INFO [RMCommunicator Allocator] org.apache.hadoop.mapreduce.v2.app.rm.RMContainerAllocator: Recalculating schedule, headroom=<memory:0, vCores:-27>
2015-10-19 17:40:34,455 INFO [RMCommunicator Allocator] org.apache.hadoop.mapreduce.v2.app.rm.RMContainerAllocator: Reduce slow start threshold not met. completedMapsForReduceSlowstart 1
2015-10-19 17:40:36,049 INFO [IPC Server handler 27 on 58957] org.apache.hadoop.mapred.TaskAttemptListenerImpl: Progress of TaskAttempt attempt_1445182159119_0019_m_000001_0 is : 0.047547374
2015-10-19 17:40:36,049 INFO [RMCommunicator Allocator] org.apache.hadoop.mapreduce.v2.app.rm.RMContainerAllocator: Recalculating schedule, headroom=<memory:0, vCores:-27>
2015-10-19 17:40:36,049 INFO [RMCommunicator Allocator] org.apache.hadoop.mapreduce.v2.app.rm.RMContainerAllocator: Reduce slow start threshold not met. completedMapsForReduceSlowstart 1
2015-10-19 17:40:36,049 INFO [IPC Server handler 21 on 58957] org.apache.hadoop.mapred.TaskAttemptListenerImpl: Progress of TaskAttempt attempt_1445182159119_0019_m_000000_0 is : 0.07750933
2015-10-19 17:40:39,940 INFO [RMCommunicator Allocator] org.apache.hadoop.mapreduce.v2.app.rm.RMContainerAllocator: Recalculating schedule, headroom=<memory:0, vCores:-27>
2015-10-19 17:40:39,940 INFO [RMCommunicator Allocator] org.apache.hadoop.mapreduce.v2.app.rm.RMContainerAllocator: Reduce slow start threshold not met. completedMapsForReduceSlowstart 1
2015-10-19 17:40:40,018 INFO [IPC Server handler 26 on 58957] org.apache.hadoop.mapred.TaskAttemptListenerImpl: Progress of TaskAttempt attempt_1445182159119_0019_m_000001_0 is : 0.057642248
2015-10-19 17:40:40,065 INFO [IPC Server handler 21 on 58957] org.apache.hadoop.mapred.TaskAttemptListenerImpl: Progress of TaskAttempt attempt_1445182159119_0019_m_000000_0 is : 0.099006966
2015-10-19 17:40:44,362 INFO [IPC Server handler 11 on 58957] org.apache.hadoop.mapred.TaskAttemptListenerImpl: Progress of TaskAttempt attempt_1445182159119_0019_m_000001_0 is : 0.05927201
2015-10-19 17:40:44,534 INFO [IPC Server handler 5 on 58957] org.apache.hadoop.mapred.TaskAttemptListenerImpl: Progress of TaskAttempt attempt_1445182159119_0019_m_000000_0 is : 0.102587774
2015-10-19 17:40:47,674 INFO [RMCommunicator Allocator] org.apache.hadoop.mapreduce.v2.app.rm.RMContainerAllocator: Recalculating schedule, headroom=<memory:0, vCores:-27>
2015-10-19 17:40:47,674 INFO [RMCommunicator Allocator] org.apache.hadoop.mapreduce.v2.app.rm.RMContainerAllocator: Reduce slow start threshold not met. completedMapsForReduceSlowstart 1
2015-10-19 17:40:47,877 INFO [IPC Server handler 29 on 58957] org.apache.hadoop.mapred.TaskAttemptListenerImpl: Progress of TaskAttempt attempt_1445182159119_0019_m_000001_0 is : 0.0693673
2015-10-19 17:40:48,174 INFO [IPC Server handler 11 on 58957] org.apache.hadoop.mapred.TaskAttemptListenerImpl: Progress of TaskAttempt attempt_1445182159119_0019_m_000000_0 is : 0.10617275
2015-10-19 17:40:48,737 INFO [RMCommunicator Allocator] org.apache.hadoop.mapreduce.v2.app.rm.RMContainerAllocator: Recalculating schedule, headroom=<memory:0, vCores:-27>
2015-10-19 17:40:48,737 INFO [RMCommunicator Allocator] org.apache.hadoop.mapreduce.v2.app.rm.RMContainerAllocator: Reduce slow start threshold not met. completedMapsForReduceSlowstart 1
2015-10-19 17:40:49,862 INFO [RMCommunicator Allocator] org.apache.hadoop.mapreduce.v2.app.rm.RMContainerAllocator: Recalculating schedule, headroom=<memory:0, vCores:-27>
2015-10-19 17:40:49,862 INFO [RMCommunicator Allocator] org.apache.hadoop.mapreduce.v2.app.rm.RMContainerAllocator: Reduce slow start threshold not met. completedMapsForReduceSlowstart 1
2015-10-19 17:40:51,237 INFO [RMCommunicator Allocator] org.apache.hadoop.mapreduce.v2.app.rm.RMContainerAllocator: Recalculating schedule, headroom=<memory:0, vCores:-27>
2015-10-19 17:40:51,237 INFO [RMCommunicator Allocator] org.apache.hadoop.mapreduce.v2.app.rm.RMContainerAllocator: Reduce slow start threshold not met. completedMapsForReduceSlowstart 1
2015-10-19 17:40:51,831 INFO [IPC Server handler 23 on 58957] org.apache.hadoop.mapred.TaskAttemptListenerImpl: Progress of TaskAttempt attempt_1445182159119_0019_m_000000_0 is : 0.10635664
2015-10-19 17:40:52,065 INFO [IPC Server handler 26 on 58957] org.apache.hadoop.mapred.TaskAttemptListenerImpl: Progress of TaskAttempt attempt_1445182159119_0019_m_000001_0 is : 0.07457928
2015-10-19 17:40:52,284 INFO [RMCommunicator Allocator] org.apache.hadoop.mapreduce.v2.app.rm.RMContainerAllocator: Recalculating schedule, headroom=<memory:0, vCores:-27>
2015-10-19 17:40:52,284 INFO [RMCommunicator Allocator] org.apache.hadoop.mapreduce.v2.app.rm.RMContainerAllocator: Reduce slow start threshold not met. completedMapsForReduceSlowstart 1
2015-10-19 17:40:53,331 INFO [RMCommunicator Allocator] org.apache.hadoop.mapreduce.v2.app.rm.RMContainerAllocator: Recalculating schedule, headroom=<memory:0, vCores:-27>
2015-10-19 17:40:53,331 INFO [RMCommunicator Allocator] org.apache.hadoop.mapreduce.v2.app.rm.RMContainerAllocator: Reduce slow start threshold not met. completedMapsForReduceSlowstart 1
2015-10-19 17:40:54,362 INFO [RMCommunicator Allocator] org.apache.hadoop.mapreduce.v2.app.rm.RMContainerAllocator: Recalculating schedule, headroom=<memory:0, vCores:-27>
2015-10-19 17:40:54,362 INFO [RMCommunicator Allocator] org.apache.hadoop.mapreduce.v2.app.rm.RMContainerAllocator: Reduce slow start threshold not met. completedMapsForReduceSlowstart 1
2015-10-19 17:40:55,425 INFO [RMCommunicator Allocator] org.apache.hadoop.mapreduce.v2.app.rm.RMContainerAllocator: Recalculating schedule, headroom=<memory:0, vCores:-27>
2015-10-19 17:40:55,425 INFO [RMCommunicator Allocator] org.apache.hadoop.mapreduce.v2.app.rm.RMContainerAllocator: Reduce slow start threshold not met. completedMapsForReduceSlowstart 1
2015-10-19 17:40:56,050 INFO [IPC Server handler 26 on 58957] org.apache.hadoop.mapred.TaskAttemptListenerImpl: Progress of TaskAttempt attempt_1445182159119_0019_m_000000_0 is : 0.10635664
2015-10-19 17:40:56,315 INFO [IPC Server handler 17 on 58957] org.apache.hadoop.mapred.TaskAttemptListenerImpl: Progress of TaskAttempt attempt_1445182159119_0019_m_000001_0 is : 0.086955264
2015-10-19 17:40:56,456 INFO [RMCommunicator Allocator] org.apache.hadoop.mapreduce.v2.app.rm.RMContainerAllocator: Recalculating schedule, headroom=<memory:0, vCores:-27>
2015-10-19 17:40:56,456 INFO [RMCommunicator Allocator] org.apache.hadoop.mapreduce.v2.app.rm.RMContainerAllocator: Reduce slow start threshold not met. completedMapsForReduceSlowstart 1
2015-10-19 17:40:57,518 INFO [RMCommunicator Allocator] org.apache.hadoop.mapreduce.v2.app.rm.RMContainerAllocator: Recalculating schedule, headroom=<memory:0, vCores:-27>
2015-10-19 17:40:57,518 INFO [RMCommunicator Allocator] org.apache.hadoop.mapreduce.v2.app.rm.RMContainerAllocator: Reduce slow start threshold not met. completedMapsForReduceSlowstart 1
2015-10-19 17:40:59,112 INFO [RMCommunicator Allocator] org.apache.hadoop.mapreduce.v2.app.rm.RMContainerAllocator: Recalculating schedule, headroom=<memory:0, vCores:-27>
2015-10-19 17:40:59,112 INFO [RMCommunicator Allocator] org.apache.hadoop.mapreduce.v2.app.rm.RMContainerAllocator: Reduce slow start threshold not met. completedMapsForReduceSlowstart 1
2015-10-19 17:41:00,206 INFO [RMCommunicator Allocator] org.apache.hadoop.mapreduce.v2.app.rm.RMContainerAllocator: Recalculating schedule, headroom=<memory:0, vCores:-27>
2015-10-19 17:41:00,206 INFO [RMCommunicator Allocator] org.apache.hadoop.mapreduce.v2.app.rm.RMContainerAllocator: Reduce slow start threshold not met. completedMapsForReduceSlowstart 1
2015-10-19 17:41:00,440 INFO [IPC Server handler 15 on 58957] org.apache.hadoop.mapred.TaskAttemptListenerImpl: Progress of TaskAttempt attempt_1445182159119_0019_m_000000_0 is : 0.10635664
2015-10-19 17:41:00,800 INFO [IPC Server handler 28 on 58957] org.apache.hadoop.mapred.TaskAttemptListenerImpl: Progress of TaskAttempt attempt_1445182159119_0019_m_000001_0 is : 0.101282895
2015-10-19 17:41:01,253 INFO [RMCommunicator Allocator] org.apache.hadoop.mapreduce.v2.app.rm.RMContainerAllocator: Recalculating schedule, headroom=<memory:0, vCores:-27>
2015-10-19 17:41:01,253 INFO [RMCommunicator Allocator] org.apache.hadoop.mapreduce.v2.app.rm.RMContainerAllocator: Reduce slow start threshold not met. completedMapsForReduceSlowstart 1
2015-10-19 17:41:02,300 INFO [RMCommunicator Allocator] org.apache.hadoop.mapreduce.v2.app.rm.RMContainerAllocator: Recalculating schedule, headroom=<memory:0, vCores:-27>
2015-10-19 17:41:02,300 INFO [RMCommunicator Allocator] org.apache.hadoop.mapreduce.v2.app.rm.RMContainerAllocator: Reduce slow start threshold not met. completedMapsForReduceSlowstart 1
2015-10-19 17:41:03,315 INFO [RMCommunicator Allocator] org.apache.hadoop.mapreduce.v2.app.rm.RMContainerAllocator: Recalculating schedule, headroom=<memory:0, vCores:-27>
2015-10-19 17:41:03,315 INFO [RMCommunicator Allocator] org.apache.hadoop.mapreduce.v2.app.rm.RMContainerAllocator: Reduce slow start threshold not met. completedMapsForReduceSlowstart 1
2015-10-19 17:41:04,331 INFO [RMCommunicator Allocator] org.apache.hadoop.mapreduce.v2.app.rm.RMContainerAllocator: Recalculating schedule, headroom=<memory:0, vCores:-27>
2015-10-19 17:41:04,331 INFO [RMCommunicator Allocator] org.apache.hadoop.mapreduce.v2.app.rm.RMContainerAllocator: Reduce slow start threshold not met. completedMapsForReduceSlowstart 1
2015-10-19 17:41:04,784 INFO [IPC Server handler 28 on 58957] org.apache.hadoop.mapred.TaskAttemptListenerImpl: Progress of TaskAttempt attempt_1445182159119_0019_m_000000_0 is : 0.10635664
2015-10-19 17:41:06,284 INFO [RMCommunicator Allocator] org.apache.hadoop.mapreduce.v2.app.rm.RMContainerAllocator: Recalculating schedule, headroom=<memory:0, vCores:-27>
2015-10-19 17:41:06,284 INFO [RMCommunicator Allocator] org.apache.hadoop.mapreduce.v2.app.rm.RMContainerAllocator: Reduce slow start threshold not met. completedMapsForReduceSlowstart 1
2015-10-19 17:41:06,362 INFO [IPC Server handler 27 on 58957] org.apache.hadoop.mapred.TaskAttemptListenerImpl: Progress of TaskAttempt attempt_1445182159119_0019_m_000001_0 is : 0.1066108
2015-10-19 17:41:07,300 INFO [RMCommunicator Allocator] org.apache.hadoop.mapreduce.v2.app.rm.RMContainerAllocator: Recalculating schedule, headroom=<memory:0, vCores:-27>
2015-10-19 17:41:07,300 INFO [RMCommunicator Allocator] org.apache.hadoop.mapreduce.v2.app.rm.RMContainerAllocator: Reduce slow start threshold not met. completedMapsForReduceSlowstart 1
2015-10-19 17:41:08,316 INFO [RMCommunicator Allocator] org.apache.hadoop.mapreduce.v2.app.rm.RMContainerAllocator: Recalculating schedule, headroom=<memory:0, vCores:-27>
2015-10-19 17:41:08,316 INFO [RMCommunicator Allocator] org.apache.hadoop.mapreduce.v2.app.rm.RMContainerAllocator: Reduce slow start threshold not met. completedMapsForReduceSlowstart 1
2015-10-19 17:41:09,050 INFO [IPC Server handler 4 on 58957] org.apache.hadoop.mapred.TaskAttemptListenerImpl: Progress of TaskAttempt attempt_1445182159119_0019_m_000000_0 is : 0.10635664
2015-10-19 17:41:09,347 INFO [RMCommunicator Allocator] org.apache.hadoop.mapreduce.v2.app.rm.RMContainerAllocator: Recalculating schedule, headroom=<memory:0, vCores:-27>
2015-10-19 17:41:09,347 INFO [RMCommunicator Allocator] org.apache.hadoop.mapreduce.v2.app.rm.RMContainerAllocator: Reduce slow start threshold not met. completedMapsForReduceSlowstart 1
2015-10-19 17:41:10,363 INFO [RMCommunicator Allocator] org.apache.hadoop.mapreduce.v2.app.rm.RMContainerAllocator: Recalculating schedule, headroom=<memory:0, vCores:-27>
2015-10-19 17:41:10,363 INFO [RMCommunicator Allocator] org.apache.hadoop.mapreduce.v2.app.rm.RMContainerAllocator: Reduce slow start threshold not met. completedMapsForReduceSlowstart 1
2015-10-19 17:41:10,894 INFO [IPC Server handler 20 on 58957] org.apache.hadoop.mapred.TaskAttemptListenerImpl: Progress of TaskAttempt attempt_1445182159119_0019_m_000001_0 is : 0.1066108
2015-10-19 17:41:11,394 INFO [RMCommunicator Allocator] org.apache.hadoop.mapreduce.v2.app.rm.RMContainerAllocator: Recalculating schedule, headroom=<memory:0, vCores:-27>
2015-10-19 17:41:11,394 INFO [RMCommunicator Allocator] org.apache.hadoop.mapreduce.v2.app.rm.RMContainerAllocator: Reduce slow start threshold not met. completedMapsForReduceSlowstart 1
2015-10-19 17:41:12,425 INFO [RMCommunicator Allocator] org.apache.hadoop.mapreduce.v2.app.rm.RMContainerAllocator: Recalculating schedule, headroom=<memory:0, vCores:-27>
2015-10-19 17:41:12,425 INFO [RMCommunicator Allocator] org.apache.hadoop.mapreduce.v2.app.rm.RMContainerAllocator: Reduce slow start threshold not met. completedMapsForReduceSlowstart 1
2015-10-19 17:41:12,972 INFO [IPC Server handler 18 on 58957] org.apache.hadoop.mapred.TaskAttemptListenerImpl: Progress of TaskAttempt attempt_1445182159119_0019_m_000000_0 is : 0.11073203
2015-10-19 17:41:13,441 INFO [RMCommunicator Allocator] org.apache.hadoop.mapreduce.v2.app.rm.RMContainerAllocator: Recalculating schedule, headroom=<memory:0, vCores:-27>
2015-10-19 17:41:13,441 INFO [RMCommunicator Allocator] org.apache.hadoop.mapreduce.v2.app.rm.RMContainerAllocator: Reduce slow start threshold not met. completedMapsForReduceSlowstart 1
2015-10-19 17:41:14,472 INFO [RMCommunicator Allocator] org.apache.hadoop.mapreduce.v2.app.rm.RMContainerAllocator: Recalculating schedule, headroom=<memory:0, vCores:-27>
2015-10-19 17:41:14,472 INFO [RMCommunicator Allocator] org.apache.hadoop.mapreduce.v2.app.rm.RMContainerAllocator: Reduce slow start threshold not met. completedMapsForReduceSlowstart 1
2015-10-19 17:41:14,691 INFO [IPC Server handler 19 on 58957] org.apache.hadoop.mapred.TaskAttemptListenerImpl: Progress of TaskAttempt attempt_1445182159119_0019_m_000001_0 is : 0.1066108
2015-10-19 17:41:15,488 INFO [RMCommunicator Allocator] org.apache.hadoop.mapreduce.v2.app.rm.RMContainerAllocator: Recalculating schedule, headroom=<memory:0, vCores:-27>
2015-10-19 17:41:15,488 INFO [RMCommunicator Allocator] org.apache.hadoop.mapreduce.v2.app.rm.RMContainerAllocator: Reduce slow start threshold not met. completedMapsForReduceSlowstart 1
2015-10-19 17:41:16,566 INFO [RMCommunicator Allocator] org.apache.hadoop.mapreduce.v2.app.rm.RMContainerAllocator: Recalculating schedule, headroom=<memory:0, vCores:-27>
2015-10-19 17:41:16,566 INFO [RMCommunicator Allocator] org.apache.hadoop.mapreduce.v2.app.rm.RMContainerAllocator: Reduce slow start threshold not met. completedMapsForReduceSlowstart 1
2015-10-19 17:41:17,378 INFO [IPC Server handler 26 on 58957] org.apache.hadoop.mapred.TaskAttemptListenerImpl: Progress of TaskAttempt attempt_1445182159119_0019_m_000000_0 is : 0.12115355
2015-10-19 17:41:17,582 INFO [RMCommunicator Allocator] org.apache.hadoop.mapreduce.v2.app.rm.RMContainerAllocator: Recalculating schedule, headroom=<memory:0, vCores:-27>
2015-10-19 17:41:17,582 INFO [RMCommunicator Allocator] org.apache.hadoop.mapreduce.v2.app.rm.RMContainerAllocator: Reduce slow start threshold not met. completedMapsForReduceSlowstart 1
2015-10-19 17:41:18,597 INFO [RMCommunicator Allocator] org.apache.hadoop.mapreduce.v2.app.rm.RMContainerAllocator: Recalculating schedule, headroom=<memory:0, vCores:-27>
2015-10-19 17:41:18,597 INFO [RMCommunicator Allocator] org.apache.hadoop.mapreduce.v2.app.rm.RMContainerAllocator: Reduce slow start threshold not met. completedMapsForReduceSlowstart 1
2015-10-19 17:41:19,550 INFO [IPC Server handler 11 on 58957] org.apache.hadoop.mapred.TaskAttemptListenerImpl: Progress of TaskAttempt attempt_1445182159119_0019_m_000001_0 is : 0.1066108
2015-10-19 17:41:19,613 INFO [RMCommunicator Allocator] org.apache.hadoop.mapreduce.v2.app.rm.RMContainerAllocator: Recalculating schedule, headroom=<memory:0, vCores:-27>
2015-10-19 17:41:19,613 INFO [RMCommunicator Allocator] org.apache.hadoop.mapreduce.v2.app.rm.RMContainerAllocator: Reduce slow start threshold not met. completedMapsForReduceSlowstart 1
2015-10-19 17:41:20,644 INFO [RMCommunicator Allocator] org.apache.hadoop.mapreduce.v2.app.rm.RMContainerAllocator: Recalculating schedule, headroom=<memory:0, vCores:-27>
2015-10-19 17:41:20,644 INFO [RMCommunicator Allocator] org.apache.hadoop.mapreduce.v2.app.rm.RMContainerAllocator: Reduce slow start threshold not met. completedMapsForReduceSlowstart 1
2015-10-19 17:41:21,394 INFO [IPC Server handler 26 on 58957] org.apache.hadoop.mapred.TaskAttemptListenerImpl: Progress of TaskAttempt attempt_1445182159119_0019_m_000000_0 is : 0.12799264
2015-10-19 17:41:21,691 INFO [RMCommunicator Allocator] org.apache.hadoop.mapreduce.v2.app.rm.RMContainerAllocator: Recalculating schedule, headroom=<memory:0, vCores:-27>
2015-10-19 17:41:21,691 INFO [RMCommunicator Allocator] org.apache.hadoop.mapreduce.v2.app.rm.RMContainerAllocator: Reduce slow start threshold not met. completedMapsForReduceSlowstart 1
2015-10-19 17:41:23,863 INFO [RMCommunicator Allocator] org.apache.hadoop.mapreduce.v2.app.rm.RMContainerAllocator: Recalculating schedule, headroom=<memory:0, vCores:-27>
2015-10-19 17:41:23,863 INFO [RMCommunicator Allocator] org.apache.hadoop.mapreduce.v2.app.rm.RMContainerAllocator: Reduce slow start threshold not met. completedMapsForReduceSlowstart 1
2015-10-19 17:41:24,004 INFO [IPC Server handler 28 on 58957] org.apache.hadoop.mapred.TaskAttemptListenerImpl: Progress of TaskAttempt attempt_1445182159119_0019_m_000001_0 is : 0.1066108
2015-10-19 17:41:24,910 INFO [RMCommunicator Allocator] org.apache.hadoop.mapreduce.v2.app.rm.RMContainerAllocator: Recalculating schedule, headroom=<memory:0, vCores:-27>
2015-10-19 17:41:24,910 INFO [RMCommunicator Allocator] org.apache.hadoop.mapreduce.v2.app.rm.RMContainerAllocator: Reduce slow start threshold not met. completedMapsForReduceSlowstart 1
2015-10-19 17:41:25,519 INFO [IPC Server handler 27 on 58957] org.apache.hadoop.mapred.TaskAttemptListenerImpl: Progress of TaskAttempt attempt_1445182159119_0019_m_000000_0 is : 0.15078963
2015-10-19 17:41:25,988 INFO [RMCommunicator Allocator] org.apache.hadoop.mapreduce.v2.app.rm.RMContainerAllocator: Recalculating schedule, headroom=<memory:0, vCores:-27>
2015-10-19 17:41:25,988 INFO [RMCommunicator Allocator] org.apache.hadoop.mapreduce.v2.app.rm.RMContainerAllocator: Reduce slow start threshold not met. completedMapsForReduceSlowstart 1
2015-10-19 17:41:27,035 INFO [RMCommunicator Allocator] org.apache.hadoop.mapreduce.v2.app.rm.RMContainerAllocator: Recalculating schedule, headroom=<memory:0, vCores:-27>
2015-10-19 17:41:27,035 INFO [RMCommunicator Allocator] org.apache.hadoop.mapreduce.v2.app.rm.RMContainerAllocator: Reduce slow start threshold not met. completedMapsForReduceSlowstart 1
