2015-10-18 21:33:22,898 INFO [main] org.apache.hadoop.metrics2.impl.MetricsConfig: loaded properties from hadoop-metrics2.properties
2015-10-18 21:33:23,054 INFO [main] org.apache.hadoop.metrics2.impl.MetricsSystemImpl: Scheduled snapshot period at 10 second(s).
2015-10-18 21:33:23,054 INFO [main] org.apache.hadoop.metrics2.impl.MetricsSystemImpl: MapTask metrics system started
2015-10-18 21:33:23,695 INFO [main] org.apache.hadoop.mapred.YarnChild: Executing with tokens:
2015-10-18 21:33:23,695 INFO [main] org.apache.hadoop.mapred.YarnChild: Kind: mapreduce.job, Service: job_1445175094696_0001, Ident: (org.apache.hadoop.mapreduce.security.token.JobTokenIdentifier@11628d93)
2015-10-18 21:33:24,117 INFO [main] org.apache.hadoop.mapred.YarnChild: Sleeping for 0ms before retrying again. Got null now.
2015-10-18 21:33:25,242 INFO [main] org.apache.hadoop.mapred.YarnChild: mapreduce.cluster.local.dir for child: /tmp/hadoop-msrabi/nm-local-dir/usercache/msrabi/appcache/application_1445175094696_0001
2015-10-18 21:33:26,758 INFO [main] org.apache.hadoop.conf.Configuration.deprecation: session.id is deprecated. Instead, use dfs.metrics.session-id
2015-10-18 21:33:28,914 INFO [main] org.apache.hadoop.yarn.util.ProcfsBasedProcessTree: ProcfsBasedProcessTree currently is supported only on Linux.
2015-10-18 21:33:29,586 INFO [main] org.apache.hadoop.mapred.Task:  Using ResourceCalculatorProcessTree : org.apache.hadoop.yarn.util.WindowsBasedProcessTree@17a80e30
2015-10-18 21:33:31,070 INFO [main] org.apache.hadoop.mapred.MapTask: Processing split: hdfs://msra-sa-41:9000/wordcount2.txt:268435456+134217728
2015-10-18 21:33:31,602 INFO [main] org.apache.hadoop.mapred.MapTask: (EQUATOR) 0 kvi 26214396(104857584)
2015-10-18 21:33:31,602 INFO [main] org.apache.hadoop.mapred.MapTask: mapreduce.task.io.sort.mb: 100
2015-10-18 21:33:31,602 INFO [main] org.apache.hadoop.mapred.MapTask: soft limit at 83886080
2015-10-18 21:33:31,602 INFO [main] org.apache.hadoop.mapred.MapTask: bufstart = 0; bufvoid = 104857600
2015-10-18 21:33:31,602 INFO [main] org.apache.hadoop.mapred.MapTask: kvstart = 26214396; length = 6553600
2015-10-18 21:33:31,883 INFO [main] org.apache.hadoop.mapred.MapTask: Map output collector class = org.apache.hadoop.mapred.MapTask$MapOutputBuffer
2015-10-18 21:33:54,306 INFO [main] org.apache.hadoop.mapred.MapTask: Spilling map output
2015-10-18 21:33:54,306 INFO [main] org.apache.hadoop.mapred.MapTask: bufstart = 0; bufend = 34174195; bufvoid = 104857600
2015-10-18 21:33:54,306 INFO [main] org.apache.hadoop.mapred.MapTask: kvstart = 26214396(104857584); kvend = 13786432(55145728); length = 12427965/6553600
2015-10-18 21:33:54,306 INFO [main] org.apache.hadoop.mapred.MapTask: (EQUATOR) 44659953 kvi 11164984(44659936)
2015-10-18 21:34:37,293 INFO [SpillThread] org.apache.hadoop.mapred.MapTask: Finished spill 0
2015-10-18 21:34:37,699 INFO [main] org.apache.hadoop.mapred.MapTask: (RESET) equator 44659953 kv 11164984(44659936) kvi 8543556(34174224)
2015-10-18 21:34:50,325 INFO [main] org.apache.hadoop.mapred.MapTask: Spilling map output
2015-10-18 21:34:50,325 INFO [main] org.apache.hadoop.mapred.MapTask: bufstart = 44659953; bufend = 78834040; bufvoid = 104857600
2015-10-18 21:34:50,325 INFO [main] org.apache.hadoop.mapred.MapTask: kvstart = 11164984(44659936); kvend = 24951392(99805568); length = 12427993/6553600
2015-10-18 21:34:50,325 INFO [main] org.apache.hadoop.mapred.MapTask: (EQUATOR) 89319796 kvi 22329944(89319776)
2015-10-18 21:35:30,749 INFO [SpillThread] org.apache.hadoop.mapred.MapTask: Finished spill 1
2015-10-18 21:35:31,546 INFO [main] org.apache.hadoop.mapred.MapTask: (RESET) equator 89319796 kv 22329944(89319776) kvi 19708516(78834064)
2015-10-18 21:35:35,952 INFO [main] org.apache.hadoop.mapred.MapTask: Spilling map output
2015-10-18 21:35:35,952 INFO [main] org.apache.hadoop.mapred.MapTask: bufstart = 89319796; bufend = 18636630; bufvoid = 104857600
2015-10-18 21:35:35,952 INFO [main] org.apache.hadoop.mapred.MapTask: kvstart = 22329944(89319776); kvend = 9902036(39608144); length = 12427909/6553600
2015-10-18 21:35:35,952 INFO [main] org.apache.hadoop.mapred.MapTask: (EQUATOR) 29122379 kvi 7280588(29122352)
2015-10-18 21:36:15,595 INFO [SpillThread] org.apache.hadoop.mapred.MapTask: Finished spill 2
2015-10-18 21:36:15,767 INFO [main] org.apache.hadoop.mapred.MapTask: (RESET) equator 29122379 kv 7280588(29122352) kvi 4659164(18636656)
2015-10-18 21:36:20,485 INFO [main] org.apache.hadoop.mapred.MapTask: Spilling map output
2015-10-18 21:36:20,485 INFO [main] org.apache.hadoop.mapred.MapTask: bufstart = 29122379; bufend = 63299441; bufvoid = 104857600
2015-10-18 21:36:20,485 INFO [main] org.apache.hadoop.mapred.MapTask: kvstart = 7280588(29122352); kvend = 21067740(84270960); length = 12427249/6553600
2015-10-18 21:36:20,485 INFO [main] org.apache.hadoop.mapred.MapTask: (EQUATOR) 73785192 kvi 18446292(73785168)
2015-10-18 21:37:00,019 INFO [SpillThread] org.apache.hadoop.mapred.MapTask: Finished spill 3
2015-10-18 21:37:00,019 INFO [main] org.apache.hadoop.mapred.MapTask: (RESET) equator 73785192 kv 18446292(73785168) kvi 15824868(63299472)
