2015-10-18 18:02:12,230 INFO [main] org.apache.hadoop.metrics2.impl.MetricsConfig: loaded properties from hadoop-metrics2.properties
2015-10-18 18:02:12,339 INFO [main] org.apache.hadoop.metrics2.impl.MetricsSystemImpl: Scheduled snapshot period at 10 second(s).
2015-10-18 18:02:12,339 INFO [main] org.apache.hadoop.metrics2.impl.MetricsSystemImpl: MapTask metrics system started
2015-10-18 18:02:12,370 INFO [main] org.apache.hadoop.mapred.YarnChild: Executing with tokens:
2015-10-18 18:02:12,370 INFO [main] org.apache.hadoop.mapred.YarnChild: Kind: mapreduce.job, Service: job_1445144423722_0020, Ident: (org.apache.hadoop.mapreduce.security.token.JobTokenIdentifier@11628d93)
2015-10-18 18:02:12,589 INFO [main] org.apache.hadoop.mapred.YarnChild: Sleeping for 0ms before retrying again. Got null now.
2015-10-18 18:02:13,198 INFO [main] org.apache.hadoop.mapred.YarnChild: mapreduce.cluster.local.dir for child: /tmp/hadoop-msrabi/nm-local-dir/usercache/msrabi/appcache/application_1445144423722_0020
2015-10-18 18:02:14,448 INFO [main] org.apache.hadoop.conf.Configuration.deprecation: session.id is deprecated. Instead, use dfs.metrics.session-id
2015-10-18 18:02:15,573 INFO [main] org.apache.hadoop.yarn.util.ProcfsBasedProcessTree: ProcfsBasedProcessTree currently is supported only on Linux.
2015-10-18 18:02:15,683 INFO [main] org.apache.hadoop.mapred.Task:  Using ResourceCalculatorProcessTree : org.apache.hadoop.yarn.util.WindowsBasedProcessTree@4e621c4
2015-10-18 18:02:16,714 INFO [main] org.apache.hadoop.mapred.MapTask: Processing split: hdfs://msra-sa-41:9000/pageinput2.txt:268435456+134217728
2015-10-18 18:02:17,074 INFO [main] org.apache.hadoop.mapred.MapTask: (EQUATOR) 0 kvi 26214396(104857584)
2015-10-18 18:02:17,074 INFO [main] org.apache.hadoop.mapred.MapTask: mapreduce.task.io.sort.mb: 100
2015-10-18 18:02:17,074 INFO [main] org.apache.hadoop.mapred.MapTask: soft limit at 83886080
2015-10-18 18:02:17,074 INFO [main] org.apache.hadoop.mapred.MapTask: bufstart = 0; bufvoid = 104857600
2015-10-18 18:02:17,074 INFO [main] org.apache.hadoop.mapred.MapTask: kvstart = 26214396; length = 6553600
2015-10-18 18:02:17,089 INFO [main] org.apache.hadoop.mapred.MapTask: Map output collector class = org.apache.hadoop.mapred.MapTask$MapOutputBuffer
2015-10-18 18:02:26,449 INFO [main] org.apache.hadoop.mapred.MapTask: Spilling map output
2015-10-18 18:02:26,449 INFO [main] org.apache.hadoop.mapred.MapTask: bufstart = 0; bufend = 48249276; bufvoid = 104857600
2015-10-18 18:02:26,449 INFO [main] org.apache.hadoop.mapred.MapTask: kvstart = 26214396(104857584); kvend = 17305200(69220800); length = 8909197/6553600
2015-10-18 18:02:26,449 INFO [main] org.apache.hadoop.mapred.MapTask: (EQUATOR) 57318028 kvi 14329500(57318000)
2015-10-18 18:02:57,404 INFO [SpillThread] org.apache.hadoop.mapred.MapTask: Finished spill 0
2015-10-18 18:02:57,451 INFO [main] org.apache.hadoop.mapred.MapTask: (RESET) equator 57318028 kv 14329500(57318000) kvi 12129788(48519152)
2015-10-18 18:03:03,639 INFO [main] org.apache.hadoop.mapred.MapTask: Spilling map output
2015-10-18 18:03:03,639 INFO [main] org.apache.hadoop.mapred.MapTask: bufstart = 57318028; bufend = 686843; bufvoid = 104857600
2015-10-18 18:03:03,639 INFO [main] org.apache.hadoop.mapred.MapTask: kvstart = 14329500(57318000); kvend = 5414592(21658368); length = 8914909/6553600
2015-10-18 18:03:03,639 INFO [main] org.apache.hadoop.mapred.MapTask: (EQUATOR) 9755595 kvi 2438892(9755568)
2015-10-18 18:03:36,219 INFO [SpillThread] org.apache.hadoop.mapred.MapTask: Finished spill 1
2015-10-18 18:03:36,250 INFO [main] org.apache.hadoop.mapred.MapTask: (RESET) equator 9755595 kv 2438892(9755568) kvi 240952(963808)
2015-10-18 18:03:42,001 INFO [main] org.apache.hadoop.mapred.MapTask: Spilling map output
2015-10-18 18:03:42,001 INFO [main] org.apache.hadoop.mapred.MapTask: bufstart = 9755595; bufend = 58006021; bufvoid = 104857600
2015-10-18 18:03:42,001 INFO [main] org.apache.hadoop.mapred.MapTask: kvstart = 2438892(9755568); kvend = 19744380(78977520); length = 8908913/6553600
2015-10-18 18:03:42,001 INFO [main] org.apache.hadoop.mapred.MapTask: (EQUATOR) 67074757 kvi 16768684(67074736)
2015-10-18 18:04:12,877 INFO [SpillThread] org.apache.hadoop.mapred.MapTask: Finished spill 2
2015-10-18 18:04:12,909 INFO [main] org.apache.hadoop.mapred.MapTask: (RESET) equator 67074757 kv 16768684(67074736) kvi 14558340(58233360)
2015-10-18 18:04:17,862 INFO [main] org.apache.hadoop.mapred.MapTask: Spilling map output
2015-10-18 18:04:17,862 INFO [main] org.apache.hadoop.mapred.MapTask: bufstart = 67074757; bufend = 10447270; bufvoid = 104857600
2015-10-18 18:04:17,862 INFO [main] org.apache.hadoop.mapred.MapTask: kvstart = 16768684(67074736); kvend = 7854692(31418768); length = 8913993/6553600
2015-10-18 18:04:17,862 INFO [main] org.apache.hadoop.mapred.MapTask: (EQUATOR) 19516006 kvi 4878996(19515984)
2015-10-18 18:04:49,145 INFO [SpillThread] org.apache.hadoop.mapred.MapTask: Finished spill 3
2015-10-18 18:04:49,255 INFO [main] org.apache.hadoop.mapred.MapTask: (RESET) equator 19516006 kv 4878996(19515984) kvi 2677056(10708224)
2015-10-18 18:05:57,618 WARN [main] org.apache.hadoop.hdfs.BlockReaderFactory: I/O error constructing remote block reader.
2015-10-18 18:05:57,java.net.NoRouteToHostException: No route to host: no further information
2015-10-18 18:05:57,	at sun.nio.ch.SocketChannelImpl.checkConnect(Native Method)
2015-10-18 18:05:57,	at sun.nio.ch.SocketChannelImpl.finishConnect(SocketChannelImpl.java:735)
2015-10-18 18:05:57,	at org.apache.hadoop.net.SocketIOWithTimeout.connect(SocketIOWithTimeout.java:206)
2015-10-18 18:05:57,	at org.apache.hadoop.net.NetUtils.connect(NetUtils.java:530)
2015-10-18 18:05:57,	at org.apache.hadoop.hdfs.DFSClient.newConnectedPeer(DFSClient.java:3101)
2015-10-18 18:05:57,	at org.apache.hadoop.hdfs.BlockReaderFactory.nextTcpPeer(BlockReaderFactory.java:755)
2015-10-18 18:05:57,	at org.apache.hadoop.hdfs.BlockReaderFactory.getRemoteBlockReaderFromTcp(BlockReaderFactory.java:670)
2015-10-18 18:05:57,	at org.apache.hadoop.hdfs.BlockReaderFactory.build(BlockReaderFactory.java:337)
2015-10-18 18:05:57,	at org.apache.hadoop.hdfs.DFSInputStream.blockSeekTo(DFSInputStream.java:576)
2015-10-18 18:05:57,	at org.apache.hadoop.hdfs.DFSInputStream.seekToBlockSource(DFSInputStream.java:1460)
2015-10-18 18:05:57,	at org.apache.hadoop.hdfs.DFSInputStream.readBuffer(DFSInputStream.java:773)
2015-10-18 18:05:57,	at org.apache.hadoop.hdfs.DFSInputStream.readWithStrategy(DFSInputStream.java:806)
2015-10-18 18:05:57,	at org.apache.hadoop.hdfs.DFSInputStream.read(DFSInputStream.java:847)
2015-10-18 18:05:57,	at java.io.DataInputStream.read(DataInputStream.java:100)
2015-10-18 18:05:57,	at org.apache.hadoop.util.LineReader.fillBuffer(LineReader.java:180)
2015-10-18 18:05:57,	at org.apache.hadoop.util.LineReader.readDefaultLine(LineReader.java:216)
2015-10-18 18:05:57,	at org.apache.hadoop.util.LineReader.readLine(LineReader.java:174)
2015-10-18 18:05:57,	at org.apache.hadoop.mapreduce.lib.input.LineRecordReader.nextKeyValue(LineRecordReader.java:185)
2015-10-18 18:05:57,	at org.apache.hadoop.mapred.MapTask$NewTrackingRecordReader.nextKeyValue(MapTask.java:553)
2015-10-18 18:05:57,	at org.apache.hadoop.mapreduce.task.MapContextImpl.nextKeyValue(MapContextImpl.java:80)
2015-10-18 18:05:57,	at org.apache.hadoop.mapreduce.lib.map.WrappedMapper$Context.nextKeyValue(WrappedMapper.java:91)
2015-10-18 18:05:57,	at org.apache.hadoop.mapreduce.Mapper.run(Mapper.java:144)
2015-10-18 18:05:57,	at org.apache.hadoop.mapred.MapTask.runNewMapper(MapTask.java:784)
2015-10-18 18:05:57,	at org.apache.hadoop.mapred.MapTask.run(MapTask.java:341)
2015-10-18 18:05:57,	at org.apache.hadoop.mapred.YarnChild$2.run(YarnChild.java:163)
2015-10-18 18:05:57,	at java.security.AccessController.doPrivileged(Native Method)
2015-10-18 18:05:57,	at javax.security.auth.Subject.doAs(Subject.java:415)
2015-10-18 18:05:57,	at org.apache.hadoop.security.UserGroupInformation.doAs(UserGroupInformation.java:1628)
2015-10-18 18:05:57,	at org.apache.hadoop.mapred.YarnChild.main(YarnChild.java:158)
2015-10-18 18:05:57,618 WARN [main] org.apache.hadoop.hdfs.DFSClient: Failed to connect to /172.22.149.145:50010 for block, add to deadNodes and continue. java.net.NoRouteToHostException: No route to host: no further information
2015-10-18 18:05:57,java.net.NoRouteToHostException: No route to host: no further information
2015-10-18 18:05:57,	at sun.nio.ch.SocketChannelImpl.checkConnect(Native Method)
2015-10-18 18:05:57,	at sun.nio.ch.SocketChannelImpl.finishConnect(SocketChannelImpl.java:735)
2015-10-18 18:05:57,	at org.apache.hadoop.net.SocketIOWithTimeout.connect(SocketIOWithTimeout.java:206)
2015-10-18 18:05:57,	at org.apache.hadoop.net.NetUtils.connect(NetUtils.java:530)
2015-10-18 18:05:57,	at org.apache.hadoop.hdfs.DFSClient.newConnectedPeer(DFSClient.java:3101)
2015-10-18 18:05:57,	at org.apache.hadoop.hdfs.BlockReaderFactory.nextTcpPeer(BlockReaderFactory.java:755)
2015-10-18 18:05:57,	at org.apache.hadoop.hdfs.BlockReaderFactory.getRemoteBlockReaderFromTcp(BlockReaderFactory.java:670)
2015-10-18 18:05:57,	at org.apache.hadoop.hdfs.BlockReaderFactory.build(BlockReaderFactory.java:337)
2015-10-18 18:05:57,	at org.apache.hadoop.hdfs.DFSInputStream.blockSeekTo(DFSInputStream.java:576)
2015-10-18 18:05:57,	at org.apache.hadoop.hdfs.DFSInputStream.seekToBlockSource(DFSInputStream.java:1460)
2015-10-18 18:05:57,	at org.apache.hadoop.hdfs.DFSInputStream.readBuffer(DFSInputStream.java:773)
2015-10-18 18:05:57,	at org.apache.hadoop.hdfs.DFSInputStream.readWithStrategy(DFSInputStream.java:806)
2015-10-18 18:05:57,	at org.apache.hadoop.hdfs.DFSInputStream.read(DFSInputStream.java:847)
2015-10-18 18:05:57,	at java.io.DataInputStream.read(DataInputStream.java:100)
2015-10-18 18:05:57,	at org.apache.hadoop.util.LineReader.fillBuffer(LineReader.java:180)
2015-10-18 18:05:57,	at org.apache.hadoop.util.LineReader.readDefaultLine(LineReader.java:216)
2015-10-18 18:05:57,	at org.apache.hadoop.util.LineReader.readLine(LineReader.java:174)
2015-10-18 18:05:57,	at org.apache.hadoop.mapreduce.lib.input.LineRecordReader.nextKeyValue(LineRecordReader.java:185)
2015-10-18 18:05:57,	at org.apache.hadoop.mapred.MapTask$NewTrackingRecordReader.nextKeyValue(MapTask.java:553)
2015-10-18 18:05:57,	at org.apache.hadoop.mapreduce.task.MapContextImpl.nextKeyValue(MapContextImpl.java:80)
2015-10-18 18:05:57,	at org.apache.hadoop.mapreduce.lib.map.WrappedMapper$Context.nextKeyValue(WrappedMapper.java:91)
2015-10-18 18:05:57,	at org.apache.hadoop.mapreduce.Mapper.run(Mapper.java:144)
2015-10-18 18:05:57,	at org.apache.hadoop.mapred.MapTask.runNewMapper(MapTask.java:784)
2015-10-18 18:05:57,	at org.apache.hadoop.mapred.MapTask.run(MapTask.java:341)
2015-10-18 18:05:57,	at org.apache.hadoop.mapred.YarnChild$2.run(YarnChild.java:163)
2015-10-18 18:05:57,	at java.security.AccessController.doPrivileged(Native Method)
2015-10-18 18:05:57,	at javax.security.auth.Subject.doAs(Subject.java:415)
2015-10-18 18:05:57,	at org.apache.hadoop.security.UserGroupInformation.doAs(UserGroupInformation.java:1628)
2015-10-18 18:05:57,	at org.apache.hadoop.mapred.YarnChild.main(YarnChild.java:158)
2015-10-18 18:05:57,649 WARN [main] org.apache.hadoop.hdfs.BlockReaderFactory: I/O error constructing remote block reader.
2015-10-18 18:05:57,java.net.NoRouteToHostException: No route to host: no further information
2015-10-18 18:05:57,	at sun.nio.ch.SocketChannelImpl.checkConnect(Native Method)
2015-10-18 18:05:57,	at sun.nio.ch.SocketChannelImpl.finishConnect(SocketChannelImpl.java:735)
2015-10-18 18:05:57,	at org.apache.hadoop.net.SocketIOWithTimeout.connect(SocketIOWithTimeout.java:206)
2015-10-18 18:05:57,	at org.apache.hadoop.net.NetUtils.connect(NetUtils.java:530)
2015-10-18 18:05:57,	at org.apache.hadoop.hdfs.DFSClient.newConnectedPeer(DFSClient.java:3101)
2015-10-18 18:05:57,	at org.apache.hadoop.hdfs.BlockReaderFactory.nextTcpPeer(BlockReaderFactory.java:755)
2015-10-18 18:05:57,	at org.apache.hadoop.hdfs.BlockReaderFactory.getRemoteBlockReaderFromTcp(BlockReaderFactory.java:670)
2015-10-18 18:05:57,	at org.apache.hadoop.hdfs.BlockReaderFactory.build(BlockReaderFactory.java:337)
2015-10-18 18:05:57,	at org.apache.hadoop.hdfs.DFSInputStream.blockSeekTo(DFSInputStream.java:576)
2015-10-18 18:05:57,	at org.apache.hadoop.hdfs.DFSInputStream.seekToBlockSource(DFSInputStream.java:1460)
2015-10-18 18:05:57,	at org.apache.hadoop.hdfs.DFSInputStream.readBuffer(DFSInputStream.java:773)
2015-10-18 18:05:57,	at org.apache.hadoop.hdfs.DFSInputStream.readWithStrategy(DFSInputStream.java:806)
2015-10-18 18:05:57,	at org.apache.hadoop.hdfs.DFSInputStream.read(DFSInputStream.java:847)
2015-10-18 18:05:57,	at java.io.DataInputStream.read(DataInputStream.java:100)
2015-10-18 18:05:57,	at org.apache.hadoop.util.LineReader.fillBuffer(LineReader.java:180)
2015-10-18 18:05:57,	at org.apache.hadoop.util.LineReader.readDefaultLine(LineReader.java:216)
2015-10-18 18:05:57,	at org.apache.hadoop.util.LineReader.readLine(LineReader.java:174)
2015-10-18 18:05:57,	at org.apache.hadoop.mapreduce.lib.input.LineRecordReader.nextKeyValue(LineRecordReader.java:185)
2015-10-18 18:05:57,	at org.apache.hadoop.mapred.MapTask$NewTrackingRecordReader.nextKeyValue(MapTask.java:553)
2015-10-18 18:05:57,	at org.apache.hadoop.mapreduce.task.MapContextImpl.nextKeyValue(MapContextImpl.java:80)
2015-10-18 18:05:57,	at org.apache.hadoop.mapreduce.lib.map.WrappedMapper$Context.nextKeyValue(WrappedMapper.java:91)
2015-10-18 18:05:57,	at org.apache.hadoop.mapreduce.Mapper.run(Mapper.java:144)
2015-10-18 18:05:57,	at org.apache.hadoop.mapred.MapTask.runNewMapper(MapTask.java:784)
2015-10-18 18:05:57,	at org.apache.hadoop.mapred.MapTask.run(MapTask.java:341)
2015-10-18 18:05:57,	at org.apache.hadoop.mapred.YarnChild$2.run(YarnChild.java:163)
2015-10-18 18:05:57,	at java.security.AccessController.doPrivileged(Native Method)
2015-10-18 18:05:57,	at javax.security.auth.Subject.doAs(Subject.java:415)
2015-10-18 18:05:57,	at org.apache.hadoop.security.UserGroupInformation.doAs(UserGroupInformation.java:1628)
2015-10-18 18:05:57,	at org.apache.hadoop.mapred.YarnChild.main(YarnChild.java:158)
2015-10-18 18:05:57,649 WARN [main] org.apache.hadoop.hdfs.DFSClient: Failed to connect to /10.190.173.170:50010 for block, add to deadNodes and continue. java.net.NoRouteToHostException: No route to host: no further information
2015-10-18 18:05:57,java.net.NoRouteToHostException: No route to host: no further information
2015-10-18 18:05:57,	at sun.nio.ch.SocketChannelImpl.checkConnect(Native Method)
2015-10-18 18:05:57,	at sun.nio.ch.SocketChannelImpl.finishConnect(SocketChannelImpl.java:735)
2015-10-18 18:05:57,	at org.apache.hadoop.net.SocketIOWithTimeout.connect(SocketIOWithTimeout.java:206)
2015-10-18 18:05:57,	at org.apache.hadoop.net.NetUtils.connect(NetUtils.java:530)
2015-10-18 18:05:57,	at org.apache.hadoop.hdfs.DFSClient.newConnectedPeer(DFSClient.java:3101)
2015-10-18 18:05:57,	at org.apache.hadoop.hdfs.BlockReaderFactory.nextTcpPeer(BlockReaderFactory.java:755)
2015-10-18 18:05:57,	at org.apache.hadoop.hdfs.BlockReaderFactory.getRemoteBlockReaderFromTcp(BlockReaderFactory.java:670)
2015-10-18 18:05:57,	at org.apache.hadoop.hdfs.BlockReaderFactory.build(BlockReaderFactory.java:337)
2015-10-18 18:05:57,	at org.apache.hadoop.hdfs.DFSInputStream.blockSeekTo(DFSInputStream.java:576)
2015-10-18 18:05:57,	at org.apache.hadoop.hdfs.DFSInputStream.seekToBlockSource(DFSInputStream.java:1460)
2015-10-18 18:05:57,	at org.apache.hadoop.hdfs.DFSInputStream.readBuffer(DFSInputStream.java:773)
2015-10-18 18:05:57,	at org.apache.hadoop.hdfs.DFSInputStream.readWithStrategy(DFSInputStream.java:806)
2015-10-18 18:05:57,	at org.apache.hadoop.hdfs.DFSInputStream.read(DFSInputStream.java:847)
2015-10-18 18:05:57,	at java.io.DataInputStream.read(DataInputStream.java:100)
2015-10-18 18:05:57,	at org.apache.hadoop.util.LineReader.fillBuffer(LineReader.java:180)
2015-10-18 18:05:57,	at org.apache.hadoop.util.LineReader.readDefaultLine(LineReader.java:216)
2015-10-18 18:05:57,	at org.apache.hadoop.util.LineReader.readLine(LineReader.java:174)
2015-10-18 18:05:57,	at org.apache.hadoop.mapreduce.lib.input.LineRecordReader.nextKeyValue(LineRecordReader.java:185)
2015-10-18 18:05:57,	at org.apache.hadoop.mapred.MapTask$NewTrackingRecordReader.nextKeyValue(MapTask.java:553)
2015-10-18 18:05:57,	at org.apache.hadoop.mapreduce.task.MapContextImpl.nextKeyValue(MapContextImpl.java:80)
2015-10-18 18:05:57,	at org.apache.hadoop.mapreduce.lib.map.WrappedMapper$Context.nextKeyValue(WrappedMapper.java:91)
2015-10-18 18:05:57,	at org.apache.hadoop.mapreduce.Mapper.run(Mapper.java:144)
2015-10-18 18:05:57,	at org.apache.hadoop.mapred.MapTask.runNewMapper(MapTask.java:784)
2015-10-18 18:05:57,	at org.apache.hadoop.mapred.MapTask.run(MapTask.java:341)
2015-10-18 18:05:57,	at org.apache.hadoop.mapred.YarnChild$2.run(YarnChild.java:163)
2015-10-18 18:05:57,	at java.security.AccessController.doPrivileged(Native Method)
2015-10-18 18:05:57,	at javax.security.auth.Subject.doAs(Subject.java:415)
2015-10-18 18:05:57,	at org.apache.hadoop.security.UserGroupInformation.doAs(UserGroupInformation.java:1628)
2015-10-18 18:05:57,	at org.apache.hadoop.mapred.YarnChild.main(YarnChild.java:158)
2015-10-18 18:05:57,649 INFO [main] org.apache.hadoop.hdfs.DFSClient: Could not obtain BP-1347369012-10.190.173.170-1444972147527:blk_1073741828_1004 from any node: java.io.IOException: No live nodes contain block BP-1347369012-10.190.173.170-1444972147527:blk_1073741828_1004 after checking nodes = [172.22.149.145:50010, 10.190.173.170:50010], ignoredNodes = null No live nodes contain current block Block locations: 172.22.149.145:50010 10.190.173.170:50010 Dead nodes:  10.190.173.170:50010 172.22.149.145:50010. Will get new block locations from namenode and retry...
2015-10-18 18:05:57,649 WARN [main] org.apache.hadoop.hdfs.DFSClient: DFS chooseDataNode: got # 1 IOException, will wait for 723.7852941897946 msec.
2015-10-18 18:05:58,402 WARN [main] org.apache.hadoop.ipc.Client: Address change detected. Old: msra-sa-41/10.190.173.170:9000 New: msra-sa-41:9000
2015-10-18 18:05:58,409 WARN [main] org.apache.hadoop.hdfs.BlockReaderFactory: I/O error constructing remote block reader.
2015-10-18 18:05:58,java.net.NoRouteToHostException: No route to host: no further information
2015-10-18 18:05:58,	at sun.nio.ch.SocketChannelImpl.checkConnect(Native Method)
2015-10-18 18:05:58,	at sun.nio.ch.SocketChannelImpl.finishConnect(SocketChannelImpl.java:735)
2015-10-18 18:05:58,	at org.apache.hadoop.net.SocketIOWithTimeout.connect(SocketIOWithTimeout.java:206)
2015-10-18 18:05:58,	at org.apache.hadoop.net.NetUtils.connect(NetUtils.java:530)
2015-10-18 18:05:58,	at org.apache.hadoop.hdfs.DFSClient.newConnectedPeer(DFSClient.java:3101)
2015-10-18 18:05:58,	at org.apache.hadoop.hdfs.BlockReaderFactory.nextTcpPeer(BlockReaderFactory.java:755)
2015-10-18 18:05:58,	at org.apache.hadoop.hdfs.BlockReaderFactory.getRemoteBlockReaderFromTcp(BlockReaderFactory.java:670)
2015-10-18 18:05:58,	at org.apache.hadoop.hdfs.BlockReaderFactory.build(BlockReaderFactory.java:337)
2015-10-18 18:05:58,	at org.apache.hadoop.hdfs.DFSInputStream.blockSeekTo(DFSInputStream.java:576)
2015-10-18 18:05:58,	at org.apache.hadoop.hdfs.DFSInputStream.readWithStrategy(DFSInputStream.java:800)
2015-10-18 18:05:58,	at org.apache.hadoop.hdfs.DFSInputStream.read(DFSInputStream.java:847)
2015-10-18 18:05:58,	at java.io.DataInputStream.read(DataInputStream.java:100)
2015-10-18 18:05:58,	at org.apache.hadoop.util.LineReader.fillBuffer(LineReader.java:180)
2015-10-18 18:05:58,	at org.apache.hadoop.util.LineReader.readDefaultLine(LineReader.java:216)
2015-10-18 18:05:58,	at org.apache.hadoop.util.LineReader.readLine(LineReader.java:174)
2015-10-18 18:05:58,	at org.apache.hadoop.mapreduce.lib.input.LineRecordReader.nextKeyValue(LineRecordReader.java:185)
2015-10-18 18:05:58,	at org.apache.hadoop.mapred.MapTask$NewTrackingRecordReader.nextKeyValue(MapTask.java:553)
2015-10-18 18:05:58,	at org.apache.hadoop.mapreduce.task.MapContextImpl.nextKeyValue(MapContextImpl.java:80)
2015-10-18 18:05:58,	at org.apache.hadoop.mapreduce.lib.map.WrappedMapper$Context.nextKeyValue(WrappedMapper.java:91)
2015-10-18 18:05:58,	at org.apache.hadoop.mapreduce.Mapper.run(Mapper.java:144)
2015-10-18 18:05:58,	at org.apache.hadoop.mapred.MapTask.runNewMapper(MapTask.java:784)
2015-10-18 18:05:58,	at org.apache.hadoop.mapred.MapTask.run(MapTask.java:341)
2015-10-18 18:05:58,	at org.apache.hadoop.mapred.YarnChild$2.run(YarnChild.java:163)
2015-10-18 18:05:58,	at java.security.AccessController.doPrivileged(Native Method)
2015-10-18 18:05:58,	at javax.security.auth.Subject.doAs(Subject.java:415)
2015-10-18 18:05:58,	at org.apache.hadoop.security.UserGroupInformation.doAs(UserGroupInformation.java:1628)
2015-10-18 18:05:58,	at org.apache.hadoop.mapred.YarnChild.main(YarnChild.java:158)
2015-10-18 18:05:58,410 WARN [main] org.apache.hadoop.hdfs.DFSClient: Failed to connect to /10.190.173.170:50010 for block, add to deadNodes and continue. java.net.NoRouteToHostException: No route to host: no further information
2015-10-18 18:05:58,java.net.NoRouteToHostException: No route to host: no further information
2015-10-18 18:05:58,	at sun.nio.ch.SocketChannelImpl.checkConnect(Native Method)
2015-10-18 18:05:58,	at sun.nio.ch.SocketChannelImpl.finishConnect(SocketChannelImpl.java:735)
2015-10-18 18:05:58,	at org.apache.hadoop.net.SocketIOWithTimeout.connect(SocketIOWithTimeout.java:206)
2015-10-18 18:05:58,	at org.apache.hadoop.net.NetUtils.connect(NetUtils.java:530)
2015-10-18 18:05:58,	at org.apache.hadoop.hdfs.DFSClient.newConnectedPeer(DFSClient.java:3101)
2015-10-18 18:05:58,	at org.apache.hadoop.hdfs.BlockReaderFactory.nextTcpPeer(BlockReaderFactory.java:755)
2015-10-18 18:05:58,	at org.apache.hadoop.hdfs.BlockReaderFactory.getRemoteBlockReaderFromTcp(BlockReaderFactory.java:670)
2015-10-18 18:05:58,	at org.apache.hadoop.hdfs.BlockReaderFactory.build(BlockReaderFactory.java:337)
2015-10-18 18:05:58,	at org.apache.hadoop.hdfs.DFSInputStream.blockSeekTo(DFSInputStream.java:576)
2015-10-18 18:05:58,	at org.apache.hadoop.hdfs.DFSInputStream.readWithStrategy(DFSInputStream.java:800)
2015-10-18 18:05:58,	at org.apache.hadoop.hdfs.DFSInputStream.read(DFSInputStream.java:847)
2015-10-18 18:05:58,	at java.io.DataInputStream.read(DataInputStream.java:100)
2015-10-18 18:05:58,	at org.apache.hadoop.util.LineReader.fillBuffer(LineReader.java:180)
2015-10-18 18:05:58,	at org.apache.hadoop.util.LineReader.readDefaultLine(LineReader.java:216)
2015-10-18 18:05:58,	at org.apache.hadoop.util.LineReader.readLine(LineReader.java:174)
2015-10-18 18:05:58,	at org.apache.hadoop.mapreduce.lib.input.LineRecordReader.nextKeyValue(LineRecordReader.java:185)
2015-10-18 18:05:58,	at org.apache.hadoop.mapred.MapTask$NewTrackingRecordReader.nextKeyValue(MapTask.java:553)
2015-10-18 18:05:58,	at org.apache.hadoop.mapreduce.task.MapContextImpl.nextKeyValue(MapContextImpl.java:80)
2015-10-18 18:05:58,	at org.apache.hadoop.mapreduce.lib.map.WrappedMapper$Context.nextKeyValue(WrappedMapper.java:91)
2015-10-18 18:05:58,	at org.apache.hadoop.mapreduce.Mapper.run(Mapper.java:144)
2015-10-18 18:05:58,	at org.apache.hadoop.mapred.MapTask.runNewMapper(MapTask.java:784)
2015-10-18 18:05:58,	at org.apache.hadoop.mapred.MapTask.run(MapTask.java:341)
2015-10-18 18:05:58,	at org.apache.hadoop.mapred.YarnChild$2.run(YarnChild.java:163)
2015-10-18 18:05:58,	at java.security.AccessController.doPrivileged(Native Method)
2015-10-18 18:05:58,	at javax.security.auth.Subject.doAs(Subject.java:415)
2015-10-18 18:05:58,	at org.apache.hadoop.security.UserGroupInformation.doAs(UserGroupInformation.java:1628)
2015-10-18 18:05:58,	at org.apache.hadoop.mapred.YarnChild.main(YarnChild.java:158)
2015-10-18 18:05:58,410 INFO [main] org.apache.hadoop.hdfs.DFSClient: Could not obtain BP-1347369012-10.190.173.170-1444972147527:blk_1073741828_1004 from any node: java.io.IOException: No live nodes contain block BP-1347369012-10.190.173.170-1444972147527:blk_1073741828_1004 after checking nodes = [172.22.149.145:50010, 10.190.173.170:50010], ignoredNodes = null No live nodes contain current block Block locations: 172.22.149.145:50010 10.190.173.170:50010 Dead nodes:  10.190.173.170:50010 172.22.149.145:50010. Will get new block locations from namenode and retry...
2015-10-18 18:05:58,410 WARN [main] org.apache.hadoop.hdfs.DFSClient: DFS chooseDataNode: got # 1 IOException, will wait for 154.4690359206521 msec.
2015-10-18 18:05:58,566 WARN [main] org.apache.hadoop.ipc.Client: Address change detected. Old: msra-sa-41/10.190.173.170:9000 New: msra-sa-41:9000
2015-10-18 18:05:58,567 WARN [main] org.apache.hadoop.hdfs.DFSClient: DFS Read
2015-10-18 18:05:58,java.net.NoRouteToHostException: No Route to Host from  MININT-FNANLI5/127.0.0.1 to msra-sa-41:9000 failed on socket timeout exception: java.net.NoRouteToHostException: No route to host: no further information; For more details see:  http://wiki.apache.org/hadoop/NoRouteToHost
2015-10-18 18:05:58,	at sun.reflect.NativeConstructorAccessorImpl.newInstance0(Native Method)
2015-10-18 18:05:58,	at sun.reflect.NativeConstructorAccessorImpl.newInstance(NativeConstructorAccessorImpl.java:57)
2015-10-18 18:05:58,	at sun.reflect.DelegatingConstructorAccessorImpl.newInstance(DelegatingConstructorAccessorImpl.java:45)
2015-10-18 18:05:58,	at java.lang.reflect.Constructor.newInstance(Constructor.java:526)
2015-10-18 18:05:58,	at org.apache.hadoop.net.NetUtils.wrapWithMessage(NetUtils.java:791)
2015-10-18 18:05:58,	at org.apache.hadoop.net.NetUtils.wrapException(NetUtils.java:757)
2015-10-18 18:05:58,	at org.apache.hadoop.ipc.Client.call(Client.java:1472)
2015-10-18 18:05:58,	at org.apache.hadoop.ipc.Client.call(Client.java:1399)
2015-10-18 18:05:58,	at org.apache.hadoop.ipc.ProtobufRpcEngine$Invoker.invoke(ProtobufRpcEngine.java:232)
2015-10-18 18:05:58,	at com.sun.proxy.$Proxy15.getBlockLocations(Unknown Source)
2015-10-18 18:05:58,	at org.apache.hadoop.hdfs.protocolPB.ClientNamenodeProtocolTranslatorPB.getBlockLocations(ClientNamenodeProtocolTranslatorPB.java:254)
2015-10-18 18:05:58,	at sun.reflect.NativeMethodAccessorImpl.invoke0(Native Method)
2015-10-18 18:05:58,	at sun.reflect.NativeMethodAccessorImpl.invoke(NativeMethodAccessorImpl.java:57)
2015-10-18 18:05:58,	at sun.reflect.DelegatingMethodAccessorImpl.invoke(DelegatingMethodAccessorImpl.java:43)
2015-10-18 18:05:58,	at java.lang.reflect.Method.invoke(Method.java:606)
2015-10-18 18:05:58,	at org.apache.hadoop.io.retry.RetryInvocationHandler.invokeMethod(RetryInvocationHandler.java:187)
2015-10-18 18:05:58,	at org.apache.hadoop.io.retry.RetryInvocationHandler.invoke(RetryInvocationHandler.java:102)
2015-10-18 18:05:58,	at com.sun.proxy.$Proxy16.getBlockLocations(Unknown Source)
2015-10-18 18:05:58,	at org.apache.hadoop.hdfs.DFSClient.callGetBlockLocations(DFSClient.java:1220)
2015-10-18 18:05:58,	at org.apache.hadoop.hdfs.DFSClient.getLocatedBlocks(DFSClient.java:1210)
2015-10-18 18:05:58,	at org.apache.hadoop.hdfs.DFSClient.getLocatedBlocks(DFSClient.java:1200)
2015-10-18 18:05:58,	at org.apache.hadoop.hdfs.DFSInputStream.fetchLocatedBlocksAndGetLastBlockLength(DFSInputStream.java:271)
2015-10-18 18:05:58,	at org.apache.hadoop.hdfs.DFSInputStream.openInfo(DFSInputStream.java:238)
2015-10-18 18:05:58,	at org.apache.hadoop.hdfs.DFSInputStream.chooseDataNode(DFSInputStream.java:917)
2015-10-18 18:05:58,	at org.apache.hadoop.hdfs.DFSInputStream.blockSeekTo(DFSInputStream.java:568)
2015-10-18 18:05:58,	at org.apache.hadoop.hdfs.DFSInputStream.readWithStrategy(DFSInputStream.java:800)
2015-10-18 18:05:58,	at org.apache.hadoop.hdfs.DFSInputStream.read(DFSInputStream.java:847)
2015-10-18 18:05:58,	at java.io.DataInputStream.read(DataInputStream.java:100)
2015-10-18 18:05:58,	at org.apache.hadoop.util.LineReader.fillBuffer(LineReader.java:180)
2015-10-18 18:05:58,	at org.apache.hadoop.util.LineReader.readDefaultLine(LineReader.java:216)
2015-10-18 18:05:58,	at org.apache.hadoop.util.LineReader.readLine(LineReader.java:174)
2015-10-18 18:05:58,	at org.apache.hadoop.mapreduce.lib.input.LineRecordReader.nextKeyValue(LineRecordReader.java:185)
2015-10-18 18:05:58,	at org.apache.hadoop.mapred.MapTask$NewTrackingRecordReader.nextKeyValue(MapTask.java:553)
2015-10-18 18:05:58,	at org.apache.hadoop.mapreduce.task.MapContextImpl.nextKeyValue(MapContextImpl.java:80)
2015-10-18 18:05:58,	at org.apache.hadoop.mapreduce.lib.map.WrappedMapper$Context.nextKeyValue(WrappedMapper.java:91)
2015-10-18 18:05:58,	at org.apache.hadoop.mapreduce.Mapper.run(Mapper.java:144)
2015-10-18 18:05:58,	at org.apache.hadoop.mapred.MapTask.runNewMapper(MapTask.java:784)
2015-10-18 18:05:58,	at org.apache.hadoop.mapred.MapTask.run(MapTask.java:341)
2015-10-18 18:05:58,	at org.apache.hadoop.mapred.YarnChild$2.run(YarnChild.java:163)
2015-10-18 18:05:58,	at java.security.AccessController.doPrivileged(Native Method)
2015-10-18 18:05:58,	at javax.security.auth.Subject.doAs(Subject.java:415)
2015-10-18 18:05:58,	at org.apache.hadoop.security.UserGroupInformation.doAs(UserGroupInformation.java:1628)
2015-10-18 18:05:58,	at org.apache.hadoop.mapred.YarnChild.main(YarnChild.java:158)
2015-10-18 18:05:58,Caused by: java.net.NoRouteToHostException: No route to host: no further information
2015-10-18 18:05:58,	at sun.nio.ch.SocketChannelImpl.checkConnect(Native Method)
2015-10-18 18:05:58,	at sun.nio.ch.SocketChannelImpl.finishConnect(SocketChannelImpl.java:735)
2015-10-18 18:05:58,	at org.apache.hadoop.net.SocketIOWithTimeout.connect(SocketIOWithTimeout.java:206)
2015-10-18 18:05:58,	at org.apache.hadoop.net.NetUtils.connect(NetUtils.java:530)
2015-10-18 18:05:58,	at org.apache.hadoop.net.NetUtils.connect(NetUtils.java:494)
2015-10-18 18:05:58,	at org.apache.hadoop.ipc.Client$Connection.setupConnection(Client.java:607)
2015-10-18 18:05:58,	at org.apache.hadoop.ipc.Client$Connection.setupIOstreams(Client.java:705)
2015-10-18 18:05:58,	at org.apache.hadoop.ipc.Client$Connection.access$2800(Client.java:368)
2015-10-18 18:05:58,	at org.apache.hadoop.ipc.Client.getConnection(Client.java:1521)
2015-10-18 18:05:58,	at org.apache.hadoop.ipc.Client.call(Client.java:1438)
2015-10-18 18:05:58,	... 36 more
2015-10-18 18:05:58,569 INFO [main] org.apache.hadoop.mapred.MapTask: Starting flush of map output
2015-10-18 18:05:58,569 INFO [main] org.apache.hadoop.mapred.MapTask: Spilling map output
2015-10-18 18:05:58,569 INFO [main] org.apache.hadoop.mapred.MapTask: bufstart = 19516006; bufend = 41690327; bufvoid = 104857600
2015-10-18 18:05:58,569 INFO [main] org.apache.hadoop.mapred.MapTask: kvstart = 4878996(19515984); kvend = 779716(3118864); length = 4099281/6553600
2015-10-18 18:06:03,669 INFO [main] org.apache.hadoop.mapred.MapTask: Finished spill 4
2015-10-18 18:06:03,700 INFO [main] org.apache.hadoop.mapred.Merger: Merging 5 sorted segments
2015-10-18 18:06:03,731 INFO [main] org.apache.hadoop.mapred.Merger: Down to the last merge-pass, with 5 segments left of total size: 167801399 bytes
2015-10-18 18:06:25,998 WARN [main] org.apache.hadoop.mapred.YarnChild: Exception running child : java.net.NoRouteToHostException: No Route to Host from  MININT-FNANLI5/127.0.0.1 to msra-sa-41:9000 failed on socket timeout exception: java.net.NoRouteToHostException: No route to host: no further information; For more details see:  http://wiki.apache.org/hadoop/NoRouteToHost
2015-10-18 18:06:25,	at sun.reflect.NativeConstructorAccessorImpl.newInstance0(Native Method)
2015-10-18 18:06:25,	at sun.reflect.NativeConstructorAccessorImpl.newInstance(NativeConstructorAccessorImpl.java:57)
2015-10-18 18:06:25,	at sun.reflect.DelegatingConstructorAccessorImpl.newInstance(DelegatingConstructorAccessorImpl.java:45)
2015-10-18 18:06:25,	at java.lang.reflect.Constructor.newInstance(Constructor.java:526)
2015-10-18 18:06:25,	at org.apache.hadoop.net.NetUtils.wrapWithMessage(NetUtils.java:791)
2015-10-18 18:06:25,	at org.apache.hadoop.net.NetUtils.wrapException(NetUtils.java:757)
2015-10-18 18:06:25,	at org.apache.hadoop.ipc.Client.call(Client.java:1472)
2015-10-18 18:06:25,	at org.apache.hadoop.ipc.Client.call(Client.java:1399)
2015-10-18 18:06:25,	at org.apache.hadoop.ipc.ProtobufRpcEngine$Invoker.invoke(ProtobufRpcEngine.java:232)
2015-10-18 18:06:25,	at com.sun.proxy.$Proxy15.getBlockLocations(Unknown Source)
2015-10-18 18:06:25,	at org.apache.hadoop.hdfs.protocolPB.ClientNamenodeProtocolTranslatorPB.getBlockLocations(ClientNamenodeProtocolTranslatorPB.java:254)
2015-10-18 18:06:25,	at sun.reflect.NativeMethodAccessorImpl.invoke0(Native Method)
2015-10-18 18:06:25,	at sun.reflect.NativeMethodAccessorImpl.invoke(NativeMethodAccessorImpl.java:57)
2015-10-18 18:06:25,	at sun.reflect.DelegatingMethodAccessorImpl.invoke(DelegatingMethodAccessorImpl.java:43)
2015-10-18 18:06:25,	at java.lang.reflect.Method.invoke(Method.java:606)
2015-10-18 18:06:25,	at org.apache.hadoop.io.retry.RetryInvocationHandler.invokeMethod(RetryInvocationHandler.java:187)
2015-10-18 18:06:25,	at org.apache.hadoop.io.retry.RetryInvocationHandler.invoke(RetryInvocationHandler.java:102)
2015-10-18 18:06:25,	at com.sun.proxy.$Proxy16.getBlockLocations(Unknown Source)
2015-10-18 18:06:25,	at org.apache.hadoop.hdfs.DFSClient.callGetBlockLocations(DFSClient.java:1220)
2015-10-18 18:06:25,	at org.apache.hadoop.hdfs.DFSClient.getLocatedBlocks(DFSClient.java:1210)
2015-10-18 18:06:25,	at org.apache.hadoop.hdfs.DFSClient.getLocatedBlocks(DFSClient.java:1200)
2015-10-18 18:06:25,	at org.apache.hadoop.hdfs.DFSInputStream.fetchLocatedBlocksAndGetLastBlockLength(DFSInputStream.java:271)
2015-10-18 18:06:25,	at org.apache.hadoop.hdfs.DFSInputStream.openInfo(DFSInputStream.java:238)
2015-10-18 18:06:25,	at org.apache.hadoop.hdfs.DFSInputStream.chooseDataNode(DFSInputStream.java:917)
2015-10-18 18:06:25,	at org.apache.hadoop.hdfs.DFSInputStream.blockSeekTo(DFSInputStream.java:568)
2015-10-18 18:06:25,	at org.apache.hadoop.hdfs.DFSInputStream.readWithStrategy(DFSInputStream.java:800)
2015-10-18 18:06:25,	at org.apache.hadoop.hdfs.DFSInputStream.read(DFSInputStream.java:847)
2015-10-18 18:06:25,	at java.io.DataInputStream.read(DataInputStream.java:100)
2015-10-18 18:06:25,	at org.apache.hadoop.util.LineReader.fillBuffer(LineReader.java:180)
2015-10-18 18:06:25,	at org.apache.hadoop.util.LineReader.readDefaultLine(LineReader.java:216)
2015-10-18 18:06:25,	at org.apache.hadoop.util.LineReader.readLine(LineReader.java:174)
2015-10-18 18:06:25,	at org.apache.hadoop.mapreduce.lib.input.LineRecordReader.nextKeyValue(LineRecordReader.java:185)
2015-10-18 18:06:25,	at org.apache.hadoop.mapred.MapTask$NewTrackingRecordReader.nextKeyValue(MapTask.java:553)
2015-10-18 18:06:25,	at org.apache.hadoop.mapreduce.task.MapContextImpl.nextKeyValue(MapContextImpl.java:80)
2015-10-18 18:06:25,	at org.apache.hadoop.mapreduce.lib.map.WrappedMapper$Context.nextKeyValue(WrappedMapper.java:91)
2015-10-18 18:06:25,	at org.apache.hadoop.mapreduce.Mapper.run(Mapper.java:144)
2015-10-18 18:06:25,	at org.apache.hadoop.mapred.MapTask.runNewMapper(MapTask.java:784)
2015-10-18 18:06:25,	at org.apache.hadoop.mapred.MapTask.run(MapTask.java:341)
2015-10-18 18:06:25,	at org.apache.hadoop.mapred.YarnChild$2.run(YarnChild.java:163)
2015-10-18 18:06:25,	at java.security.AccessController.doPrivileged(Native Method)
2015-10-18 18:06:25,	at javax.security.auth.Subject.doAs(Subject.java:415)
2015-10-18 18:06:25,	at org.apache.hadoop.security.UserGroupInformation.doAs(UserGroupInformation.java:1628)
2015-10-18 18:06:25,	at org.apache.hadoop.mapred.YarnChild.main(YarnChild.java:158)
2015-10-18 18:06:25,Caused by: java.net.NoRouteToHostException: No route to host: no further information
2015-10-18 18:06:25,	at sun.nio.ch.SocketChannelImpl.checkConnect(Native Method)
2015-10-18 18:06:25,	at sun.nio.ch.SocketChannelImpl.finishConnect(SocketChannelImpl.java:735)
2015-10-18 18:06:25,	at org.apache.hadoop.net.SocketIOWithTimeout.connect(SocketIOWithTimeout.java:206)
2015-10-18 18:06:25,	at org.apache.hadoop.net.NetUtils.connect(NetUtils.java:530)
2015-10-18 18:06:25,	at org.apache.hadoop.net.NetUtils.connect(NetUtils.java:494)
2015-10-18 18:06:25,	at org.apache.hadoop.ipc.Client$Connection.setupConnection(Client.java:607)
2015-10-18 18:06:25,	at org.apache.hadoop.ipc.Client$Connection.setupIOstreams(Client.java:705)
2015-10-18 18:06:25,	at org.apache.hadoop.ipc.Client$Connection.access$2800(Client.java:368)
2015-10-18 18:06:25,	at org.apache.hadoop.ipc.Client.getConnection(Client.java:1521)
2015-10-18 18:06:25,	at org.apache.hadoop.ipc.Client.call(Client.java:1438)
2015-10-18 18:06:25,	... 36 more
2015-10-18 18:06:25,
2015-10-18 18:06:25,998 INFO [main] org.apache.hadoop.mapred.Task: Runnning cleanup for the task
2015-10-18 18:06:26,029 WARN [main] org.apache.hadoop.ipc.Client: Address change detected. Old: msra-sa-41/10.190.173.170:9000 New: msra-sa-41:9000
2015-10-18 18:06:26,029 INFO [main] org.apache.hadoop.mapred.YarnChild: Exception cleaning up: java.net.NoRouteToHostException: No Route to Host from  MININT-FNANLI5/127.0.0.1 to msra-sa-41:9000 failed on socket timeout exception: java.net.NoRouteToHostException: No route to host: no further information; For more details see:  http://wiki.apache.org/hadoop/NoRouteToHost
2015-10-18 18:06:26,	at sun.reflect.NativeConstructorAccessorImpl.newInstance0(Native Method)
2015-10-18 18:06:26,	at sun.reflect.NativeConstructorAccessorImpl.newInstance(NativeConstructorAccessorImpl.java:57)
2015-10-18 18:06:26,	at sun.reflect.DelegatingConstructorAccessorImpl.newInstance(DelegatingConstructorAccessorImpl.java:45)
2015-10-18 18:06:26,	at java.lang.reflect.Constructor.newInstance(Constructor.java:526)
2015-10-18 18:06:26,	at org.apache.hadoop.net.NetUtils.wrapWithMessage(NetUtils.java:791)
2015-10-18 18:06:26,	at org.apache.hadoop.net.NetUtils.wrapException(NetUtils.java:757)
2015-10-18 18:06:26,	at org.apache.hadoop.ipc.Client.call(Client.java:1472)
2015-10-18 18:06:26,	at org.apache.hadoop.ipc.Client.call(Client.java:1399)
2015-10-18 18:06:26,	at org.apache.hadoop.ipc.ProtobufRpcEngine$Invoker.invoke(ProtobufRpcEngine.java:232)
2015-10-18 18:06:26,	at com.sun.proxy.$Proxy15.delete(Unknown Source)
2015-10-18 18:06:26,	at org.apache.hadoop.hdfs.protocolPB.ClientNamenodeProtocolTranslatorPB.delete(ClientNamenodeProtocolTranslatorPB.java:521)
2015-10-18 18:06:26,	at sun.reflect.NativeMethodAccessorImpl.invoke0(Native Method)
2015-10-18 18:06:26,	at sun.reflect.NativeMethodAccessorImpl.invoke(NativeMethodAccessorImpl.java:57)
2015-10-18 18:06:26,	at sun.reflect.DelegatingMethodAccessorImpl.invoke(DelegatingMethodAccessorImpl.java:43)
2015-10-18 18:06:26,	at java.lang.reflect.Method.invoke(Method.java:606)
2015-10-18 18:06:26,	at org.apache.hadoop.io.retry.RetryInvocationHandler.invokeMethod(RetryInvocationHandler.java:187)
2015-10-18 18:06:26,	at org.apache.hadoop.io.retry.RetryInvocationHandler.invoke(RetryInvocationHandler.java:102)
2015-10-18 18:06:26,	at com.sun.proxy.$Proxy16.delete(Unknown Source)
2015-10-18 18:06:26,	at org.apache.hadoop.hdfs.DFSClient.delete(DFSClient.java:1929)
2015-10-18 18:06:26,	at org.apache.hadoop.hdfs.DistributedFileSystem$12.doCall(DistributedFileSystem.java:638)
2015-10-18 18:06:26,	at org.apache.hadoop.hdfs.DistributedFileSystem$12.doCall(DistributedFileSystem.java:634)
2015-10-18 18:06:26,	at org.apache.hadoop.fs.FileSystemLinkResolver.resolve(FileSystemLinkResolver.java:81)
2015-10-18 18:06:26,	at org.apache.hadoop.hdfs.DistributedFileSystem.delete(DistributedFileSystem.java:634)
2015-10-18 18:06:26,	at org.apache.hadoop.mapreduce.lib.output.FileOutputCommitter.abortTask(FileOutputCommitter.java:466)
2015-10-18 18:06:26,	at org.apache.hadoop.mapreduce.lib.output.FileOutputCommitter.abortTask(FileOutputCommitter.java:455)
2015-10-18 18:06:26,	at org.apache.hadoop.mapred.Task.taskCleanup(Task.java:1199)
2015-10-18 18:06:26,	at org.apache.hadoop.mapred.YarnChild$3.run(YarnChild.java:185)
2015-10-18 18:06:26,	at java.security.AccessController.doPrivileged(Native Method)
2015-10-18 18:06:26,	at javax.security.auth.Subject.doAs(Subject.java:415)
2015-10-18 18:06:26,	at org.apache.hadoop.security.UserGroupInformation.doAs(UserGroupInformation.java:1628)
2015-10-18 18:06:26,	at org.apache.hadoop.mapred.YarnChild.main(YarnChild.java:182)
2015-10-18 18:06:26,Caused by: java.net.NoRouteToHostException: No route to host: no further information
2015-10-18 18:06:26,	at sun.nio.ch.SocketChannelImpl.checkConnect(Native Method)
2015-10-18 18:06:26,	at sun.nio.ch.SocketChannelImpl.finishConnect(SocketChannelImpl.java:735)
2015-10-18 18:06:26,	at org.apache.hadoop.net.SocketIOWithTimeout.connect(SocketIOWithTimeout.java:206)
2015-10-18 18:06:26,	at org.apache.hadoop.net.NetUtils.connect(NetUtils.java:530)
2015-10-18 18:06:26,	at org.apache.hadoop.net.NetUtils.connect(NetUtils.java:494)
2015-10-18 18:06:26,	at org.apache.hadoop.ipc.Client$Connection.setupConnection(Client.java:607)
2015-10-18 18:06:26,	at org.apache.hadoop.ipc.Client$Connection.setupIOstreams(Client.java:705)
2015-10-18 18:06:26,	at org.apache.hadoop.ipc.Client$Connection.access$2800(Client.java:368)
2015-10-18 18:06:26,	at org.apache.hadoop.ipc.Client.getConnection(Client.java:1521)
2015-10-18 18:06:26,	at org.apache.hadoop.ipc.Client.call(Client.java:1438)
2015-10-18 18:06:26,	... 24 more
2015-10-18 18:06:26,
2015-10-18 18:06:26,029 INFO [main] org.apache.hadoop.metrics2.impl.MetricsSystemImpl: Stopping MapTask metrics system...
2015-10-18 18:06:26,029 INFO [main] org.apache.hadoop.metrics2.impl.MetricsSystemImpl: MapTask metrics system stopped.
2015-10-18 18:06:26,029 INFO [main] org.apache.hadoop.metrics2.impl.MetricsSystemImpl: MapTask metrics system shutdown complete.
