2015-10-17 15:38:17,800 INFO [main] org.apache.hadoop.metrics2.impl.MetricsConfig: loaded properties from hadoop-metrics2.properties
2015-10-17 15:38:18,206 INFO [main] org.apache.hadoop.metrics2.impl.MetricsSystemImpl: Scheduled snapshot period at 10 second(s).
2015-10-17 15:38:18,206 INFO [main] org.apache.hadoop.metrics2.impl.MetricsSystemImpl: MapTask metrics system started
2015-10-17 15:38:18,441 INFO [main] org.apache.hadoop.mapred.YarnChild: Executing with tokens:
2015-10-17 15:38:18,441 INFO [main] org.apache.hadoop.mapred.YarnChild: Kind: mapreduce.job, Service: job_1445062781478_0012, Ident: (org.apache.hadoop.mapreduce.security.token.JobTokenIdentifier@6ace4625)
2015-10-17 15:38:18,847 INFO [main] org.apache.hadoop.mapred.YarnChild: Sleeping for 0ms before retrying again. Got null now.
2015-10-17 15:38:19,909 INFO [main] org.apache.hadoop.mapred.YarnChild: mapreduce.cluster.local.dir for child: /tmp/hadoop-msrabi/nm-local-dir/usercache/msrabi/appcache/application_1445062781478_0012
2015-10-17 15:38:21,909 INFO [main] org.apache.hadoop.conf.Configuration.deprecation: session.id is deprecated. Instead, use dfs.metrics.session-id
2015-10-17 15:38:23,441 INFO [main] org.apache.hadoop.yarn.util.ProcfsBasedProcessTree: ProcfsBasedProcessTree currently is supported only on Linux.
2015-10-17 15:38:24,097 INFO [main] org.apache.hadoop.mapred.Task:  Using ResourceCalculatorProcessTree : org.apache.hadoop.yarn.util.WindowsBasedProcessTree@3c28dd37
2015-10-17 15:38:26,581 INFO [main] org.apache.hadoop.mapred.MapTask: Processing split: hdfs://msra-sa-41:9000/pageinput2.txt:402653184+134217728
2015-10-17 15:38:26,769 INFO [main] org.apache.hadoop.mapred.MapTask: (EQUATOR) 0 kvi 26214396(104857584)
2015-10-17 15:38:26,769 INFO [main] org.apache.hadoop.mapred.MapTask: mapreduce.task.io.sort.mb: 100
2015-10-17 15:38:26,769 INFO [main] org.apache.hadoop.mapred.MapTask: soft limit at 83886080
2015-10-17 15:38:26,769 INFO [main] org.apache.hadoop.mapred.MapTask: bufstart = 0; bufvoid = 104857600
2015-10-17 15:38:26,769 INFO [main] org.apache.hadoop.mapred.MapTask: kvstart = 26214396; length = 6553600
2015-10-17 15:38:26,785 INFO [main] org.apache.hadoop.mapred.MapTask: Map output collector class = org.apache.hadoop.mapred.MapTask$MapOutputBuffer
2015-10-17 15:39:37,801 INFO [main] org.apache.hadoop.mapred.MapTask: Spilling map output
2015-10-17 15:39:37,801 INFO [main] org.apache.hadoop.mapred.MapTask: bufstart = 0; bufend = 48271024; bufvoid = 104857600
2015-10-17 15:39:37,801 INFO [main] org.apache.hadoop.mapred.MapTask: kvstart = 26214396(104857584); kvend = 17310640(69242560); length = 8903757/6553600
2015-10-17 15:39:37,801 INFO [main] org.apache.hadoop.mapred.MapTask: (EQUATOR) 57339776 kvi 14334940(57339760)
2015-10-17 15:40:08,614 INFO [SpillThread] org.apache.hadoop.mapred.MapTask: Finished spill 0
2015-10-17 15:40:08,630 INFO [main] org.apache.hadoop.mapred.MapTask: (RESET) equator 57339776 kv 14334940(57339760) kvi 12140764(48563056)
