2015-10-19 17:53:15,113 INFO [main] org.apache.hadoop.metrics2.impl.MetricsConfig: loaded properties from hadoop-metrics2.properties
2015-10-19 17:53:15,243 INFO [main] org.apache.hadoop.metrics2.impl.MetricsSystemImpl: Scheduled snapshot period at 10 second(s).
2015-10-19 17:53:15,244 INFO [main] org.apache.hadoop.metrics2.impl.MetricsSystemImpl: MapTask metrics system started
2015-10-19 17:53:15,277 INFO [main] org.apache.hadoop.mapred.YarnChild: Executing with tokens:
2015-10-19 17:53:15,277 INFO [main] org.apache.hadoop.mapred.YarnChild: Kind: mapreduce.job, Service: job_1445182159119_0019, Ident: (org.apache.hadoop.mapreduce.security.token.JobTokenIdentifier@1a29f594)
2015-10-19 17:53:15,509 INFO [main] org.apache.hadoop.mapred.YarnChild: Sleeping for 0ms before retrying again. Got null now.
2015-10-19 17:53:15,840 INFO [main] org.apache.hadoop.mapred.YarnChild: mapreduce.cluster.local.dir for child: /tmp/hadoop-msrabi/nm-local-dir/usercache/msrabi/appcache/application_1445182159119_0019
2015-10-19 17:53:16,558 INFO [main] org.apache.hadoop.conf.Configuration.deprecation: session.id is deprecated. Instead, use dfs.metrics.session-id
2015-10-19 17:53:17,122 INFO [main] org.apache.hadoop.yarn.util.ProcfsBasedProcessTree: ProcfsBasedProcessTree currently is supported only on Linux.
2015-10-19 17:53:17,144 INFO [main] org.apache.hadoop.mapred.Task:  Using ResourceCalculatorProcessTree : org.apache.hadoop.yarn.util.WindowsBasedProcessTree@39f91c0
2015-10-19 17:53:17,351 INFO [main] org.apache.hadoop.mapred.MapTask: Processing split: hdfs://msra-sa-41:9000/pageinput2.txt:671088640+134217728
2015-10-19 17:53:17,413 INFO [main] org.apache.hadoop.mapred.MapTask: (EQUATOR) 0 kvi 26214396(104857584)
2015-10-19 17:53:17,413 INFO [main] org.apache.hadoop.mapred.MapTask: mapreduce.task.io.sort.mb: 100
2015-10-19 17:53:17,413 INFO [main] org.apache.hadoop.mapred.MapTask: soft limit at 83886080
2015-10-19 17:53:17,413 INFO [main] org.apache.hadoop.mapred.MapTask: bufstart = 0; bufvoid = 104857600
2015-10-19 17:53:17,413 INFO [main] org.apache.hadoop.mapred.MapTask: kvstart = 26214396; length = 6553600
2015-10-19 17:53:17,423 INFO [main] org.apache.hadoop.mapred.MapTask: Map output collector class = org.apache.hadoop.mapred.MapTask$MapOutputBuffer
2015-10-19 17:53:21,288 INFO [main] org.apache.hadoop.mapred.MapTask: Spilling map output
2015-10-19 17:53:21,288 INFO [main] org.apache.hadoop.mapred.MapTask: bufstart = 0; bufend = 48241717; bufvoid = 104857600
2015-10-19 17:53:21,288 INFO [main] org.apache.hadoop.mapred.MapTask: kvstart = 26214396(104857584); kvend = 17303312(69213248); length = 8911085/6553600
2015-10-19 17:53:21,288 INFO [main] org.apache.hadoop.mapred.MapTask: (EQUATOR) 57310469 kvi 14327612(57310448)
2015-10-19 17:53:31,783 INFO [SpillThread] org.apache.hadoop.mapred.MapTask: Finished spill 0
2015-10-19 17:53:31,788 INFO [main] org.apache.hadoop.mapred.MapTask: (RESET) equator 57310469 kv 14327612(57310448) kvi 12124056(48496224)
2015-10-19 17:53:34,175 INFO [main] org.apache.hadoop.mapred.MapTask: Spilling map output
2015-10-19 17:53:34,175 INFO [main] org.apache.hadoop.mapred.MapTask: bufstart = 57310469; bufend = 677160; bufvoid = 104857600
2015-10-19 17:53:34,175 INFO [main] org.apache.hadoop.mapred.MapTask: kvstart = 14327612(57310448); kvend = 5412172(21648688); length = 8915441/6553600
2015-10-19 17:53:34,175 INFO [main] org.apache.hadoop.mapred.MapTask: (EQUATOR) 9745912 kvi 2436472(9745888)
2015-10-19 17:53:44,083 INFO [SpillThread] org.apache.hadoop.mapred.MapTask: Finished spill 1
2015-10-19 17:53:44,086 INFO [main] org.apache.hadoop.mapred.MapTask: (RESET) equator 9745912 kv 2436472(9745888) kvi 243380(973520)
2015-10-19 17:53:45,914 INFO [main] org.apache.hadoop.mapred.MapTask: Spilling map output
2015-10-19 17:53:45,914 INFO [main] org.apache.hadoop.mapred.MapTask: bufstart = 9745912; bufend = 58001423; bufvoid = 104857600
2015-10-19 17:53:45,914 INFO [main] org.apache.hadoop.mapred.MapTask: kvstart = 2436472(9745888); kvend = 19743236(78972944); length = 8907637/6553600
2015-10-19 17:53:45,915 INFO [main] org.apache.hadoop.mapred.MapTask: (EQUATOR) 67070175 kvi 16767536(67070144)
2015-10-19 17:53:54,513 INFO [SpillThread] org.apache.hadoop.mapred.MapTask: Finished spill 2
2015-10-19 17:53:54,516 INFO [main] org.apache.hadoop.mapred.MapTask: (RESET) equator 67070175 kv 16767536(67070144) kvi 14572400(58289600)
2015-10-19 17:53:56,156 INFO [main] org.apache.hadoop.mapred.MapTask: Spilling map output
2015-10-19 17:53:56,157 INFO [main] org.apache.hadoop.mapred.MapTask: bufstart = 67070175; bufend = 10445315; bufvoid = 104857600
2015-10-19 17:53:56,157 INFO [main] org.apache.hadoop.mapred.MapTask: kvstart = 16767536(67070144); kvend = 7854204(31416816); length = 8913333/6553600
2015-10-19 17:53:56,157 INFO [main] org.apache.hadoop.mapred.MapTask: (EQUATOR) 19514051 kvi 4878508(19514032)
2015-10-19 17:54:05,593 INFO [SpillThread] org.apache.hadoop.mapred.MapTask: Finished spill 3
2015-10-19 17:54:05,596 INFO [main] org.apache.hadoop.mapred.MapTask: (RESET) equator 19514051 kv 4878508(19514032) kvi 2676468(10705872)
2015-10-19 17:54:07,211 INFO [main] org.apache.hadoop.mapred.MapTask: Spilling map output
2015-10-19 17:54:07,211 INFO [main] org.apache.hadoop.mapred.MapTask: bufstart = 19514051; bufend = 67765795; bufvoid = 104857600
2015-10-19 17:54:07,211 INFO [main] org.apache.hadoop.mapred.MapTask: kvstart = 4878508(19514032); kvend = 22184324(88737296); length = 8908585/6553600
2015-10-19 17:54:07,211 INFO [main] org.apache.hadoop.mapred.MapTask: (EQUATOR) 76834531 kvi 19208628(76834512)
2015-10-19 17:54:16,535 INFO [SpillThread] org.apache.hadoop.mapred.MapTask: Finished spill 4
2015-10-19 17:54:16,537 INFO [main] org.apache.hadoop.mapred.MapTask: (RESET) equator 76834531 kv 19208628(76834512) kvi 17011572(68046288)
2015-10-19 17:54:18,472 INFO [main] org.apache.hadoop.mapred.MapTask: Spilling map output
2015-10-19 17:54:18,472 INFO [main] org.apache.hadoop.mapred.MapTask: bufstart = 76834531; bufend = 20216843; bufvoid = 104857600
2015-10-19 17:54:18,472 INFO [main] org.apache.hadoop.mapred.MapTask: kvstart = 19208628(76834512); kvend = 10297092(41188368); length = 8911537/6553600
2015-10-19 17:54:18,472 INFO [main] org.apache.hadoop.mapred.MapTask: (EQUATOR) 29285595 kvi 7321392(29285568)
2015-10-19 17:54:26,811 INFO [SpillThread] org.apache.hadoop.mapred.MapTask: Finished spill 5
2015-10-19 17:54:26,813 INFO [main] org.apache.hadoop.mapred.MapTask: (RESET) equator 29285595 kv 7321392(29285568) kvi 5123212(20492848)
2015-10-19 17:54:28,480 INFO [main] org.apache.hadoop.mapred.MapTask: Spilling map output
2015-10-19 17:54:28,481 INFO [main] org.apache.hadoop.mapred.MapTask: bufstart = 29285595; bufend = 77486083; bufvoid = 104857600
2015-10-19 17:54:28,481 INFO [main] org.apache.hadoop.mapred.MapTask: kvstart = 7321392(29285568); kvend = 24614400(98457600); length = 8921393/6553600
2015-10-19 17:54:28,481 INFO [main] org.apache.hadoop.mapred.MapTask: (EQUATOR) 86554835 kvi 21638704(86554816)
2015-10-19 17:54:38,166 INFO [SpillThread] org.apache.hadoop.mapred.MapTask: Finished spill 6
2015-10-19 17:54:38,169 INFO [main] org.apache.hadoop.mapred.MapTask: (RESET) equator 86554835 kv 21638704(86554816) kvi 19443444(77773776)
2015-10-19 17:54:39,104 INFO [main] org.apache.hadoop.mapred.MapTask: Starting flush of map output
2015-10-19 17:54:39,104 INFO [main] org.apache.hadoop.mapred.MapTask: Spilling map output
2015-10-19 17:54:39,104 INFO [main] org.apache.hadoop.mapred.MapTask: bufstart = 86554835; bufend = 19548620; bufvoid = 104857600
2015-10-19 17:54:39,104 INFO [main] org.apache.hadoop.mapred.MapTask: kvstart = 21638704(86554816); kvend = 14653472(58613888); length = 6985233/6553600
2015-10-19 17:54:47,557 INFO [main] org.apache.hadoop.mapred.MapTask: Finished spill 7
2015-10-19 17:54:47,577 INFO [main] org.apache.hadoop.mapred.Merger: Merging 8 sorted segments
2015-10-19 17:54:47,587 INFO [main] org.apache.hadoop.mapred.Merger: Down to the last merge-pass, with 8 segments left of total size: 288364572 bytes
2015-10-19 17:55:20,034 INFO [main] org.apache.hadoop.mapred.Task: Task:attempt_1445182159119_0019_m_000005_1000 is done. And is in the process of committing
2015-10-19 17:55:20,104 INFO [main] org.apache.hadoop.mapred.Task: Task 'attempt_1445182159119_0019_m_000005_1000' done.
