2015-10-17 21:24:23,919 INFO [main] org.apache.hadoop.metrics2.impl.MetricsConfig: loaded properties from hadoop-metrics2.properties
2015-10-17 21:24:24,090 INFO [main] org.apache.hadoop.metrics2.impl.MetricsSystemImpl: Scheduled snapshot period at 10 second(s).
2015-10-17 21:24:24,090 INFO [main] org.apache.hadoop.metrics2.impl.MetricsSystemImpl: MapTask metrics system started
2015-10-17 21:24:24,262 INFO [main] org.apache.hadoop.mapred.YarnChild: Executing with tokens:
2015-10-17 21:24:24,262 INFO [main] org.apache.hadoop.mapred.YarnChild: Kind: mapreduce.job, Service: job_1445087491445_0001, Ident: (org.apache.hadoop.mapreduce.security.token.JobTokenIdentifier@3d05ffdb)
2015-10-17 21:24:24,887 INFO [main] org.apache.hadoop.mapred.YarnChild: Sleeping for 0ms before retrying again. Got null now.
2015-10-17 21:24:26,575 INFO [main] org.apache.hadoop.mapred.YarnChild: mapreduce.cluster.local.dir for child: /tmp/hadoop-msrabi/nm-local-dir/usercache/msrabi/appcache/application_1445087491445_0001
2015-10-17 21:24:29,513 INFO [main] org.apache.hadoop.conf.Configuration.deprecation: session.id is deprecated. Instead, use dfs.metrics.session-id
2015-10-17 21:24:33,794 INFO [main] org.apache.hadoop.yarn.util.ProcfsBasedProcessTree: ProcfsBasedProcessTree currently is supported only on Linux.
2015-10-17 21:24:34,888 INFO [main] org.apache.hadoop.mapred.Task:  Using ResourceCalculatorProcessTree : org.apache.hadoop.yarn.util.WindowsBasedProcessTree@6a816320
2015-10-17 21:24:40,060 INFO [main] org.apache.hadoop.mapred.MapTask: Processing split: hdfs://msra-sa-41:9000/wordcount2.txt:939524096+134217728
2015-10-17 21:24:40,294 INFO [main] org.apache.hadoop.mapred.MapTask: (EQUATOR) 0 kvi 26214396(104857584)
2015-10-17 21:24:40,294 INFO [main] org.apache.hadoop.mapred.MapTask: mapreduce.task.io.sort.mb: 100
2015-10-17 21:24:40,294 INFO [main] org.apache.hadoop.mapred.MapTask: soft limit at 83886080
2015-10-17 21:24:40,294 INFO [main] org.apache.hadoop.mapred.MapTask: bufstart = 0; bufvoid = 104857600
2015-10-17 21:24:40,294 INFO [main] org.apache.hadoop.mapred.MapTask: kvstart = 26214396; length = 6553600
2015-10-17 21:24:40,372 INFO [main] org.apache.hadoop.mapred.MapTask: Map output collector class = org.apache.hadoop.mapred.MapTask$MapOutputBuffer
2015-10-17 21:24:50,685 INFO [main] org.apache.hadoop.mapred.MapTask: Spilling map output
2015-10-17 21:24:50,685 INFO [main] org.apache.hadoop.mapred.MapTask: bufstart = 0; bufend = 34173924; bufvoid = 104857600
2015-10-17 21:24:50,685 INFO [main] org.apache.hadoop.mapred.MapTask: kvstart = 26214396(104857584); kvend = 13786364(55145456); length = 12428033/6553600
2015-10-17 21:24:50,685 INFO [main] org.apache.hadoop.mapred.MapTask: (EQUATOR) 44659682 kvi 11164916(44659664)
2015-10-17 21:25:32,766 INFO [SpillThread] org.apache.hadoop.mapred.MapTask: Finished spill 0
2015-10-17 21:25:33,172 INFO [main] org.apache.hadoop.mapred.MapTask: (RESET) equator 44659682 kv 11164916(44659664) kvi 8543488(34173952)
2015-10-17 21:25:37,828 INFO [main] org.apache.hadoop.mapred.MapTask: Spilling map output
2015-10-17 21:25:37,828 INFO [main] org.apache.hadoop.mapred.MapTask: bufstart = 44659682; bufend = 78832442; bufvoid = 104857600
2015-10-17 21:25:37,828 INFO [main] org.apache.hadoop.mapred.MapTask: kvstart = 11164916(44659664); kvend = 24950992(99803968); length = 12428325/6553600
2015-10-17 21:25:37,828 INFO [main] org.apache.hadoop.mapred.MapTask: (EQUATOR) 89318197 kvi 22329544(89318176)
2015-10-17 21:26:18,940 INFO [SpillThread] org.apache.hadoop.mapred.MapTask: Finished spill 1
2015-10-17 21:26:19,252 INFO [main] org.apache.hadoop.mapred.MapTask: (RESET) equator 89318197 kv 22329544(89318176) kvi 19708116(78832464)
2015-10-17 21:26:23,799 INFO [main] org.apache.hadoop.mapred.MapTask: Spilling map output
2015-10-17 21:26:23,799 INFO [main] org.apache.hadoop.mapred.MapTask: bufstart = 89318197; bufend = 18633767; bufvoid = 104857594
2015-10-17 21:26:23,799 INFO [main] org.apache.hadoop.mapred.MapTask: kvstart = 22329544(89318176); kvend = 9901324(39605296); length = 12428221/6553600
2015-10-17 21:26:23,799 INFO [main] org.apache.hadoop.mapred.MapTask: (EQUATOR) 29119523 kvi 7279876(29119504)
2015-10-17 21:27:03,770 INFO [SpillThread] org.apache.hadoop.mapred.MapTask: Finished spill 2
2015-10-17 21:27:04,317 INFO [main] org.apache.hadoop.mapred.MapTask: (RESET) equator 29119523 kv 7279876(29119504) kvi 4658448(18633792)
2015-10-17 21:27:08,723 INFO [main] org.apache.hadoop.mapred.MapTask: Spilling map output
2015-10-17 21:27:08,723 INFO [main] org.apache.hadoop.mapred.MapTask: bufstart = 29119523; bufend = 63297431; bufvoid = 104857600
2015-10-17 21:27:08,723 INFO [main] org.apache.hadoop.mapred.MapTask: kvstart = 7279876(29119504); kvend = 21067236(84268944); length = 12427041/6553600
2015-10-17 21:27:08,723 INFO [main] org.apache.hadoop.mapred.MapTask: (EQUATOR) 73783179 kvi 18445788(73783152)
2015-10-17 21:27:47,272 INFO [SpillThread] org.apache.hadoop.mapred.MapTask: Finished spill 3
2015-10-17 21:27:47,303 INFO [main] org.apache.hadoop.mapred.MapTask: (RESET) equator 73783179 kv 18445788(73783152) kvi 15824364(63297456)
2015-10-17 21:27:51,319 INFO [main] org.apache.hadoop.mapred.MapTask: Spilling map output
2015-10-17 21:27:51,319 INFO [main] org.apache.hadoop.mapred.MapTask: bufstart = 73783179; bufend = 3100993; bufvoid = 104857597
2015-10-17 21:27:51,319 INFO [main] org.apache.hadoop.mapred.MapTask: kvstart = 18445788(73783152); kvend = 6018132(24072528); length = 12427657/6553600
2015-10-17 21:27:51,319 INFO [main] org.apache.hadoop.mapred.MapTask: (EQUATOR) 13586752 kvi 3396684(13586736)
